[0.027s] Invoking command in '/home/mae-emrl3172/ros2_ws/build/zed_components': CMAKE_PREFIX_PATH=${CMAKE_PREFIX_PATH}:/home/mae-emrl3172/ros2_ws/install/sUAV:/opt/ros/humble LD_LIBRARY_PATH=/home/mae-emrl3172/ros2_ws/install/zed_interfaces/lib:/usr/local/cuda-12.2/lib64:/opt/ros/humble/opt/rviz_ogre_vendor/lib:/opt/ros/humble/lib/aarch64-linux-gnu:/opt/ros/humble/lib:/usr/local/cuda-12.2/lib64 /usr/bin/cmake /home/mae-emrl3172/ros2_ws/src/zed-ros2-wrapper/zed_components -DCMAKE_INSTALL_PREFIX=/home/mae-emrl3172/ros2_ws/install/zed_components
[0.076s] [31mCMake Error at CMakeLists.txt:81 (find_package):
[0.076s]   By not providing "FindZED.cmake" in CMAKE_MODULE_PATH this project has
[0.076s]   asked CMake to find a package configuration file provided by "ZED", but
[0.076s]   CMake did not find one.
[0.076s] 
[0.077s]   Could not find a package configuration file provided by "ZED" with any of
[0.077s]   the following names:
[0.077s] 
[0.077s]     ZEDConfig.cmake
[0.077s]     zed-config.cmake
[0.077s] 
[0.077s]   Add the installation prefix of "ZED" to CMAKE_PREFIX_PATH or set "ZED_DIR"
[0.077s]   to a directory containing one of the above files.  If "ZED" provides a
[0.077s]   separate development package or SDK, be sure it has been installed.
[0.078s] 
[0.078s] [0m
[0.078s] -- Configuring incomplete, errors occurred!
[0.078s] See also "/home/mae-emrl3172/ros2_ws/build/zed_components/CMakeFiles/CMakeOutput.log".
[0.081s] Invoked command in '/home/mae-emrl3172/ros2_ws/build/zed_components' returned '1': CMAKE_PREFIX_PATH=${CMAKE_PREFIX_PATH}:/home/mae-emrl3172/ros2_ws/install/sUAV:/opt/ros/humble LD_LIBRARY_PATH=/home/mae-emrl3172/ros2_ws/install/zed_interfaces/lib:/usr/local/cuda-12.2/lib64:/opt/ros/humble/opt/rviz_ogre_vendor/lib:/opt/ros/humble/lib/aarch64-linux-gnu:/opt/ros/humble/lib:/usr/local/cuda-12.2/lib64 /usr/bin/cmake /home/mae-emrl3172/ros2_ws/src/zed-ros2-wrapper/zed_components -DCMAKE_INSTALL_PREFIX=/home/mae-emrl3172/ros2_ws/install/zed_components
