[0.051s] Invoking command in '/home/mae-emrl3172/ros2_ws/build/zed_interfaces': CMAKE_PREFIX_PATH=${CMAKE_PREFIX_PATH}:/home/mae-emrl3172/ros2_ws/install/sUAV:/opt/ros/humble /usr/bin/cmake --build /home/mae-emrl3172/ros2_ws/build/zed_interfaces -- -j6 -l6
[0.298s] [  0%] Built target zed_interfaces__cpp
[0.315s] [  0%] Built target ament_cmake_python_symlink_zed_interfaces
[0.394s] [ 12%] Built target zed_interfaces__rosidl_generator_c
[0.448s] [ 24%] Built target zed_interfaces__rosidl_typesupport_introspection_cpp
[0.471s] [ 36%] Built target zed_interfaces__rosidl_typesupport_cpp
[0.494s] [ 48%] Built target zed_interfaces__rosidl_typesupport_fastrtps_cpp
[0.545s] [ 60%] Built target zed_interfaces__rosidl_typesupport_introspection_c
[0.552s] [ 72%] Built target zed_interfaces__rosidl_typesupport_fastrtps_c
[0.597s] [ 84%] Built target zed_interfaces__rosidl_typesupport_c
[0.658s] [ 84%] Built target zed_interfaces
[0.724s] [ 85%] Built target zed_interfaces__py
[0.834s] [ 96%] Built target zed_interfaces__rosidl_generator_py
[0.923s] [ 98%] Built target zed_interfaces__rosidl_typesupport_introspection_c__pyext
[0.952s] [ 99%] Built target zed_interfaces__rosidl_typesupport_fastrtps_c__pyext
[0.967s] [100%] Built target zed_interfaces__rosidl_typesupport_c__pyext
[0.978s] running egg_info
[0.979s] writing zed_interfaces.egg-info/PKG-INFO
[0.980s] writing dependency_links to zed_interfaces.egg-info/dependency_links.txt
[0.981s] writing top-level names to zed_interfaces.egg-info/top_level.txt
[0.990s] reading manifest file 'zed_interfaces.egg-info/SOURCES.txt'
[0.992s] writing manifest file 'zed_interfaces.egg-info/SOURCES.txt'
[1.083s] [100%] Built target ament_cmake_python_build_zed_interfaces_egg
[1.116s] Invoked command in '/home/mae-emrl3172/ros2_ws/build/zed_interfaces' returned '0': CMAKE_PREFIX_PATH=${CMAKE_PREFIX_PATH}:/home/mae-emrl3172/ros2_ws/install/sUAV:/opt/ros/humble /usr/bin/cmake --build /home/mae-emrl3172/ros2_ws/build/zed_interfaces -- -j6 -l6
[2.025s] Invoking command in '/home/mae-emrl3172/ros2_ws/build/zed_interfaces': CMAKE_PREFIX_PATH=${CMAKE_PREFIX_PATH}:/home/mae-emrl3172/ros2_ws/install/sUAV:/opt/ros/humble /usr/bin/cmake --install /home/mae-emrl3172/ros2_ws/build/zed_interfaces
[2.047s] -- Install configuration: "Release"
[2.049s] -- Execute custom install script
[2.050s] -- Up-to-date symlink: /home/mae-emrl3172/ros2_ws/install/zed_interfaces/share/ament_index/resource_index/rosidl_interfaces/zed_interfaces
[2.055s] -- Up-to-date symlink: /home/mae-emrl3172/ros2_ws/install/zed_interfaces/include/zed_interfaces/zed_interfaces/msg/bounding_box2_df.h
[2.055s] -- Up-to-date symlink: /home/mae-emrl3172/ros2_ws/install/zed_interfaces/include/zed_interfaces/zed_interfaces/msg/bounding_box2_di.h
[2.056s] -- Up-to-date symlink: /home/mae-emrl3172/ros2_ws/install/zed_interfaces/include/zed_interfaces/zed_interfaces/msg/bounding_box3_d.h
[2.057s] -- Up-to-date symlink: /home/mae-emrl3172/ros2_ws/install/zed_interfaces/include/zed_interfaces/zed_interfaces/msg/depth_info_stamped.h
[2.058s] -- Up-to-date symlink: /home/mae-emrl3172/ros2_ws/install/zed_interfaces/include/zed_interfaces/zed_interfaces/msg/detail/bounding_box2_df__functions.h
[2.058s] -- Up-to-date symlink: /home/mae-emrl3172/ros2_ws/install/zed_interfaces/include/zed_interfaces/zed_interfaces/msg/detail/bounding_box2_df__struct.h
[2.059s] -- Up-to-date symlink: /home/mae-emrl3172/ros2_ws/install/zed_interfaces/include/zed_interfaces/zed_interfaces/msg/detail/bounding_box2_df__type_support.h
[2.060s] -- Up-to-date symlink: /home/mae-emrl3172/ros2_ws/install/zed_interfaces/include/zed_interfaces/zed_interfaces/msg/detail/bounding_box2_di__functions.h
[2.060s] -- Up-to-date symlink: /home/mae-emrl3172/ros2_ws/install/zed_interfaces/include/zed_interfaces/zed_interfaces/msg/detail/bounding_box2_di__struct.h
[2.061s] -- Up-to-date symlink: /home/mae-emrl3172/ros2_ws/install/zed_interfaces/include/zed_interfaces/zed_interfaces/msg/detail/bounding_box2_di__type_support.h
[2.062s] -- Up-to-date symlink: /home/mae-emrl3172/ros2_ws/install/zed_interfaces/include/zed_interfaces/zed_interfaces/msg/detail/bounding_box3_d__functions.h
[2.062s] -- Up-to-date symlink: /home/mae-emrl3172/ros2_ws/install/zed_interfaces/include/zed_interfaces/zed_interfaces/msg/detail/bounding_box3_d__struct.h
[2.063s] -- Up-to-date symlink: /home/mae-emrl3172/ros2_ws/install/zed_interfaces/include/zed_interfaces/zed_interfaces/msg/detail/bounding_box3_d__type_support.h
[2.063s] -- Up-to-date symlink: /home/mae-emrl3172/ros2_ws/install/zed_interfaces/include/zed_interfaces/zed_interfaces/msg/detail/depth_info_stamped__functions.h
[2.064s] -- Up-to-date symlink: /home/mae-emrl3172/ros2_ws/install/zed_interfaces/include/zed_interfaces/zed_interfaces/msg/detail/depth_info_stamped__struct.h
[2.064s] -- Up-to-date symlink: /home/mae-emrl3172/ros2_ws/install/zed_interfaces/include/zed_interfaces/zed_interfaces/msg/detail/depth_info_stamped__type_support.h
[2.065s] -- Up-to-date symlink: /home/mae-emrl3172/ros2_ws/install/zed_interfaces/include/zed_interfaces/zed_interfaces/msg/detail/gnss_fusion_status__functions.h
[2.066s] -- Up-to-date symlink: /home/mae-emrl3172/ros2_ws/install/zed_interfaces/include/zed_interfaces/zed_interfaces/msg/detail/gnss_fusion_status__struct.h
[2.066s] -- Up-to-date symlink: /home/mae-emrl3172/ros2_ws/install/zed_interfaces/include/zed_interfaces/zed_interfaces/msg/detail/gnss_fusion_status__type_support.h
[2.067s] -- Up-to-date symlink: /home/mae-emrl3172/ros2_ws/install/zed_interfaces/include/zed_interfaces/zed_interfaces/msg/detail/heartbeat__functions.h
[2.067s] -- Up-to-date symlink: /home/mae-emrl3172/ros2_ws/install/zed_interfaces/include/zed_interfaces/zed_interfaces/msg/detail/heartbeat__struct.h
[2.068s] -- Up-to-date symlink: /home/mae-emrl3172/ros2_ws/install/zed_interfaces/include/zed_interfaces/zed_interfaces/msg/detail/heartbeat__type_support.h
[2.068s] -- Up-to-date symlink: /home/mae-emrl3172/ros2_ws/install/zed_interfaces/include/zed_interfaces/zed_interfaces/msg/detail/keypoint2_df__functions.h
[2.069s] -- Up-to-date symlink: /home/mae-emrl3172/ros2_ws/install/zed_interfaces/include/zed_interfaces/zed_interfaces/msg/detail/keypoint2_df__struct.h
[2.070s] -- Up-to-date symlink: /home/mae-emrl3172/ros2_ws/install/zed_interfaces/include/zed_interfaces/zed_interfaces/msg/detail/keypoint2_df__type_support.h
[2.073s] -- Up-to-date symlink: /home/mae-emrl3172/ros2_ws/install/zed_interfaces/include/zed_interfaces/zed_interfaces/msg/detail/keypoint2_di__functions.h
[2.075s] -- Up-to-date symlink: /home/mae-emrl3172/ros2_ws/install/zed_interfaces/include/zed_interfaces/zed_interfaces/msg/detail/keypoint2_di__struct.h
[2.076s] -- Up-to-date symlink: /home/mae-emrl3172/ros2_ws/install/zed_interfaces/include/zed_interfaces/zed_interfaces/msg/detail/keypoint2_di__type_support.h
[2.077s] -- Up-to-date symlink: /home/mae-emrl3172/ros2_ws/install/zed_interfaces/include/zed_interfaces/zed_interfaces/msg/detail/keypoint3_d__functions.h
[2.078s] -- Up-to-date symlink: /home/mae-emrl3172/ros2_ws/install/zed_interfaces/include/zed_interfaces/zed_interfaces/msg/detail/keypoint3_d__struct.h
[2.079s] -- Up-to-date symlink: /home/mae-emrl3172/ros2_ws/install/zed_interfaces/include/zed_interfaces/zed_interfaces/msg/detail/keypoint3_d__type_support.h
[2.079s] -- Up-to-date symlink: /home/mae-emrl3172/ros2_ws/install/zed_interfaces/include/zed_interfaces/zed_interfaces/msg/detail/mag_heading_status__functions.h
[2.080s] -- Up-to-date symlink: /home/mae-emrl3172/ros2_ws/install/zed_interfaces/include/zed_interfaces/zed_interfaces/msg/detail/mag_heading_status__struct.h
[2.080s] -- Up-to-date symlink: /home/mae-emrl3172/ros2_ws/install/zed_interfaces/include/zed_interfaces/zed_interfaces/msg/detail/mag_heading_status__type_support.h
[2.081s] -- Up-to-date symlink: /home/mae-emrl3172/ros2_ws/install/zed_interfaces/include/zed_interfaces/zed_interfaces/msg/detail/object__functions.h
[2.081s] -- Up-to-date symlink: /home/mae-emrl3172/ros2_ws/install/zed_interfaces/include/zed_interfaces/zed_interfaces/msg/detail/object__struct.h
[2.082s] -- Up-to-date symlink: /home/mae-emrl3172/ros2_ws/install/zed_interfaces/include/zed_interfaces/zed_interfaces/msg/detail/object__type_support.h
[2.082s] -- Up-to-date symlink: /home/mae-emrl3172/ros2_ws/install/zed_interfaces/include/zed_interfaces/zed_interfaces/msg/detail/objects_stamped__functions.h
[2.082s] -- Up-to-date symlink: /home/mae-emrl3172/ros2_ws/install/zed_interfaces/include/zed_interfaces/zed_interfaces/msg/detail/objects_stamped__struct.h
[2.083s] -- Up-to-date symlink: /home/mae-emrl3172/ros2_ws/install/zed_interfaces/include/zed_interfaces/zed_interfaces/msg/detail/objects_stamped__type_support.h
[2.083s] -- Up-to-date symlink: /home/mae-emrl3172/ros2_ws/install/zed_interfaces/include/zed_interfaces/zed_interfaces/msg/detail/plane_stamped__functions.h
[2.084s] -- Up-to-date symlink: /home/mae-emrl3172/ros2_ws/install/zed_interfaces/include/zed_interfaces/zed_interfaces/msg/detail/plane_stamped__struct.h
[2.084s] -- Up-to-date symlink: /home/mae-emrl3172/ros2_ws/install/zed_interfaces/include/zed_interfaces/zed_interfaces/msg/detail/plane_stamped__type_support.h
[2.084s] -- Up-to-date symlink: /home/mae-emrl3172/ros2_ws/install/zed_interfaces/include/zed_interfaces/zed_interfaces/msg/detail/pos_track_status__functions.h
[2.085s] -- Up-to-date symlink: /home/mae-emrl3172/ros2_ws/install/zed_interfaces/include/zed_interfaces/zed_interfaces/msg/detail/pos_track_status__struct.h
[2.085s] -- Up-to-date symlink: /home/mae-emrl3172/ros2_ws/install/zed_interfaces/include/zed_interfaces/zed_interfaces/msg/detail/pos_track_status__type_support.h
[2.085s] -- Up-to-date symlink: /home/mae-emrl3172/ros2_ws/install/zed_interfaces/include/zed_interfaces/zed_interfaces/msg/detail/skeleton2_d__functions.h
[2.086s] -- Up-to-date symlink: /home/mae-emrl3172/ros2_ws/install/zed_interfaces/include/zed_interfaces/zed_interfaces/msg/detail/skeleton2_d__struct.h
[2.086s] -- Up-to-date symlink: /home/mae-emrl3172/ros2_ws/install/zed_interfaces/include/zed_interfaces/zed_interfaces/msg/detail/skeleton2_d__type_support.h
[2.087s] -- Up-to-date symlink: /home/mae-emrl3172/ros2_ws/install/zed_interfaces/include/zed_interfaces/zed_interfaces/msg/detail/skeleton3_d__functions.h
[2.087s] -- Up-to-date symlink: /home/mae-emrl3172/ros2_ws/install/zed_interfaces/include/zed_interfaces/zed_interfaces/msg/detail/skeleton3_d__struct.h
[2.088s] -- Up-to-date symlink: /home/mae-emrl3172/ros2_ws/install/zed_interfaces/include/zed_interfaces/zed_interfaces/msg/detail/skeleton3_d__type_support.h
[2.089s] -- Up-to-date symlink: /home/mae-emrl3172/ros2_ws/install/zed_interfaces/include/zed_interfaces/zed_interfaces/msg/gnss_fusion_status.h
[2.089s] -- Up-to-date symlink: /home/mae-emrl3172/ros2_ws/install/zed_interfaces/include/zed_interfaces/zed_interfaces/msg/heartbeat.h
[2.090s] -- Up-to-date symlink: /home/mae-emrl3172/ros2_ws/install/zed_interfaces/include/zed_interfaces/zed_interfaces/msg/keypoint2_df.h
[2.091s] -- Up-to-date symlink: /home/mae-emrl3172/ros2_ws/install/zed_interfaces/include/zed_interfaces/zed_interfaces/msg/keypoint2_di.h
[2.091s] -- Up-to-date symlink: /home/mae-emrl3172/ros2_ws/install/zed_interfaces/include/zed_interfaces/zed_interfaces/msg/keypoint3_d.h
[2.092s] -- Up-to-date symlink: /home/mae-emrl3172/ros2_ws/install/zed_interfaces/include/zed_interfaces/zed_interfaces/msg/mag_heading_status.h
[2.093s] -- Up-to-date symlink: /home/mae-emrl3172/ros2_ws/install/zed_interfaces/include/zed_interfaces/zed_interfaces/msg/object.h
[2.094s] -- Up-to-date symlink: /home/mae-emrl3172/ros2_ws/install/zed_interfaces/include/zed_interfaces/zed_interfaces/msg/objects_stamped.h
[2.094s] -- Up-to-date symlink: /home/mae-emrl3172/ros2_ws/install/zed_interfaces/include/zed_interfaces/zed_interfaces/msg/plane_stamped.h
[2.095s] -- Up-to-date symlink: /home/mae-emrl3172/ros2_ws/install/zed_interfaces/include/zed_interfaces/zed_interfaces/msg/pos_track_status.h
[2.095s] -- Up-to-date symlink: /home/mae-emrl3172/ros2_ws/install/zed_interfaces/include/zed_interfaces/zed_interfaces/msg/rosidl_generator_c__visibility_control.h
[2.096s] -- Up-to-date symlink: /home/mae-emrl3172/ros2_ws/install/zed_interfaces/include/zed_interfaces/zed_interfaces/msg/skeleton2_d.h
[2.096s] -- Up-to-date symlink: /home/mae-emrl3172/ros2_ws/install/zed_interfaces/include/zed_interfaces/zed_interfaces/msg/skeleton3_d.h
[2.096s] -- Up-to-date symlink: /home/mae-emrl3172/ros2_ws/install/zed_interfaces/include/zed_interfaces/zed_interfaces/srv/detail/set_pose__functions.h
[2.096s] -- Up-to-date symlink: /home/mae-emrl3172/ros2_ws/install/zed_interfaces/include/zed_interfaces/zed_interfaces/srv/detail/set_pose__struct.h
[2.097s] -- Up-to-date symlink: /home/mae-emrl3172/ros2_ws/install/zed_interfaces/include/zed_interfaces/zed_interfaces/srv/detail/set_pose__type_support.h
[2.097s] -- Up-to-date symlink: /home/mae-emrl3172/ros2_ws/install/zed_interfaces/include/zed_interfaces/zed_interfaces/srv/detail/set_roi__functions.h
[2.098s] -- Up-to-date symlink: /home/mae-emrl3172/ros2_ws/install/zed_interfaces/include/zed_interfaces/zed_interfaces/srv/detail/set_roi__struct.h
[2.098s] -- Up-to-date symlink: /home/mae-emrl3172/ros2_ws/install/zed_interfaces/include/zed_interfaces/zed_interfaces/srv/detail/set_roi__type_support.h
[2.098s] -- Up-to-date symlink: /home/mae-emrl3172/ros2_ws/install/zed_interfaces/include/zed_interfaces/zed_interfaces/srv/detail/start_svo_rec__functions.h
[2.098s] -- Up-to-date symlink: /home/mae-emrl3172/ros2_ws/install/zed_interfaces/include/zed_interfaces/zed_interfaces/srv/detail/start_svo_rec__struct.h
[2.099s] -- Up-to-date symlink: /home/mae-emrl3172/ros2_ws/install/zed_interfaces/include/zed_interfaces/zed_interfaces/srv/detail/start_svo_rec__type_support.h
[2.099s] -- Up-to-date symlink: /home/mae-emrl3172/ros2_ws/install/zed_interfaces/include/zed_interfaces/zed_interfaces/srv/set_pose.h
[2.099s] -- Up-to-date symlink: /home/mae-emrl3172/ros2_ws/install/zed_interfaces/include/zed_interfaces/zed_interfaces/srv/set_roi.h
[2.099s] -- Up-to-date symlink: /home/mae-emrl3172/ros2_ws/install/zed_interfaces/include/zed_interfaces/zed_interfaces/srv/start_svo_rec.h
[2.100s] -- Up-to-date symlink: /home/mae-emrl3172/ros2_ws/install/zed_interfaces/share/zed_interfaces/environment/library_path.sh
[2.100s] -- Up-to-date symlink: /home/mae-emrl3172/ros2_ws/install/zed_interfaces/share/zed_interfaces/environment/library_path.dsv
[2.100s] -- Up-to-date symlink: /home/mae-emrl3172/ros2_ws/install/zed_interfaces/include/zed_interfaces/zed_interfaces/msg/detail/bounding_box2_df__rosidl_typesupport_fastrtps_c.h
[2.101s] -- Up-to-date symlink: /home/mae-emrl3172/ros2_ws/install/zed_interfaces/include/zed_interfaces/zed_interfaces/msg/detail/bounding_box2_di__rosidl_typesupport_fastrtps_c.h
[2.101s] -- Up-to-date symlink: /home/mae-emrl3172/ros2_ws/install/zed_interfaces/include/zed_interfaces/zed_interfaces/msg/detail/bounding_box3_d__rosidl_typesupport_fastrtps_c.h
[2.102s] -- Up-to-date symlink: /home/mae-emrl3172/ros2_ws/install/zed_interfaces/include/zed_interfaces/zed_interfaces/msg/detail/depth_info_stamped__rosidl_typesupport_fastrtps_c.h
[2.102s] -- Up-to-date symlink: /home/mae-emrl3172/ros2_ws/install/zed_interfaces/include/zed_interfaces/zed_interfaces/msg/detail/gnss_fusion_status__rosidl_typesupport_fastrtps_c.h
[2.102s] -- Up-to-date symlink: /home/mae-emrl3172/ros2_ws/install/zed_interfaces/include/zed_interfaces/zed_interfaces/msg/detail/heartbeat__rosidl_typesupport_fastrtps_c.h
[2.103s] -- Up-to-date symlink: /home/mae-emrl3172/ros2_ws/install/zed_interfaces/include/zed_interfaces/zed_interfaces/msg/detail/keypoint2_df__rosidl_typesupport_fastrtps_c.h
[2.103s] -- Up-to-date symlink: /home/mae-emrl3172/ros2_ws/install/zed_interfaces/include/zed_interfaces/zed_interfaces/msg/detail/keypoint2_di__rosidl_typesupport_fastrtps_c.h
[2.104s] -- Up-to-date symlink: /home/mae-emrl3172/ros2_ws/install/zed_interfaces/include/zed_interfaces/zed_interfaces/msg/detail/keypoint3_d__rosidl_typesupport_fastrtps_c.h
[2.104s] -- Up-to-date symlink: /home/mae-emrl3172/ros2_ws/install/zed_interfaces/include/zed_interfaces/zed_interfaces/msg/detail/mag_heading_status__rosidl_typesupport_fastrtps_c.h
[2.106s] -- Up-to-date symlink: /home/mae-emrl3172/ros2_ws/install/zed_interfaces/include/zed_interfaces/zed_interfaces/msg/detail/object__rosidl_typesupport_fastrtps_c.h
[2.106s] -- Up-to-date symlink: /home/mae-emrl3172/ros2_ws/install/zed_interfaces/include/zed_interfaces/zed_interfaces/msg/detail/objects_stamped__rosidl_typesupport_fastrtps_c.h
[2.107s] -- Up-to-date symlink: /home/mae-emrl3172/ros2_ws/install/zed_interfaces/include/zed_interfaces/zed_interfaces/msg/detail/plane_stamped__rosidl_typesupport_fastrtps_c.h
[2.107s] -- Up-to-date symlink: /home/mae-emrl3172/ros2_ws/install/zed_interfaces/include/zed_interfaces/zed_interfaces/msg/detail/pos_track_status__rosidl_typesupport_fastrtps_c.h
[2.107s] -- Up-to-date symlink: /home/mae-emrl3172/ros2_ws/install/zed_interfaces/include/zed_interfaces/zed_interfaces/msg/detail/skeleton2_d__rosidl_typesupport_fastrtps_c.h
[2.108s] -- Up-to-date symlink: /home/mae-emrl3172/ros2_ws/install/zed_interfaces/include/zed_interfaces/zed_interfaces/msg/detail/skeleton3_d__rosidl_typesupport_fastrtps_c.h
[2.108s] -- Up-to-date symlink: /home/mae-emrl3172/ros2_ws/install/zed_interfaces/include/zed_interfaces/zed_interfaces/msg/rosidl_typesupport_fastrtps_c__visibility_control.h
[2.109s] -- Up-to-date symlink: /home/mae-emrl3172/ros2_ws/install/zed_interfaces/include/zed_interfaces/zed_interfaces/srv/detail/set_pose__rosidl_typesupport_fastrtps_c.h
[2.109s] -- Up-to-date symlink: /home/mae-emrl3172/ros2_ws/install/zed_interfaces/include/zed_interfaces/zed_interfaces/srv/detail/set_roi__rosidl_typesupport_fastrtps_c.h
[2.109s] -- Up-to-date symlink: /home/mae-emrl3172/ros2_ws/install/zed_interfaces/include/zed_interfaces/zed_interfaces/srv/detail/start_svo_rec__rosidl_typesupport_fastrtps_c.h
[2.112s] -- Up-to-date symlink: /home/mae-emrl3172/ros2_ws/install/zed_interfaces/include/zed_interfaces/zed_interfaces/msg/bounding_box2_df.hpp
[2.113s] -- Up-to-date symlink: /home/mae-emrl3172/ros2_ws/install/zed_interfaces/include/zed_interfaces/zed_interfaces/msg/bounding_box2_di.hpp
[2.113s] -- Up-to-date symlink: /home/mae-emrl3172/ros2_ws/install/zed_interfaces/include/zed_interfaces/zed_interfaces/msg/bounding_box3_d.hpp
[2.113s] -- Up-to-date symlink: /home/mae-emrl3172/ros2_ws/install/zed_interfaces/include/zed_interfaces/zed_interfaces/msg/depth_info_stamped.hpp
[2.114s] -- Up-to-date symlink: /home/mae-emrl3172/ros2_ws/install/zed_interfaces/include/zed_interfaces/zed_interfaces/msg/detail/bounding_box2_df__builder.hpp
[2.114s] -- Up-to-date symlink: /home/mae-emrl3172/ros2_ws/install/zed_interfaces/include/zed_interfaces/zed_interfaces/msg/detail/bounding_box2_df__struct.hpp
[2.115s] -- Up-to-date symlink: /home/mae-emrl3172/ros2_ws/install/zed_interfaces/include/zed_interfaces/zed_interfaces/msg/detail/bounding_box2_df__traits.hpp
[2.115s] -- Up-to-date symlink: /home/mae-emrl3172/ros2_ws/install/zed_interfaces/include/zed_interfaces/zed_interfaces/msg/detail/bounding_box2_di__builder.hpp
[2.115s] -- Up-to-date symlink: /home/mae-emrl3172/ros2_ws/install/zed_interfaces/include/zed_interfaces/zed_interfaces/msg/detail/bounding_box2_di__struct.hpp
[2.116s] -- Up-to-date symlink: /home/mae-emrl3172/ros2_ws/install/zed_interfaces/include/zed_interfaces/zed_interfaces/msg/detail/bounding_box2_di__traits.hpp
[2.116s] -- Up-to-date symlink: /home/mae-emrl3172/ros2_ws/install/zed_interfaces/include/zed_interfaces/zed_interfaces/msg/detail/bounding_box3_d__builder.hpp
[2.117s] -- Up-to-date symlink: /home/mae-emrl3172/ros2_ws/install/zed_interfaces/include/zed_interfaces/zed_interfaces/msg/detail/bounding_box3_d__struct.hpp
[2.117s] -- Up-to-date symlink: /home/mae-emrl3172/ros2_ws/install/zed_interfaces/include/zed_interfaces/zed_interfaces/msg/detail/bounding_box3_d__traits.hpp
[2.118s] -- Up-to-date symlink: /home/mae-emrl3172/ros2_ws/install/zed_interfaces/include/zed_interfaces/zed_interfaces/msg/detail/depth_info_stamped__builder.hpp
[2.118s] -- Up-to-date symlink: /home/mae-emrl3172/ros2_ws/install/zed_interfaces/include/zed_interfaces/zed_interfaces/msg/detail/depth_info_stamped__struct.hpp
[2.119s] -- Up-to-date symlink: /home/mae-emrl3172/ros2_ws/install/zed_interfaces/include/zed_interfaces/zed_interfaces/msg/detail/depth_info_stamped__traits.hpp
[2.120s] -- Up-to-date symlink: /home/mae-emrl3172/ros2_ws/install/zed_interfaces/include/zed_interfaces/zed_interfaces/msg/detail/gnss_fusion_status__builder.hpp
[2.120s] -- Up-to-date symlink: /home/mae-emrl3172/ros2_ws/install/zed_interfaces/include/zed_interfaces/zed_interfaces/msg/detail/gnss_fusion_status__struct.hpp
[2.121s] -- Up-to-date symlink: /home/mae-emrl3172/ros2_ws/install/zed_interfaces/include/zed_interfaces/zed_interfaces/msg/detail/gnss_fusion_status__traits.hpp
[2.121s] -- Up-to-date symlink: /home/mae-emrl3172/ros2_ws/install/zed_interfaces/include/zed_interfaces/zed_interfaces/msg/detail/heartbeat__builder.hpp
[2.122s] -- Up-to-date symlink: /home/mae-emrl3172/ros2_ws/install/zed_interfaces/include/zed_interfaces/zed_interfaces/msg/detail/heartbeat__struct.hpp
[2.123s] -- Up-to-date symlink: /home/mae-emrl3172/ros2_ws/install/zed_interfaces/include/zed_interfaces/zed_interfaces/msg/detail/heartbeat__traits.hpp
[2.124s] -- Up-to-date symlink: /home/mae-emrl3172/ros2_ws/install/zed_interfaces/include/zed_interfaces/zed_interfaces/msg/detail/keypoint2_df__builder.hpp
[2.124s] -- Up-to-date symlink: /home/mae-emrl3172/ros2_ws/install/zed_interfaces/include/zed_interfaces/zed_interfaces/msg/detail/keypoint2_df__struct.hpp
[2.125s] -- Up-to-date symlink: /home/mae-emrl3172/ros2_ws/install/zed_interfaces/include/zed_interfaces/zed_interfaces/msg/detail/keypoint2_df__traits.hpp
[2.126s] -- Up-to-date symlink: /home/mae-emrl3172/ros2_ws/install/zed_interfaces/include/zed_interfaces/zed_interfaces/msg/detail/keypoint2_di__builder.hpp
[2.126s] -- Up-to-date symlink: /home/mae-emrl3172/ros2_ws/install/zed_interfaces/include/zed_interfaces/zed_interfaces/msg/detail/keypoint2_di__struct.hpp
[2.127s] -- Up-to-date symlink: /home/mae-emrl3172/ros2_ws/install/zed_interfaces/include/zed_interfaces/zed_interfaces/msg/detail/keypoint2_di__traits.hpp
[2.128s] -- Up-to-date symlink: /home/mae-emrl3172/ros2_ws/install/zed_interfaces/include/zed_interfaces/zed_interfaces/msg/detail/keypoint3_d__builder.hpp
[2.128s] -- Up-to-date symlink: /home/mae-emrl3172/ros2_ws/install/zed_interfaces/include/zed_interfaces/zed_interfaces/msg/detail/keypoint3_d__struct.hpp
[2.129s] -- Up-to-date symlink: /home/mae-emrl3172/ros2_ws/install/zed_interfaces/include/zed_interfaces/zed_interfaces/msg/detail/keypoint3_d__traits.hpp
[2.129s] -- Up-to-date symlink: /home/mae-emrl3172/ros2_ws/install/zed_interfaces/include/zed_interfaces/zed_interfaces/msg/detail/mag_heading_status__builder.hpp
[2.130s] -- Up-to-date symlink: /home/mae-emrl3172/ros2_ws/install/zed_interfaces/include/zed_interfaces/zed_interfaces/msg/detail/mag_heading_status__struct.hpp
[2.131s] -- Up-to-date symlink: /home/mae-emrl3172/ros2_ws/install/zed_interfaces/include/zed_interfaces/zed_interfaces/msg/detail/mag_heading_status__traits.hpp
[2.131s] -- Up-to-date symlink: /home/mae-emrl3172/ros2_ws/install/zed_interfaces/include/zed_interfaces/zed_interfaces/msg/detail/object__builder.hpp
[2.131s] -- Up-to-date symlink: /home/mae-emrl3172/ros2_ws/install/zed_interfaces/include/zed_interfaces/zed_interfaces/msg/detail/object__struct.hpp
[2.132s] -- Up-to-date symlink: /home/mae-emrl3172/ros2_ws/install/zed_interfaces/include/zed_interfaces/zed_interfaces/msg/detail/object__traits.hpp
[2.132s] -- Up-to-date symlink: /home/mae-emrl3172/ros2_ws/install/zed_interfaces/include/zed_interfaces/zed_interfaces/msg/detail/objects_stamped__builder.hpp
[2.133s] -- Up-to-date symlink: /home/mae-emrl3172/ros2_ws/install/zed_interfaces/include/zed_interfaces/zed_interfaces/msg/detail/objects_stamped__struct.hpp
[2.133s] -- Up-to-date symlink: /home/mae-emrl3172/ros2_ws/install/zed_interfaces/include/zed_interfaces/zed_interfaces/msg/detail/objects_stamped__traits.hpp
[2.133s] -- Up-to-date symlink: /home/mae-emrl3172/ros2_ws/install/zed_interfaces/include/zed_interfaces/zed_interfaces/msg/detail/plane_stamped__builder.hpp
[2.134s] -- Up-to-date symlink: /home/mae-emrl3172/ros2_ws/install/zed_interfaces/include/zed_interfaces/zed_interfaces/msg/detail/plane_stamped__struct.hpp
[2.135s] -- Up-to-date symlink: /home/mae-emrl3172/ros2_ws/install/zed_interfaces/include/zed_interfaces/zed_interfaces/msg/detail/plane_stamped__traits.hpp
[2.135s] -- Up-to-date symlink: /home/mae-emrl3172/ros2_ws/install/zed_interfaces/include/zed_interfaces/zed_interfaces/msg/detail/pos_track_status__builder.hpp
[2.135s] -- Up-to-date symlink: /home/mae-emrl3172/ros2_ws/install/zed_interfaces/include/zed_interfaces/zed_interfaces/msg/detail/pos_track_status__struct.hpp
[2.136s] -- Up-to-date symlink: /home/mae-emrl3172/ros2_ws/install/zed_interfaces/include/zed_interfaces/zed_interfaces/msg/detail/pos_track_status__traits.hpp
[2.136s] -- Up-to-date symlink: /home/mae-emrl3172/ros2_ws/install/zed_interfaces/include/zed_interfaces/zed_interfaces/msg/detail/skeleton2_d__builder.hpp
[2.137s] -- Up-to-date symlink: /home/mae-emrl3172/ros2_ws/install/zed_interfaces/include/zed_interfaces/zed_interfaces/msg/detail/skeleton2_d__struct.hpp
[2.138s] -- Up-to-date symlink: /home/mae-emrl3172/ros2_ws/install/zed_interfaces/include/zed_interfaces/zed_interfaces/msg/detail/skeleton2_d__traits.hpp
[2.139s] -- Up-to-date symlink: /home/mae-emrl3172/ros2_ws/install/zed_interfaces/include/zed_interfaces/zed_interfaces/msg/detail/skeleton3_d__builder.hpp
[2.140s] -- Up-to-date symlink: /home/mae-emrl3172/ros2_ws/install/zed_interfaces/include/zed_interfaces/zed_interfaces/msg/detail/skeleton3_d__struct.hpp
[2.140s] -- Up-to-date symlink: /home/mae-emrl3172/ros2_ws/install/zed_interfaces/include/zed_interfaces/zed_interfaces/msg/detail/skeleton3_d__traits.hpp
[2.141s] -- Up-to-date symlink: /home/mae-emrl3172/ros2_ws/install/zed_interfaces/include/zed_interfaces/zed_interfaces/msg/gnss_fusion_status.hpp
[2.141s] -- Up-to-date symlink: /home/mae-emrl3172/ros2_ws/install/zed_interfaces/include/zed_interfaces/zed_interfaces/msg/heartbeat.hpp
[2.142s] -- Up-to-date symlink: /home/mae-emrl3172/ros2_ws/install/zed_interfaces/include/zed_interfaces/zed_interfaces/msg/keypoint2_df.hpp
[2.143s] -- Up-to-date symlink: /home/mae-emrl3172/ros2_ws/install/zed_interfaces/include/zed_interfaces/zed_interfaces/msg/keypoint2_di.hpp
[2.143s] -- Up-to-date symlink: /home/mae-emrl3172/ros2_ws/install/zed_interfaces/include/zed_interfaces/zed_interfaces/msg/keypoint3_d.hpp
[2.144s] -- Up-to-date symlink: /home/mae-emrl3172/ros2_ws/install/zed_interfaces/include/zed_interfaces/zed_interfaces/msg/mag_heading_status.hpp
[2.144s] -- Up-to-date symlink: /home/mae-emrl3172/ros2_ws/install/zed_interfaces/include/zed_interfaces/zed_interfaces/msg/object.hpp
[2.145s] -- Up-to-date symlink: /home/mae-emrl3172/ros2_ws/install/zed_interfaces/include/zed_interfaces/zed_interfaces/msg/objects_stamped.hpp
[2.145s] -- Up-to-date symlink: /home/mae-emrl3172/ros2_ws/install/zed_interfaces/include/zed_interfaces/zed_interfaces/msg/plane_stamped.hpp
[2.146s] -- Up-to-date symlink: /home/mae-emrl3172/ros2_ws/install/zed_interfaces/include/zed_interfaces/zed_interfaces/msg/pos_track_status.hpp
[2.147s] -- Up-to-date symlink: /home/mae-emrl3172/ros2_ws/install/zed_interfaces/include/zed_interfaces/zed_interfaces/msg/skeleton2_d.hpp
[2.147s] -- Up-to-date symlink: /home/mae-emrl3172/ros2_ws/install/zed_interfaces/include/zed_interfaces/zed_interfaces/msg/skeleton3_d.hpp
[2.147s] -- Up-to-date symlink: /home/mae-emrl3172/ros2_ws/install/zed_interfaces/include/zed_interfaces/zed_interfaces/srv/detail/set_pose__builder.hpp
[2.148s] -- Up-to-date symlink: /home/mae-emrl3172/ros2_ws/install/zed_interfaces/include/zed_interfaces/zed_interfaces/srv/detail/set_pose__struct.hpp
[2.148s] -- Up-to-date symlink: /home/mae-emrl3172/ros2_ws/install/zed_interfaces/include/zed_interfaces/zed_interfaces/srv/detail/set_pose__traits.hpp
[2.148s] -- Up-to-date symlink: /home/mae-emrl3172/ros2_ws/install/zed_interfaces/include/zed_interfaces/zed_interfaces/srv/detail/set_roi__builder.hpp
[2.149s] -- Up-to-date symlink: /home/mae-emrl3172/ros2_ws/install/zed_interfaces/include/zed_interfaces/zed_interfaces/srv/detail/set_roi__struct.hpp
[2.149s] -- Up-to-date symlink: /home/mae-emrl3172/ros2_ws/install/zed_interfaces/include/zed_interfaces/zed_interfaces/srv/detail/set_roi__traits.hpp
[2.149s] -- Up-to-date symlink: /home/mae-emrl3172/ros2_ws/install/zed_interfaces/include/zed_interfaces/zed_interfaces/srv/detail/start_svo_rec__builder.hpp
[2.150s] -- Up-to-date symlink: /home/mae-emrl3172/ros2_ws/install/zed_interfaces/include/zed_interfaces/zed_interfaces/srv/detail/start_svo_rec__struct.hpp
[2.150s] -- Up-to-date symlink: /home/mae-emrl3172/ros2_ws/install/zed_interfaces/include/zed_interfaces/zed_interfaces/srv/detail/start_svo_rec__traits.hpp
[2.150s] -- Up-to-date symlink: /home/mae-emrl3172/ros2_ws/install/zed_interfaces/include/zed_interfaces/zed_interfaces/srv/set_pose.hpp
[2.151s] -- Up-to-date symlink: /home/mae-emrl3172/ros2_ws/install/zed_interfaces/include/zed_interfaces/zed_interfaces/srv/set_roi.hpp
[2.151s] -- Up-to-date symlink: /home/mae-emrl3172/ros2_ws/install/zed_interfaces/include/zed_interfaces/zed_interfaces/srv/start_svo_rec.hpp
[2.154s] -- Up-to-date symlink: /home/mae-emrl3172/ros2_ws/install/zed_interfaces/include/zed_interfaces/zed_interfaces/msg/detail/bounding_box2_df__rosidl_typesupport_fastrtps_cpp.hpp
[2.154s] -- Up-to-date symlink: /home/mae-emrl3172/ros2_ws/install/zed_interfaces/include/zed_interfaces/zed_interfaces/msg/detail/bounding_box2_di__rosidl_typesupport_fastrtps_cpp.hpp
[2.157s] -- Up-to-date symlink: /home/mae-emrl3172/ros2_ws/install/zed_interfaces/include/zed_interfaces/zed_interfaces/msg/detail/bounding_box3_d__rosidl_typesupport_fastrtps_cpp.hpp
[2.157s] -- Up-to-date symlink: /home/mae-emrl3172/ros2_ws/install/zed_interfaces/include/zed_interfaces/zed_interfaces/msg/detail/depth_info_stamped__rosidl_typesupport_fastrtps_cpp.hpp
[2.158s] -- Up-to-date symlink: /home/mae-emrl3172/ros2_ws/install/zed_interfaces/include/zed_interfaces/zed_interfaces/msg/detail/gnss_fusion_status__rosidl_typesupport_fastrtps_cpp.hpp
[2.158s] -- Up-to-date symlink: /home/mae-emrl3172/ros2_ws/install/zed_interfaces/include/zed_interfaces/zed_interfaces/msg/detail/heartbeat__rosidl_typesupport_fastrtps_cpp.hpp
[2.158s] -- Up-to-date symlink: /home/mae-emrl3172/ros2_ws/install/zed_interfaces/include/zed_interfaces/zed_interfaces/msg/detail/keypoint2_df__rosidl_typesupport_fastrtps_cpp.hpp
[2.158s] -- Up-to-date symlink: /home/mae-emrl3172/ros2_ws/install/zed_interfaces/include/zed_interfaces/zed_interfaces/msg/detail/keypoint2_di__rosidl_typesupport_fastrtps_cpp.hpp
[2.159s] -- Up-to-date symlink: /home/mae-emrl3172/ros2_ws/install/zed_interfaces/include/zed_interfaces/zed_interfaces/msg/detail/keypoint3_d__rosidl_typesupport_fastrtps_cpp.hpp
[2.159s] -- Up-to-date symlink: /home/mae-emrl3172/ros2_ws/install/zed_interfaces/include/zed_interfaces/zed_interfaces/msg/detail/mag_heading_status__rosidl_typesupport_fastrtps_cpp.hpp
[2.159s] -- Up-to-date symlink: /home/mae-emrl3172/ros2_ws/install/zed_interfaces/include/zed_interfaces/zed_interfaces/msg/detail/object__rosidl_typesupport_fastrtps_cpp.hpp
[2.160s] -- Up-to-date symlink: /home/mae-emrl3172/ros2_ws/install/zed_interfaces/include/zed_interfaces/zed_interfaces/msg/detail/objects_stamped__rosidl_typesupport_fastrtps_cpp.hpp
[2.160s] -- Up-to-date symlink: /home/mae-emrl3172/ros2_ws/install/zed_interfaces/include/zed_interfaces/zed_interfaces/msg/detail/plane_stamped__rosidl_typesupport_fastrtps_cpp.hpp
[2.161s] -- Up-to-date symlink: /home/mae-emrl3172/ros2_ws/install/zed_interfaces/include/zed_interfaces/zed_interfaces/msg/detail/pos_track_status__rosidl_typesupport_fastrtps_cpp.hpp
[2.162s] -- Up-to-date symlink: /home/mae-emrl3172/ros2_ws/install/zed_interfaces/include/zed_interfaces/zed_interfaces/msg/detail/skeleton2_d__rosidl_typesupport_fastrtps_cpp.hpp
[2.162s] -- Up-to-date symlink: /home/mae-emrl3172/ros2_ws/install/zed_interfaces/include/zed_interfaces/zed_interfaces/msg/detail/skeleton3_d__rosidl_typesupport_fastrtps_cpp.hpp
[2.163s] -- Up-to-date symlink: /home/mae-emrl3172/ros2_ws/install/zed_interfaces/include/zed_interfaces/zed_interfaces/msg/rosidl_typesupport_fastrtps_cpp__visibility_control.h
[2.164s] -- Up-to-date symlink: /home/mae-emrl3172/ros2_ws/install/zed_interfaces/include/zed_interfaces/zed_interfaces/srv/detail/set_pose__rosidl_typesupport_fastrtps_cpp.hpp
[2.164s] -- Up-to-date symlink: /home/mae-emrl3172/ros2_ws/install/zed_interfaces/include/zed_interfaces/zed_interfaces/srv/detail/set_roi__rosidl_typesupport_fastrtps_cpp.hpp
[2.165s] -- Up-to-date symlink: /home/mae-emrl3172/ros2_ws/install/zed_interfaces/include/zed_interfaces/zed_interfaces/srv/detail/start_svo_rec__rosidl_typesupport_fastrtps_cpp.hpp
[2.167s] -- Up-to-date symlink: /home/mae-emrl3172/ros2_ws/install/zed_interfaces/include/zed_interfaces/zed_interfaces/msg/detail/bounding_box2_df__rosidl_typesupport_introspection_c.h
[2.167s] -- Up-to-date symlink: /home/mae-emrl3172/ros2_ws/install/zed_interfaces/include/zed_interfaces/zed_interfaces/msg/detail/bounding_box2_di__rosidl_typesupport_introspection_c.h
[2.168s] -- Up-to-date symlink: /home/mae-emrl3172/ros2_ws/install/zed_interfaces/include/zed_interfaces/zed_interfaces/msg/detail/bounding_box3_d__rosidl_typesupport_introspection_c.h
[2.168s] -- Up-to-date symlink: /home/mae-emrl3172/ros2_ws/install/zed_interfaces/include/zed_interfaces/zed_interfaces/msg/detail/depth_info_stamped__rosidl_typesupport_introspection_c.h
[2.169s] -- Up-to-date symlink: /home/mae-emrl3172/ros2_ws/install/zed_interfaces/include/zed_interfaces/zed_interfaces/msg/detail/gnss_fusion_status__rosidl_typesupport_introspection_c.h
[2.170s] -- Up-to-date symlink: /home/mae-emrl3172/ros2_ws/install/zed_interfaces/include/zed_interfaces/zed_interfaces/msg/detail/heartbeat__rosidl_typesupport_introspection_c.h
[2.171s] -- Up-to-date symlink: /home/mae-emrl3172/ros2_ws/install/zed_interfaces/include/zed_interfaces/zed_interfaces/msg/detail/keypoint2_df__rosidl_typesupport_introspection_c.h
[2.174s] -- Up-to-date symlink: /home/mae-emrl3172/ros2_ws/install/zed_interfaces/include/zed_interfaces/zed_interfaces/msg/detail/keypoint2_di__rosidl_typesupport_introspection_c.h
[2.174s] -- Up-to-date symlink: /home/mae-emrl3172/ros2_ws/install/zed_interfaces/include/zed_interfaces/zed_interfaces/msg/detail/keypoint3_d__rosidl_typesupport_introspection_c.h
[2.175s] -- Up-to-date symlink: /home/mae-emrl3172/ros2_ws/install/zed_interfaces/include/zed_interfaces/zed_interfaces/msg/detail/mag_heading_status__rosidl_typesupport_introspection_c.h
[2.175s] -- Up-to-date symlink: /home/mae-emrl3172/ros2_ws/install/zed_interfaces/include/zed_interfaces/zed_interfaces/msg/detail/object__rosidl_typesupport_introspection_c.h
[2.176s] -- Up-to-date symlink: /home/mae-emrl3172/ros2_ws/install/zed_interfaces/include/zed_interfaces/zed_interfaces/msg/detail/objects_stamped__rosidl_typesupport_introspection_c.h
[2.176s] -- Up-to-date symlink: /home/mae-emrl3172/ros2_ws/install/zed_interfaces/include/zed_interfaces/zed_interfaces/msg/detail/plane_stamped__rosidl_typesupport_introspection_c.h
[2.177s] -- Up-to-date symlink: /home/mae-emrl3172/ros2_ws/install/zed_interfaces/include/zed_interfaces/zed_interfaces/msg/detail/pos_track_status__rosidl_typesupport_introspection_c.h
[2.177s] -- Up-to-date symlink: /home/mae-emrl3172/ros2_ws/install/zed_interfaces/include/zed_interfaces/zed_interfaces/msg/detail/skeleton2_d__rosidl_typesupport_introspection_c.h
[2.178s] -- Up-to-date symlink: /home/mae-emrl3172/ros2_ws/install/zed_interfaces/include/zed_interfaces/zed_interfaces/msg/detail/skeleton3_d__rosidl_typesupport_introspection_c.h
[2.178s] -- Up-to-date symlink: /home/mae-emrl3172/ros2_ws/install/zed_interfaces/include/zed_interfaces/zed_interfaces/msg/rosidl_typesupport_introspection_c__visibility_control.h
[2.179s] -- Up-to-date symlink: /home/mae-emrl3172/ros2_ws/install/zed_interfaces/include/zed_interfaces/zed_interfaces/srv/detail/set_pose__rosidl_typesupport_introspection_c.h
[2.179s] -- Up-to-date symlink: /home/mae-emrl3172/ros2_ws/install/zed_interfaces/include/zed_interfaces/zed_interfaces/srv/detail/set_roi__rosidl_typesupport_introspection_c.h
[2.180s] -- Up-to-date symlink: /home/mae-emrl3172/ros2_ws/install/zed_interfaces/include/zed_interfaces/zed_interfaces/srv/detail/start_svo_rec__rosidl_typesupport_introspection_c.h
[2.181s] -- Up-to-date symlink: /home/mae-emrl3172/ros2_ws/install/zed_interfaces/include/zed_interfaces/zed_interfaces/msg/detail/bounding_box2_df__rosidl_typesupport_introspection_cpp.hpp
[2.182s] -- Up-to-date symlink: /home/mae-emrl3172/ros2_ws/install/zed_interfaces/include/zed_interfaces/zed_interfaces/msg/detail/bounding_box2_di__rosidl_typesupport_introspection_cpp.hpp
[2.182s] -- Up-to-date symlink: /home/mae-emrl3172/ros2_ws/install/zed_interfaces/include/zed_interfaces/zed_interfaces/msg/detail/bounding_box3_d__rosidl_typesupport_introspection_cpp.hpp
[2.183s] -- Up-to-date symlink: /home/mae-emrl3172/ros2_ws/install/zed_interfaces/include/zed_interfaces/zed_interfaces/msg/detail/depth_info_stamped__rosidl_typesupport_introspection_cpp.hpp
[2.183s] -- Up-to-date symlink: /home/mae-emrl3172/ros2_ws/install/zed_interfaces/include/zed_interfaces/zed_interfaces/msg/detail/gnss_fusion_status__rosidl_typesupport_introspection_cpp.hpp
[2.184s] -- Up-to-date symlink: /home/mae-emrl3172/ros2_ws/install/zed_interfaces/include/zed_interfaces/zed_interfaces/msg/detail/heartbeat__rosidl_typesupport_introspection_cpp.hpp
[2.184s] -- Up-to-date symlink: /home/mae-emrl3172/ros2_ws/install/zed_interfaces/include/zed_interfaces/zed_interfaces/msg/detail/keypoint2_df__rosidl_typesupport_introspection_cpp.hpp
[2.185s] -- Up-to-date symlink: /home/mae-emrl3172/ros2_ws/install/zed_interfaces/include/zed_interfaces/zed_interfaces/msg/detail/keypoint2_di__rosidl_typesupport_introspection_cpp.hpp
[2.185s] -- Up-to-date symlink: /home/mae-emrl3172/ros2_ws/install/zed_interfaces/include/zed_interfaces/zed_interfaces/msg/detail/keypoint3_d__rosidl_typesupport_introspection_cpp.hpp
[2.186s] -- Up-to-date symlink: /home/mae-emrl3172/ros2_ws/install/zed_interfaces/include/zed_interfaces/zed_interfaces/msg/detail/mag_heading_status__rosidl_typesupport_introspection_cpp.hpp
[2.187s] -- Up-to-date symlink: /home/mae-emrl3172/ros2_ws/install/zed_interfaces/include/zed_interfaces/zed_interfaces/msg/detail/object__rosidl_typesupport_introspection_cpp.hpp
[2.187s] -- Up-to-date symlink: /home/mae-emrl3172/ros2_ws/install/zed_interfaces/include/zed_interfaces/zed_interfaces/msg/detail/objects_stamped__rosidl_typesupport_introspection_cpp.hpp
[2.188s] -- Up-to-date symlink: /home/mae-emrl3172/ros2_ws/install/zed_interfaces/include/zed_interfaces/zed_interfaces/msg/detail/plane_stamped__rosidl_typesupport_introspection_cpp.hpp
[2.189s] -- Up-to-date symlink: /home/mae-emrl3172/ros2_ws/install/zed_interfaces/include/zed_interfaces/zed_interfaces/msg/detail/pos_track_status__rosidl_typesupport_introspection_cpp.hpp
[2.189s] -- Up-to-date symlink: /home/mae-emrl3172/ros2_ws/install/zed_interfaces/include/zed_interfaces/zed_interfaces/msg/detail/skeleton2_d__rosidl_typesupport_introspection_cpp.hpp
[2.190s] -- Up-to-date symlink: /home/mae-emrl3172/ros2_ws/install/zed_interfaces/include/zed_interfaces/zed_interfaces/msg/detail/skeleton3_d__rosidl_typesupport_introspection_cpp.hpp
[2.191s] -- Up-to-date symlink: /home/mae-emrl3172/ros2_ws/install/zed_interfaces/include/zed_interfaces/zed_interfaces/srv/detail/set_pose__rosidl_typesupport_introspection_cpp.hpp
[2.192s] -- Up-to-date symlink: /home/mae-emrl3172/ros2_ws/install/zed_interfaces/include/zed_interfaces/zed_interfaces/srv/detail/set_roi__rosidl_typesupport_introspection_cpp.hpp
[2.192s] -- Up-to-date symlink: /home/mae-emrl3172/ros2_ws/install/zed_interfaces/include/zed_interfaces/zed_interfaces/srv/detail/start_svo_rec__rosidl_typesupport_introspection_cpp.hpp
[2.193s] -- Up-to-date symlink: /home/mae-emrl3172/ros2_ws/install/zed_interfaces/share/zed_interfaces/environment/pythonpath.sh
[2.193s] -- Up-to-date symlink: /home/mae-emrl3172/ros2_ws/install/zed_interfaces/share/zed_interfaces/environment/pythonpath.dsv
[2.193s] -- Up-to-date symlink: /home/mae-emrl3172/ros2_ws/install/zed_interfaces/local/lib/python3.10/dist-packages/zed_interfaces-4.1.0-py3.10.egg-info/PKG-INFO
[2.194s] -- Up-to-date symlink: /home/mae-emrl3172/ros2_ws/install/zed_interfaces/local/lib/python3.10/dist-packages/zed_interfaces-4.1.0-py3.10.egg-info/SOURCES.txt
[2.194s] -- Up-to-date symlink: /home/mae-emrl3172/ros2_ws/install/zed_interfaces/local/lib/python3.10/dist-packages/zed_interfaces-4.1.0-py3.10.egg-info/dependency_links.txt
[2.195s] -- Up-to-date symlink: /home/mae-emrl3172/ros2_ws/install/zed_interfaces/local/lib/python3.10/dist-packages/zed_interfaces-4.1.0-py3.10.egg-info/top_level.txt
[2.197s] -- Up-to-date symlink: /home/mae-emrl3172/ros2_ws/install/zed_interfaces/local/lib/python3.10/dist-packages/zed_interfaces/__init__.py
[2.198s] -- Up-to-date symlink: /home/mae-emrl3172/ros2_ws/install/zed_interfaces/local/lib/python3.10/dist-packages/zed_interfaces/_zed_interfaces_s.ep.rosidl_typesupport_c.c
[2.198s] -- Up-to-date symlink: /home/mae-emrl3172/ros2_ws/install/zed_interfaces/local/lib/python3.10/dist-packages/zed_interfaces/_zed_interfaces_s.ep.rosidl_typesupport_fastrtps_c.c
[2.199s] -- Up-to-date symlink: /home/mae-emrl3172/ros2_ws/install/zed_interfaces/local/lib/python3.10/dist-packages/zed_interfaces/_zed_interfaces_s.ep.rosidl_typesupport_introspection_c.c
[2.199s] -- Up-to-date symlink: /home/mae-emrl3172/ros2_ws/install/zed_interfaces/local/lib/python3.10/dist-packages/zed_interfaces/libzed_interfaces__rosidl_generator_py.so
[2.200s] -- Up-to-date symlink: /home/mae-emrl3172/ros2_ws/install/zed_interfaces/local/lib/python3.10/dist-packages/zed_interfaces/msg/__init__.py
[2.201s] -- Up-to-date symlink: /home/mae-emrl3172/ros2_ws/install/zed_interfaces/local/lib/python3.10/dist-packages/zed_interfaces/msg/_bounding_box2_df.py
[2.202s] -- Up-to-date symlink: /home/mae-emrl3172/ros2_ws/install/zed_interfaces/local/lib/python3.10/dist-packages/zed_interfaces/msg/_bounding_box2_df_s.c
[2.202s] -- Up-to-date symlink: /home/mae-emrl3172/ros2_ws/install/zed_interfaces/local/lib/python3.10/dist-packages/zed_interfaces/msg/_bounding_box2_di.py
[2.203s] -- Up-to-date symlink: /home/mae-emrl3172/ros2_ws/install/zed_interfaces/local/lib/python3.10/dist-packages/zed_interfaces/msg/_bounding_box2_di_s.c
[2.206s] -- Up-to-date symlink: /home/mae-emrl3172/ros2_ws/install/zed_interfaces/local/lib/python3.10/dist-packages/zed_interfaces/msg/_bounding_box3_d.py
[2.206s] -- Up-to-date symlink: /home/mae-emrl3172/ros2_ws/install/zed_interfaces/local/lib/python3.10/dist-packages/zed_interfaces/msg/_bounding_box3_d_s.c
[2.206s] -- Up-to-date symlink: /home/mae-emrl3172/ros2_ws/install/zed_interfaces/local/lib/python3.10/dist-packages/zed_interfaces/msg/_depth_info_stamped.py
[2.207s] -- Up-to-date symlink: /home/mae-emrl3172/ros2_ws/install/zed_interfaces/local/lib/python3.10/dist-packages/zed_interfaces/msg/_depth_info_stamped_s.c
[2.208s] -- Up-to-date symlink: /home/mae-emrl3172/ros2_ws/install/zed_interfaces/local/lib/python3.10/dist-packages/zed_interfaces/msg/_gnss_fusion_status.py
[2.209s] -- Up-to-date symlink: /home/mae-emrl3172/ros2_ws/install/zed_interfaces/local/lib/python3.10/dist-packages/zed_interfaces/msg/_gnss_fusion_status_s.c
[2.210s] -- Up-to-date symlink: /home/mae-emrl3172/ros2_ws/install/zed_interfaces/local/lib/python3.10/dist-packages/zed_interfaces/msg/_heartbeat.py
[2.210s] -- Up-to-date symlink: /home/mae-emrl3172/ros2_ws/install/zed_interfaces/local/lib/python3.10/dist-packages/zed_interfaces/msg/_heartbeat_s.c
[2.211s] -- Up-to-date symlink: /home/mae-emrl3172/ros2_ws/install/zed_interfaces/local/lib/python3.10/dist-packages/zed_interfaces/msg/_keypoint2_df.py
[2.211s] -- Up-to-date symlink: /home/mae-emrl3172/ros2_ws/install/zed_interfaces/local/lib/python3.10/dist-packages/zed_interfaces/msg/_keypoint2_df_s.c
[2.212s] -- Up-to-date symlink: /home/mae-emrl3172/ros2_ws/install/zed_interfaces/local/lib/python3.10/dist-packages/zed_interfaces/msg/_keypoint2_di.py
[2.212s] -- Up-to-date symlink: /home/mae-emrl3172/ros2_ws/install/zed_interfaces/local/lib/python3.10/dist-packages/zed_interfaces/msg/_keypoint2_di_s.c
[2.212s] -- Up-to-date symlink: /home/mae-emrl3172/ros2_ws/install/zed_interfaces/local/lib/python3.10/dist-packages/zed_interfaces/msg/_keypoint3_d.py
[2.213s] -- Up-to-date symlink: /home/mae-emrl3172/ros2_ws/install/zed_interfaces/local/lib/python3.10/dist-packages/zed_interfaces/msg/_keypoint3_d_s.c
[2.213s] -- Up-to-date symlink: /home/mae-emrl3172/ros2_ws/install/zed_interfaces/local/lib/python3.10/dist-packages/zed_interfaces/msg/_mag_heading_status.py
[2.213s] -- Up-to-date symlink: /home/mae-emrl3172/ros2_ws/install/zed_interfaces/local/lib/python3.10/dist-packages/zed_interfaces/msg/_mag_heading_status_s.c
[2.214s] -- Up-to-date symlink: /home/mae-emrl3172/ros2_ws/install/zed_interfaces/local/lib/python3.10/dist-packages/zed_interfaces/msg/_object.py
[2.214s] -- Up-to-date symlink: /home/mae-emrl3172/ros2_ws/install/zed_interfaces/local/lib/python3.10/dist-packages/zed_interfaces/msg/_object_s.c
[2.214s] -- Up-to-date symlink: /home/mae-emrl3172/ros2_ws/install/zed_interfaces/local/lib/python3.10/dist-packages/zed_interfaces/msg/_objects_stamped.py
[2.215s] -- Up-to-date symlink: /home/mae-emrl3172/ros2_ws/install/zed_interfaces/local/lib/python3.10/dist-packages/zed_interfaces/msg/_objects_stamped_s.c
[2.215s] -- Up-to-date symlink: /home/mae-emrl3172/ros2_ws/install/zed_interfaces/local/lib/python3.10/dist-packages/zed_interfaces/msg/_plane_stamped.py
[2.215s] -- Up-to-date symlink: /home/mae-emrl3172/ros2_ws/install/zed_interfaces/local/lib/python3.10/dist-packages/zed_interfaces/msg/_plane_stamped_s.c
[2.216s] -- Up-to-date symlink: /home/mae-emrl3172/ros2_ws/install/zed_interfaces/local/lib/python3.10/dist-packages/zed_interfaces/msg/_pos_track_status.py
[2.216s] -- Up-to-date symlink: /home/mae-emrl3172/ros2_ws/install/zed_interfaces/local/lib/python3.10/dist-packages/zed_interfaces/msg/_pos_track_status_s.c
[2.216s] -- Up-to-date symlink: /home/mae-emrl3172/ros2_ws/install/zed_interfaces/local/lib/python3.10/dist-packages/zed_interfaces/msg/_skeleton2_d.py
[2.217s] -- Up-to-date symlink: /home/mae-emrl3172/ros2_ws/install/zed_interfaces/local/lib/python3.10/dist-packages/zed_interfaces/msg/_skeleton2_d_s.c
[2.217s] -- Up-to-date symlink: /home/mae-emrl3172/ros2_ws/install/zed_interfaces/local/lib/python3.10/dist-packages/zed_interfaces/msg/_skeleton3_d.py
[2.218s] -- Up-to-date symlink: /home/mae-emrl3172/ros2_ws/install/zed_interfaces/local/lib/python3.10/dist-packages/zed_interfaces/msg/_skeleton3_d_s.c
[2.219s] -- Up-to-date symlink: /home/mae-emrl3172/ros2_ws/install/zed_interfaces/local/lib/python3.10/dist-packages/zed_interfaces/srv/__init__.py
[2.220s] -- Up-to-date symlink: /home/mae-emrl3172/ros2_ws/install/zed_interfaces/local/lib/python3.10/dist-packages/zed_interfaces/srv/_set_pose.py
[2.220s] -- Up-to-date symlink: /home/mae-emrl3172/ros2_ws/install/zed_interfaces/local/lib/python3.10/dist-packages/zed_interfaces/srv/_set_pose_s.c
[2.223s] -- Up-to-date symlink: /home/mae-emrl3172/ros2_ws/install/zed_interfaces/local/lib/python3.10/dist-packages/zed_interfaces/srv/_set_roi.py
[2.223s] -- Up-to-date symlink: /home/mae-emrl3172/ros2_ws/install/zed_interfaces/local/lib/python3.10/dist-packages/zed_interfaces/srv/_set_roi_s.c
[2.223s] -- Up-to-date symlink: /home/mae-emrl3172/ros2_ws/install/zed_interfaces/local/lib/python3.10/dist-packages/zed_interfaces/srv/_start_svo_rec.py
[2.223s] -- Up-to-date symlink: /home/mae-emrl3172/ros2_ws/install/zed_interfaces/local/lib/python3.10/dist-packages/zed_interfaces/srv/_start_svo_rec_s.c
[2.224s] -- Up-to-date symlink: /home/mae-emrl3172/ros2_ws/install/zed_interfaces/local/lib/python3.10/dist-packages/zed_interfaces/zed_interfaces_s__rosidl_typesupport_c.cpython-310-aarch64-linux-gnu.so
[2.224s] -- Up-to-date symlink: /home/mae-emrl3172/ros2_ws/install/zed_interfaces/local/lib/python3.10/dist-packages/zed_interfaces/zed_interfaces_s__rosidl_typesupport_fastrtps_c.cpython-310-aarch64-linux-gnu.so
[2.224s] -- Up-to-date symlink: /home/mae-emrl3172/ros2_ws/install/zed_interfaces/local/lib/python3.10/dist-packages/zed_interfaces/zed_interfaces_s__rosidl_typesupport_introspection_c.cpython-310-aarch64-linux-gnu.so
[2.224s] -- Up-to-date symlink: /home/mae-emrl3172/ros2_ws/install/zed_interfaces/local/lib/python3.10/dist-packages/zed_interfaces/zed_interfaces_s__rosidl_typesupport_fastrtps_c.cpython-310-aarch64-linux-gnu.so
[2.225s] -- Up-to-date symlink: /home/mae-emrl3172/ros2_ws/install/zed_interfaces/local/lib/python3.10/dist-packages/zed_interfaces/zed_interfaces_s__rosidl_typesupport_introspection_c.cpython-310-aarch64-linux-gnu.so
[2.226s] -- Up-to-date symlink: /home/mae-emrl3172/ros2_ws/install/zed_interfaces/local/lib/python3.10/dist-packages/zed_interfaces/zed_interfaces_s__rosidl_typesupport_c.cpython-310-aarch64-linux-gnu.so
[2.227s] -- Up-to-date symlink: /home/mae-emrl3172/ros2_ws/install/zed_interfaces/share/zed_interfaces/msg/Object.idl
[2.228s] -- Up-to-date symlink: /home/mae-emrl3172/ros2_ws/install/zed_interfaces/share/zed_interfaces/msg/ObjectsStamped.idl
[2.229s] -- Up-to-date symlink: /home/mae-emrl3172/ros2_ws/install/zed_interfaces/share/zed_interfaces/msg/Keypoint2Di.idl
[2.229s] -- Up-to-date symlink: /home/mae-emrl3172/ros2_ws/install/zed_interfaces/share/zed_interfaces/msg/Keypoint2Df.idl
[2.229s] -- Up-to-date symlink: /home/mae-emrl3172/ros2_ws/install/zed_interfaces/share/zed_interfaces/msg/Keypoint3D.idl
[2.230s] -- Up-to-date symlink: /home/mae-emrl3172/ros2_ws/install/zed_interfaces/share/zed_interfaces/msg/BoundingBox2Di.idl
[2.230s] -- Up-to-date symlink: /home/mae-emrl3172/ros2_ws/install/zed_interfaces/share/zed_interfaces/msg/BoundingBox2Df.idl
[2.231s] -- Up-to-date symlink: /home/mae-emrl3172/ros2_ws/install/zed_interfaces/share/zed_interfaces/msg/BoundingBox3D.idl
[2.232s] -- Up-to-date symlink: /home/mae-emrl3172/ros2_ws/install/zed_interfaces/share/zed_interfaces/msg/Skeleton2D.idl
[2.232s] -- Up-to-date symlink: /home/mae-emrl3172/ros2_ws/install/zed_interfaces/share/zed_interfaces/msg/Skeleton3D.idl
[2.233s] -- Up-to-date symlink: /home/mae-emrl3172/ros2_ws/install/zed_interfaces/share/zed_interfaces/msg/DepthInfoStamped.idl
[2.233s] -- Up-to-date symlink: /home/mae-emrl3172/ros2_ws/install/zed_interfaces/share/zed_interfaces/msg/PlaneStamped.idl
[2.234s] -- Up-to-date symlink: /home/mae-emrl3172/ros2_ws/install/zed_interfaces/share/zed_interfaces/msg/PosTrackStatus.idl
[2.236s] -- Up-to-date symlink: /home/mae-emrl3172/ros2_ws/install/zed_interfaces/share/zed_interfaces/msg/GnssFusionStatus.idl
[2.236s] -- Up-to-date symlink: /home/mae-emrl3172/ros2_ws/install/zed_interfaces/share/zed_interfaces/msg/Heartbeat.idl
[2.239s] -- Up-to-date symlink: /home/mae-emrl3172/ros2_ws/install/zed_interfaces/share/zed_interfaces/msg/MagHeadingStatus.idl
[2.240s] -- Up-to-date symlink: /home/mae-emrl3172/ros2_ws/install/zed_interfaces/share/zed_interfaces/srv/SetPose.idl
[2.240s] -- Up-to-date symlink: /home/mae-emrl3172/ros2_ws/install/zed_interfaces/share/zed_interfaces/srv/StartSvoRec.idl
[2.240s] -- Up-to-date symlink: /home/mae-emrl3172/ros2_ws/install/zed_interfaces/share/zed_interfaces/srv/SetROI.idl
[2.240s] -- Up-to-date symlink: /home/mae-emrl3172/ros2_ws/install/zed_interfaces/share/zed_interfaces/msg/Object.msg
[2.240s] -- Up-to-date symlink: /home/mae-emrl3172/ros2_ws/install/zed_interfaces/share/zed_interfaces/msg/ObjectsStamped.msg
[2.241s] -- Up-to-date symlink: /home/mae-emrl3172/ros2_ws/install/zed_interfaces/share/zed_interfaces/msg/Keypoint2Di.msg
[2.241s] -- Up-to-date symlink: /home/mae-emrl3172/ros2_ws/install/zed_interfaces/share/zed_interfaces/msg/Keypoint2Df.msg
[2.242s] -- Up-to-date symlink: /home/mae-emrl3172/ros2_ws/install/zed_interfaces/share/zed_interfaces/msg/Keypoint3D.msg
[2.242s] -- Up-to-date symlink: /home/mae-emrl3172/ros2_ws/install/zed_interfaces/share/zed_interfaces/msg/BoundingBox2Di.msg
[2.244s] -- Up-to-date symlink: /home/mae-emrl3172/ros2_ws/install/zed_interfaces/share/zed_interfaces/msg/BoundingBox2Df.msg
[2.244s] -- Up-to-date symlink: /home/mae-emrl3172/ros2_ws/install/zed_interfaces/share/zed_interfaces/msg/BoundingBox3D.msg
[2.244s] -- Up-to-date symlink: /home/mae-emrl3172/ros2_ws/install/zed_interfaces/share/zed_interfaces/msg/Skeleton2D.msg
[2.245s] -- Up-to-date symlink: /home/mae-emrl3172/ros2_ws/install/zed_interfaces/share/zed_interfaces/msg/Skeleton3D.msg
[2.245s] -- Up-to-date symlink: /home/mae-emrl3172/ros2_ws/install/zed_interfaces/share/zed_interfaces/msg/DepthInfoStamped.msg
[2.247s] -- Up-to-date symlink: /home/mae-emrl3172/ros2_ws/install/zed_interfaces/share/zed_interfaces/msg/PlaneStamped.msg
[2.247s] -- Up-to-date symlink: /home/mae-emrl3172/ros2_ws/install/zed_interfaces/share/zed_interfaces/msg/PosTrackStatus.msg
[2.248s] -- Up-to-date symlink: /home/mae-emrl3172/ros2_ws/install/zed_interfaces/share/zed_interfaces/msg/GnssFusionStatus.msg
[2.249s] -- Up-to-date symlink: /home/mae-emrl3172/ros2_ws/install/zed_interfaces/share/zed_interfaces/msg/Heartbeat.msg
[2.249s] -- Up-to-date symlink: /home/mae-emrl3172/ros2_ws/install/zed_interfaces/share/zed_interfaces/msg/MagHeadingStatus.msg
[2.250s] -- Up-to-date symlink: /home/mae-emrl3172/ros2_ws/install/zed_interfaces/share/zed_interfaces/srv/SetPose.srv
[2.251s] -- Up-to-date symlink: /home/mae-emrl3172/ros2_ws/install/zed_interfaces/share/zed_interfaces/srv/SetPose_Request.msg
[2.252s] -- Up-to-date symlink: /home/mae-emrl3172/ros2_ws/install/zed_interfaces/share/zed_interfaces/srv/SetPose_Response.msg
[2.252s] -- Up-to-date symlink: /home/mae-emrl3172/ros2_ws/install/zed_interfaces/share/zed_interfaces/srv/StartSvoRec.srv
[2.252s] -- Up-to-date symlink: /home/mae-emrl3172/ros2_ws/install/zed_interfaces/share/zed_interfaces/srv/StartSvoRec_Request.msg
[2.253s] -- Up-to-date symlink: /home/mae-emrl3172/ros2_ws/install/zed_interfaces/share/zed_interfaces/srv/StartSvoRec_Response.msg
[2.254s] -- Up-to-date symlink: /home/mae-emrl3172/ros2_ws/install/zed_interfaces/share/zed_interfaces/srv/SetROI.srv
[2.254s] -- Up-to-date symlink: /home/mae-emrl3172/ros2_ws/install/zed_interfaces/share/zed_interfaces/srv/SetROI_Request.msg
[2.255s] -- Up-to-date symlink: /home/mae-emrl3172/ros2_ws/install/zed_interfaces/share/zed_interfaces/srv/SetROI_Response.msg
[2.257s] -- Up-to-date symlink: /home/mae-emrl3172/ros2_ws/install/zed_interfaces/share/zed_interfaces/meshes/virtual.stl
[2.257s] -- Up-to-date symlink: /home/mae-emrl3172/ros2_ws/install/zed_interfaces/share/zed_interfaces/meshes/zed.stl
[2.258s] -- Up-to-date symlink: /home/mae-emrl3172/ros2_ws/install/zed_interfaces/share/zed_interfaces/meshes/zed2.stl
[2.259s] -- Up-to-date symlink: /home/mae-emrl3172/ros2_ws/install/zed_interfaces/share/zed_interfaces/meshes/zed2i.stl
[2.259s] -- Up-to-date symlink: /home/mae-emrl3172/ros2_ws/install/zed_interfaces/share/zed_interfaces/meshes/zedm.stl
[2.260s] -- Up-to-date symlink: /home/mae-emrl3172/ros2_ws/install/zed_interfaces/share/zed_interfaces/meshes/zedx.stl
[2.260s] -- Up-to-date symlink: /home/mae-emrl3172/ros2_ws/install/zed_interfaces/share/zed_interfaces/meshes/zedxm.stl
[2.261s] -- Up-to-date symlink: /home/mae-emrl3172/ros2_ws/install/zed_interfaces/share/ament_index/resource_index/package_run_dependencies/zed_interfaces
[2.262s] -- Up-to-date symlink: /home/mae-emrl3172/ros2_ws/install/zed_interfaces/share/ament_index/resource_index/parent_prefix_path/zed_interfaces
[2.262s] -- Up-to-date symlink: /home/mae-emrl3172/ros2_ws/install/zed_interfaces/share/zed_interfaces/environment/ament_prefix_path.sh
[2.263s] -- Up-to-date symlink: /home/mae-emrl3172/ros2_ws/install/zed_interfaces/share/zed_interfaces/environment/ament_prefix_path.dsv
[2.264s] -- Up-to-date symlink: /home/mae-emrl3172/ros2_ws/install/zed_interfaces/share/zed_interfaces/environment/path.sh
[2.265s] -- Up-to-date symlink: /home/mae-emrl3172/ros2_ws/install/zed_interfaces/share/zed_interfaces/environment/path.dsv
[2.265s] -- Up-to-date symlink: /home/mae-emrl3172/ros2_ws/install/zed_interfaces/share/zed_interfaces/local_setup.bash
[2.266s] -- Up-to-date symlink: /home/mae-emrl3172/ros2_ws/install/zed_interfaces/share/zed_interfaces/local_setup.sh
[2.266s] -- Up-to-date symlink: /home/mae-emrl3172/ros2_ws/install/zed_interfaces/share/zed_interfaces/local_setup.zsh
[2.267s] -- Up-to-date symlink: /home/mae-emrl3172/ros2_ws/install/zed_interfaces/share/zed_interfaces/local_setup.dsv
[2.267s] -- Symlinking: /home/mae-emrl3172/ros2_ws/install/zed_interfaces/share/zed_interfaces/package.dsv
[2.290s] -- Up-to-date symlink: /home/mae-emrl3172/ros2_ws/install/zed_interfaces/share/ament_index/resource_index/packages/zed_interfaces
[2.291s] -- Up-to-date symlink: /home/mae-emrl3172/ros2_ws/install/zed_interfaces/share/zed_interfaces/cmake/rosidl_cmake-extras.cmake
[2.291s] -- Up-to-date symlink: /home/mae-emrl3172/ros2_ws/install/zed_interfaces/share/zed_interfaces/cmake/ament_cmake_export_dependencies-extras.cmake
[2.292s] -- Up-to-date symlink: /home/mae-emrl3172/ros2_ws/install/zed_interfaces/share/zed_interfaces/cmake/ament_cmake_export_include_directories-extras.cmake
[2.293s] -- Up-to-date symlink: /home/mae-emrl3172/ros2_ws/install/zed_interfaces/share/zed_interfaces/cmake/ament_cmake_export_libraries-extras.cmake
[2.293s] -- Up-to-date symlink: /home/mae-emrl3172/ros2_ws/install/zed_interfaces/share/zed_interfaces/cmake/ament_cmake_export_targets-extras.cmake
[2.294s] -- Up-to-date symlink: /home/mae-emrl3172/ros2_ws/install/zed_interfaces/share/zed_interfaces/cmake/rosidl_cmake_export_typesupport_targets-extras.cmake
[2.295s] -- Up-to-date symlink: /home/mae-emrl3172/ros2_ws/install/zed_interfaces/share/zed_interfaces/cmake/rosidl_cmake_export_typesupport_libraries-extras.cmake
[2.295s] -- Up-to-date symlink: /home/mae-emrl3172/ros2_ws/install/zed_interfaces/share/zed_interfaces/cmake/zed_interfacesConfig.cmake
[2.296s] -- Up-to-date symlink: /home/mae-emrl3172/ros2_ws/install/zed_interfaces/share/zed_interfaces/cmake/zed_interfacesConfig-version.cmake
[2.296s] -- Up-to-date symlink: /home/mae-emrl3172/ros2_ws/install/zed_interfaces/share/zed_interfaces/package.xml
[2.299s] -- Up-to-date: /home/mae-emrl3172/ros2_ws/install/zed_interfaces/lib/libzed_interfaces__rosidl_generator_c.so
[2.301s] -- Up-to-date: /home/mae-emrl3172/ros2_ws/install/zed_interfaces/lib/libzed_interfaces__rosidl_typesupport_fastrtps_c.so
[2.304s] -- Up-to-date: /home/mae-emrl3172/ros2_ws/install/zed_interfaces/lib/libzed_interfaces__rosidl_typesupport_fastrtps_cpp.so
[2.307s] -- Up-to-date: /home/mae-emrl3172/ros2_ws/install/zed_interfaces/lib/libzed_interfaces__rosidl_typesupport_introspection_c.so
[2.310s] -- Up-to-date: /home/mae-emrl3172/ros2_ws/install/zed_interfaces/lib/libzed_interfaces__rosidl_typesupport_c.so
[2.311s] -- Up-to-date: /home/mae-emrl3172/ros2_ws/install/zed_interfaces/lib/libzed_interfaces__rosidl_typesupport_introspection_cpp.so
[2.314s] -- Up-to-date: /home/mae-emrl3172/ros2_ws/install/zed_interfaces/lib/libzed_interfaces__rosidl_typesupport_cpp.so
[2.417s] Listing '/home/mae-emrl3172/ros2_ws/install/zed_interfaces/local/lib/python3.10/dist-packages/zed_interfaces'...
[2.417s] Listing '/home/mae-emrl3172/ros2_ws/install/zed_interfaces/local/lib/python3.10/dist-packages/zed_interfaces/msg'...
[2.417s] Listing '/home/mae-emrl3172/ros2_ws/install/zed_interfaces/local/lib/python3.10/dist-packages/zed_interfaces/srv'...
[2.433s] -- Up-to-date: /home/mae-emrl3172/ros2_ws/install/zed_interfaces/lib/libzed_interfaces__rosidl_generator_py.so
[2.436s] -- Up-to-date: /home/mae-emrl3172/ros2_ws/install/zed_interfaces/share/zed_interfaces/cmake/export_zed_interfaces__rosidl_generator_cExport.cmake
[2.437s] -- Up-to-date: /home/mae-emrl3172/ros2_ws/install/zed_interfaces/share/zed_interfaces/cmake/export_zed_interfaces__rosidl_generator_cExport-release.cmake
[2.439s] -- Up-to-date: /home/mae-emrl3172/ros2_ws/install/zed_interfaces/share/zed_interfaces/cmake/export_zed_interfaces__rosidl_typesupport_fastrtps_cExport.cmake
[2.439s] -- Up-to-date: /home/mae-emrl3172/ros2_ws/install/zed_interfaces/share/zed_interfaces/cmake/export_zed_interfaces__rosidl_typesupport_fastrtps_cExport-release.cmake
[2.440s] -- Up-to-date: /home/mae-emrl3172/ros2_ws/install/zed_interfaces/share/zed_interfaces/cmake/export_zed_interfaces__rosidl_generator_cppExport.cmake
[2.440s] -- Up-to-date: /home/mae-emrl3172/ros2_ws/install/zed_interfaces/share/zed_interfaces/cmake/export_zed_interfaces__rosidl_typesupport_fastrtps_cppExport.cmake
[2.441s] -- Up-to-date: /home/mae-emrl3172/ros2_ws/install/zed_interfaces/share/zed_interfaces/cmake/export_zed_interfaces__rosidl_typesupport_fastrtps_cppExport-release.cmake
[2.442s] -- Up-to-date: /home/mae-emrl3172/ros2_ws/install/zed_interfaces/share/zed_interfaces/cmake/zed_interfaces__rosidl_typesupport_introspection_cExport.cmake
[2.442s] -- Up-to-date: /home/mae-emrl3172/ros2_ws/install/zed_interfaces/share/zed_interfaces/cmake/zed_interfaces__rosidl_typesupport_introspection_cExport-release.cmake
[2.443s] -- Up-to-date: /home/mae-emrl3172/ros2_ws/install/zed_interfaces/share/zed_interfaces/cmake/zed_interfaces__rosidl_typesupport_cExport.cmake
[2.444s] -- Up-to-date: /home/mae-emrl3172/ros2_ws/install/zed_interfaces/share/zed_interfaces/cmake/zed_interfaces__rosidl_typesupport_cExport-release.cmake
[2.445s] -- Up-to-date: /home/mae-emrl3172/ros2_ws/install/zed_interfaces/share/zed_interfaces/cmake/zed_interfaces__rosidl_typesupport_introspection_cppExport.cmake
[2.445s] -- Up-to-date: /home/mae-emrl3172/ros2_ws/install/zed_interfaces/share/zed_interfaces/cmake/zed_interfaces__rosidl_typesupport_introspection_cppExport-release.cmake
[2.446s] -- Up-to-date: /home/mae-emrl3172/ros2_ws/install/zed_interfaces/share/zed_interfaces/cmake/zed_interfaces__rosidl_typesupport_cppExport.cmake
[2.447s] -- Up-to-date: /home/mae-emrl3172/ros2_ws/install/zed_interfaces/share/zed_interfaces/cmake/zed_interfaces__rosidl_typesupport_cppExport-release.cmake
[2.448s] -- Up-to-date: /home/mae-emrl3172/ros2_ws/install/zed_interfaces/share/zed_interfaces/cmake/export_zed_interfaces__rosidl_generator_pyExport.cmake
[2.448s] -- Up-to-date: /home/mae-emrl3172/ros2_ws/install/zed_interfaces/share/zed_interfaces/cmake/export_zed_interfaces__rosidl_generator_pyExport-release.cmake
[2.456s] Invoked command in '/home/mae-emrl3172/ros2_ws/build/zed_interfaces' returned '0': CMAKE_PREFIX_PATH=${CMAKE_PREFIX_PATH}:/home/mae-emrl3172/ros2_ws/install/sUAV:/opt/ros/humble /usr/bin/cmake --install /home/mae-emrl3172/ros2_ws/build/zed_interfaces
