[0.018s] Invoking command in '/home/mae-emrl3172/ros2_ws/build/zed_components': AMENT_PREFIX_PATH=/home/mae-emrl3172/ros2_ws/install/zed_interfaces:${AMENT_PREFIX_PATH} CMAKE_PREFIX_PATH=/home/mae-emrl3172/ros2_ws/install/zed_interfaces:/opt/ros/humble LD_LIBRARY_PATH=/home/mae-emrl3172/ros2_ws/install/zed_interfaces/lib:/opt/ros/humble/opt/rviz_ogre_vendor/lib:/opt/ros/humble/lib/aarch64-linux-gnu:/opt/ros/humble/lib:/usr/local/cuda-12.2/lib64 PYTHONPATH=/home/mae-emrl3172/ros2_ws/install/zed_interfaces/local/lib/python3.10/dist-packages:${PYTHONPATH} /usr/bin/cmake /home/mae-emrl3172/ros2_ws/src/zed-ros2-wrapper/zed_components -DCMAKE_BUILD_TYPE=Release -DAMENT_CMAKE_SYMLINK_INSTALL=1 -DCMAKE_INSTALL_PREFIX=/home/mae-emrl3172/ros2_ws/install/zed_components
[0.140s] -- The C compiler identification is GNU 11.4.0
[0.268s] -- The CXX compiler identification is GNU 11.4.0
[0.291s] -- Detecting C compiler ABI info
[0.459s] -- Detecting C compiler ABI info - done
[0.474s] -- Check for working C compiler: /usr/bin/cc - skipped
[0.475s] -- Detecting C compile features
[0.477s] -- Detecting C compile features - done
[0.486s] -- Detecting CXX compiler ABI info
[0.659s] -- Detecting CXX compiler ABI info - done
[0.677s] -- Check for working CXX compiler: /usr/bin/c++ - skipped
[0.677s] -- Detecting CXX compile features
[0.678s] -- Detecting CXX compile features - done
[0.709s] [31mCMake Error at CMakeLists.txt:81 (find_package):
[0.709s]   By not providing "FindZED.cmake" in CMAKE_MODULE_PATH this project has
[0.710s]   asked CMake to find a package configuration file provided by "ZED", but
[0.710s]   CMake did not find one.
[0.710s] 
[0.710s]   Could not find a package configuration file provided by "ZED" with any of
[0.711s]   the following names:
[0.711s] 
[0.711s]     ZEDConfig.cmake
[0.711s]     zed-config.cmake
[0.711s] 
[0.712s]   Add the installation prefix of "ZED" to CMAKE_PREFIX_PATH or set "ZED_DIR"
[0.712s]   to a directory containing one of the above files.  If "ZED" provides a
[0.712s]   separate development package or SDK, be sure it has been installed.
[0.712s] 
[0.712s] [0m
[0.713s] -- Configuring incomplete, errors occurred!
[0.713s] See also "/home/mae-emrl3172/ros2_ws/build/zed_components/CMakeFiles/CMakeOutput.log".
[0.720s] Invoked command in '/home/mae-emrl3172/ros2_ws/build/zed_components' returned '1': AMENT_PREFIX_PATH=/home/mae-emrl3172/ros2_ws/install/zed_interfaces:${AMENT_PREFIX_PATH} CMAKE_PREFIX_PATH=/home/mae-emrl3172/ros2_ws/install/zed_interfaces:/opt/ros/humble LD_LIBRARY_PATH=/home/mae-emrl3172/ros2_ws/install/zed_interfaces/lib:/opt/ros/humble/opt/rviz_ogre_vendor/lib:/opt/ros/humble/lib/aarch64-linux-gnu:/opt/ros/humble/lib:/usr/local/cuda-12.2/lib64 PYTHONPATH=/home/mae-emrl3172/ros2_ws/install/zed_interfaces/local/lib/python3.10/dist-packages:${PYTHONPATH} /usr/bin/cmake /home/mae-emrl3172/ros2_ws/src/zed-ros2-wrapper/zed_components -DCMAKE_BUILD_TYPE=Release -DAMENT_CMAKE_SYMLINK_INSTALL=1 -DCMAKE_INSTALL_PREFIX=/home/mae-emrl3172/ros2_ws/install/zed_components
