[0.022s] Invoking command in '/home/mae-emrl3172/ros2_ws/build/zed_components': CMAKE_PREFIX_PATH=${CMAKE_PREFIX_PATH}:/home/mae-emrl3172/ros2_ws/install/sUAV:/opt/ros/humble LD_LIBRARY_PATH=/home/mae-emrl3172/ros2_ws/install/zed_interfaces/lib:/opt/ros/humble/opt/rviz_ogre_vendor/lib:/opt/ros/humble/lib/aarch64-linux-gnu:/opt/ros/humble/lib:/usr/local/cuda-12.2/lib64 /usr/bin/cmake /home/mae-emrl3172/ros2_ws/src/zed-ros2-wrapper/zed_components -DCMAKE_INSTALL_PREFIX=/home/mae-emrl3172/ros2_ws/install/zed_components
[0.127s] -- Found CUDA: /usr/local/cuda-12.2 (found suitable version "12.2", minimum required is "12.2") 
[0.172s] -- Found CUDA: /usr/local/cuda-12.2 (found version "12.2") 
[0.173s] -- Found ament_cmake_auto: 1.3.8 (/opt/ros/humble/share/ament_cmake_auto/cmake)
[0.481s] -- Override CMake install command with custom implementation using symlinks instead of copying resources
[0.704s] -- Found rosidl_generator_c: 3.1.5 (/opt/ros/humble/share/rosidl_generator_c/cmake)
[0.710s] -- Found rosidl_adapter: 3.1.5 (/opt/ros/humble/share/rosidl_adapter/cmake)
[0.723s] -- Found rosidl_generator_cpp: 3.1.5 (/opt/ros/humble/share/rosidl_generator_cpp/cmake)
[0.745s] -- Using all available rosidl_typesupport_c: rosidl_typesupport_fastrtps_c;rosidl_typesupport_introspection_c
[0.776s] -- Using all available rosidl_typesupport_cpp: rosidl_typesupport_fastrtps_cpp;rosidl_typesupport_introspection_cpp
[1.322s] -- Found rmw_implementation_cmake: 6.1.1 (/opt/ros/humble/share/rmw_implementation_cmake/cmake)
[1.324s] -- Found rmw_fastrtps_cpp: 6.2.6 (/opt/ros/humble/share/rmw_fastrtps_cpp/cmake)
[1.552s] -- Using RMW implementation 'rmw_fastrtps_cpp' as default
[3.223s] -- Found eigen3_cmake_module: 0.1.1 (/opt/ros/humble/share/eigen3_cmake_module/cmake)
[3.226s] -- Ensuring Eigen3 include directory is part of orocos-kdl CMake target
[3.925s] -- Found ament_lint_auto: 0.12.10 (/opt/ros/humble/share/ament_lint_auto/cmake)
[3.961s] -- Added test 'copyright' to check source files copyright and LICENSE
[3.964s] -- Added test 'cppcheck' to perform static code analysis on C / C++ code
[3.964s] -- Configured cppcheck include dirs: /home/mae-emrl3172/ros2_ws/src/zed-ros2-wrapper/zed_components/src/include;/home/mae-emrl3172/ros2_ws/src/zed-ros2-wrapper/zed_components/src/zed_camera/include;/home/mae-emrl3172/ros2_ws/src/zed-ros2-wrapper/zed_components/src/tools/include
[3.964s] -- Configured cppcheck exclude dirs and/or files: 
[3.965s] -- Added test 'lint_cmake' to check CMake code style
[3.968s] -- Added test 'uncrustify' to check C / C++ code style
[3.968s] -- Configured uncrustify additional arguments: 
[3.969s] -- Added test 'xmllint' to check XML markup files
[3.974s] -- Configuring done
[4.023s] -- Generating done
[4.029s] -- Build files have been written to: /home/mae-emrl3172/ros2_ws/build/zed_components
[4.064s] Invoked command in '/home/mae-emrl3172/ros2_ws/build/zed_components' returned '0': CMAKE_PREFIX_PATH=${CMAKE_PREFIX_PATH}:/home/mae-emrl3172/ros2_ws/install/sUAV:/opt/ros/humble LD_LIBRARY_PATH=/home/mae-emrl3172/ros2_ws/install/zed_interfaces/lib:/opt/ros/humble/opt/rviz_ogre_vendor/lib:/opt/ros/humble/lib/aarch64-linux-gnu:/opt/ros/humble/lib:/usr/local/cuda-12.2/lib64 /usr/bin/cmake /home/mae-emrl3172/ros2_ws/src/zed-ros2-wrapper/zed_components -DCMAKE_INSTALL_PREFIX=/home/mae-emrl3172/ros2_ws/install/zed_components
[4.067s] Invoking command in '/home/mae-emrl3172/ros2_ws/build/zed_components': CMAKE_PREFIX_PATH=${CMAKE_PREFIX_PATH}:/home/mae-emrl3172/ros2_ws/install/sUAV:/opt/ros/humble LD_LIBRARY_PATH=/home/mae-emrl3172/ros2_ws/install/zed_interfaces/lib:/opt/ros/humble/opt/rviz_ogre_vendor/lib:/opt/ros/humble/lib/aarch64-linux-gnu:/opt/ros/humble/lib:/usr/local/cuda-12.2/lib64 /usr/bin/cmake --build /home/mae-emrl3172/ros2_ws/build/zed_components -- -j6 -l6
[4.178s] [35m[1mConsolidate compiler generated dependencies of target zed_camera_component[0m
[4.240s] [100%] Built target zed_camera_component
[4.271s] Invoked command in '/home/mae-emrl3172/ros2_ws/build/zed_components' returned '0': CMAKE_PREFIX_PATH=${CMAKE_PREFIX_PATH}:/home/mae-emrl3172/ros2_ws/install/sUAV:/opt/ros/humble LD_LIBRARY_PATH=/home/mae-emrl3172/ros2_ws/install/zed_interfaces/lib:/opt/ros/humble/opt/rviz_ogre_vendor/lib:/opt/ros/humble/lib/aarch64-linux-gnu:/opt/ros/humble/lib:/usr/local/cuda-12.2/lib64 /usr/bin/cmake --build /home/mae-emrl3172/ros2_ws/build/zed_components -- -j6 -l6
[4.343s] Invoking command in '/home/mae-emrl3172/ros2_ws/build/zed_components': CMAKE_PREFIX_PATH=${CMAKE_PREFIX_PATH}:/home/mae-emrl3172/ros2_ws/install/sUAV:/opt/ros/humble LD_LIBRARY_PATH=/home/mae-emrl3172/ros2_ws/install/zed_interfaces/lib:/opt/ros/humble/opt/rviz_ogre_vendor/lib:/opt/ros/humble/lib/aarch64-linux-gnu:/opt/ros/humble/lib:/usr/local/cuda-12.2/lib64 /usr/bin/cmake --install /home/mae-emrl3172/ros2_ws/build/zed_components
[4.366s] -- Install configuration: "Release"
[4.367s] -- Execute custom install script
[4.367s] -- Up-to-date symlink: /home/mae-emrl3172/ros2_ws/install/zed_components/lib/libzed_camera_component.so
[4.368s] -- Up-to-date symlink: /home/mae-emrl3172/ros2_ws/install/zed_components/include/zed_components//cost_traversability.hpp
[4.369s] -- Up-to-date symlink: /home/mae-emrl3172/ros2_ws/install/zed_components/include/zed_components//sl_types.hpp
[4.369s] -- Up-to-date symlink: /home/mae-emrl3172/ros2_ws/install/zed_components/include/zed_components//zed_camera_component.hpp
[4.369s] -- Up-to-date symlink: /home/mae-emrl3172/ros2_ws/install/zed_components/include/zed_components//gnss_replay.hpp
[4.369s] -- Up-to-date symlink: /home/mae-emrl3172/ros2_ws/install/zed_components/include/zed_components//json.hpp
[4.370s] -- Up-to-date symlink: /home/mae-emrl3172/ros2_ws/install/zed_components/include/zed_components//sl_logging.hpp
[4.370s] -- Up-to-date symlink: /home/mae-emrl3172/ros2_ws/install/zed_components/include/zed_components//sl_tools.hpp
[4.371s] -- Up-to-date symlink: /home/mae-emrl3172/ros2_ws/install/zed_components/include/zed_components//sl_win_avg.hpp
[4.371s] -- Up-to-date symlink: /home/mae-emrl3172/ros2_ws/install/zed_components/include/zed_components//visibility_control.hpp
[4.372s] -- Up-to-date symlink: /home/mae-emrl3172/ros2_ws/install/zed_components/share/zed_components/environment/library_path.sh
[4.372s] -- Up-to-date symlink: /home/mae-emrl3172/ros2_ws/install/zed_components/share/zed_components/environment/library_path.dsv
[4.373s] -- Up-to-date symlink: /home/mae-emrl3172/ros2_ws/install/zed_components/share/ament_index/resource_index/package_run_dependencies/zed_components
[4.373s] -- Up-to-date symlink: /home/mae-emrl3172/ros2_ws/install/zed_components/share/ament_index/resource_index/parent_prefix_path/zed_components
[4.373s] -- Up-to-date symlink: /home/mae-emrl3172/ros2_ws/install/zed_components/share/zed_components/environment/ament_prefix_path.sh
[4.374s] -- Up-to-date symlink: /home/mae-emrl3172/ros2_ws/install/zed_components/share/zed_components/environment/ament_prefix_path.dsv
[4.374s] -- Up-to-date symlink: /home/mae-emrl3172/ros2_ws/install/zed_components/share/zed_components/environment/path.sh
[4.375s] -- Up-to-date symlink: /home/mae-emrl3172/ros2_ws/install/zed_components/share/zed_components/environment/path.dsv
[4.378s] -- Up-to-date symlink: /home/mae-emrl3172/ros2_ws/install/zed_components/share/zed_components/local_setup.bash
[4.378s] -- Up-to-date symlink: /home/mae-emrl3172/ros2_ws/install/zed_components/share/zed_components/local_setup.sh
[4.379s] -- Up-to-date symlink: /home/mae-emrl3172/ros2_ws/install/zed_components/share/zed_components/local_setup.zsh
[4.379s] -- Up-to-date symlink: /home/mae-emrl3172/ros2_ws/install/zed_components/share/zed_components/local_setup.dsv
[4.379s] -- Symlinking: /home/mae-emrl3172/ros2_ws/install/zed_components/share/zed_components/package.dsv
[4.398s] -- Up-to-date symlink: /home/mae-emrl3172/ros2_ws/install/zed_components/share/ament_index/resource_index/packages/zed_components
[4.399s] -- Up-to-date symlink: /home/mae-emrl3172/ros2_ws/install/zed_components/share/ament_index/resource_index/rclcpp_components/zed_components
[4.399s] -- Up-to-date symlink: /home/mae-emrl3172/ros2_ws/install/zed_components/share/zed_components/cmake/ament_cmake_export_include_directories-extras.cmake
[4.400s] -- Up-to-date symlink: /home/mae-emrl3172/ros2_ws/install/zed_components/share/zed_components/cmake/ament_cmake_export_libraries-extras.cmake
[4.400s] -- Up-to-date symlink: /home/mae-emrl3172/ros2_ws/install/zed_components/share/zed_components/cmake/ament_cmake_export_dependencies-extras.cmake
[4.401s] -- Up-to-date symlink: /home/mae-emrl3172/ros2_ws/install/zed_components/share/zed_components/cmake/zed_componentsConfig.cmake
[4.401s] -- Up-to-date symlink: /home/mae-emrl3172/ros2_ws/install/zed_components/share/zed_components/cmake/zed_componentsConfig-version.cmake
[4.402s] -- Up-to-date symlink: /home/mae-emrl3172/ros2_ws/install/zed_components/share/zed_components/package.xml
[4.407s] Invoked command in '/home/mae-emrl3172/ros2_ws/build/zed_components' returned '0': CMAKE_PREFIX_PATH=${CMAKE_PREFIX_PATH}:/home/mae-emrl3172/ros2_ws/install/sUAV:/opt/ros/humble LD_LIBRARY_PATH=/home/mae-emrl3172/ros2_ws/install/zed_interfaces/lib:/opt/ros/humble/opt/rviz_ogre_vendor/lib:/opt/ros/humble/lib/aarch64-linux-gnu:/opt/ros/humble/lib:/usr/local/cuda-12.2/lib64 /usr/bin/cmake --install /home/mae-emrl3172/ros2_ws/build/zed_components
