[0.622s] DEBUG:colcon:Command line arguments: ['/usr/bin/colcon', 'build', '--symlink-install', '--cmake-args=-DCMAKE_BUILD_TYPE=Release']
[0.623s] DEBUG:colcon:Parsed command line arguments: Namespace(log_base=None, log_level=None, verb_name='build', build_base='build', install_base='install', merge_install=False, symlink_install=True, test_result_base=None, continue_on_error=False, executor='parallel', parallel_workers=6, event_handlers=None, ignore_user_meta=False, metas=['./colcon.meta'], base_paths=['.'], packages_ignore=None, packages_ignore_regex=None, paths=None, packages_up_to=None, packages_up_to_regex=None, packages_above=None, packages_above_and_dependencies=None, packages_above_depth=None, packages_select_by_dep=None, packages_skip_by_dep=None, packages_skip_up_to=None, packages_select_build_failed=False, packages_skip_build_finished=False, packages_select_test_failures=False, packages_skip_test_passed=False, packages_select=None, packages_skip=None, packages_select_regex=None, packages_skip_regex=None, packages_start=None, packages_end=None, allow_overriding=[], cmake_args=['-DCMAKE_BUILD_TYPE=Release'], cmake_target=None, cmake_target_skip_unavailable=False, cmake_clean_cache=False, cmake_clean_first=False, cmake_force_configure=False, ament_cmake_args=None, catkin_cmake_args=None, catkin_skip_building_tests=False, mixin_files=None, mixin=None, verb_parser=<colcon_mixin.mixin.mixin_argument.MixinArgumentDecorator object at 0xffffa5f71960>, verb_extension=<colcon_core.verb.build.BuildVerb object at 0xffffa5f71420>, main=<bound method BuildVerb.main of <colcon_core.verb.build.BuildVerb object at 0xffffa5f71420>>, mixin_verb=('build',))
[1.238s] Level 1:colcon.colcon_core.package_discovery:discover_packages(colcon_meta) check parameters
[1.238s] Level 1:colcon.colcon_core.package_discovery:discover_packages(recursive) check parameters
[1.238s] Level 1:colcon.colcon_core.package_discovery:discover_packages(ignore) check parameters
[1.238s] Level 1:colcon.colcon_core.package_discovery:discover_packages(path) check parameters
[1.238s] Level 1:colcon.colcon_core.package_discovery:discover_packages(colcon_meta) discover
[1.238s] Level 1:colcon.colcon_core.package_discovery:discover_packages(recursive) discover
[1.239s] INFO:colcon.colcon_core.package_discovery:Crawling recursively for packages in '/home/mae-emrl3172/ros2_ws'
[1.239s] Level 1:colcon.colcon_core.package_identification:_identify(.) by extensions ['ignore', 'ignore_ament_install']
[1.239s] Level 1:colcon.colcon_core.package_identification:_identify(.) by extension 'ignore'
[1.239s] Level 1:colcon.colcon_core.package_identification:_identify(.) by extension 'ignore_ament_install'
[1.239s] Level 1:colcon.colcon_core.package_identification:_identify(.) by extensions ['colcon_pkg']
[1.240s] Level 1:colcon.colcon_core.package_identification:_identify(.) by extension 'colcon_pkg'
[1.240s] Level 1:colcon.colcon_core.package_identification:_identify(.) by extensions ['colcon_meta']
[1.240s] Level 1:colcon.colcon_core.package_identification:_identify(.) by extension 'colcon_meta'
[1.240s] Level 1:colcon.colcon_core.package_identification:_identify(.) by extensions ['ros']
[1.240s] Level 1:colcon.colcon_core.package_identification:_identify(.) by extension 'ros'
[1.262s] Level 1:colcon.colcon_core.package_identification:_identify(.) by extensions ['cmake', 'python']
[1.263s] Level 1:colcon.colcon_core.package_identification:_identify(.) by extension 'cmake'
[1.263s] Level 1:colcon.colcon_core.package_identification:_identify(.) by extension 'python'
[1.263s] Level 1:colcon.colcon_core.package_identification:_identify(.) by extensions ['python_setup_py']
[1.263s] Level 1:colcon.colcon_core.package_identification:_identify(.) by extension 'python_setup_py'
[1.263s] Level 1:colcon.colcon_core.package_identification:_identify(build) by extensions ['ignore', 'ignore_ament_install']
[1.263s] Level 1:colcon.colcon_core.package_identification:_identify(build) by extension 'ignore'
[1.264s] Level 1:colcon.colcon_core.package_identification:_identify(build) ignored
[1.264s] Level 1:colcon.colcon_core.package_identification:_identify(install) by extensions ['ignore', 'ignore_ament_install']
[1.264s] Level 1:colcon.colcon_core.package_identification:_identify(install) by extension 'ignore'
[1.264s] Level 1:colcon.colcon_core.package_identification:_identify(install) ignored
[1.264s] Level 1:colcon.colcon_core.package_identification:_identify(log) by extensions ['ignore', 'ignore_ament_install']
[1.265s] Level 1:colcon.colcon_core.package_identification:_identify(log) by extension 'ignore'
[1.265s] Level 1:colcon.colcon_core.package_identification:_identify(log) ignored
[1.265s] Level 1:colcon.colcon_core.package_identification:_identify(src) by extensions ['ignore', 'ignore_ament_install']
[1.265s] Level 1:colcon.colcon_core.package_identification:_identify(src) by extension 'ignore'
[1.265s] Level 1:colcon.colcon_core.package_identification:_identify(src) by extension 'ignore_ament_install'
[1.265s] Level 1:colcon.colcon_core.package_identification:_identify(src) by extensions ['colcon_pkg']
[1.265s] Level 1:colcon.colcon_core.package_identification:_identify(src) by extension 'colcon_pkg'
[1.265s] Level 1:colcon.colcon_core.package_identification:_identify(src) by extensions ['colcon_meta']
[1.266s] Level 1:colcon.colcon_core.package_identification:_identify(src) by extension 'colcon_meta'
[1.266s] Level 1:colcon.colcon_core.package_identification:_identify(src) by extensions ['ros']
[1.266s] Level 1:colcon.colcon_core.package_identification:_identify(src) by extension 'ros'
[1.266s] Level 1:colcon.colcon_core.package_identification:_identify(src) by extensions ['cmake', 'python']
[1.266s] Level 1:colcon.colcon_core.package_identification:_identify(src) by extension 'cmake'
[1.266s] Level 1:colcon.colcon_core.package_identification:_identify(src) by extension 'python'
[1.266s] Level 1:colcon.colcon_core.package_identification:_identify(src) by extensions ['python_setup_py']
[1.266s] Level 1:colcon.colcon_core.package_identification:_identify(src) by extension 'python_setup_py'
[1.266s] Level 1:colcon.colcon_core.package_identification:_identify(src/sUAV) by extensions ['ignore', 'ignore_ament_install']
[1.267s] Level 1:colcon.colcon_core.package_identification:_identify(src/sUAV) by extension 'ignore'
[1.267s] Level 1:colcon.colcon_core.package_identification:_identify(src/sUAV) by extension 'ignore_ament_install'
[1.267s] Level 1:colcon.colcon_core.package_identification:_identify(src/sUAV) by extensions ['colcon_pkg']
[1.267s] Level 1:colcon.colcon_core.package_identification:_identify(src/sUAV) by extension 'colcon_pkg'
[1.267s] Level 1:colcon.colcon_core.package_identification:_identify(src/sUAV) by extensions ['colcon_meta']
[1.267s] Level 1:colcon.colcon_core.package_identification:_identify(src/sUAV) by extension 'colcon_meta'
[1.267s] Level 1:colcon.colcon_core.package_identification:_identify(src/sUAV) by extensions ['ros']
[1.267s] Level 1:colcon.colcon_core.package_identification:_identify(src/sUAV) by extension 'ros'
[1.272s] DEBUG:colcon.colcon_core.package_identification:Package 'src/sUAV' with type 'ros.ament_python' and name 'sUAV'
[1.272s] Level 1:colcon.colcon_core.package_identification:_identify(src/zed-ros2-wrapper) by extensions ['ignore', 'ignore_ament_install']
[1.272s] Level 1:colcon.colcon_core.package_identification:_identify(src/zed-ros2-wrapper) by extension 'ignore'
[1.272s] Level 1:colcon.colcon_core.package_identification:_identify(src/zed-ros2-wrapper) by extension 'ignore_ament_install'
[1.273s] Level 1:colcon.colcon_core.package_identification:_identify(src/zed-ros2-wrapper) by extensions ['colcon_pkg']
[1.273s] Level 1:colcon.colcon_core.package_identification:_identify(src/zed-ros2-wrapper) by extension 'colcon_pkg'
[1.273s] Level 1:colcon.colcon_core.package_identification:_identify(src/zed-ros2-wrapper) by extensions ['colcon_meta']
[1.273s] Level 1:colcon.colcon_core.package_identification:_identify(src/zed-ros2-wrapper) by extension 'colcon_meta'
[1.273s] Level 1:colcon.colcon_core.package_identification:_identify(src/zed-ros2-wrapper) by extensions ['ros']
[1.273s] Level 1:colcon.colcon_core.package_identification:_identify(src/zed-ros2-wrapper) by extension 'ros'
[1.273s] Level 1:colcon.colcon_core.package_identification:_identify(src/zed-ros2-wrapper) by extensions ['cmake', 'python']
[1.273s] Level 1:colcon.colcon_core.package_identification:_identify(src/zed-ros2-wrapper) by extension 'cmake'
[1.273s] Level 1:colcon.colcon_core.package_identification:_identify(src/zed-ros2-wrapper) by extension 'python'
[1.274s] Level 1:colcon.colcon_core.package_identification:_identify(src/zed-ros2-wrapper) by extensions ['python_setup_py']
[1.274s] Level 1:colcon.colcon_core.package_identification:_identify(src/zed-ros2-wrapper) by extension 'python_setup_py'
[1.274s] Level 1:colcon.colcon_core.package_identification:_identify(src/zed-ros2-wrapper/docker) by extensions ['ignore', 'ignore_ament_install']
[1.274s] Level 1:colcon.colcon_core.package_identification:_identify(src/zed-ros2-wrapper/docker) by extension 'ignore'
[1.274s] Level 1:colcon.colcon_core.package_identification:_identify(src/zed-ros2-wrapper/docker) by extension 'ignore_ament_install'
[1.274s] Level 1:colcon.colcon_core.package_identification:_identify(src/zed-ros2-wrapper/docker) by extensions ['colcon_pkg']
[1.274s] Level 1:colcon.colcon_core.package_identification:_identify(src/zed-ros2-wrapper/docker) by extension 'colcon_pkg'
[1.274s] Level 1:colcon.colcon_core.package_identification:_identify(src/zed-ros2-wrapper/docker) by extensions ['colcon_meta']
[1.275s] Level 1:colcon.colcon_core.package_identification:_identify(src/zed-ros2-wrapper/docker) by extension 'colcon_meta'
[1.275s] Level 1:colcon.colcon_core.package_identification:_identify(src/zed-ros2-wrapper/docker) by extensions ['ros']
[1.275s] Level 1:colcon.colcon_core.package_identification:_identify(src/zed-ros2-wrapper/docker) by extension 'ros'
[1.275s] Level 1:colcon.colcon_core.package_identification:_identify(src/zed-ros2-wrapper/docker) by extensions ['cmake', 'python']
[1.275s] Level 1:colcon.colcon_core.package_identification:_identify(src/zed-ros2-wrapper/docker) by extension 'cmake'
[1.275s] Level 1:colcon.colcon_core.package_identification:_identify(src/zed-ros2-wrapper/docker) by extension 'python'
[1.275s] Level 1:colcon.colcon_core.package_identification:_identify(src/zed-ros2-wrapper/docker) by extensions ['python_setup_py']
[1.275s] Level 1:colcon.colcon_core.package_identification:_identify(src/zed-ros2-wrapper/docker) by extension 'python_setup_py'
[1.275s] Level 1:colcon.colcon_core.package_identification:_identify(src/zed-ros2-wrapper/images) by extensions ['ignore', 'ignore_ament_install']
[1.276s] Level 1:colcon.colcon_core.package_identification:_identify(src/zed-ros2-wrapper/images) by extension 'ignore'
[1.276s] Level 1:colcon.colcon_core.package_identification:_identify(src/zed-ros2-wrapper/images) by extension 'ignore_ament_install'
[1.276s] Level 1:colcon.colcon_core.package_identification:_identify(src/zed-ros2-wrapper/images) by extensions ['colcon_pkg']
[1.276s] Level 1:colcon.colcon_core.package_identification:_identify(src/zed-ros2-wrapper/images) by extension 'colcon_pkg'
[1.276s] Level 1:colcon.colcon_core.package_identification:_identify(src/zed-ros2-wrapper/images) by extensions ['colcon_meta']
[1.276s] Level 1:colcon.colcon_core.package_identification:_identify(src/zed-ros2-wrapper/images) by extension 'colcon_meta'
[1.276s] Level 1:colcon.colcon_core.package_identification:_identify(src/zed-ros2-wrapper/images) by extensions ['ros']
[1.276s] Level 1:colcon.colcon_core.package_identification:_identify(src/zed-ros2-wrapper/images) by extension 'ros'
[1.276s] Level 1:colcon.colcon_core.package_identification:_identify(src/zed-ros2-wrapper/images) by extensions ['cmake', 'python']
[1.277s] Level 1:colcon.colcon_core.package_identification:_identify(src/zed-ros2-wrapper/images) by extension 'cmake'
[1.277s] Level 1:colcon.colcon_core.package_identification:_identify(src/zed-ros2-wrapper/images) by extension 'python'
[1.277s] Level 1:colcon.colcon_core.package_identification:_identify(src/zed-ros2-wrapper/images) by extensions ['python_setup_py']
[1.277s] Level 1:colcon.colcon_core.package_identification:_identify(src/zed-ros2-wrapper/images) by extension 'python_setup_py'
[1.277s] Level 1:colcon.colcon_core.package_identification:_identify(src/zed-ros2-wrapper/zed-ros2-interfaces) by extensions ['ignore', 'ignore_ament_install']
[1.277s] Level 1:colcon.colcon_core.package_identification:_identify(src/zed-ros2-wrapper/zed-ros2-interfaces) by extension 'ignore'
[1.277s] Level 1:colcon.colcon_core.package_identification:_identify(src/zed-ros2-wrapper/zed-ros2-interfaces) by extension 'ignore_ament_install'
[1.277s] Level 1:colcon.colcon_core.package_identification:_identify(src/zed-ros2-wrapper/zed-ros2-interfaces) by extensions ['colcon_pkg']
[1.278s] Level 1:colcon.colcon_core.package_identification:_identify(src/zed-ros2-wrapper/zed-ros2-interfaces) by extension 'colcon_pkg'
[1.278s] Level 1:colcon.colcon_core.package_identification:_identify(src/zed-ros2-wrapper/zed-ros2-interfaces) by extensions ['colcon_meta']
[1.278s] Level 1:colcon.colcon_core.package_identification:_identify(src/zed-ros2-wrapper/zed-ros2-interfaces) by extension 'colcon_meta'
[1.278s] Level 1:colcon.colcon_core.package_identification:_identify(src/zed-ros2-wrapper/zed-ros2-interfaces) by extensions ['ros']
[1.278s] Level 1:colcon.colcon_core.package_identification:_identify(src/zed-ros2-wrapper/zed-ros2-interfaces) by extension 'ros'
[1.279s] DEBUG:colcon.colcon_core.package_identification:Package 'src/zed-ros2-wrapper/zed-ros2-interfaces' with type 'ros.ament_cmake' and name 'zed_interfaces'
[1.280s] Level 1:colcon.colcon_core.package_identification:_identify(src/zed-ros2-wrapper/zed_components) by extensions ['ignore', 'ignore_ament_install']
[1.280s] Level 1:colcon.colcon_core.package_identification:_identify(src/zed-ros2-wrapper/zed_components) by extension 'ignore'
[1.280s] Level 1:colcon.colcon_core.package_identification:_identify(src/zed-ros2-wrapper/zed_components) by extension 'ignore_ament_install'
[1.280s] Level 1:colcon.colcon_core.package_identification:_identify(src/zed-ros2-wrapper/zed_components) by extensions ['colcon_pkg']
[1.280s] Level 1:colcon.colcon_core.package_identification:_identify(src/zed-ros2-wrapper/zed_components) by extension 'colcon_pkg'
[1.280s] Level 1:colcon.colcon_core.package_identification:_identify(src/zed-ros2-wrapper/zed_components) by extensions ['colcon_meta']
[1.280s] Level 1:colcon.colcon_core.package_identification:_identify(src/zed-ros2-wrapper/zed_components) by extension 'colcon_meta'
[1.281s] Level 1:colcon.colcon_core.package_identification:_identify(src/zed-ros2-wrapper/zed_components) by extensions ['ros']
[1.281s] Level 1:colcon.colcon_core.package_identification:_identify(src/zed-ros2-wrapper/zed_components) by extension 'ros'
[1.283s] DEBUG:colcon.colcon_core.package_identification:Package 'src/zed-ros2-wrapper/zed_components' with type 'ros.ament_cmake' and name 'zed_components'
[1.283s] Level 1:colcon.colcon_core.package_identification:_identify(src/zed-ros2-wrapper/zed_ros2) by extensions ['ignore', 'ignore_ament_install']
[1.283s] Level 1:colcon.colcon_core.package_identification:_identify(src/zed-ros2-wrapper/zed_ros2) by extension 'ignore'
[1.283s] Level 1:colcon.colcon_core.package_identification:_identify(src/zed-ros2-wrapper/zed_ros2) by extension 'ignore_ament_install'
[1.283s] Level 1:colcon.colcon_core.package_identification:_identify(src/zed-ros2-wrapper/zed_ros2) by extensions ['colcon_pkg']
[1.283s] Level 1:colcon.colcon_core.package_identification:_identify(src/zed-ros2-wrapper/zed_ros2) by extension 'colcon_pkg'
[1.283s] Level 1:colcon.colcon_core.package_identification:_identify(src/zed-ros2-wrapper/zed_ros2) by extensions ['colcon_meta']
[1.284s] Level 1:colcon.colcon_core.package_identification:_identify(src/zed-ros2-wrapper/zed_ros2) by extension 'colcon_meta'
[1.284s] Level 1:colcon.colcon_core.package_identification:_identify(src/zed-ros2-wrapper/zed_ros2) by extensions ['ros']
[1.284s] Level 1:colcon.colcon_core.package_identification:_identify(src/zed-ros2-wrapper/zed_ros2) by extension 'ros'
[1.285s] DEBUG:colcon.colcon_core.package_identification:Package 'src/zed-ros2-wrapper/zed_ros2' with type 'ros.ament_cmake' and name 'zed_ros2'
[1.285s] Level 1:colcon.colcon_core.package_identification:_identify(src/zed-ros2-wrapper/zed_wrapper) by extensions ['ignore', 'ignore_ament_install']
[1.285s] Level 1:colcon.colcon_core.package_identification:_identify(src/zed-ros2-wrapper/zed_wrapper) by extension 'ignore'
[1.285s] Level 1:colcon.colcon_core.package_identification:_identify(src/zed-ros2-wrapper/zed_wrapper) by extension 'ignore_ament_install'
[1.286s] Level 1:colcon.colcon_core.package_identification:_identify(src/zed-ros2-wrapper/zed_wrapper) by extensions ['colcon_pkg']
[1.286s] Level 1:colcon.colcon_core.package_identification:_identify(src/zed-ros2-wrapper/zed_wrapper) by extension 'colcon_pkg'
[1.286s] Level 1:colcon.colcon_core.package_identification:_identify(src/zed-ros2-wrapper/zed_wrapper) by extensions ['colcon_meta']
[1.286s] Level 1:colcon.colcon_core.package_identification:_identify(src/zed-ros2-wrapper/zed_wrapper) by extension 'colcon_meta'
[1.286s] Level 1:colcon.colcon_core.package_identification:_identify(src/zed-ros2-wrapper/zed_wrapper) by extensions ['ros']
[1.286s] Level 1:colcon.colcon_core.package_identification:_identify(src/zed-ros2-wrapper/zed_wrapper) by extension 'ros'
[1.287s] DEBUG:colcon.colcon_core.package_identification:Package 'src/zed-ros2-wrapper/zed_wrapper' with type 'ros.ament_cmake' and name 'zed_wrapper'
[1.287s] Level 1:colcon.colcon_core.package_discovery:discover_packages(recursive) using defaults
[1.288s] Level 1:colcon.colcon_core.package_discovery:discover_packages(ignore) discover
[1.288s] Level 1:colcon.colcon_core.package_discovery:discover_packages(ignore) using defaults
[1.288s] Level 1:colcon.colcon_core.package_discovery:discover_packages(path) discover
[1.288s] Level 1:colcon.colcon_core.package_discovery:discover_packages(path) using defaults
[1.389s] Level 1:colcon.colcon_core.package_discovery:discover_packages(prefix_path) check parameters
[1.390s] Level 1:colcon.colcon_core.package_discovery:discover_packages(prefix_path) discover
[1.398s] DEBUG:colcon.colcon_installed_package_information.package_discovery:Found 275 installed packages in /opt/ros/humble
[1.401s] Level 1:colcon.colcon_core.package_discovery:discover_packages(prefix_path) using defaults
[1.479s] Level 5:colcon.colcon_core.verb:set package 'sUAV' build argument 'cmake_args' from command line to '['-DCMAKE_BUILD_TYPE=Release']'
[1.479s] Level 5:colcon.colcon_core.verb:set package 'sUAV' build argument 'cmake_target' from command line to 'None'
[1.479s] Level 5:colcon.colcon_core.verb:set package 'sUAV' build argument 'cmake_target_skip_unavailable' from command line to 'False'
[1.480s] Level 5:colcon.colcon_core.verb:set package 'sUAV' build argument 'cmake_clean_cache' from command line to 'False'
[1.480s] Level 5:colcon.colcon_core.verb:set package 'sUAV' build argument 'cmake_clean_first' from command line to 'False'
[1.480s] Level 5:colcon.colcon_core.verb:set package 'sUAV' build argument 'cmake_force_configure' from command line to 'False'
[1.480s] Level 5:colcon.colcon_core.verb:set package 'sUAV' build argument 'ament_cmake_args' from command line to 'None'
[1.480s] Level 5:colcon.colcon_core.verb:set package 'sUAV' build argument 'catkin_cmake_args' from command line to 'None'
[1.480s] Level 5:colcon.colcon_core.verb:set package 'sUAV' build argument 'catkin_skip_building_tests' from command line to 'False'
[1.480s] DEBUG:colcon.colcon_core.verb:Building package 'sUAV' with the following arguments: {'ament_cmake_args': None, 'build_base': '/home/mae-emrl3172/ros2_ws/build/sUAV', 'catkin_cmake_args': None, 'catkin_skip_building_tests': False, 'cmake_args': ['-DCMAKE_BUILD_TYPE=Release'], 'cmake_clean_cache': False, 'cmake_clean_first': False, 'cmake_force_configure': False, 'cmake_target': None, 'cmake_target_skip_unavailable': False, 'install_base': '/home/mae-emrl3172/ros2_ws/install/sUAV', 'merge_install': False, 'path': '/home/mae-emrl3172/ros2_ws/src/sUAV', 'symlink_install': True, 'test_result_base': None}
[1.481s] Level 5:colcon.colcon_core.verb:set package 'zed_interfaces' build argument 'cmake_args' from command line to '['-DCMAKE_BUILD_TYPE=Release']'
[1.481s] Level 5:colcon.colcon_core.verb:set package 'zed_interfaces' build argument 'cmake_target' from command line to 'None'
[1.481s] Level 5:colcon.colcon_core.verb:set package 'zed_interfaces' build argument 'cmake_target_skip_unavailable' from command line to 'False'
[1.481s] Level 5:colcon.colcon_core.verb:set package 'zed_interfaces' build argument 'cmake_clean_cache' from command line to 'False'
[1.481s] Level 5:colcon.colcon_core.verb:set package 'zed_interfaces' build argument 'cmake_clean_first' from command line to 'False'
[1.481s] Level 5:colcon.colcon_core.verb:set package 'zed_interfaces' build argument 'cmake_force_configure' from command line to 'False'
[1.481s] Level 5:colcon.colcon_core.verb:set package 'zed_interfaces' build argument 'ament_cmake_args' from command line to 'None'
[1.481s] Level 5:colcon.colcon_core.verb:set package 'zed_interfaces' build argument 'catkin_cmake_args' from command line to 'None'
[1.481s] Level 5:colcon.colcon_core.verb:set package 'zed_interfaces' build argument 'catkin_skip_building_tests' from command line to 'False'
[1.481s] DEBUG:colcon.colcon_core.verb:Building package 'zed_interfaces' with the following arguments: {'ament_cmake_args': None, 'build_base': '/home/mae-emrl3172/ros2_ws/build/zed_interfaces', 'catkin_cmake_args': None, 'catkin_skip_building_tests': False, 'cmake_args': ['-DCMAKE_BUILD_TYPE=Release'], 'cmake_clean_cache': False, 'cmake_clean_first': False, 'cmake_force_configure': False, 'cmake_target': None, 'cmake_target_skip_unavailable': False, 'install_base': '/home/mae-emrl3172/ros2_ws/install/zed_interfaces', 'merge_install': False, 'path': '/home/mae-emrl3172/ros2_ws/src/zed-ros2-wrapper/zed-ros2-interfaces', 'symlink_install': True, 'test_result_base': None}
[1.482s] Level 5:colcon.colcon_core.verb:set package 'zed_components' build argument 'cmake_args' from command line to '['-DCMAKE_BUILD_TYPE=Release']'
[1.482s] Level 5:colcon.colcon_core.verb:set package 'zed_components' build argument 'cmake_target' from command line to 'None'
[1.482s] Level 5:colcon.colcon_core.verb:set package 'zed_components' build argument 'cmake_target_skip_unavailable' from command line to 'False'
[1.482s] Level 5:colcon.colcon_core.verb:set package 'zed_components' build argument 'cmake_clean_cache' from command line to 'False'
[1.482s] Level 5:colcon.colcon_core.verb:set package 'zed_components' build argument 'cmake_clean_first' from command line to 'False'
[1.482s] Level 5:colcon.colcon_core.verb:set package 'zed_components' build argument 'cmake_force_configure' from command line to 'False'
[1.482s] Level 5:colcon.colcon_core.verb:set package 'zed_components' build argument 'ament_cmake_args' from command line to 'None'
[1.482s] Level 5:colcon.colcon_core.verb:set package 'zed_components' build argument 'catkin_cmake_args' from command line to 'None'
[1.482s] Level 5:colcon.colcon_core.verb:set package 'zed_components' build argument 'catkin_skip_building_tests' from command line to 'False'
[1.482s] DEBUG:colcon.colcon_core.verb:Building package 'zed_components' with the following arguments: {'ament_cmake_args': None, 'build_base': '/home/mae-emrl3172/ros2_ws/build/zed_components', 'catkin_cmake_args': None, 'catkin_skip_building_tests': False, 'cmake_args': ['-DCMAKE_BUILD_TYPE=Release'], 'cmake_clean_cache': False, 'cmake_clean_first': False, 'cmake_force_configure': False, 'cmake_target': None, 'cmake_target_skip_unavailable': False, 'install_base': '/home/mae-emrl3172/ros2_ws/install/zed_components', 'merge_install': False, 'path': '/home/mae-emrl3172/ros2_ws/src/zed-ros2-wrapper/zed_components', 'symlink_install': True, 'test_result_base': None}
[1.483s] Level 5:colcon.colcon_core.verb:set package 'zed_wrapper' build argument 'cmake_args' from command line to '['-DCMAKE_BUILD_TYPE=Release']'
[1.483s] Level 5:colcon.colcon_core.verb:set package 'zed_wrapper' build argument 'cmake_target' from command line to 'None'
[1.483s] Level 5:colcon.colcon_core.verb:set package 'zed_wrapper' build argument 'cmake_target_skip_unavailable' from command line to 'False'
[1.483s] Level 5:colcon.colcon_core.verb:set package 'zed_wrapper' build argument 'cmake_clean_cache' from command line to 'False'
[1.483s] Level 5:colcon.colcon_core.verb:set package 'zed_wrapper' build argument 'cmake_clean_first' from command line to 'False'
[1.483s] Level 5:colcon.colcon_core.verb:set package 'zed_wrapper' build argument 'cmake_force_configure' from command line to 'False'
[1.483s] Level 5:colcon.colcon_core.verb:set package 'zed_wrapper' build argument 'ament_cmake_args' from command line to 'None'
[1.483s] Level 5:colcon.colcon_core.verb:set package 'zed_wrapper' build argument 'catkin_cmake_args' from command line to 'None'
[1.483s] Level 5:colcon.colcon_core.verb:set package 'zed_wrapper' build argument 'catkin_skip_building_tests' from command line to 'False'
[1.483s] DEBUG:colcon.colcon_core.verb:Building package 'zed_wrapper' with the following arguments: {'ament_cmake_args': None, 'build_base': '/home/mae-emrl3172/ros2_ws/build/zed_wrapper', 'catkin_cmake_args': None, 'catkin_skip_building_tests': False, 'cmake_args': ['-DCMAKE_BUILD_TYPE=Release'], 'cmake_clean_cache': False, 'cmake_clean_first': False, 'cmake_force_configure': False, 'cmake_target': None, 'cmake_target_skip_unavailable': False, 'install_base': '/home/mae-emrl3172/ros2_ws/install/zed_wrapper', 'merge_install': False, 'path': '/home/mae-emrl3172/ros2_ws/src/zed-ros2-wrapper/zed_wrapper', 'symlink_install': True, 'test_result_base': None}
[1.484s] Level 5:colcon.colcon_core.verb:set package 'zed_ros2' build argument 'cmake_args' from command line to '['-DCMAKE_BUILD_TYPE=Release']'
[1.484s] Level 5:colcon.colcon_core.verb:set package 'zed_ros2' build argument 'cmake_target' from command line to 'None'
[1.484s] Level 5:colcon.colcon_core.verb:set package 'zed_ros2' build argument 'cmake_target_skip_unavailable' from command line to 'False'
[1.484s] Level 5:colcon.colcon_core.verb:set package 'zed_ros2' build argument 'cmake_clean_cache' from command line to 'False'
[1.484s] Level 5:colcon.colcon_core.verb:set package 'zed_ros2' build argument 'cmake_clean_first' from command line to 'False'
[1.484s] Level 5:colcon.colcon_core.verb:set package 'zed_ros2' build argument 'cmake_force_configure' from command line to 'False'
[1.484s] Level 5:colcon.colcon_core.verb:set package 'zed_ros2' build argument 'ament_cmake_args' from command line to 'None'
[1.484s] Level 5:colcon.colcon_core.verb:set package 'zed_ros2' build argument 'catkin_cmake_args' from command line to 'None'
[1.484s] Level 5:colcon.colcon_core.verb:set package 'zed_ros2' build argument 'catkin_skip_building_tests' from command line to 'False'
[1.484s] DEBUG:colcon.colcon_core.verb:Building package 'zed_ros2' with the following arguments: {'ament_cmake_args': None, 'build_base': '/home/mae-emrl3172/ros2_ws/build/zed_ros2', 'catkin_cmake_args': None, 'catkin_skip_building_tests': False, 'cmake_args': ['-DCMAKE_BUILD_TYPE=Release'], 'cmake_clean_cache': False, 'cmake_clean_first': False, 'cmake_force_configure': False, 'cmake_target': None, 'cmake_target_skip_unavailable': False, 'install_base': '/home/mae-emrl3172/ros2_ws/install/zed_ros2', 'merge_install': False, 'path': '/home/mae-emrl3172/ros2_ws/src/zed-ros2-wrapper/zed_ros2', 'symlink_install': True, 'test_result_base': None}
[1.485s] INFO:colcon.colcon_core.executor:Executing jobs using 'parallel' executor
[1.487s] DEBUG:colcon.colcon_parallel_executor.executor.parallel:run_until_complete
[1.488s] INFO:colcon.colcon_ros.task.ament_cmake.build:Building ROS package in '/home/mae-emrl3172/ros2_ws/src/zed-ros2-wrapper/zed-ros2-interfaces' with build type 'ament_cmake'
[1.488s] INFO:colcon.colcon_cmake.task.cmake.build:Building CMake package in '/home/mae-emrl3172/ros2_ws/src/zed-ros2-wrapper/zed-ros2-interfaces'
[1.499s] INFO:colcon.colcon_core.plugin_system:Skipping extension 'colcon_core.shell.bat': Not used on non-Windows systems
[1.499s] INFO:colcon.colcon_core.shell:Skip shell extension 'powershell' for command environment: Not usable outside of PowerShell
[1.499s] DEBUG:colcon.colcon_core.shell:Skip shell extension 'dsv' for command environment
[1.505s] INFO:colcon.colcon_ros.task.ament_python.build:Building ROS package in '/home/mae-emrl3172/ros2_ws/src/sUAV' with build type 'ament_python'
[1.506s] Level 1:colcon.colcon_core.shell:create_environment_hook('sUAV', 'ament_prefix_path')
[1.506s] INFO:colcon.colcon_core.shell:Creating environment hook '/home/mae-emrl3172/ros2_ws/install/sUAV/share/sUAV/hook/ament_prefix_path.ps1'
[1.509s] INFO:colcon.colcon_core.shell:Creating environment descriptor '/home/mae-emrl3172/ros2_ws/install/sUAV/share/sUAV/hook/ament_prefix_path.dsv'
[1.510s] INFO:colcon.colcon_core.shell:Creating environment hook '/home/mae-emrl3172/ros2_ws/install/sUAV/share/sUAV/hook/ament_prefix_path.sh'
[1.511s] INFO:colcon.colcon_core.shell:Skip shell extension 'powershell' for command environment: Not usable outside of PowerShell
[1.511s] DEBUG:colcon.colcon_core.shell:Skip shell extension 'dsv' for command environment
[1.529s] DEBUG:colcon.colcon_core.event_handler.log_command:Invoking command in '/home/mae-emrl3172/ros2_ws/build/zed_interfaces': CMAKE_PREFIX_PATH=/opt/ros/humble /usr/bin/cmake /home/mae-emrl3172/ros2_ws/src/zed-ros2-wrapper/zed-ros2-interfaces -DCMAKE_BUILD_TYPE=Release -DAMENT_CMAKE_SYMLINK_INSTALL=1 -DCMAKE_INSTALL_PREFIX=/home/mae-emrl3172/ros2_ws/install/zed_interfaces
[2.125s] INFO:colcon.colcon_core.task.python.build:Building Python package in '/home/mae-emrl3172/ros2_ws/src/sUAV'
[2.126s] INFO:colcon.colcon_core.shell:Skip shell extension 'powershell' for command environment: Not usable outside of PowerShell
[2.126s] DEBUG:colcon.colcon_core.shell:Skip shell extension 'dsv' for command environment
[2.896s] DEBUG:colcon.colcon_core.event_handler.log_command:Invoking command in '/home/mae-emrl3172/ros2_ws/build/sUAV': PYTHONPATH=/home/mae-emrl3172/ros2_ws/build/sUAV/prefix_override:/home/mae-emrl3172/ros2_ws/install/sUAV/lib/python3.10/site-packages:${PYTHONPATH} /usr/bin/python3 -W ignore:setup.py install is deprecated setup.py develop --editable --build-directory /home/mae-emrl3172/ros2_ws/build/sUAV/build --no-deps symlink_data
[3.858s] Level 1:colcon.colcon_core.shell:create_environment_hook('sUAV', 'pythonpath_develop')
[3.859s] INFO:colcon.colcon_core.shell:Creating environment hook '/home/mae-emrl3172/ros2_ws/build/sUAV/share/sUAV/hook/pythonpath_develop.ps1'
[3.860s] DEBUG:colcon.colcon_core.event_handler.log_command:Invoked command in '/home/mae-emrl3172/ros2_ws/build/sUAV' returned '0': PYTHONPATH=/home/mae-emrl3172/ros2_ws/build/sUAV/prefix_override:/home/mae-emrl3172/ros2_ws/install/sUAV/lib/python3.10/site-packages:${PYTHONPATH} /usr/bin/python3 -W ignore:setup.py install is deprecated setup.py develop --editable --build-directory /home/mae-emrl3172/ros2_ws/build/sUAV/build --no-deps symlink_data
[3.862s] INFO:colcon.colcon_core.shell:Creating environment descriptor '/home/mae-emrl3172/ros2_ws/build/sUAV/share/sUAV/hook/pythonpath_develop.dsv'
[3.863s] INFO:colcon.colcon_core.shell:Creating environment hook '/home/mae-emrl3172/ros2_ws/build/sUAV/share/sUAV/hook/pythonpath_develop.sh'
[3.881s] Level 1:colcon.colcon_core.environment:checking '/home/mae-emrl3172/ros2_ws/install/sUAV' for CMake module files
[3.882s] Level 1:colcon.colcon_core.environment:checking '/home/mae-emrl3172/ros2_ws/install/sUAV' for CMake config files
[3.884s] Level 1:colcon.colcon_core.environment:checking '/home/mae-emrl3172/ros2_ws/install/sUAV/lib'
[3.885s] Level 1:colcon.colcon_core.environment:checking '/home/mae-emrl3172/ros2_ws/install/sUAV/bin'
[3.885s] Level 1:colcon.colcon_core.environment:checking '/home/mae-emrl3172/ros2_ws/install/sUAV/lib/pkgconfig/sUAV.pc'
[3.886s] Level 1:colcon.colcon_core.environment:checking '/home/mae-emrl3172/ros2_ws/install/sUAV/lib/python3.10/site-packages'
[3.886s] Level 1:colcon.colcon_core.shell:create_environment_hook('sUAV', 'pythonpath')
[3.887s] INFO:colcon.colcon_core.shell:Creating environment hook '/home/mae-emrl3172/ros2_ws/install/sUAV/share/sUAV/hook/pythonpath.ps1'
[3.889s] INFO:colcon.colcon_core.shell:Creating environment descriptor '/home/mae-emrl3172/ros2_ws/install/sUAV/share/sUAV/hook/pythonpath.dsv'
[3.890s] INFO:colcon.colcon_core.shell:Creating environment hook '/home/mae-emrl3172/ros2_ws/install/sUAV/share/sUAV/hook/pythonpath.sh'
[3.891s] Level 1:colcon.colcon_core.environment:checking '/home/mae-emrl3172/ros2_ws/install/sUAV/bin'
[3.892s] Level 1:colcon.colcon_core.environment:create_environment_scripts_only(sUAV)
[3.893s] INFO:colcon.colcon_core.shell:Creating package script '/home/mae-emrl3172/ros2_ws/install/sUAV/share/sUAV/package.ps1'
[3.897s] INFO:colcon.colcon_core.shell:Creating package descriptor '/home/mae-emrl3172/ros2_ws/install/sUAV/share/sUAV/package.dsv'
[3.899s] INFO:colcon.colcon_core.shell:Creating package script '/home/mae-emrl3172/ros2_ws/install/sUAV/share/sUAV/package.sh'
[3.903s] INFO:colcon.colcon_core.shell:Creating package script '/home/mae-emrl3172/ros2_ws/install/sUAV/share/sUAV/package.bash'
[3.906s] INFO:colcon.colcon_core.shell:Creating package script '/home/mae-emrl3172/ros2_ws/install/sUAV/share/sUAV/package.zsh'
[3.909s] Level 1:colcon.colcon_core.environment:create_file_with_runtime_dependencies(/home/mae-emrl3172/ros2_ws/install/sUAV/share/colcon-core/packages/sUAV)
[6.962s] DEBUG:colcon.colcon_core.event_handler.log_command:Invoked command in '/home/mae-emrl3172/ros2_ws/build/zed_interfaces' returned '0': CMAKE_PREFIX_PATH=/opt/ros/humble /usr/bin/cmake /home/mae-emrl3172/ros2_ws/src/zed-ros2-wrapper/zed-ros2-interfaces -DCMAKE_BUILD_TYPE=Release -DAMENT_CMAKE_SYMLINK_INSTALL=1 -DCMAKE_INSTALL_PREFIX=/home/mae-emrl3172/ros2_ws/install/zed_interfaces
[6.967s] DEBUG:colcon.colcon_core.event_handler.log_command:Invoking command in '/home/mae-emrl3172/ros2_ws/build/zed_interfaces': CMAKE_PREFIX_PATH=/opt/ros/humble /usr/bin/cmake --build /home/mae-emrl3172/ros2_ws/build/zed_interfaces -- -j6 -l6
[39.019s] DEBUG:colcon.colcon_core.event_handler.log_command:Invoked command in '/home/mae-emrl3172/ros2_ws/build/zed_interfaces' returned '0': CMAKE_PREFIX_PATH=/opt/ros/humble /usr/bin/cmake --build /home/mae-emrl3172/ros2_ws/build/zed_interfaces -- -j6 -l6
[39.687s] DEBUG:colcon.colcon_core.event_handler.log_command:Invoking command in '/home/mae-emrl3172/ros2_ws/build/zed_interfaces': CMAKE_PREFIX_PATH=/opt/ros/humble /usr/bin/cmake --install /home/mae-emrl3172/ros2_ws/build/zed_interfaces
[47.591s] Level 1:colcon.colcon_core.environment:create_environment_scripts_only(zed_interfaces)
[47.592s] Level 1:colcon.colcon_core.environment:checking '/home/mae-emrl3172/ros2_ws/install/zed_interfaces' for CMake module files
[47.593s] DEBUG:colcon.colcon_core.event_handler.log_command:Invoked command in '/home/mae-emrl3172/ros2_ws/build/zed_interfaces' returned '0': CMAKE_PREFIX_PATH=/opt/ros/humble /usr/bin/cmake --install /home/mae-emrl3172/ros2_ws/build/zed_interfaces
[47.595s] Level 1:colcon.colcon_core.environment:checking '/home/mae-emrl3172/ros2_ws/install/zed_interfaces' for CMake config files
[47.601s] Level 1:colcon.colcon_core.shell:create_environment_hook('zed_interfaces', 'cmake_prefix_path')
[47.602s] INFO:colcon.colcon_core.shell:Creating environment hook '/home/mae-emrl3172/ros2_ws/install/zed_interfaces/share/zed_interfaces/hook/cmake_prefix_path.ps1'
[47.604s] INFO:colcon.colcon_core.shell:Creating environment descriptor '/home/mae-emrl3172/ros2_ws/install/zed_interfaces/share/zed_interfaces/hook/cmake_prefix_path.dsv'
[47.605s] INFO:colcon.colcon_core.shell:Creating environment hook '/home/mae-emrl3172/ros2_ws/install/zed_interfaces/share/zed_interfaces/hook/cmake_prefix_path.sh'
[47.606s] Level 1:colcon.colcon_core.environment:checking '/home/mae-emrl3172/ros2_ws/install/zed_interfaces/lib'
[47.607s] Level 1:colcon.colcon_core.shell:create_environment_hook('zed_interfaces', 'ld_library_path_lib')
[47.608s] INFO:colcon.colcon_core.shell:Creating environment hook '/home/mae-emrl3172/ros2_ws/install/zed_interfaces/share/zed_interfaces/hook/ld_library_path_lib.ps1'
[47.608s] INFO:colcon.colcon_core.shell:Creating environment descriptor '/home/mae-emrl3172/ros2_ws/install/zed_interfaces/share/zed_interfaces/hook/ld_library_path_lib.dsv'
[47.609s] INFO:colcon.colcon_core.shell:Creating environment hook '/home/mae-emrl3172/ros2_ws/install/zed_interfaces/share/zed_interfaces/hook/ld_library_path_lib.sh'
[47.610s] Level 1:colcon.colcon_core.environment:checking '/home/mae-emrl3172/ros2_ws/install/zed_interfaces/bin'
[47.610s] Level 1:colcon.colcon_core.environment:checking '/home/mae-emrl3172/ros2_ws/install/zed_interfaces/lib/pkgconfig/zed_interfaces.pc'
[47.611s] Level 1:colcon.colcon_core.environment:checking '/home/mae-emrl3172/ros2_ws/install/zed_interfaces/lib/python3.10/site-packages'
[47.611s] Level 1:colcon.colcon_core.environment:checking '/home/mae-emrl3172/ros2_ws/install/zed_interfaces/bin'
[47.612s] INFO:colcon.colcon_core.shell:Creating package script '/home/mae-emrl3172/ros2_ws/install/zed_interfaces/share/zed_interfaces/package.ps1'
[47.613s] INFO:colcon.colcon_core.shell:Creating package descriptor '/home/mae-emrl3172/ros2_ws/install/zed_interfaces/share/zed_interfaces/package.dsv'
[47.614s] INFO:colcon.colcon_core.shell:Creating package script '/home/mae-emrl3172/ros2_ws/install/zed_interfaces/share/zed_interfaces/package.sh'
[47.615s] INFO:colcon.colcon_core.shell:Creating package script '/home/mae-emrl3172/ros2_ws/install/zed_interfaces/share/zed_interfaces/package.bash'
[47.616s] INFO:colcon.colcon_core.shell:Creating package script '/home/mae-emrl3172/ros2_ws/install/zed_interfaces/share/zed_interfaces/package.zsh'
[47.616s] Level 1:colcon.colcon_core.environment:create_file_with_runtime_dependencies(/home/mae-emrl3172/ros2_ws/install/zed_interfaces/share/colcon-core/packages/zed_interfaces)
[48.321s] Level 1:colcon.colcon_core.environment:create_environment_scripts_only(zed_interfaces)
[48.322s] Level 1:colcon.colcon_core.environment:checking '/home/mae-emrl3172/ros2_ws/install/zed_interfaces' for CMake module files
[48.324s] Level 1:colcon.colcon_core.environment:checking '/home/mae-emrl3172/ros2_ws/install/zed_interfaces' for CMake config files
[48.331s] Level 1:colcon.colcon_core.shell:create_environment_hook('zed_interfaces', 'cmake_prefix_path')
[48.332s] INFO:colcon.colcon_core.shell:Creating environment hook '/home/mae-emrl3172/ros2_ws/install/zed_interfaces/share/zed_interfaces/hook/cmake_prefix_path.ps1'
[48.334s] INFO:colcon.colcon_core.shell:Creating environment descriptor '/home/mae-emrl3172/ros2_ws/install/zed_interfaces/share/zed_interfaces/hook/cmake_prefix_path.dsv'
[48.335s] INFO:colcon.colcon_core.shell:Creating environment hook '/home/mae-emrl3172/ros2_ws/install/zed_interfaces/share/zed_interfaces/hook/cmake_prefix_path.sh'
[48.337s] Level 1:colcon.colcon_core.environment:checking '/home/mae-emrl3172/ros2_ws/install/zed_interfaces/lib'
[48.337s] Level 1:colcon.colcon_core.shell:create_environment_hook('zed_interfaces', 'ld_library_path_lib')
[48.338s] INFO:colcon.colcon_core.shell:Creating environment hook '/home/mae-emrl3172/ros2_ws/install/zed_interfaces/share/zed_interfaces/hook/ld_library_path_lib.ps1'
[48.339s] INFO:colcon.colcon_core.shell:Creating environment descriptor '/home/mae-emrl3172/ros2_ws/install/zed_interfaces/share/zed_interfaces/hook/ld_library_path_lib.dsv'
[48.339s] INFO:colcon.colcon_core.shell:Creating environment hook '/home/mae-emrl3172/ros2_ws/install/zed_interfaces/share/zed_interfaces/hook/ld_library_path_lib.sh'
[48.340s] Level 1:colcon.colcon_core.environment:checking '/home/mae-emrl3172/ros2_ws/install/zed_interfaces/bin'
[48.340s] Level 1:colcon.colcon_core.environment:checking '/home/mae-emrl3172/ros2_ws/install/zed_interfaces/lib/pkgconfig/zed_interfaces.pc'
[48.341s] Level 1:colcon.colcon_core.environment:checking '/home/mae-emrl3172/ros2_ws/install/zed_interfaces/lib/python3.10/site-packages'
[48.341s] Level 1:colcon.colcon_core.environment:checking '/home/mae-emrl3172/ros2_ws/install/zed_interfaces/bin'
[48.342s] INFO:colcon.colcon_core.shell:Creating package script '/home/mae-emrl3172/ros2_ws/install/zed_interfaces/share/zed_interfaces/package.ps1'
[48.343s] INFO:colcon.colcon_core.shell:Creating package descriptor '/home/mae-emrl3172/ros2_ws/install/zed_interfaces/share/zed_interfaces/package.dsv'
[48.344s] INFO:colcon.colcon_core.shell:Creating package script '/home/mae-emrl3172/ros2_ws/install/zed_interfaces/share/zed_interfaces/package.sh'
[48.346s] INFO:colcon.colcon_core.shell:Creating package script '/home/mae-emrl3172/ros2_ws/install/zed_interfaces/share/zed_interfaces/package.bash'
[48.347s] INFO:colcon.colcon_core.shell:Creating package script '/home/mae-emrl3172/ros2_ws/install/zed_interfaces/share/zed_interfaces/package.zsh'
[48.348s] Level 1:colcon.colcon_core.environment:create_file_with_runtime_dependencies(/home/mae-emrl3172/ros2_ws/install/zed_interfaces/share/colcon-core/packages/zed_interfaces)
[48.349s] INFO:colcon.colcon_ros.task.ament_cmake.build:Building ROS package in '/home/mae-emrl3172/ros2_ws/src/zed-ros2-wrapper/zed_components' with build type 'ament_cmake'
[48.350s] INFO:colcon.colcon_cmake.task.cmake.build:Building CMake package in '/home/mae-emrl3172/ros2_ws/src/zed-ros2-wrapper/zed_components'
[48.351s] INFO:colcon.colcon_core.shell:Skip shell extension 'powershell' for command environment: Not usable outside of PowerShell
[48.351s] DEBUG:colcon.colcon_core.shell:Skip shell extension 'dsv' for command environment
[48.372s] DEBUG:colcon.colcon_core.event_handler.log_command:Invoking command in '/home/mae-emrl3172/ros2_ws/build/zed_components': AMENT_PREFIX_PATH=/home/mae-emrl3172/ros2_ws/install/zed_interfaces:${AMENT_PREFIX_PATH} CMAKE_PREFIX_PATH=/home/mae-emrl3172/ros2_ws/install/zed_interfaces:/opt/ros/humble LD_LIBRARY_PATH=/home/mae-emrl3172/ros2_ws/install/zed_interfaces/lib:/opt/ros/humble/opt/rviz_ogre_vendor/lib:/opt/ros/humble/lib/aarch64-linux-gnu:/opt/ros/humble/lib:/usr/local/cuda-12.2/lib64 PYTHONPATH=/home/mae-emrl3172/ros2_ws/install/zed_interfaces/local/lib/python3.10/dist-packages:${PYTHONPATH} /usr/bin/cmake /home/mae-emrl3172/ros2_ws/src/zed-ros2-wrapper/zed_components -DCMAKE_BUILD_TYPE=Release -DAMENT_CMAKE_SYMLINK_INSTALL=1 -DCMAKE_INSTALL_PREFIX=/home/mae-emrl3172/ros2_ws/install/zed_components
[49.074s] DEBUG:colcon.colcon_core.event_handler.log_command:Invoked command in '/home/mae-emrl3172/ros2_ws/build/zed_components' returned '1': AMENT_PREFIX_PATH=/home/mae-emrl3172/ros2_ws/install/zed_interfaces:${AMENT_PREFIX_PATH} CMAKE_PREFIX_PATH=/home/mae-emrl3172/ros2_ws/install/zed_interfaces:/opt/ros/humble LD_LIBRARY_PATH=/home/mae-emrl3172/ros2_ws/install/zed_interfaces/lib:/opt/ros/humble/opt/rviz_ogre_vendor/lib:/opt/ros/humble/lib/aarch64-linux-gnu:/opt/ros/humble/lib:/usr/local/cuda-12.2/lib64 PYTHONPATH=/home/mae-emrl3172/ros2_ws/install/zed_interfaces/local/lib/python3.10/dist-packages:${PYTHONPATH} /usr/bin/cmake /home/mae-emrl3172/ros2_ws/src/zed-ros2-wrapper/zed_components -DCMAKE_BUILD_TYPE=Release -DAMENT_CMAKE_SYMLINK_INSTALL=1 -DCMAKE_INSTALL_PREFIX=/home/mae-emrl3172/ros2_ws/install/zed_components
[49.104s] Level 1:colcon.colcon_core.environment:create_environment_scripts_only(zed_components)
[49.105s] Level 1:colcon.colcon_core.environment:checking '/home/mae-emrl3172/ros2_ws/install/zed_components' for CMake module files
[49.106s] Level 1:colcon.colcon_core.environment:checking '/home/mae-emrl3172/ros2_ws/install/zed_components' for CMake config files
[49.107s] Level 1:colcon.colcon_core.environment:checking '/home/mae-emrl3172/ros2_ws/install/zed_components/bin'
[49.108s] Level 1:colcon.colcon_core.environment:checking '/home/mae-emrl3172/ros2_ws/install/zed_components/lib/pkgconfig/zed_components.pc'
[49.109s] Level 1:colcon.colcon_core.environment:checking '/home/mae-emrl3172/ros2_ws/install/zed_components/lib/python3.10/site-packages'
[49.109s] Level 1:colcon.colcon_core.environment:checking '/home/mae-emrl3172/ros2_ws/install/zed_components/bin'
[49.110s] INFO:colcon.colcon_core.shell:Creating package script '/home/mae-emrl3172/ros2_ws/install/zed_components/share/zed_components/package.ps1'
[49.112s] INFO:colcon.colcon_core.shell:Creating package descriptor '/home/mae-emrl3172/ros2_ws/install/zed_components/share/zed_components/package.dsv'
[49.114s] INFO:colcon.colcon_core.shell:Creating package script '/home/mae-emrl3172/ros2_ws/install/zed_components/share/zed_components/package.sh'
[49.114s] INFO:colcon.colcon_core.shell:Creating package script '/home/mae-emrl3172/ros2_ws/install/zed_components/share/zed_components/package.bash'
[49.115s] INFO:colcon.colcon_core.shell:Creating package script '/home/mae-emrl3172/ros2_ws/install/zed_components/share/zed_components/package.zsh'
[49.117s] Level 1:colcon.colcon_core.environment:create_file_with_runtime_dependencies(/home/mae-emrl3172/ros2_ws/install/zed_components/share/colcon-core/packages/zed_components)
[49.128s] DEBUG:colcon.colcon_parallel_executor.executor.parallel:closing loop
[49.129s] DEBUG:colcon.colcon_parallel_executor.executor.parallel:loop closed
[49.129s] DEBUG:colcon.colcon_parallel_executor.executor.parallel:run_until_complete finished with '1'
[49.129s] DEBUG:colcon.colcon_core.event_reactor:joining thread
[49.152s] INFO:colcon.colcon_core.plugin_system:Skipping extension 'colcon_notification.desktop_notification.terminal_notifier': Not used on non-Darwin systems
[49.153s] INFO:colcon.colcon_core.plugin_system:Skipping extension 'colcon_notification.desktop_notification.win32': Not used on non-Windows systems
[49.153s] INFO:colcon.colcon_notification.desktop_notification:Sending desktop notification using 'notify2'
[49.212s] DEBUG:colcon.colcon_core.event_reactor:joined thread
[49.214s] INFO:colcon.colcon_core.shell:Creating prefix script '/home/mae-emrl3172/ros2_ws/install/local_setup.ps1'
[49.218s] INFO:colcon.colcon_core.shell:Creating prefix util module '/home/mae-emrl3172/ros2_ws/install/_local_setup_util_ps1.py'
[49.223s] INFO:colcon.colcon_core.shell:Creating prefix chain script '/home/mae-emrl3172/ros2_ws/install/setup.ps1'
[49.226s] INFO:colcon.colcon_core.shell:Creating prefix script '/home/mae-emrl3172/ros2_ws/install/local_setup.sh'
[49.228s] INFO:colcon.colcon_core.shell:Creating prefix util module '/home/mae-emrl3172/ros2_ws/install/_local_setup_util_sh.py'
[49.229s] INFO:colcon.colcon_core.shell:Creating prefix chain script '/home/mae-emrl3172/ros2_ws/install/setup.sh'
[49.231s] INFO:colcon.colcon_core.shell:Creating prefix script '/home/mae-emrl3172/ros2_ws/install/local_setup.bash'
[49.232s] INFO:colcon.colcon_core.shell:Creating prefix chain script '/home/mae-emrl3172/ros2_ws/install/setup.bash'
[49.235s] INFO:colcon.colcon_core.shell:Creating prefix script '/home/mae-emrl3172/ros2_ws/install/local_setup.zsh'
[49.237s] INFO:colcon.colcon_core.shell:Creating prefix chain script '/home/mae-emrl3172/ros2_ws/install/setup.zsh'
