[0.259s] DEBUG:colcon:Command line arguments: ['/usr/bin/colcon', 'build']
[0.260s] DEBUG:colcon:Parsed command line arguments: Namespace(log_base=None, log_level=None, verb_name='build', build_base='build', install_base='install', merge_install=False, symlink_install=False, test_result_base=None, continue_on_error=False, executor='parallel', parallel_workers=6, event_handlers=None, ignore_user_meta=False, metas=['./colcon.meta'], base_paths=['.'], packages_ignore=None, packages_ignore_regex=None, paths=None, packages_up_to=None, packages_up_to_regex=None, packages_above=None, packages_above_and_dependencies=None, packages_above_depth=None, packages_select_by_dep=None, packages_skip_by_dep=None, packages_skip_up_to=None, packages_select_build_failed=False, packages_skip_build_finished=False, packages_select_test_failures=False, packages_skip_test_passed=False, packages_select=None, packages_skip=None, packages_select_regex=None, packages_skip_regex=None, packages_start=None, packages_end=None, allow_overriding=[], cmake_args=None, cmake_target=None, cmake_target_skip_unavailable=False, cmake_clean_cache=False, cmake_clean_first=False, cmake_force_configure=False, ament_cmake_args=None, catkin_cmake_args=None, catkin_skip_building_tests=False, mixin_files=None, mixin=None, verb_parser=<colcon_mixin.mixin.mixin_argument.MixinArgumentDecorator object at 0xffff88635db0>, verb_extension=<colcon_core.verb.build.BuildVerb object at 0xffff88635840>, main=<bound method BuildVerb.main of <colcon_core.verb.build.BuildVerb object at 0xffff88635840>>, mixin_verb=('build',))
[0.644s] Level 1:colcon.colcon_core.package_discovery:discover_packages(colcon_meta) check parameters
[0.644s] Level 1:colcon.colcon_core.package_discovery:discover_packages(recursive) check parameters
[0.644s] Level 1:colcon.colcon_core.package_discovery:discover_packages(ignore) check parameters
[0.644s] Level 1:colcon.colcon_core.package_discovery:discover_packages(path) check parameters
[0.644s] Level 1:colcon.colcon_core.package_discovery:discover_packages(colcon_meta) discover
[0.645s] Level 1:colcon.colcon_core.package_discovery:discover_packages(recursive) discover
[0.645s] INFO:colcon.colcon_core.package_discovery:Crawling recursively for packages in '/home/mae-emrl3172/ros2_ws'
[0.645s] Level 1:colcon.colcon_core.package_identification:_identify(.) by extensions ['ignore', 'ignore_ament_install']
[0.645s] Level 1:colcon.colcon_core.package_identification:_identify(.) by extension 'ignore'
[0.645s] Level 1:colcon.colcon_core.package_identification:_identify(.) by extension 'ignore_ament_install'
[0.646s] Level 1:colcon.colcon_core.package_identification:_identify(.) by extensions ['colcon_pkg']
[0.646s] Level 1:colcon.colcon_core.package_identification:_identify(.) by extension 'colcon_pkg'
[0.646s] Level 1:colcon.colcon_core.package_identification:_identify(.) by extensions ['colcon_meta']
[0.646s] Level 1:colcon.colcon_core.package_identification:_identify(.) by extension 'colcon_meta'
[0.646s] Level 1:colcon.colcon_core.package_identification:_identify(.) by extensions ['ros']
[0.646s] Level 1:colcon.colcon_core.package_identification:_identify(.) by extension 'ros'
[0.671s] Level 1:colcon.colcon_core.package_identification:_identify(.) by extensions ['cmake', 'python']
[0.671s] Level 1:colcon.colcon_core.package_identification:_identify(.) by extension 'cmake'
[0.671s] Level 1:colcon.colcon_core.package_identification:_identify(.) by extension 'python'
[0.671s] Level 1:colcon.colcon_core.package_identification:_identify(.) by extensions ['python_setup_py']
[0.672s] Level 1:colcon.colcon_core.package_identification:_identify(.) by extension 'python_setup_py'
[0.672s] Level 1:colcon.colcon_core.package_identification:_identify(build) by extensions ['ignore', 'ignore_ament_install']
[0.672s] Level 1:colcon.colcon_core.package_identification:_identify(build) by extension 'ignore'
[0.673s] Level 1:colcon.colcon_core.package_identification:_identify(build) ignored
[0.673s] Level 1:colcon.colcon_core.package_identification:_identify(install) by extensions ['ignore', 'ignore_ament_install']
[0.673s] Level 1:colcon.colcon_core.package_identification:_identify(install) by extension 'ignore'
[0.673s] Level 1:colcon.colcon_core.package_identification:_identify(install) ignored
[0.673s] Level 1:colcon.colcon_core.package_identification:_identify(log) by extensions ['ignore', 'ignore_ament_install']
[0.674s] Level 1:colcon.colcon_core.package_identification:_identify(log) by extension 'ignore'
[0.674s] Level 1:colcon.colcon_core.package_identification:_identify(log) ignored
[0.674s] Level 1:colcon.colcon_core.package_identification:_identify(src) by extensions ['ignore', 'ignore_ament_install']
[0.674s] Level 1:colcon.colcon_core.package_identification:_identify(src) by extension 'ignore'
[0.674s] Level 1:colcon.colcon_core.package_identification:_identify(src) by extension 'ignore_ament_install'
[0.674s] Level 1:colcon.colcon_core.package_identification:_identify(src) by extensions ['colcon_pkg']
[0.674s] Level 1:colcon.colcon_core.package_identification:_identify(src) by extension 'colcon_pkg'
[0.674s] Level 1:colcon.colcon_core.package_identification:_identify(src) by extensions ['colcon_meta']
[0.675s] Level 1:colcon.colcon_core.package_identification:_identify(src) by extension 'colcon_meta'
[0.675s] Level 1:colcon.colcon_core.package_identification:_identify(src) by extensions ['ros']
[0.675s] Level 1:colcon.colcon_core.package_identification:_identify(src) by extension 'ros'
[0.675s] Level 1:colcon.colcon_core.package_identification:_identify(src) by extensions ['cmake', 'python']
[0.675s] Level 1:colcon.colcon_core.package_identification:_identify(src) by extension 'cmake'
[0.675s] Level 1:colcon.colcon_core.package_identification:_identify(src) by extension 'python'
[0.675s] Level 1:colcon.colcon_core.package_identification:_identify(src) by extensions ['python_setup_py']
[0.675s] Level 1:colcon.colcon_core.package_identification:_identify(src) by extension 'python_setup_py'
[0.675s] Level 1:colcon.colcon_core.package_identification:_identify(src/cyglidar_d1) by extensions ['ignore', 'ignore_ament_install']
[0.676s] Level 1:colcon.colcon_core.package_identification:_identify(src/cyglidar_d1) by extension 'ignore'
[0.676s] Level 1:colcon.colcon_core.package_identification:_identify(src/cyglidar_d1) by extension 'ignore_ament_install'
[0.676s] Level 1:colcon.colcon_core.package_identification:_identify(src/cyglidar_d1) by extensions ['colcon_pkg']
[0.676s] Level 1:colcon.colcon_core.package_identification:_identify(src/cyglidar_d1) by extension 'colcon_pkg'
[0.676s] Level 1:colcon.colcon_core.package_identification:_identify(src/cyglidar_d1) by extensions ['colcon_meta']
[0.676s] Level 1:colcon.colcon_core.package_identification:_identify(src/cyglidar_d1) by extension 'colcon_meta'
[0.676s] Level 1:colcon.colcon_core.package_identification:_identify(src/cyglidar_d1) by extensions ['ros']
[0.676s] Level 1:colcon.colcon_core.package_identification:_identify(src/cyglidar_d1) by extension 'ros'
[0.683s] DEBUG:colcon.colcon_core.package_identification:Package 'src/cyglidar_d1' with type 'ros.ament_cmake' and name 'cyglidar_d1_ros2'
[0.683s] Level 1:colcon.colcon_core.package_identification:_identify(src/sUAV) by extensions ['ignore', 'ignore_ament_install']
[0.683s] Level 1:colcon.colcon_core.package_identification:_identify(src/sUAV) by extension 'ignore'
[0.683s] Level 1:colcon.colcon_core.package_identification:_identify(src/sUAV) by extension 'ignore_ament_install'
[0.684s] Level 1:colcon.colcon_core.package_identification:_identify(src/sUAV) by extensions ['colcon_pkg']
[0.684s] Level 1:colcon.colcon_core.package_identification:_identify(src/sUAV) by extension 'colcon_pkg'
[0.684s] Level 1:colcon.colcon_core.package_identification:_identify(src/sUAV) by extensions ['colcon_meta']
[0.684s] Level 1:colcon.colcon_core.package_identification:_identify(src/sUAV) by extension 'colcon_meta'
[0.684s] Level 1:colcon.colcon_core.package_identification:_identify(src/sUAV) by extensions ['ros']
[0.684s] Level 1:colcon.colcon_core.package_identification:_identify(src/sUAV) by extension 'ros'
[0.685s] DEBUG:colcon.colcon_core.package_identification:Package 'src/sUAV' with type 'ros.ament_python' and name 'sUAV'
[0.686s] Level 1:colcon.colcon_core.package_identification:_identify(src/zed-ros2-wrapper) by extensions ['ignore', 'ignore_ament_install']
[0.686s] Level 1:colcon.colcon_core.package_identification:_identify(src/zed-ros2-wrapper) by extension 'ignore'
[0.686s] Level 1:colcon.colcon_core.package_identification:_identify(src/zed-ros2-wrapper) by extension 'ignore_ament_install'
[0.686s] Level 1:colcon.colcon_core.package_identification:_identify(src/zed-ros2-wrapper) by extensions ['colcon_pkg']
[0.686s] Level 1:colcon.colcon_core.package_identification:_identify(src/zed-ros2-wrapper) by extension 'colcon_pkg'
[0.686s] Level 1:colcon.colcon_core.package_identification:_identify(src/zed-ros2-wrapper) by extensions ['colcon_meta']
[0.686s] Level 1:colcon.colcon_core.package_identification:_identify(src/zed-ros2-wrapper) by extension 'colcon_meta'
[0.687s] Level 1:colcon.colcon_core.package_identification:_identify(src/zed-ros2-wrapper) by extensions ['ros']
[0.687s] Level 1:colcon.colcon_core.package_identification:_identify(src/zed-ros2-wrapper) by extension 'ros'
[0.687s] Level 1:colcon.colcon_core.package_identification:_identify(src/zed-ros2-wrapper) by extensions ['cmake', 'python']
[0.687s] Level 1:colcon.colcon_core.package_identification:_identify(src/zed-ros2-wrapper) by extension 'cmake'
[0.687s] Level 1:colcon.colcon_core.package_identification:_identify(src/zed-ros2-wrapper) by extension 'python'
[0.687s] Level 1:colcon.colcon_core.package_identification:_identify(src/zed-ros2-wrapper) by extensions ['python_setup_py']
[0.687s] Level 1:colcon.colcon_core.package_identification:_identify(src/zed-ros2-wrapper) by extension 'python_setup_py'
[0.687s] Level 1:colcon.colcon_core.package_identification:_identify(src/zed-ros2-wrapper/docker) by extensions ['ignore', 'ignore_ament_install']
[0.688s] Level 1:colcon.colcon_core.package_identification:_identify(src/zed-ros2-wrapper/docker) by extension 'ignore'
[0.688s] Level 1:colcon.colcon_core.package_identification:_identify(src/zed-ros2-wrapper/docker) by extension 'ignore_ament_install'
[0.688s] Level 1:colcon.colcon_core.package_identification:_identify(src/zed-ros2-wrapper/docker) by extensions ['colcon_pkg']
[0.688s] Level 1:colcon.colcon_core.package_identification:_identify(src/zed-ros2-wrapper/docker) by extension 'colcon_pkg'
[0.688s] Level 1:colcon.colcon_core.package_identification:_identify(src/zed-ros2-wrapper/docker) by extensions ['colcon_meta']
[0.688s] Level 1:colcon.colcon_core.package_identification:_identify(src/zed-ros2-wrapper/docker) by extension 'colcon_meta'
[0.688s] Level 1:colcon.colcon_core.package_identification:_identify(src/zed-ros2-wrapper/docker) by extensions ['ros']
[0.688s] Level 1:colcon.colcon_core.package_identification:_identify(src/zed-ros2-wrapper/docker) by extension 'ros'
[0.688s] Level 1:colcon.colcon_core.package_identification:_identify(src/zed-ros2-wrapper/docker) by extensions ['cmake', 'python']
[0.688s] Level 1:colcon.colcon_core.package_identification:_identify(src/zed-ros2-wrapper/docker) by extension 'cmake'
[0.689s] Level 1:colcon.colcon_core.package_identification:_identify(src/zed-ros2-wrapper/docker) by extension 'python'
[0.689s] Level 1:colcon.colcon_core.package_identification:_identify(src/zed-ros2-wrapper/docker) by extensions ['python_setup_py']
[0.689s] Level 1:colcon.colcon_core.package_identification:_identify(src/zed-ros2-wrapper/docker) by extension 'python_setup_py'
[0.689s] Level 1:colcon.colcon_core.package_identification:_identify(src/zed-ros2-wrapper/images) by extensions ['ignore', 'ignore_ament_install']
[0.689s] Level 1:colcon.colcon_core.package_identification:_identify(src/zed-ros2-wrapper/images) by extension 'ignore'
[0.689s] Level 1:colcon.colcon_core.package_identification:_identify(src/zed-ros2-wrapper/images) by extension 'ignore_ament_install'
[0.689s] Level 1:colcon.colcon_core.package_identification:_identify(src/zed-ros2-wrapper/images) by extensions ['colcon_pkg']
[0.689s] Level 1:colcon.colcon_core.package_identification:_identify(src/zed-ros2-wrapper/images) by extension 'colcon_pkg'
[0.690s] Level 1:colcon.colcon_core.package_identification:_identify(src/zed-ros2-wrapper/images) by extensions ['colcon_meta']
[0.690s] Level 1:colcon.colcon_core.package_identification:_identify(src/zed-ros2-wrapper/images) by extension 'colcon_meta'
[0.690s] Level 1:colcon.colcon_core.package_identification:_identify(src/zed-ros2-wrapper/images) by extensions ['ros']
[0.690s] Level 1:colcon.colcon_core.package_identification:_identify(src/zed-ros2-wrapper/images) by extension 'ros'
[0.690s] Level 1:colcon.colcon_core.package_identification:_identify(src/zed-ros2-wrapper/images) by extensions ['cmake', 'python']
[0.690s] Level 1:colcon.colcon_core.package_identification:_identify(src/zed-ros2-wrapper/images) by extension 'cmake'
[0.690s] Level 1:colcon.colcon_core.package_identification:_identify(src/zed-ros2-wrapper/images) by extension 'python'
[0.690s] Level 1:colcon.colcon_core.package_identification:_identify(src/zed-ros2-wrapper/images) by extensions ['python_setup_py']
[0.690s] Level 1:colcon.colcon_core.package_identification:_identify(src/zed-ros2-wrapper/images) by extension 'python_setup_py'
[0.691s] Level 1:colcon.colcon_core.package_identification:_identify(src/zed-ros2-wrapper/zed-ros2-interfaces) by extensions ['ignore', 'ignore_ament_install']
[0.691s] Level 1:colcon.colcon_core.package_identification:_identify(src/zed-ros2-wrapper/zed-ros2-interfaces) by extension 'ignore'
[0.691s] Level 1:colcon.colcon_core.package_identification:_identify(src/zed-ros2-wrapper/zed-ros2-interfaces) by extension 'ignore_ament_install'
[0.691s] Level 1:colcon.colcon_core.package_identification:_identify(src/zed-ros2-wrapper/zed-ros2-interfaces) by extensions ['colcon_pkg']
[0.691s] Level 1:colcon.colcon_core.package_identification:_identify(src/zed-ros2-wrapper/zed-ros2-interfaces) by extension 'colcon_pkg'
[0.691s] Level 1:colcon.colcon_core.package_identification:_identify(src/zed-ros2-wrapper/zed-ros2-interfaces) by extensions ['colcon_meta']
[0.691s] Level 1:colcon.colcon_core.package_identification:_identify(src/zed-ros2-wrapper/zed-ros2-interfaces) by extension 'colcon_meta'
[0.691s] Level 1:colcon.colcon_core.package_identification:_identify(src/zed-ros2-wrapper/zed-ros2-interfaces) by extensions ['ros']
[0.691s] Level 1:colcon.colcon_core.package_identification:_identify(src/zed-ros2-wrapper/zed-ros2-interfaces) by extension 'ros'
[0.693s] DEBUG:colcon.colcon_core.package_identification:Package 'src/zed-ros2-wrapper/zed-ros2-interfaces' with type 'ros.ament_cmake' and name 'zed_interfaces'
[0.693s] Level 1:colcon.colcon_core.package_identification:_identify(src/zed-ros2-wrapper/zed_components) by extensions ['ignore', 'ignore_ament_install']
[0.693s] Level 1:colcon.colcon_core.package_identification:_identify(src/zed-ros2-wrapper/zed_components) by extension 'ignore'
[0.694s] Level 1:colcon.colcon_core.package_identification:_identify(src/zed-ros2-wrapper/zed_components) by extension 'ignore_ament_install'
[0.694s] Level 1:colcon.colcon_core.package_identification:_identify(src/zed-ros2-wrapper/zed_components) by extensions ['colcon_pkg']
[0.694s] Level 1:colcon.colcon_core.package_identification:_identify(src/zed-ros2-wrapper/zed_components) by extension 'colcon_pkg'
[0.694s] Level 1:colcon.colcon_core.package_identification:_identify(src/zed-ros2-wrapper/zed_components) by extensions ['colcon_meta']
[0.694s] Level 1:colcon.colcon_core.package_identification:_identify(src/zed-ros2-wrapper/zed_components) by extension 'colcon_meta'
[0.694s] Level 1:colcon.colcon_core.package_identification:_identify(src/zed-ros2-wrapper/zed_components) by extensions ['ros']
[0.694s] Level 1:colcon.colcon_core.package_identification:_identify(src/zed-ros2-wrapper/zed_components) by extension 'ros'
[0.696s] DEBUG:colcon.colcon_core.package_identification:Package 'src/zed-ros2-wrapper/zed_components' with type 'ros.ament_cmake' and name 'zed_components'
[0.697s] Level 1:colcon.colcon_core.package_identification:_identify(src/zed-ros2-wrapper/zed_ros2) by extensions ['ignore', 'ignore_ament_install']
[0.697s] Level 1:colcon.colcon_core.package_identification:_identify(src/zed-ros2-wrapper/zed_ros2) by extension 'ignore'
[0.697s] Level 1:colcon.colcon_core.package_identification:_identify(src/zed-ros2-wrapper/zed_ros2) by extension 'ignore_ament_install'
[0.697s] Level 1:colcon.colcon_core.package_identification:_identify(src/zed-ros2-wrapper/zed_ros2) by extensions ['colcon_pkg']
[0.697s] Level 1:colcon.colcon_core.package_identification:_identify(src/zed-ros2-wrapper/zed_ros2) by extension 'colcon_pkg'
[0.697s] Level 1:colcon.colcon_core.package_identification:_identify(src/zed-ros2-wrapper/zed_ros2) by extensions ['colcon_meta']
[0.697s] Level 1:colcon.colcon_core.package_identification:_identify(src/zed-ros2-wrapper/zed_ros2) by extension 'colcon_meta'
[0.698s] Level 1:colcon.colcon_core.package_identification:_identify(src/zed-ros2-wrapper/zed_ros2) by extensions ['ros']
[0.698s] Level 1:colcon.colcon_core.package_identification:_identify(src/zed-ros2-wrapper/zed_ros2) by extension 'ros'
[0.699s] DEBUG:colcon.colcon_core.package_identification:Package 'src/zed-ros2-wrapper/zed_ros2' with type 'ros.ament_cmake' and name 'zed_ros2'
[0.699s] Level 1:colcon.colcon_core.package_identification:_identify(src/zed-ros2-wrapper/zed_wrapper) by extensions ['ignore', 'ignore_ament_install']
[0.699s] Level 1:colcon.colcon_core.package_identification:_identify(src/zed-ros2-wrapper/zed_wrapper) by extension 'ignore'
[0.700s] Level 1:colcon.colcon_core.package_identification:_identify(src/zed-ros2-wrapper/zed_wrapper) by extension 'ignore_ament_install'
[0.700s] Level 1:colcon.colcon_core.package_identification:_identify(src/zed-ros2-wrapper/zed_wrapper) by extensions ['colcon_pkg']
[0.700s] Level 1:colcon.colcon_core.package_identification:_identify(src/zed-ros2-wrapper/zed_wrapper) by extension 'colcon_pkg'
[0.700s] Level 1:colcon.colcon_core.package_identification:_identify(src/zed-ros2-wrapper/zed_wrapper) by extensions ['colcon_meta']
[0.700s] Level 1:colcon.colcon_core.package_identification:_identify(src/zed-ros2-wrapper/zed_wrapper) by extension 'colcon_meta'
[0.700s] Level 1:colcon.colcon_core.package_identification:_identify(src/zed-ros2-wrapper/zed_wrapper) by extensions ['ros']
[0.700s] Level 1:colcon.colcon_core.package_identification:_identify(src/zed-ros2-wrapper/zed_wrapper) by extension 'ros'
[0.701s] DEBUG:colcon.colcon_core.package_identification:Package 'src/zed-ros2-wrapper/zed_wrapper' with type 'ros.ament_cmake' and name 'zed_wrapper'
[0.702s] Level 1:colcon.colcon_core.package_discovery:discover_packages(recursive) using defaults
[0.702s] Level 1:colcon.colcon_core.package_discovery:discover_packages(ignore) discover
[0.702s] Level 1:colcon.colcon_core.package_discovery:discover_packages(ignore) using defaults
[0.702s] Level 1:colcon.colcon_core.package_discovery:discover_packages(path) discover
[0.702s] Level 1:colcon.colcon_core.package_discovery:discover_packages(path) using defaults
[0.786s] Level 1:colcon.colcon_core.package_discovery:discover_packages(prefix_path) check parameters
[0.786s] Level 1:colcon.colcon_core.package_discovery:discover_packages(prefix_path) discover
[0.791s] DEBUG:colcon.colcon_installed_package_information.package_discovery:Found 5 installed packages in /home/mae-emrl3172/ros2_ws/install
[0.793s] DEBUG:colcon.colcon_installed_package_information.package_discovery:Found 275 installed packages in /opt/ros/humble
[0.796s] Level 1:colcon.colcon_core.package_discovery:discover_packages(prefix_path) using defaults
[0.876s] Level 5:colcon.colcon_core.verb:set package 'cyglidar_d1_ros2' build argument 'cmake_args' from command line to 'None'
[0.876s] Level 5:colcon.colcon_core.verb:set package 'cyglidar_d1_ros2' build argument 'cmake_target' from command line to 'None'
[0.877s] Level 5:colcon.colcon_core.verb:set package 'cyglidar_d1_ros2' build argument 'cmake_target_skip_unavailable' from command line to 'False'
[0.877s] Level 5:colcon.colcon_core.verb:set package 'cyglidar_d1_ros2' build argument 'cmake_clean_cache' from command line to 'False'
[0.877s] Level 5:colcon.colcon_core.verb:set package 'cyglidar_d1_ros2' build argument 'cmake_clean_first' from command line to 'False'
[0.877s] Level 5:colcon.colcon_core.verb:set package 'cyglidar_d1_ros2' build argument 'cmake_force_configure' from command line to 'False'
[0.877s] Level 5:colcon.colcon_core.verb:set package 'cyglidar_d1_ros2' build argument 'ament_cmake_args' from command line to 'None'
[0.877s] Level 5:colcon.colcon_core.verb:set package 'cyglidar_d1_ros2' build argument 'catkin_cmake_args' from command line to 'None'
[0.877s] Level 5:colcon.colcon_core.verb:set package 'cyglidar_d1_ros2' build argument 'catkin_skip_building_tests' from command line to 'False'
[0.877s] DEBUG:colcon.colcon_core.verb:Building package 'cyglidar_d1_ros2' with the following arguments: {'ament_cmake_args': None, 'build_base': '/home/mae-emrl3172/ros2_ws/build/cyglidar_d1_ros2', 'catkin_cmake_args': None, 'catkin_skip_building_tests': False, 'cmake_args': None, 'cmake_clean_cache': False, 'cmake_clean_first': False, 'cmake_force_configure': False, 'cmake_target': None, 'cmake_target_skip_unavailable': False, 'install_base': '/home/mae-emrl3172/ros2_ws/install/cyglidar_d1_ros2', 'merge_install': False, 'path': '/home/mae-emrl3172/ros2_ws/src/cyglidar_d1', 'symlink_install': False, 'test_result_base': None}
[0.878s] Level 5:colcon.colcon_core.verb:set package 'sUAV' build argument 'cmake_args' from command line to 'None'
[0.878s] Level 5:colcon.colcon_core.verb:set package 'sUAV' build argument 'cmake_target' from command line to 'None'
[0.878s] Level 5:colcon.colcon_core.verb:set package 'sUAV' build argument 'cmake_target_skip_unavailable' from command line to 'False'
[0.878s] Level 5:colcon.colcon_core.verb:set package 'sUAV' build argument 'cmake_clean_cache' from command line to 'False'
[0.878s] Level 5:colcon.colcon_core.verb:set package 'sUAV' build argument 'cmake_clean_first' from command line to 'False'
[0.878s] Level 5:colcon.colcon_core.verb:set package 'sUAV' build argument 'cmake_force_configure' from command line to 'False'
[0.878s] Level 5:colcon.colcon_core.verb:set package 'sUAV' build argument 'ament_cmake_args' from command line to 'None'
[0.878s] Level 5:colcon.colcon_core.verb:set package 'sUAV' build argument 'catkin_cmake_args' from command line to 'None'
[0.878s] Level 5:colcon.colcon_core.verb:set package 'sUAV' build argument 'catkin_skip_building_tests' from command line to 'False'
[0.878s] DEBUG:colcon.colcon_core.verb:Building package 'sUAV' with the following arguments: {'ament_cmake_args': None, 'build_base': '/home/mae-emrl3172/ros2_ws/build/sUAV', 'catkin_cmake_args': None, 'catkin_skip_building_tests': False, 'cmake_args': None, 'cmake_clean_cache': False, 'cmake_clean_first': False, 'cmake_force_configure': False, 'cmake_target': None, 'cmake_target_skip_unavailable': False, 'install_base': '/home/mae-emrl3172/ros2_ws/install/sUAV', 'merge_install': False, 'path': '/home/mae-emrl3172/ros2_ws/src/sUAV', 'symlink_install': False, 'test_result_base': None}
[0.879s] Level 5:colcon.colcon_core.verb:set package 'zed_interfaces' build argument 'cmake_args' from command line to 'None'
[0.879s] Level 5:colcon.colcon_core.verb:set package 'zed_interfaces' build argument 'cmake_target' from command line to 'None'
[0.879s] Level 5:colcon.colcon_core.verb:set package 'zed_interfaces' build argument 'cmake_target_skip_unavailable' from command line to 'False'
[0.879s] Level 5:colcon.colcon_core.verb:set package 'zed_interfaces' build argument 'cmake_clean_cache' from command line to 'False'
[0.879s] Level 5:colcon.colcon_core.verb:set package 'zed_interfaces' build argument 'cmake_clean_first' from command line to 'False'
[0.879s] Level 5:colcon.colcon_core.verb:set package 'zed_interfaces' build argument 'cmake_force_configure' from command line to 'False'
[0.879s] Level 5:colcon.colcon_core.verb:set package 'zed_interfaces' build argument 'ament_cmake_args' from command line to 'None'
[0.879s] Level 5:colcon.colcon_core.verb:set package 'zed_interfaces' build argument 'catkin_cmake_args' from command line to 'None'
[0.879s] Level 5:colcon.colcon_core.verb:set package 'zed_interfaces' build argument 'catkin_skip_building_tests' from command line to 'False'
[0.879s] DEBUG:colcon.colcon_core.verb:Building package 'zed_interfaces' with the following arguments: {'ament_cmake_args': None, 'build_base': '/home/mae-emrl3172/ros2_ws/build/zed_interfaces', 'catkin_cmake_args': None, 'catkin_skip_building_tests': False, 'cmake_args': None, 'cmake_clean_cache': False, 'cmake_clean_first': False, 'cmake_force_configure': False, 'cmake_target': None, 'cmake_target_skip_unavailable': False, 'install_base': '/home/mae-emrl3172/ros2_ws/install/zed_interfaces', 'merge_install': False, 'path': '/home/mae-emrl3172/ros2_ws/src/zed-ros2-wrapper/zed-ros2-interfaces', 'symlink_install': False, 'test_result_base': None}
[0.880s] Level 5:colcon.colcon_core.verb:set package 'zed_components' build argument 'cmake_args' from command line to 'None'
[0.880s] Level 5:colcon.colcon_core.verb:set package 'zed_components' build argument 'cmake_target' from command line to 'None'
[0.880s] Level 5:colcon.colcon_core.verb:set package 'zed_components' build argument 'cmake_target_skip_unavailable' from command line to 'False'
[0.880s] Level 5:colcon.colcon_core.verb:set package 'zed_components' build argument 'cmake_clean_cache' from command line to 'False'
[0.880s] Level 5:colcon.colcon_core.verb:set package 'zed_components' build argument 'cmake_clean_first' from command line to 'False'
[0.880s] Level 5:colcon.colcon_core.verb:set package 'zed_components' build argument 'cmake_force_configure' from command line to 'False'
[0.880s] Level 5:colcon.colcon_core.verb:set package 'zed_components' build argument 'ament_cmake_args' from command line to 'None'
[0.880s] Level 5:colcon.colcon_core.verb:set package 'zed_components' build argument 'catkin_cmake_args' from command line to 'None'
[0.881s] Level 5:colcon.colcon_core.verb:set package 'zed_components' build argument 'catkin_skip_building_tests' from command line to 'False'
[0.881s] DEBUG:colcon.colcon_core.verb:Building package 'zed_components' with the following arguments: {'ament_cmake_args': None, 'build_base': '/home/mae-emrl3172/ros2_ws/build/zed_components', 'catkin_cmake_args': None, 'catkin_skip_building_tests': False, 'cmake_args': None, 'cmake_clean_cache': False, 'cmake_clean_first': False, 'cmake_force_configure': False, 'cmake_target': None, 'cmake_target_skip_unavailable': False, 'install_base': '/home/mae-emrl3172/ros2_ws/install/zed_components', 'merge_install': False, 'path': '/home/mae-emrl3172/ros2_ws/src/zed-ros2-wrapper/zed_components', 'symlink_install': False, 'test_result_base': None}
[0.881s] Level 5:colcon.colcon_core.verb:set package 'zed_wrapper' build argument 'cmake_args' from command line to 'None'
[0.881s] Level 5:colcon.colcon_core.verb:set package 'zed_wrapper' build argument 'cmake_target' from command line to 'None'
[0.881s] Level 5:colcon.colcon_core.verb:set package 'zed_wrapper' build argument 'cmake_target_skip_unavailable' from command line to 'False'
[0.881s] Level 5:colcon.colcon_core.verb:set package 'zed_wrapper' build argument 'cmake_clean_cache' from command line to 'False'
[0.881s] Level 5:colcon.colcon_core.verb:set package 'zed_wrapper' build argument 'cmake_clean_first' from command line to 'False'
[0.881s] Level 5:colcon.colcon_core.verb:set package 'zed_wrapper' build argument 'cmake_force_configure' from command line to 'False'
[0.881s] Level 5:colcon.colcon_core.verb:set package 'zed_wrapper' build argument 'ament_cmake_args' from command line to 'None'
[0.882s] Level 5:colcon.colcon_core.verb:set package 'zed_wrapper' build argument 'catkin_cmake_args' from command line to 'None'
[0.882s] Level 5:colcon.colcon_core.verb:set package 'zed_wrapper' build argument 'catkin_skip_building_tests' from command line to 'False'
[0.882s] DEBUG:colcon.colcon_core.verb:Building package 'zed_wrapper' with the following arguments: {'ament_cmake_args': None, 'build_base': '/home/mae-emrl3172/ros2_ws/build/zed_wrapper', 'catkin_cmake_args': None, 'catkin_skip_building_tests': False, 'cmake_args': None, 'cmake_clean_cache': False, 'cmake_clean_first': False, 'cmake_force_configure': False, 'cmake_target': None, 'cmake_target_skip_unavailable': False, 'install_base': '/home/mae-emrl3172/ros2_ws/install/zed_wrapper', 'merge_install': False, 'path': '/home/mae-emrl3172/ros2_ws/src/zed-ros2-wrapper/zed_wrapper', 'symlink_install': False, 'test_result_base': None}
[0.882s] Level 5:colcon.colcon_core.verb:set package 'zed_ros2' build argument 'cmake_args' from command line to 'None'
[0.882s] Level 5:colcon.colcon_core.verb:set package 'zed_ros2' build argument 'cmake_target' from command line to 'None'
[0.882s] Level 5:colcon.colcon_core.verb:set package 'zed_ros2' build argument 'cmake_target_skip_unavailable' from command line to 'False'
[0.882s] Level 5:colcon.colcon_core.verb:set package 'zed_ros2' build argument 'cmake_clean_cache' from command line to 'False'
[0.883s] Level 5:colcon.colcon_core.verb:set package 'zed_ros2' build argument 'cmake_clean_first' from command line to 'False'
[0.883s] Level 5:colcon.colcon_core.verb:set package 'zed_ros2' build argument 'cmake_force_configure' from command line to 'False'
[0.883s] Level 5:colcon.colcon_core.verb:set package 'zed_ros2' build argument 'ament_cmake_args' from command line to 'None'
[0.883s] Level 5:colcon.colcon_core.verb:set package 'zed_ros2' build argument 'catkin_cmake_args' from command line to 'None'
[0.883s] Level 5:colcon.colcon_core.verb:set package 'zed_ros2' build argument 'catkin_skip_building_tests' from command line to 'False'
[0.883s] DEBUG:colcon.colcon_core.verb:Building package 'zed_ros2' with the following arguments: {'ament_cmake_args': None, 'build_base': '/home/mae-emrl3172/ros2_ws/build/zed_ros2', 'catkin_cmake_args': None, 'catkin_skip_building_tests': False, 'cmake_args': None, 'cmake_clean_cache': False, 'cmake_clean_first': False, 'cmake_force_configure': False, 'cmake_target': None, 'cmake_target_skip_unavailable': False, 'install_base': '/home/mae-emrl3172/ros2_ws/install/zed_ros2', 'merge_install': False, 'path': '/home/mae-emrl3172/ros2_ws/src/zed-ros2-wrapper/zed_ros2', 'symlink_install': False, 'test_result_base': None}
[0.883s] INFO:colcon.colcon_core.executor:Executing jobs using 'parallel' executor
[0.885s] DEBUG:colcon.colcon_parallel_executor.executor.parallel:run_until_complete
[0.886s] INFO:colcon.colcon_ros.task.ament_cmake.build:Building ROS package in '/home/mae-emrl3172/ros2_ws/src/zed-ros2-wrapper/zed-ros2-interfaces' with build type 'ament_cmake'
[0.887s] INFO:colcon.colcon_cmake.task.cmake.build:Building CMake package in '/home/mae-emrl3172/ros2_ws/src/zed-ros2-wrapper/zed-ros2-interfaces'
[0.891s] INFO:colcon.colcon_core.plugin_system:Skipping extension 'colcon_core.shell.bat': Not used on non-Windows systems
[0.891s] INFO:colcon.colcon_core.shell:Skip shell extension 'powershell' for command environment: Not usable outside of PowerShell
[0.892s] DEBUG:colcon.colcon_core.shell:Skip shell extension 'dsv' for command environment
[0.900s] INFO:colcon.colcon_ros.task.ament_cmake.build:Building ROS package in '/home/mae-emrl3172/ros2_ws/src/cyglidar_d1' with build type 'ament_cmake'
[0.900s] INFO:colcon.colcon_cmake.task.cmake.build:Building CMake package in '/home/mae-emrl3172/ros2_ws/src/cyglidar_d1'
[0.901s] INFO:colcon.colcon_core.shell:Skip shell extension 'powershell' for command environment: Not usable outside of PowerShell
[0.901s] DEBUG:colcon.colcon_core.shell:Skip shell extension 'dsv' for command environment
[0.908s] INFO:colcon.colcon_ros.task.ament_python.build:Building ROS package in '/home/mae-emrl3172/ros2_ws/src/sUAV' with build type 'ament_python'
[0.908s] Level 1:colcon.colcon_core.shell:create_environment_hook('sUAV', 'ament_prefix_path')
[0.909s] INFO:colcon.colcon_core.shell:Creating environment hook '/home/mae-emrl3172/ros2_ws/install/sUAV/share/sUAV/hook/ament_prefix_path.ps1'
[0.913s] INFO:colcon.colcon_core.shell:Creating environment descriptor '/home/mae-emrl3172/ros2_ws/install/sUAV/share/sUAV/hook/ament_prefix_path.dsv'
[0.914s] INFO:colcon.colcon_core.shell:Creating environment hook '/home/mae-emrl3172/ros2_ws/install/sUAV/share/sUAV/hook/ament_prefix_path.sh'
[0.916s] INFO:colcon.colcon_core.shell:Skip shell extension 'powershell' for command environment: Not usable outside of PowerShell
[0.916s] DEBUG:colcon.colcon_core.shell:Skip shell extension 'dsv' for command environment
[0.929s] DEBUG:colcon.colcon_core.event_handler.log_command:Invoking command in '/home/mae-emrl3172/ros2_ws/build/zed_interfaces': CMAKE_PREFIX_PATH=${CMAKE_PREFIX_PATH}:/home/mae-emrl3172/ros2_ws/install/sUAV:/opt/ros/humble /usr/bin/cmake /home/mae-emrl3172/ros2_ws/src/zed-ros2-wrapper/zed-ros2-interfaces -DCMAKE_INSTALL_PREFIX=/home/mae-emrl3172/ros2_ws/install/zed_interfaces
[0.940s] DEBUG:colcon.colcon_core.event_handler.log_command:Invoking command in '/home/mae-emrl3172/ros2_ws/build/cyglidar_d1_ros2': CMAKE_PREFIX_PATH=${CMAKE_PREFIX_PATH}:/home/mae-emrl3172/ros2_ws/install/sUAV:/opt/ros/humble /usr/bin/cmake /home/mae-emrl3172/ros2_ws/src/cyglidar_d1 -DCMAKE_INSTALL_PREFIX=/home/mae-emrl3172/ros2_ws/install/cyglidar_d1_ros2
[1.550s] INFO:colcon.colcon_core.task.python.build:Building Python package in '/home/mae-emrl3172/ros2_ws/src/sUAV'
[1.551s] INFO:colcon.colcon_core.shell:Skip shell extension 'powershell' for command environment: Not usable outside of PowerShell
[1.551s] DEBUG:colcon.colcon_core.shell:Skip shell extension 'dsv' for command environment
[2.419s] DEBUG:colcon.colcon_core.event_handler.log_command:Invoking command in '/home/mae-emrl3172/ros2_ws/build/sUAV': PYTHONPATH=/home/mae-emrl3172/ros2_ws/build/sUAV/prefix_override:/home/mae-emrl3172/ros2_ws/install/sUAV/lib/python3.10/site-packages:${PYTHONPATH} /usr/bin/python3 -W ignore:setup.py install is deprecated setup.py develop --uninstall --editable --build-directory /home/mae-emrl3172/ros2_ws/build/sUAV/build
[3.480s] DEBUG:colcon.colcon_core.event_handler.log_command:Invoked command in '/home/mae-emrl3172/ros2_ws/build/sUAV' returned '0': PYTHONPATH=/home/mae-emrl3172/ros2_ws/build/sUAV/prefix_override:/home/mae-emrl3172/ros2_ws/install/sUAV/lib/python3.10/site-packages:${PYTHONPATH} /usr/bin/python3 -W ignore:setup.py install is deprecated setup.py develop --uninstall --editable --build-directory /home/mae-emrl3172/ros2_ws/build/sUAV/build
[3.481s] DEBUG:colcon.colcon_core.event_handler.log_command:Invoking command in '/home/mae-emrl3172/ros2_ws/src/sUAV': PYTHONPATH=/home/mae-emrl3172/ros2_ws/build/sUAV/prefix_override:/home/mae-emrl3172/ros2_ws/install/sUAV/lib/python3.10/site-packages:${PYTHONPATH} /usr/bin/python3 -W ignore:setup.py install is deprecated setup.py egg_info --egg-base ../../build/sUAV build --build-base /home/mae-emrl3172/ros2_ws/build/sUAV/build install --record /home/mae-emrl3172/ros2_ws/build/sUAV/install.log --install-scripts $base/lib/sUAV --single-version-externally-managed install_data --force
[4.170s] DEBUG:colcon.colcon_core.event_handler.log_command:Invoked command in '/home/mae-emrl3172/ros2_ws/src/sUAV' returned '0': PYTHONPATH=/home/mae-emrl3172/ros2_ws/build/sUAV/prefix_override:/home/mae-emrl3172/ros2_ws/install/sUAV/lib/python3.10/site-packages:${PYTHONPATH} /usr/bin/python3 -W ignore:setup.py install is deprecated setup.py egg_info --egg-base ../../build/sUAV build --build-base /home/mae-emrl3172/ros2_ws/build/sUAV/build install --record /home/mae-emrl3172/ros2_ws/build/sUAV/install.log --install-scripts $base/lib/sUAV --single-version-externally-managed install_data --force
[4.179s] Level 1:colcon.colcon_core.environment:checking '/home/mae-emrl3172/ros2_ws/install/sUAV' for CMake module files
[4.181s] Level 1:colcon.colcon_core.environment:checking '/home/mae-emrl3172/ros2_ws/install/sUAV' for CMake config files
[4.183s] Level 1:colcon.colcon_core.environment:checking '/home/mae-emrl3172/ros2_ws/install/sUAV/lib'
[4.184s] Level 1:colcon.colcon_core.environment:checking '/home/mae-emrl3172/ros2_ws/install/sUAV/bin'
[4.184s] Level 1:colcon.colcon_core.environment:checking '/home/mae-emrl3172/ros2_ws/install/sUAV/lib/pkgconfig/sUAV.pc'
[4.185s] Level 1:colcon.colcon_core.environment:checking '/home/mae-emrl3172/ros2_ws/install/sUAV/lib/python3.10/site-packages'
[4.185s] Level 1:colcon.colcon_core.shell:create_environment_hook('sUAV', 'pythonpath')
[4.186s] INFO:colcon.colcon_core.shell:Creating environment hook '/home/mae-emrl3172/ros2_ws/install/sUAV/share/sUAV/hook/pythonpath.ps1'
[4.188s] INFO:colcon.colcon_core.shell:Creating environment descriptor '/home/mae-emrl3172/ros2_ws/install/sUAV/share/sUAV/hook/pythonpath.dsv'
[4.189s] INFO:colcon.colcon_core.shell:Creating environment hook '/home/mae-emrl3172/ros2_ws/install/sUAV/share/sUAV/hook/pythonpath.sh'
[4.191s] Level 1:colcon.colcon_core.environment:checking '/home/mae-emrl3172/ros2_ws/install/sUAV/bin'
[4.191s] Level 1:colcon.colcon_core.environment:create_environment_scripts_only(sUAV)
[4.193s] INFO:colcon.colcon_core.shell:Creating package script '/home/mae-emrl3172/ros2_ws/install/sUAV/share/sUAV/package.ps1'
[4.196s] INFO:colcon.colcon_core.shell:Creating package descriptor '/home/mae-emrl3172/ros2_ws/install/sUAV/share/sUAV/package.dsv'
[4.199s] INFO:colcon.colcon_core.shell:Creating package script '/home/mae-emrl3172/ros2_ws/install/sUAV/share/sUAV/package.sh'
[4.202s] INFO:colcon.colcon_core.shell:Creating package script '/home/mae-emrl3172/ros2_ws/install/sUAV/share/sUAV/package.bash'
[4.205s] INFO:colcon.colcon_core.shell:Creating package script '/home/mae-emrl3172/ros2_ws/install/sUAV/share/sUAV/package.zsh'
[4.207s] Level 1:colcon.colcon_core.environment:create_file_with_runtime_dependencies(/home/mae-emrl3172/ros2_ws/install/sUAV/share/colcon-core/packages/sUAV)
[4.602s] DEBUG:colcon.colcon_core.event_handler.log_command:Invoked command in '/home/mae-emrl3172/ros2_ws/build/zed_interfaces' returned '0': CMAKE_PREFIX_PATH=${CMAKE_PREFIX_PATH}:/home/mae-emrl3172/ros2_ws/install/sUAV:/opt/ros/humble /usr/bin/cmake /home/mae-emrl3172/ros2_ws/src/zed-ros2-wrapper/zed-ros2-interfaces -DCMAKE_INSTALL_PREFIX=/home/mae-emrl3172/ros2_ws/install/zed_interfaces
[4.609s] DEBUG:colcon.colcon_core.event_handler.log_command:Invoking command in '/home/mae-emrl3172/ros2_ws/build/zed_interfaces': CMAKE_PREFIX_PATH=${CMAKE_PREFIX_PATH}:/home/mae-emrl3172/ros2_ws/install/sUAV:/opt/ros/humble /usr/bin/cmake --build /home/mae-emrl3172/ros2_ws/build/zed_interfaces -- -j6 -l6
[5.583s] DEBUG:colcon.colcon_core.event_handler.log_command:Invoked command in '/home/mae-emrl3172/ros2_ws/build/zed_interfaces' returned '0': CMAKE_PREFIX_PATH=${CMAKE_PREFIX_PATH}:/home/mae-emrl3172/ros2_ws/install/sUAV:/opt/ros/humble /usr/bin/cmake --build /home/mae-emrl3172/ros2_ws/build/zed_interfaces -- -j6 -l6
[6.543s] DEBUG:colcon.colcon_core.event_handler.log_command:Invoking command in '/home/mae-emrl3172/ros2_ws/build/zed_interfaces': CMAKE_PREFIX_PATH=${CMAKE_PREFIX_PATH}:/home/mae-emrl3172/ros2_ws/install/sUAV:/opt/ros/humble /usr/bin/cmake --install /home/mae-emrl3172/ros2_ws/build/zed_interfaces
[6.809s] Level 1:colcon.colcon_core.environment:create_environment_scripts_only(zed_interfaces)
[6.810s] Level 1:colcon.colcon_core.environment:checking '/home/mae-emrl3172/ros2_ws/install/zed_interfaces' for CMake module files
[6.811s] DEBUG:colcon.colcon_core.event_handler.log_command:Invoked command in '/home/mae-emrl3172/ros2_ws/build/zed_interfaces' returned '0': CMAKE_PREFIX_PATH=${CMAKE_PREFIX_PATH}:/home/mae-emrl3172/ros2_ws/install/sUAV:/opt/ros/humble /usr/bin/cmake --install /home/mae-emrl3172/ros2_ws/build/zed_interfaces
[6.813s] Level 1:colcon.colcon_core.environment:checking '/home/mae-emrl3172/ros2_ws/install/zed_interfaces' for CMake config files
[6.819s] Level 1:colcon.colcon_core.shell:create_environment_hook('zed_interfaces', 'cmake_prefix_path')
[6.820s] INFO:colcon.colcon_core.shell:Creating environment hook '/home/mae-emrl3172/ros2_ws/install/zed_interfaces/share/zed_interfaces/hook/cmake_prefix_path.ps1'
[6.822s] INFO:colcon.colcon_core.shell:Creating environment descriptor '/home/mae-emrl3172/ros2_ws/install/zed_interfaces/share/zed_interfaces/hook/cmake_prefix_path.dsv'
[6.822s] INFO:colcon.colcon_core.shell:Creating environment hook '/home/mae-emrl3172/ros2_ws/install/zed_interfaces/share/zed_interfaces/hook/cmake_prefix_path.sh'
[6.824s] Level 1:colcon.colcon_core.environment:checking '/home/mae-emrl3172/ros2_ws/install/zed_interfaces/lib'
[6.824s] Level 1:colcon.colcon_core.shell:create_environment_hook('zed_interfaces', 'ld_library_path_lib')
[6.824s] INFO:colcon.colcon_core.shell:Creating environment hook '/home/mae-emrl3172/ros2_ws/install/zed_interfaces/share/zed_interfaces/hook/ld_library_path_lib.ps1'
[6.825s] INFO:colcon.colcon_core.shell:Creating environment descriptor '/home/mae-emrl3172/ros2_ws/install/zed_interfaces/share/zed_interfaces/hook/ld_library_path_lib.dsv'
[6.826s] INFO:colcon.colcon_core.shell:Creating environment hook '/home/mae-emrl3172/ros2_ws/install/zed_interfaces/share/zed_interfaces/hook/ld_library_path_lib.sh'
[6.827s] Level 1:colcon.colcon_core.environment:checking '/home/mae-emrl3172/ros2_ws/install/zed_interfaces/bin'
[6.827s] Level 1:colcon.colcon_core.environment:checking '/home/mae-emrl3172/ros2_ws/install/zed_interfaces/lib/pkgconfig/zed_interfaces.pc'
[6.828s] Level 1:colcon.colcon_core.environment:checking '/home/mae-emrl3172/ros2_ws/install/zed_interfaces/lib/python3.10/site-packages'
[6.828s] Level 1:colcon.colcon_core.environment:checking '/home/mae-emrl3172/ros2_ws/install/zed_interfaces/bin'
[6.829s] INFO:colcon.colcon_core.shell:Creating package script '/home/mae-emrl3172/ros2_ws/install/zed_interfaces/share/zed_interfaces/package.ps1'
[6.830s] INFO:colcon.colcon_core.shell:Creating package descriptor '/home/mae-emrl3172/ros2_ws/install/zed_interfaces/share/zed_interfaces/package.dsv'
[6.832s] INFO:colcon.colcon_core.shell:Creating package script '/home/mae-emrl3172/ros2_ws/install/zed_interfaces/share/zed_interfaces/package.sh'
[6.833s] INFO:colcon.colcon_core.shell:Creating package script '/home/mae-emrl3172/ros2_ws/install/zed_interfaces/share/zed_interfaces/package.bash'
[6.834s] INFO:colcon.colcon_core.shell:Creating package script '/home/mae-emrl3172/ros2_ws/install/zed_interfaces/share/zed_interfaces/package.zsh'
[6.835s] Level 1:colcon.colcon_core.environment:create_file_with_runtime_dependencies(/home/mae-emrl3172/ros2_ws/install/zed_interfaces/share/colcon-core/packages/zed_interfaces)
[7.749s] Level 1:colcon.colcon_core.environment:create_environment_scripts_only(zed_interfaces)
[7.750s] Level 1:colcon.colcon_core.environment:checking '/home/mae-emrl3172/ros2_ws/install/zed_interfaces' for CMake module files
[7.751s] Level 1:colcon.colcon_core.environment:checking '/home/mae-emrl3172/ros2_ws/install/zed_interfaces' for CMake config files
[7.759s] Level 1:colcon.colcon_core.shell:create_environment_hook('zed_interfaces', 'cmake_prefix_path')
[7.760s] INFO:colcon.colcon_core.shell:Creating environment hook '/home/mae-emrl3172/ros2_ws/install/zed_interfaces/share/zed_interfaces/hook/cmake_prefix_path.ps1'
[7.763s] INFO:colcon.colcon_core.shell:Creating environment descriptor '/home/mae-emrl3172/ros2_ws/install/zed_interfaces/share/zed_interfaces/hook/cmake_prefix_path.dsv'
[7.764s] INFO:colcon.colcon_core.shell:Creating environment hook '/home/mae-emrl3172/ros2_ws/install/zed_interfaces/share/zed_interfaces/hook/cmake_prefix_path.sh'
[7.765s] Level 1:colcon.colcon_core.environment:checking '/home/mae-emrl3172/ros2_ws/install/zed_interfaces/lib'
[7.765s] Level 1:colcon.colcon_core.shell:create_environment_hook('zed_interfaces', 'ld_library_path_lib')
[7.766s] INFO:colcon.colcon_core.shell:Creating environment hook '/home/mae-emrl3172/ros2_ws/install/zed_interfaces/share/zed_interfaces/hook/ld_library_path_lib.ps1'
[7.768s] INFO:colcon.colcon_core.shell:Creating environment descriptor '/home/mae-emrl3172/ros2_ws/install/zed_interfaces/share/zed_interfaces/hook/ld_library_path_lib.dsv'
[7.768s] INFO:colcon.colcon_core.shell:Creating environment hook '/home/mae-emrl3172/ros2_ws/install/zed_interfaces/share/zed_interfaces/hook/ld_library_path_lib.sh'
[7.770s] Level 1:colcon.colcon_core.environment:checking '/home/mae-emrl3172/ros2_ws/install/zed_interfaces/bin'
[7.770s] Level 1:colcon.colcon_core.environment:checking '/home/mae-emrl3172/ros2_ws/install/zed_interfaces/lib/pkgconfig/zed_interfaces.pc'
[7.771s] Level 1:colcon.colcon_core.environment:checking '/home/mae-emrl3172/ros2_ws/install/zed_interfaces/lib/python3.10/site-packages'
[7.771s] Level 1:colcon.colcon_core.environment:checking '/home/mae-emrl3172/ros2_ws/install/zed_interfaces/bin'
[7.772s] INFO:colcon.colcon_core.shell:Creating package script '/home/mae-emrl3172/ros2_ws/install/zed_interfaces/share/zed_interfaces/package.ps1'
[7.774s] INFO:colcon.colcon_core.shell:Creating package descriptor '/home/mae-emrl3172/ros2_ws/install/zed_interfaces/share/zed_interfaces/package.dsv'
[7.775s] INFO:colcon.colcon_core.shell:Creating package script '/home/mae-emrl3172/ros2_ws/install/zed_interfaces/share/zed_interfaces/package.sh'
[7.776s] INFO:colcon.colcon_core.shell:Creating package script '/home/mae-emrl3172/ros2_ws/install/zed_interfaces/share/zed_interfaces/package.bash'
[7.777s] INFO:colcon.colcon_core.shell:Creating package script '/home/mae-emrl3172/ros2_ws/install/zed_interfaces/share/zed_interfaces/package.zsh'
[7.778s] Level 1:colcon.colcon_core.environment:create_file_with_runtime_dependencies(/home/mae-emrl3172/ros2_ws/install/zed_interfaces/share/colcon-core/packages/zed_interfaces)
[7.781s] INFO:colcon.colcon_ros.task.ament_cmake.build:Building ROS package in '/home/mae-emrl3172/ros2_ws/src/zed-ros2-wrapper/zed_components' with build type 'ament_cmake'
[7.781s] INFO:colcon.colcon_cmake.task.cmake.build:Building CMake package in '/home/mae-emrl3172/ros2_ws/src/zed-ros2-wrapper/zed_components'
[7.782s] INFO:colcon.colcon_core.shell:Skip shell extension 'powershell' for command environment: Not usable outside of PowerShell
[7.782s] DEBUG:colcon.colcon_core.shell:Skip shell extension 'dsv' for command environment
[7.808s] DEBUG:colcon.colcon_core.event_handler.log_command:Invoking command in '/home/mae-emrl3172/ros2_ws/build/zed_components': CMAKE_PREFIX_PATH=/home/mae-emrl3172/ros2_ws/install/zed_interfaces:/home/mae-emrl3172/ros2_ws/install/zed_ros2:/home/mae-emrl3172/ros2_ws/install/zed_wrapper:/home/mae-emrl3172/ros2_ws/install/zed_components:/home/mae-emrl3172/ros2_ws/install/sUAV:/opt/ros/humble LD_LIBRARY_PATH=/home/mae-emrl3172/ros2_ws/install/zed_interfaces/lib:/usr/local/cuda-12.2/lib64:/home/mae-emrl3172/ros2_ws/install/zed_components/lib:/usr/local/cuda-12.2/lib64:/opt/ros/humble/opt/rviz_ogre_vendor/lib:/opt/ros/humble/lib/aarch64-linux-gnu:/opt/ros/humble/lib:/usr/local/cuda-12.2/lib64 /usr/bin/cmake /home/mae-emrl3172/ros2_ws/src/zed-ros2-wrapper/zed_components -DCMAKE_INSTALL_PREFIX=/home/mae-emrl3172/ros2_ws/install/zed_components
[9.312s] DEBUG:colcon.colcon_core.event_handler.log_command:Invoked command in '/home/mae-emrl3172/ros2_ws/build/cyglidar_d1_ros2' returned '0': CMAKE_PREFIX_PATH=${CMAKE_PREFIX_PATH}:/home/mae-emrl3172/ros2_ws/install/sUAV:/opt/ros/humble /usr/bin/cmake /home/mae-emrl3172/ros2_ws/src/cyglidar_d1 -DCMAKE_INSTALL_PREFIX=/home/mae-emrl3172/ros2_ws/install/cyglidar_d1_ros2
[9.317s] DEBUG:colcon.colcon_core.event_handler.log_command:Invoking command in '/home/mae-emrl3172/ros2_ws/build/cyglidar_d1_ros2': CMAKE_PREFIX_PATH=${CMAKE_PREFIX_PATH}:/home/mae-emrl3172/ros2_ws/install/sUAV:/opt/ros/humble /usr/bin/cmake --build /home/mae-emrl3172/ros2_ws/build/cyglidar_d1_ros2 -- -j6 -l6
[13.612s] DEBUG:colcon.colcon_core.event_handler.log_command:Invoked command in '/home/mae-emrl3172/ros2_ws/build/zed_components' returned '0': CMAKE_PREFIX_PATH=/home/mae-emrl3172/ros2_ws/install/zed_interfaces:/home/mae-emrl3172/ros2_ws/install/zed_ros2:/home/mae-emrl3172/ros2_ws/install/zed_wrapper:/home/mae-emrl3172/ros2_ws/install/zed_components:/home/mae-emrl3172/ros2_ws/install/sUAV:/opt/ros/humble LD_LIBRARY_PATH=/home/mae-emrl3172/ros2_ws/install/zed_interfaces/lib:/usr/local/cuda-12.2/lib64:/home/mae-emrl3172/ros2_ws/install/zed_components/lib:/usr/local/cuda-12.2/lib64:/opt/ros/humble/opt/rviz_ogre_vendor/lib:/opt/ros/humble/lib/aarch64-linux-gnu:/opt/ros/humble/lib:/usr/local/cuda-12.2/lib64 /usr/bin/cmake /home/mae-emrl3172/ros2_ws/src/zed-ros2-wrapper/zed_components -DCMAKE_INSTALL_PREFIX=/home/mae-emrl3172/ros2_ws/install/zed_components
[13.613s] DEBUG:colcon.colcon_core.event_handler.log_command:Invoking command in '/home/mae-emrl3172/ros2_ws/build/zed_components': CMAKE_PREFIX_PATH=/home/mae-emrl3172/ros2_ws/install/zed_interfaces:/home/mae-emrl3172/ros2_ws/install/zed_ros2:/home/mae-emrl3172/ros2_ws/install/zed_wrapper:/home/mae-emrl3172/ros2_ws/install/zed_components:/home/mae-emrl3172/ros2_ws/install/sUAV:/opt/ros/humble LD_LIBRARY_PATH=/home/mae-emrl3172/ros2_ws/install/zed_interfaces/lib:/usr/local/cuda-12.2/lib64:/home/mae-emrl3172/ros2_ws/install/zed_components/lib:/usr/local/cuda-12.2/lib64:/opt/ros/humble/opt/rviz_ogre_vendor/lib:/opt/ros/humble/lib/aarch64-linux-gnu:/opt/ros/humble/lib:/usr/local/cuda-12.2/lib64 /usr/bin/cmake --build /home/mae-emrl3172/ros2_ws/build/zed_components -- -j6 -l6
[14.113s] DEBUG:colcon.colcon_core.event_handler.log_command:Invoked command in '/home/mae-emrl3172/ros2_ws/build/zed_components' returned '0': CMAKE_PREFIX_PATH=/home/mae-emrl3172/ros2_ws/install/zed_interfaces:/home/mae-emrl3172/ros2_ws/install/zed_ros2:/home/mae-emrl3172/ros2_ws/install/zed_wrapper:/home/mae-emrl3172/ros2_ws/install/zed_components:/home/mae-emrl3172/ros2_ws/install/sUAV:/opt/ros/humble LD_LIBRARY_PATH=/home/mae-emrl3172/ros2_ws/install/zed_interfaces/lib:/usr/local/cuda-12.2/lib64:/home/mae-emrl3172/ros2_ws/install/zed_components/lib:/usr/local/cuda-12.2/lib64:/opt/ros/humble/opt/rviz_ogre_vendor/lib:/opt/ros/humble/lib/aarch64-linux-gnu:/opt/ros/humble/lib:/usr/local/cuda-12.2/lib64 /usr/bin/cmake --build /home/mae-emrl3172/ros2_ws/build/zed_components -- -j6 -l6
[14.224s] DEBUG:colcon.colcon_core.event_handler.log_command:Invoking command in '/home/mae-emrl3172/ros2_ws/build/zed_components': CMAKE_PREFIX_PATH=/home/mae-emrl3172/ros2_ws/install/zed_interfaces:/home/mae-emrl3172/ros2_ws/install/zed_ros2:/home/mae-emrl3172/ros2_ws/install/zed_wrapper:/home/mae-emrl3172/ros2_ws/install/zed_components:/home/mae-emrl3172/ros2_ws/install/sUAV:/opt/ros/humble LD_LIBRARY_PATH=/home/mae-emrl3172/ros2_ws/install/zed_interfaces/lib:/usr/local/cuda-12.2/lib64:/home/mae-emrl3172/ros2_ws/install/zed_components/lib:/usr/local/cuda-12.2/lib64:/opt/ros/humble/opt/rviz_ogre_vendor/lib:/opt/ros/humble/lib/aarch64-linux-gnu:/opt/ros/humble/lib:/usr/local/cuda-12.2/lib64 /usr/bin/cmake --install /home/mae-emrl3172/ros2_ws/build/zed_components
[14.288s] Level 1:colcon.colcon_core.environment:create_environment_scripts_only(zed_components)
[14.290s] Level 1:colcon.colcon_core.environment:checking '/home/mae-emrl3172/ros2_ws/install/zed_components' for CMake module files
[14.292s] Level 1:colcon.colcon_core.environment:checking '/home/mae-emrl3172/ros2_ws/install/zed_components' for CMake config files
[14.291s] DEBUG:colcon.colcon_core.event_handler.log_command:Invoked command in '/home/mae-emrl3172/ros2_ws/build/zed_components' returned '0': CMAKE_PREFIX_PATH=/home/mae-emrl3172/ros2_ws/install/zed_interfaces:/home/mae-emrl3172/ros2_ws/install/zed_ros2:/home/mae-emrl3172/ros2_ws/install/zed_wrapper:/home/mae-emrl3172/ros2_ws/install/zed_components:/home/mae-emrl3172/ros2_ws/install/sUAV:/opt/ros/humble LD_LIBRARY_PATH=/home/mae-emrl3172/ros2_ws/install/zed_interfaces/lib:/usr/local/cuda-12.2/lib64:/home/mae-emrl3172/ros2_ws/install/zed_components/lib:/usr/local/cuda-12.2/lib64:/opt/ros/humble/opt/rviz_ogre_vendor/lib:/opt/ros/humble/lib/aarch64-linux-gnu:/opt/ros/humble/lib:/usr/local/cuda-12.2/lib64 /usr/bin/cmake --install /home/mae-emrl3172/ros2_ws/build/zed_components
[14.293s] Level 1:colcon.colcon_core.shell:create_environment_hook('zed_components', 'cmake_prefix_path')
[14.294s] INFO:colcon.colcon_core.shell:Creating environment hook '/home/mae-emrl3172/ros2_ws/install/zed_components/share/zed_components/hook/cmake_prefix_path.ps1'
[14.295s] INFO:colcon.colcon_core.shell:Creating environment descriptor '/home/mae-emrl3172/ros2_ws/install/zed_components/share/zed_components/hook/cmake_prefix_path.dsv'
[14.296s] INFO:colcon.colcon_core.shell:Creating environment hook '/home/mae-emrl3172/ros2_ws/install/zed_components/share/zed_components/hook/cmake_prefix_path.sh'
[14.299s] Level 1:colcon.colcon_core.environment:checking '/home/mae-emrl3172/ros2_ws/install/zed_components/lib'
[14.299s] Level 1:colcon.colcon_core.shell:create_environment_hook('zed_components', 'ld_library_path_lib')
[14.300s] INFO:colcon.colcon_core.shell:Creating environment hook '/home/mae-emrl3172/ros2_ws/install/zed_components/share/zed_components/hook/ld_library_path_lib.ps1'
[14.301s] INFO:colcon.colcon_core.shell:Creating environment descriptor '/home/mae-emrl3172/ros2_ws/install/zed_components/share/zed_components/hook/ld_library_path_lib.dsv'
[14.302s] INFO:colcon.colcon_core.shell:Creating environment hook '/home/mae-emrl3172/ros2_ws/install/zed_components/share/zed_components/hook/ld_library_path_lib.sh'
[14.303s] Level 1:colcon.colcon_core.environment:checking '/home/mae-emrl3172/ros2_ws/install/zed_components/bin'
[14.303s] Level 1:colcon.colcon_core.environment:checking '/home/mae-emrl3172/ros2_ws/install/zed_components/lib/pkgconfig/zed_components.pc'
[14.303s] Level 1:colcon.colcon_core.environment:checking '/home/mae-emrl3172/ros2_ws/install/zed_components/lib/python3.10/site-packages'
[14.304s] Level 1:colcon.colcon_core.environment:checking '/home/mae-emrl3172/ros2_ws/install/zed_components/bin'
[14.305s] INFO:colcon.colcon_core.shell:Creating package script '/home/mae-emrl3172/ros2_ws/install/zed_components/share/zed_components/package.ps1'
[14.306s] INFO:colcon.colcon_core.shell:Creating package descriptor '/home/mae-emrl3172/ros2_ws/install/zed_components/share/zed_components/package.dsv'
[14.307s] INFO:colcon.colcon_core.shell:Creating package script '/home/mae-emrl3172/ros2_ws/install/zed_components/share/zed_components/package.sh'
[14.308s] INFO:colcon.colcon_core.shell:Creating package script '/home/mae-emrl3172/ros2_ws/install/zed_components/share/zed_components/package.bash'
[14.309s] INFO:colcon.colcon_core.shell:Creating package script '/home/mae-emrl3172/ros2_ws/install/zed_components/share/zed_components/package.zsh'
[14.311s] Level 1:colcon.colcon_core.environment:create_file_with_runtime_dependencies(/home/mae-emrl3172/ros2_ws/install/zed_components/share/colcon-core/packages/zed_components)
[14.658s] Level 1:colcon.colcon_core.environment:create_environment_scripts_only(zed_components)
[14.659s] Level 1:colcon.colcon_core.environment:checking '/home/mae-emrl3172/ros2_ws/install/zed_components' for CMake module files
[14.660s] Level 1:colcon.colcon_core.environment:checking '/home/mae-emrl3172/ros2_ws/install/zed_components' for CMake config files
[14.661s] Level 1:colcon.colcon_core.shell:create_environment_hook('zed_components', 'cmake_prefix_path')
[14.662s] INFO:colcon.colcon_core.shell:Creating environment hook '/home/mae-emrl3172/ros2_ws/install/zed_components/share/zed_components/hook/cmake_prefix_path.ps1'
[14.663s] INFO:colcon.colcon_core.shell:Creating environment descriptor '/home/mae-emrl3172/ros2_ws/install/zed_components/share/zed_components/hook/cmake_prefix_path.dsv'
[14.664s] INFO:colcon.colcon_core.shell:Creating environment hook '/home/mae-emrl3172/ros2_ws/install/zed_components/share/zed_components/hook/cmake_prefix_path.sh'
[14.665s] Level 1:colcon.colcon_core.environment:checking '/home/mae-emrl3172/ros2_ws/install/zed_components/lib'
[14.665s] Level 1:colcon.colcon_core.shell:create_environment_hook('zed_components', 'ld_library_path_lib')
[14.666s] INFO:colcon.colcon_core.shell:Creating environment hook '/home/mae-emrl3172/ros2_ws/install/zed_components/share/zed_components/hook/ld_library_path_lib.ps1'
[14.667s] INFO:colcon.colcon_core.shell:Creating environment descriptor '/home/mae-emrl3172/ros2_ws/install/zed_components/share/zed_components/hook/ld_library_path_lib.dsv'
[14.668s] INFO:colcon.colcon_core.shell:Creating environment hook '/home/mae-emrl3172/ros2_ws/install/zed_components/share/zed_components/hook/ld_library_path_lib.sh'
[14.669s] Level 1:colcon.colcon_core.environment:checking '/home/mae-emrl3172/ros2_ws/install/zed_components/bin'
[14.669s] Level 1:colcon.colcon_core.environment:checking '/home/mae-emrl3172/ros2_ws/install/zed_components/lib/pkgconfig/zed_components.pc'
[14.670s] Level 1:colcon.colcon_core.environment:checking '/home/mae-emrl3172/ros2_ws/install/zed_components/lib/python3.10/site-packages'
[14.670s] Level 1:colcon.colcon_core.environment:checking '/home/mae-emrl3172/ros2_ws/install/zed_components/bin'
[14.671s] INFO:colcon.colcon_core.shell:Creating package script '/home/mae-emrl3172/ros2_ws/install/zed_components/share/zed_components/package.ps1'
[14.674s] INFO:colcon.colcon_core.shell:Creating package descriptor '/home/mae-emrl3172/ros2_ws/install/zed_components/share/zed_components/package.dsv'
[14.676s] INFO:colcon.colcon_core.shell:Creating package script '/home/mae-emrl3172/ros2_ws/install/zed_components/share/zed_components/package.sh'
[14.678s] INFO:colcon.colcon_core.shell:Creating package script '/home/mae-emrl3172/ros2_ws/install/zed_components/share/zed_components/package.bash'
[14.682s] INFO:colcon.colcon_core.shell:Creating package script '/home/mae-emrl3172/ros2_ws/install/zed_components/share/zed_components/package.zsh'
[14.684s] Level 1:colcon.colcon_core.environment:create_file_with_runtime_dependencies(/home/mae-emrl3172/ros2_ws/install/zed_components/share/colcon-core/packages/zed_components)
[14.685s] INFO:colcon.colcon_ros.task.ament_cmake.build:Building ROS package in '/home/mae-emrl3172/ros2_ws/src/zed-ros2-wrapper/zed_wrapper' with build type 'ament_cmake'
[14.685s] INFO:colcon.colcon_cmake.task.cmake.build:Building CMake package in '/home/mae-emrl3172/ros2_ws/src/zed-ros2-wrapper/zed_wrapper'
[14.686s] INFO:colcon.colcon_core.shell:Skip shell extension 'powershell' for command environment: Not usable outside of PowerShell
[14.687s] DEBUG:colcon.colcon_core.shell:Skip shell extension 'dsv' for command environment
[14.741s] DEBUG:colcon.colcon_core.event_handler.log_command:Invoking command in '/home/mae-emrl3172/ros2_ws/build/zed_wrapper': CMAKE_PREFIX_PATH=/home/mae-emrl3172/ros2_ws/install/zed_components:/home/mae-emrl3172/ros2_ws/install/zed_interfaces:/home/mae-emrl3172/ros2_ws/install/zed_ros2:/home/mae-emrl3172/ros2_ws/install/zed_wrapper:/home/mae-emrl3172/ros2_ws/install/sUAV:/opt/ros/humble LD_LIBRARY_PATH=/home/mae-emrl3172/ros2_ws/install/zed_components/lib:/home/mae-emrl3172/ros2_ws/install/zed_interfaces/lib:/usr/local/cuda-12.2/lib64:/usr/local/cuda-12.2/lib64:/opt/ros/humble/opt/rviz_ogre_vendor/lib:/opt/ros/humble/lib/aarch64-linux-gnu:/opt/ros/humble/lib:/usr/local/cuda-12.2/lib64 /usr/bin/cmake /home/mae-emrl3172/ros2_ws/src/zed-ros2-wrapper/zed_wrapper -DCMAKE_INSTALL_PREFIX=/home/mae-emrl3172/ros2_ws/install/zed_wrapper
[24.902s] DEBUG:colcon.colcon_core.event_handler.log_command:Invoked command in '/home/mae-emrl3172/ros2_ws/build/zed_wrapper' returned '0': CMAKE_PREFIX_PATH=/home/mae-emrl3172/ros2_ws/install/zed_components:/home/mae-emrl3172/ros2_ws/install/zed_interfaces:/home/mae-emrl3172/ros2_ws/install/zed_ros2:/home/mae-emrl3172/ros2_ws/install/zed_wrapper:/home/mae-emrl3172/ros2_ws/install/sUAV:/opt/ros/humble LD_LIBRARY_PATH=/home/mae-emrl3172/ros2_ws/install/zed_components/lib:/home/mae-emrl3172/ros2_ws/install/zed_interfaces/lib:/usr/local/cuda-12.2/lib64:/usr/local/cuda-12.2/lib64:/opt/ros/humble/opt/rviz_ogre_vendor/lib:/opt/ros/humble/lib/aarch64-linux-gnu:/opt/ros/humble/lib:/usr/local/cuda-12.2/lib64 /usr/bin/cmake /home/mae-emrl3172/ros2_ws/src/zed-ros2-wrapper/zed_wrapper -DCMAKE_INSTALL_PREFIX=/home/mae-emrl3172/ros2_ws/install/zed_wrapper
[24.915s] DEBUG:colcon.colcon_core.event_handler.log_command:Invoking command in '/home/mae-emrl3172/ros2_ws/build/zed_wrapper': CMAKE_PREFIX_PATH=/home/mae-emrl3172/ros2_ws/install/zed_components:/home/mae-emrl3172/ros2_ws/install/zed_interfaces:/home/mae-emrl3172/ros2_ws/install/zed_ros2:/home/mae-emrl3172/ros2_ws/install/zed_wrapper:/home/mae-emrl3172/ros2_ws/install/sUAV:/opt/ros/humble LD_LIBRARY_PATH=/home/mae-emrl3172/ros2_ws/install/zed_components/lib:/home/mae-emrl3172/ros2_ws/install/zed_interfaces/lib:/usr/local/cuda-12.2/lib64:/usr/local/cuda-12.2/lib64:/opt/ros/humble/opt/rviz_ogre_vendor/lib:/opt/ros/humble/lib/aarch64-linux-gnu:/opt/ros/humble/lib:/usr/local/cuda-12.2/lib64 /usr/bin/cmake --build /home/mae-emrl3172/ros2_ws/build/zed_wrapper -- -j6 -l6
[25.336s] DEBUG:colcon.colcon_core.event_handler.log_command:Invoked command in '/home/mae-emrl3172/ros2_ws/build/zed_wrapper' returned '0': CMAKE_PREFIX_PATH=/home/mae-emrl3172/ros2_ws/install/zed_components:/home/mae-emrl3172/ros2_ws/install/zed_interfaces:/home/mae-emrl3172/ros2_ws/install/zed_ros2:/home/mae-emrl3172/ros2_ws/install/zed_wrapper:/home/mae-emrl3172/ros2_ws/install/sUAV:/opt/ros/humble LD_LIBRARY_PATH=/home/mae-emrl3172/ros2_ws/install/zed_components/lib:/home/mae-emrl3172/ros2_ws/install/zed_interfaces/lib:/usr/local/cuda-12.2/lib64:/usr/local/cuda-12.2/lib64:/opt/ros/humble/opt/rviz_ogre_vendor/lib:/opt/ros/humble/lib/aarch64-linux-gnu:/opt/ros/humble/lib:/usr/local/cuda-12.2/lib64 /usr/bin/cmake --build /home/mae-emrl3172/ros2_ws/build/zed_wrapper -- -j6 -l6
[25.446s] DEBUG:colcon.colcon_core.event_handler.log_command:Invoking command in '/home/mae-emrl3172/ros2_ws/build/zed_wrapper': CMAKE_PREFIX_PATH=/home/mae-emrl3172/ros2_ws/install/zed_components:/home/mae-emrl3172/ros2_ws/install/zed_interfaces:/home/mae-emrl3172/ros2_ws/install/zed_ros2:/home/mae-emrl3172/ros2_ws/install/zed_wrapper:/home/mae-emrl3172/ros2_ws/install/sUAV:/opt/ros/humble LD_LIBRARY_PATH=/home/mae-emrl3172/ros2_ws/install/zed_components/lib:/home/mae-emrl3172/ros2_ws/install/zed_interfaces/lib:/usr/local/cuda-12.2/lib64:/usr/local/cuda-12.2/lib64:/opt/ros/humble/opt/rviz_ogre_vendor/lib:/opt/ros/humble/lib/aarch64-linux-gnu:/opt/ros/humble/lib:/usr/local/cuda-12.2/lib64 /usr/bin/cmake --install /home/mae-emrl3172/ros2_ws/build/zed_wrapper
[25.528s] Level 1:colcon.colcon_core.environment:create_environment_scripts_only(zed_wrapper)
[25.529s] Level 1:colcon.colcon_core.environment:checking '/home/mae-emrl3172/ros2_ws/install/zed_wrapper' for CMake module files
[25.530s] DEBUG:colcon.colcon_core.event_handler.log_command:Invoked command in '/home/mae-emrl3172/ros2_ws/build/zed_wrapper' returned '0': CMAKE_PREFIX_PATH=/home/mae-emrl3172/ros2_ws/install/zed_components:/home/mae-emrl3172/ros2_ws/install/zed_interfaces:/home/mae-emrl3172/ros2_ws/install/zed_ros2:/home/mae-emrl3172/ros2_ws/install/zed_wrapper:/home/mae-emrl3172/ros2_ws/install/sUAV:/opt/ros/humble LD_LIBRARY_PATH=/home/mae-emrl3172/ros2_ws/install/zed_components/lib:/home/mae-emrl3172/ros2_ws/install/zed_interfaces/lib:/usr/local/cuda-12.2/lib64:/usr/local/cuda-12.2/lib64:/opt/ros/humble/opt/rviz_ogre_vendor/lib:/opt/ros/humble/lib/aarch64-linux-gnu:/opt/ros/humble/lib:/usr/local/cuda-12.2/lib64 /usr/bin/cmake --install /home/mae-emrl3172/ros2_ws/build/zed_wrapper
[25.532s] Level 1:colcon.colcon_core.environment:checking '/home/mae-emrl3172/ros2_ws/install/zed_wrapper' for CMake config files
[25.537s] Level 1:colcon.colcon_core.shell:create_environment_hook('zed_wrapper', 'cmake_prefix_path')
[25.539s] INFO:colcon.colcon_core.shell:Creating environment hook '/home/mae-emrl3172/ros2_ws/install/zed_wrapper/share/zed_wrapper/hook/cmake_prefix_path.ps1'
[25.543s] INFO:colcon.colcon_core.shell:Creating environment descriptor '/home/mae-emrl3172/ros2_ws/install/zed_wrapper/share/zed_wrapper/hook/cmake_prefix_path.dsv'
[25.546s] INFO:colcon.colcon_core.shell:Creating environment hook '/home/mae-emrl3172/ros2_ws/install/zed_wrapper/share/zed_wrapper/hook/cmake_prefix_path.sh'
[25.549s] Level 1:colcon.colcon_core.environment:checking '/home/mae-emrl3172/ros2_ws/install/zed_wrapper/lib'
[25.549s] Level 1:colcon.colcon_core.environment:checking '/home/mae-emrl3172/ros2_ws/install/zed_wrapper/bin'
[25.550s] Level 1:colcon.colcon_core.environment:checking '/home/mae-emrl3172/ros2_ws/install/zed_wrapper/lib/pkgconfig/zed_wrapper.pc'
[25.550s] Level 1:colcon.colcon_core.environment:checking '/home/mae-emrl3172/ros2_ws/install/zed_wrapper/lib/python3.10/site-packages'
[25.551s] Level 1:colcon.colcon_core.environment:checking '/home/mae-emrl3172/ros2_ws/install/zed_wrapper/bin'
[25.553s] INFO:colcon.colcon_core.shell:Creating package script '/home/mae-emrl3172/ros2_ws/install/zed_wrapper/share/zed_wrapper/package.ps1'
[25.555s] INFO:colcon.colcon_core.shell:Creating package descriptor '/home/mae-emrl3172/ros2_ws/install/zed_wrapper/share/zed_wrapper/package.dsv'
[25.559s] INFO:colcon.colcon_core.shell:Creating package script '/home/mae-emrl3172/ros2_ws/install/zed_wrapper/share/zed_wrapper/package.sh'
[25.563s] INFO:colcon.colcon_core.shell:Creating package script '/home/mae-emrl3172/ros2_ws/install/zed_wrapper/share/zed_wrapper/package.bash'
[25.566s] INFO:colcon.colcon_core.shell:Creating package script '/home/mae-emrl3172/ros2_ws/install/zed_wrapper/share/zed_wrapper/package.zsh'
[25.569s] Level 1:colcon.colcon_core.environment:create_file_with_runtime_dependencies(/home/mae-emrl3172/ros2_ws/install/zed_wrapper/share/colcon-core/packages/zed_wrapper)
[25.682s] Level 1:colcon.colcon_core.environment:create_environment_scripts_only(zed_wrapper)
[25.682s] Level 1:colcon.colcon_core.environment:checking '/home/mae-emrl3172/ros2_ws/install/zed_wrapper' for CMake module files
[25.683s] Level 1:colcon.colcon_core.environment:checking '/home/mae-emrl3172/ros2_ws/install/zed_wrapper' for CMake config files
[25.684s] Level 1:colcon.colcon_core.shell:create_environment_hook('zed_wrapper', 'cmake_prefix_path')
[25.685s] INFO:colcon.colcon_core.shell:Creating environment hook '/home/mae-emrl3172/ros2_ws/install/zed_wrapper/share/zed_wrapper/hook/cmake_prefix_path.ps1'
[25.687s] INFO:colcon.colcon_core.shell:Creating environment descriptor '/home/mae-emrl3172/ros2_ws/install/zed_wrapper/share/zed_wrapper/hook/cmake_prefix_path.dsv'
[25.688s] INFO:colcon.colcon_core.shell:Creating environment hook '/home/mae-emrl3172/ros2_ws/install/zed_wrapper/share/zed_wrapper/hook/cmake_prefix_path.sh'
[25.689s] Level 1:colcon.colcon_core.environment:checking '/home/mae-emrl3172/ros2_ws/install/zed_wrapper/lib'
[25.689s] Level 1:colcon.colcon_core.environment:checking '/home/mae-emrl3172/ros2_ws/install/zed_wrapper/bin'
[25.690s] Level 1:colcon.colcon_core.environment:checking '/home/mae-emrl3172/ros2_ws/install/zed_wrapper/lib/pkgconfig/zed_wrapper.pc'
[25.690s] Level 1:colcon.colcon_core.environment:checking '/home/mae-emrl3172/ros2_ws/install/zed_wrapper/lib/python3.10/site-packages'
[25.691s] Level 1:colcon.colcon_core.environment:checking '/home/mae-emrl3172/ros2_ws/install/zed_wrapper/bin'
[25.692s] INFO:colcon.colcon_core.shell:Creating package script '/home/mae-emrl3172/ros2_ws/install/zed_wrapper/share/zed_wrapper/package.ps1'
[25.693s] INFO:colcon.colcon_core.shell:Creating package descriptor '/home/mae-emrl3172/ros2_ws/install/zed_wrapper/share/zed_wrapper/package.dsv'
[25.694s] INFO:colcon.colcon_core.shell:Creating package script '/home/mae-emrl3172/ros2_ws/install/zed_wrapper/share/zed_wrapper/package.sh'
[25.696s] INFO:colcon.colcon_core.shell:Creating package script '/home/mae-emrl3172/ros2_ws/install/zed_wrapper/share/zed_wrapper/package.bash'
[25.697s] INFO:colcon.colcon_core.shell:Creating package script '/home/mae-emrl3172/ros2_ws/install/zed_wrapper/share/zed_wrapper/package.zsh'
[25.698s] Level 1:colcon.colcon_core.environment:create_file_with_runtime_dependencies(/home/mae-emrl3172/ros2_ws/install/zed_wrapper/share/colcon-core/packages/zed_wrapper)
[25.699s] INFO:colcon.colcon_ros.task.ament_cmake.build:Building ROS package in '/home/mae-emrl3172/ros2_ws/src/zed-ros2-wrapper/zed_ros2' with build type 'ament_cmake'
[25.700s] INFO:colcon.colcon_cmake.task.cmake.build:Building CMake package in '/home/mae-emrl3172/ros2_ws/src/zed-ros2-wrapper/zed_ros2'
[25.701s] INFO:colcon.colcon_core.shell:Skip shell extension 'powershell' for command environment: Not usable outside of PowerShell
[25.701s] DEBUG:colcon.colcon_core.shell:Skip shell extension 'dsv' for command environment
[25.844s] DEBUG:colcon.colcon_core.event_handler.log_command:Invoking command in '/home/mae-emrl3172/ros2_ws/build/zed_ros2': CMAKE_PREFIX_PATH=/home/mae-emrl3172/ros2_ws/install/zed_wrapper:/home/mae-emrl3172/ros2_ws/install/zed_components:/home/mae-emrl3172/ros2_ws/install/zed_interfaces:/home/mae-emrl3172/ros2_ws/install/zed_ros2:/home/mae-emrl3172/ros2_ws/install/sUAV:/opt/ros/humble LD_LIBRARY_PATH=/home/mae-emrl3172/ros2_ws/install/zed_components/lib:/home/mae-emrl3172/ros2_ws/install/zed_interfaces/lib:/usr/local/cuda-12.2/lib64:/usr/local/cuda-12.2/lib64:/opt/ros/humble/opt/rviz_ogre_vendor/lib:/opt/ros/humble/lib/aarch64-linux-gnu:/opt/ros/humble/lib:/usr/local/cuda-12.2/lib64 /usr/bin/cmake /home/mae-emrl3172/ros2_ws/src/zed-ros2-wrapper/zed_ros2 -DCMAKE_INSTALL_PREFIX=/home/mae-emrl3172/ros2_ws/install/zed_ros2
[26.840s] DEBUG:colcon.colcon_core.event_handler.log_command:Invoked command in '/home/mae-emrl3172/ros2_ws/build/zed_ros2' returned '0': CMAKE_PREFIX_PATH=/home/mae-emrl3172/ros2_ws/install/zed_wrapper:/home/mae-emrl3172/ros2_ws/install/zed_components:/home/mae-emrl3172/ros2_ws/install/zed_interfaces:/home/mae-emrl3172/ros2_ws/install/zed_ros2:/home/mae-emrl3172/ros2_ws/install/sUAV:/opt/ros/humble LD_LIBRARY_PATH=/home/mae-emrl3172/ros2_ws/install/zed_components/lib:/home/mae-emrl3172/ros2_ws/install/zed_interfaces/lib:/usr/local/cuda-12.2/lib64:/usr/local/cuda-12.2/lib64:/opt/ros/humble/opt/rviz_ogre_vendor/lib:/opt/ros/humble/lib/aarch64-linux-gnu:/opt/ros/humble/lib:/usr/local/cuda-12.2/lib64 /usr/bin/cmake /home/mae-emrl3172/ros2_ws/src/zed-ros2-wrapper/zed_ros2 -DCMAKE_INSTALL_PREFIX=/home/mae-emrl3172/ros2_ws/install/zed_ros2
[26.841s] DEBUG:colcon.colcon_core.event_handler.log_command:Invoking command in '/home/mae-emrl3172/ros2_ws/build/zed_ros2': CMAKE_PREFIX_PATH=/home/mae-emrl3172/ros2_ws/install/zed_wrapper:/home/mae-emrl3172/ros2_ws/install/zed_components:/home/mae-emrl3172/ros2_ws/install/zed_interfaces:/home/mae-emrl3172/ros2_ws/install/zed_ros2:/home/mae-emrl3172/ros2_ws/install/sUAV:/opt/ros/humble LD_LIBRARY_PATH=/home/mae-emrl3172/ros2_ws/install/zed_components/lib:/home/mae-emrl3172/ros2_ws/install/zed_interfaces/lib:/usr/local/cuda-12.2/lib64:/usr/local/cuda-12.2/lib64:/opt/ros/humble/opt/rviz_ogre_vendor/lib:/opt/ros/humble/lib/aarch64-linux-gnu:/opt/ros/humble/lib:/usr/local/cuda-12.2/lib64 /usr/bin/cmake --build /home/mae-emrl3172/ros2_ws/build/zed_ros2 -- -j6 -l6
[27.094s] DEBUG:colcon.colcon_core.event_handler.log_command:Invoked command in '/home/mae-emrl3172/ros2_ws/build/zed_ros2' returned '0': CMAKE_PREFIX_PATH=/home/mae-emrl3172/ros2_ws/install/zed_wrapper:/home/mae-emrl3172/ros2_ws/install/zed_components:/home/mae-emrl3172/ros2_ws/install/zed_interfaces:/home/mae-emrl3172/ros2_ws/install/zed_ros2:/home/mae-emrl3172/ros2_ws/install/sUAV:/opt/ros/humble LD_LIBRARY_PATH=/home/mae-emrl3172/ros2_ws/install/zed_components/lib:/home/mae-emrl3172/ros2_ws/install/zed_interfaces/lib:/usr/local/cuda-12.2/lib64:/usr/local/cuda-12.2/lib64:/opt/ros/humble/opt/rviz_ogre_vendor/lib:/opt/ros/humble/lib/aarch64-linux-gnu:/opt/ros/humble/lib:/usr/local/cuda-12.2/lib64 /usr/bin/cmake --build /home/mae-emrl3172/ros2_ws/build/zed_ros2 -- -j6 -l6
[27.364s] DEBUG:colcon.colcon_core.event_handler.log_command:Invoking command in '/home/mae-emrl3172/ros2_ws/build/zed_ros2': CMAKE_PREFIX_PATH=/home/mae-emrl3172/ros2_ws/install/zed_wrapper:/home/mae-emrl3172/ros2_ws/install/zed_components:/home/mae-emrl3172/ros2_ws/install/zed_interfaces:/home/mae-emrl3172/ros2_ws/install/zed_ros2:/home/mae-emrl3172/ros2_ws/install/sUAV:/opt/ros/humble LD_LIBRARY_PATH=/home/mae-emrl3172/ros2_ws/install/zed_components/lib:/home/mae-emrl3172/ros2_ws/install/zed_interfaces/lib:/usr/local/cuda-12.2/lib64:/usr/local/cuda-12.2/lib64:/opt/ros/humble/opt/rviz_ogre_vendor/lib:/opt/ros/humble/lib/aarch64-linux-gnu:/opt/ros/humble/lib:/usr/local/cuda-12.2/lib64 /usr/bin/cmake --install /home/mae-emrl3172/ros2_ws/build/zed_ros2
[27.750s] Level 1:colcon.colcon_core.environment:create_environment_scripts_only(zed_ros2)
[27.765s] DEBUG:colcon.colcon_core.event_handler.log_command:Invoked command in '/home/mae-emrl3172/ros2_ws/build/zed_ros2' returned '0': CMAKE_PREFIX_PATH=/home/mae-emrl3172/ros2_ws/install/zed_wrapper:/home/mae-emrl3172/ros2_ws/install/zed_components:/home/mae-emrl3172/ros2_ws/install/zed_interfaces:/home/mae-emrl3172/ros2_ws/install/zed_ros2:/home/mae-emrl3172/ros2_ws/install/sUAV:/opt/ros/humble LD_LIBRARY_PATH=/home/mae-emrl3172/ros2_ws/install/zed_components/lib:/home/mae-emrl3172/ros2_ws/install/zed_interfaces/lib:/usr/local/cuda-12.2/lib64:/usr/local/cuda-12.2/lib64:/opt/ros/humble/opt/rviz_ogre_vendor/lib:/opt/ros/humble/lib/aarch64-linux-gnu:/opt/ros/humble/lib:/usr/local/cuda-12.2/lib64 /usr/bin/cmake --install /home/mae-emrl3172/ros2_ws/build/zed_ros2
[27.766s] Level 1:colcon.colcon_core.environment:checking '/home/mae-emrl3172/ros2_ws/install/zed_ros2' for CMake module files
[27.777s] Level 1:colcon.colcon_core.environment:checking '/home/mae-emrl3172/ros2_ws/install/zed_ros2' for CMake config files
[27.791s] Level 1:colcon.colcon_core.shell:create_environment_hook('zed_ros2', 'cmake_prefix_path')
[27.792s] INFO:colcon.colcon_core.shell:Creating environment hook '/home/mae-emrl3172/ros2_ws/install/zed_ros2/share/zed_ros2/hook/cmake_prefix_path.ps1'
[27.797s] INFO:colcon.colcon_core.shell:Creating environment descriptor '/home/mae-emrl3172/ros2_ws/install/zed_ros2/share/zed_ros2/hook/cmake_prefix_path.dsv'
[27.799s] INFO:colcon.colcon_core.shell:Creating environment hook '/home/mae-emrl3172/ros2_ws/install/zed_ros2/share/zed_ros2/hook/cmake_prefix_path.sh'
[27.803s] Level 1:colcon.colcon_core.environment:checking '/home/mae-emrl3172/ros2_ws/install/zed_ros2/bin'
[27.803s] Level 1:colcon.colcon_core.environment:checking '/home/mae-emrl3172/ros2_ws/install/zed_ros2/lib/pkgconfig/zed_ros2.pc'
[27.804s] Level 1:colcon.colcon_core.environment:checking '/home/mae-emrl3172/ros2_ws/install/zed_ros2/lib/python3.10/site-packages'
[27.805s] Level 1:colcon.colcon_core.environment:checking '/home/mae-emrl3172/ros2_ws/install/zed_ros2/bin'
[27.807s] INFO:colcon.colcon_core.shell:Creating package script '/home/mae-emrl3172/ros2_ws/install/zed_ros2/share/zed_ros2/package.ps1'
[27.809s] INFO:colcon.colcon_core.shell:Creating package descriptor '/home/mae-emrl3172/ros2_ws/install/zed_ros2/share/zed_ros2/package.dsv'
[27.812s] INFO:colcon.colcon_core.shell:Creating package script '/home/mae-emrl3172/ros2_ws/install/zed_ros2/share/zed_ros2/package.sh'
[27.816s] INFO:colcon.colcon_core.shell:Creating package script '/home/mae-emrl3172/ros2_ws/install/zed_ros2/share/zed_ros2/package.bash'
[27.819s] INFO:colcon.colcon_core.shell:Creating package script '/home/mae-emrl3172/ros2_ws/install/zed_ros2/share/zed_ros2/package.zsh'
[27.824s] Level 1:colcon.colcon_core.environment:create_file_with_runtime_dependencies(/home/mae-emrl3172/ros2_ws/install/zed_ros2/share/colcon-core/packages/zed_ros2)
[28.223s] Level 1:colcon.colcon_core.environment:create_environment_scripts_only(zed_ros2)
[28.224s] Level 1:colcon.colcon_core.environment:checking '/home/mae-emrl3172/ros2_ws/install/zed_ros2' for CMake module files
[28.225s] Level 1:colcon.colcon_core.environment:checking '/home/mae-emrl3172/ros2_ws/install/zed_ros2' for CMake config files
[28.226s] Level 1:colcon.colcon_core.shell:create_environment_hook('zed_ros2', 'cmake_prefix_path')
[28.226s] INFO:colcon.colcon_core.shell:Creating environment hook '/home/mae-emrl3172/ros2_ws/install/zed_ros2/share/zed_ros2/hook/cmake_prefix_path.ps1'
[28.228s] INFO:colcon.colcon_core.shell:Creating environment descriptor '/home/mae-emrl3172/ros2_ws/install/zed_ros2/share/zed_ros2/hook/cmake_prefix_path.dsv'
[28.230s] INFO:colcon.colcon_core.shell:Creating environment hook '/home/mae-emrl3172/ros2_ws/install/zed_ros2/share/zed_ros2/hook/cmake_prefix_path.sh'
[28.232s] Level 1:colcon.colcon_core.environment:checking '/home/mae-emrl3172/ros2_ws/install/zed_ros2/bin'
[28.233s] Level 1:colcon.colcon_core.environment:checking '/home/mae-emrl3172/ros2_ws/install/zed_ros2/lib/pkgconfig/zed_ros2.pc'
[28.234s] Level 1:colcon.colcon_core.environment:checking '/home/mae-emrl3172/ros2_ws/install/zed_ros2/lib/python3.10/site-packages'
[28.235s] Level 1:colcon.colcon_core.environment:checking '/home/mae-emrl3172/ros2_ws/install/zed_ros2/bin'
[28.236s] INFO:colcon.colcon_core.shell:Creating package script '/home/mae-emrl3172/ros2_ws/install/zed_ros2/share/zed_ros2/package.ps1'
[28.239s] INFO:colcon.colcon_core.shell:Creating package descriptor '/home/mae-emrl3172/ros2_ws/install/zed_ros2/share/zed_ros2/package.dsv'
[28.242s] INFO:colcon.colcon_core.shell:Creating package script '/home/mae-emrl3172/ros2_ws/install/zed_ros2/share/zed_ros2/package.sh'
[28.244s] INFO:colcon.colcon_core.shell:Creating package script '/home/mae-emrl3172/ros2_ws/install/zed_ros2/share/zed_ros2/package.bash'
[28.245s] INFO:colcon.colcon_core.shell:Creating package script '/home/mae-emrl3172/ros2_ws/install/zed_ros2/share/zed_ros2/package.zsh'
[28.247s] Level 1:colcon.colcon_core.environment:create_file_with_runtime_dependencies(/home/mae-emrl3172/ros2_ws/install/zed_ros2/share/colcon-core/packages/zed_ros2)
[45.283s] DEBUG:colcon.colcon_core.event_handler.log_command:Invoked command in '/home/mae-emrl3172/ros2_ws/build/cyglidar_d1_ros2' returned '0': CMAKE_PREFIX_PATH=${CMAKE_PREFIX_PATH}:/home/mae-emrl3172/ros2_ws/install/sUAV:/opt/ros/humble /usr/bin/cmake --build /home/mae-emrl3172/ros2_ws/build/cyglidar_d1_ros2 -- -j6 -l6
[45.387s] DEBUG:colcon.colcon_core.event_handler.log_command:Invoking command in '/home/mae-emrl3172/ros2_ws/build/cyglidar_d1_ros2': CMAKE_PREFIX_PATH=${CMAKE_PREFIX_PATH}:/home/mae-emrl3172/ros2_ws/install/sUAV:/opt/ros/humble /usr/bin/cmake --install /home/mae-emrl3172/ros2_ws/build/cyglidar_d1_ros2
[45.449s] Level 1:colcon.colcon_core.environment:create_environment_scripts_only(cyglidar_d1_ros2)
[45.453s] Level 1:colcon.colcon_core.environment:checking '/home/mae-emrl3172/ros2_ws/install/cyglidar_d1_ros2' for CMake module files
[45.455s] DEBUG:colcon.colcon_core.event_handler.log_command:Invoked command in '/home/mae-emrl3172/ros2_ws/build/cyglidar_d1_ros2' returned '0': CMAKE_PREFIX_PATH=${CMAKE_PREFIX_PATH}:/home/mae-emrl3172/ros2_ws/install/sUAV:/opt/ros/humble /usr/bin/cmake --install /home/mae-emrl3172/ros2_ws/build/cyglidar_d1_ros2
[45.456s] Level 1:colcon.colcon_core.environment:checking '/home/mae-emrl3172/ros2_ws/install/cyglidar_d1_ros2' for CMake config files
[45.458s] Level 1:colcon.colcon_core.shell:create_environment_hook('cyglidar_d1_ros2', 'cmake_prefix_path')
[45.459s] INFO:colcon.colcon_core.shell:Creating environment hook '/home/mae-emrl3172/ros2_ws/install/cyglidar_d1_ros2/share/cyglidar_d1_ros2/hook/cmake_prefix_path.ps1'
[45.468s] INFO:colcon.colcon_core.shell:Creating environment descriptor '/home/mae-emrl3172/ros2_ws/install/cyglidar_d1_ros2/share/cyglidar_d1_ros2/hook/cmake_prefix_path.dsv'
[45.475s] INFO:colcon.colcon_core.shell:Creating environment hook '/home/mae-emrl3172/ros2_ws/install/cyglidar_d1_ros2/share/cyglidar_d1_ros2/hook/cmake_prefix_path.sh'
[45.478s] Level 1:colcon.colcon_core.environment:checking '/home/mae-emrl3172/ros2_ws/install/cyglidar_d1_ros2/lib'
[45.479s] Level 1:colcon.colcon_core.environment:checking '/home/mae-emrl3172/ros2_ws/install/cyglidar_d1_ros2/bin'
[45.479s] Level 1:colcon.colcon_core.environment:checking '/home/mae-emrl3172/ros2_ws/install/cyglidar_d1_ros2/lib/pkgconfig/cyglidar_d1_ros2.pc'
[45.481s] Level 1:colcon.colcon_core.environment:checking '/home/mae-emrl3172/ros2_ws/install/cyglidar_d1_ros2/lib/python3.10/site-packages'
[45.482s] Level 1:colcon.colcon_core.environment:checking '/home/mae-emrl3172/ros2_ws/install/cyglidar_d1_ros2/bin'
[45.483s] INFO:colcon.colcon_core.shell:Creating package script '/home/mae-emrl3172/ros2_ws/install/cyglidar_d1_ros2/share/cyglidar_d1_ros2/package.ps1'
[45.486s] INFO:colcon.colcon_core.shell:Creating package descriptor '/home/mae-emrl3172/ros2_ws/install/cyglidar_d1_ros2/share/cyglidar_d1_ros2/package.dsv'
[45.488s] INFO:colcon.colcon_core.shell:Creating package script '/home/mae-emrl3172/ros2_ws/install/cyglidar_d1_ros2/share/cyglidar_d1_ros2/package.sh'
[45.489s] INFO:colcon.colcon_core.shell:Creating package script '/home/mae-emrl3172/ros2_ws/install/cyglidar_d1_ros2/share/cyglidar_d1_ros2/package.bash'
[45.492s] INFO:colcon.colcon_core.shell:Creating package script '/home/mae-emrl3172/ros2_ws/install/cyglidar_d1_ros2/share/cyglidar_d1_ros2/package.zsh'
[45.495s] Level 1:colcon.colcon_core.environment:create_file_with_runtime_dependencies(/home/mae-emrl3172/ros2_ws/install/cyglidar_d1_ros2/share/colcon-core/packages/cyglidar_d1_ros2)
[45.588s] Level 1:colcon.colcon_core.environment:create_environment_scripts_only(cyglidar_d1_ros2)
[45.589s] Level 1:colcon.colcon_core.environment:checking '/home/mae-emrl3172/ros2_ws/install/cyglidar_d1_ros2' for CMake module files
[45.591s] Level 1:colcon.colcon_core.environment:checking '/home/mae-emrl3172/ros2_ws/install/cyglidar_d1_ros2' for CMake config files
[45.592s] Level 1:colcon.colcon_core.shell:create_environment_hook('cyglidar_d1_ros2', 'cmake_prefix_path')
[45.593s] INFO:colcon.colcon_core.shell:Creating environment hook '/home/mae-emrl3172/ros2_ws/install/cyglidar_d1_ros2/share/cyglidar_d1_ros2/hook/cmake_prefix_path.ps1'
[45.595s] INFO:colcon.colcon_core.shell:Creating environment descriptor '/home/mae-emrl3172/ros2_ws/install/cyglidar_d1_ros2/share/cyglidar_d1_ros2/hook/cmake_prefix_path.dsv'
[45.596s] INFO:colcon.colcon_core.shell:Creating environment hook '/home/mae-emrl3172/ros2_ws/install/cyglidar_d1_ros2/share/cyglidar_d1_ros2/hook/cmake_prefix_path.sh'
[45.599s] Level 1:colcon.colcon_core.environment:checking '/home/mae-emrl3172/ros2_ws/install/cyglidar_d1_ros2/lib'
[45.600s] Level 1:colcon.colcon_core.environment:checking '/home/mae-emrl3172/ros2_ws/install/cyglidar_d1_ros2/bin'
[45.600s] Level 1:colcon.colcon_core.environment:checking '/home/mae-emrl3172/ros2_ws/install/cyglidar_d1_ros2/lib/pkgconfig/cyglidar_d1_ros2.pc'
[45.601s] Level 1:colcon.colcon_core.environment:checking '/home/mae-emrl3172/ros2_ws/install/cyglidar_d1_ros2/lib/python3.10/site-packages'
[45.602s] Level 1:colcon.colcon_core.environment:checking '/home/mae-emrl3172/ros2_ws/install/cyglidar_d1_ros2/bin'
[45.603s] INFO:colcon.colcon_core.shell:Creating package script '/home/mae-emrl3172/ros2_ws/install/cyglidar_d1_ros2/share/cyglidar_d1_ros2/package.ps1'
[45.604s] INFO:colcon.colcon_core.shell:Creating package descriptor '/home/mae-emrl3172/ros2_ws/install/cyglidar_d1_ros2/share/cyglidar_d1_ros2/package.dsv'
[45.605s] INFO:colcon.colcon_core.shell:Creating package script '/home/mae-emrl3172/ros2_ws/install/cyglidar_d1_ros2/share/cyglidar_d1_ros2/package.sh'
[45.607s] INFO:colcon.colcon_core.shell:Creating package script '/home/mae-emrl3172/ros2_ws/install/cyglidar_d1_ros2/share/cyglidar_d1_ros2/package.bash'
[45.608s] INFO:colcon.colcon_core.shell:Creating package script '/home/mae-emrl3172/ros2_ws/install/cyglidar_d1_ros2/share/cyglidar_d1_ros2/package.zsh'
[45.609s] Level 1:colcon.colcon_core.environment:create_file_with_runtime_dependencies(/home/mae-emrl3172/ros2_ws/install/cyglidar_d1_ros2/share/colcon-core/packages/cyglidar_d1_ros2)
[45.610s] DEBUG:colcon.colcon_parallel_executor.executor.parallel:closing loop
[45.611s] DEBUG:colcon.colcon_parallel_executor.executor.parallel:loop closed
[45.612s] DEBUG:colcon.colcon_parallel_executor.executor.parallel:run_until_complete finished with '0'
[45.614s] DEBUG:colcon.colcon_core.event_reactor:joining thread
[45.895s] INFO:colcon.colcon_core.plugin_system:Skipping extension 'colcon_notification.desktop_notification.terminal_notifier': Not used on non-Darwin systems
[45.895s] INFO:colcon.colcon_core.plugin_system:Skipping extension 'colcon_notification.desktop_notification.win32': Not used on non-Windows systems
[45.896s] INFO:colcon.colcon_notification.desktop_notification:Sending desktop notification using 'notify2'
[46.062s] DEBUG:colcon.colcon_core.event_reactor:joined thread
[46.064s] INFO:colcon.colcon_core.shell:Creating prefix script '/home/mae-emrl3172/ros2_ws/install/local_setup.ps1'
[46.069s] INFO:colcon.colcon_core.shell:Creating prefix util module '/home/mae-emrl3172/ros2_ws/install/_local_setup_util_ps1.py'
[46.074s] INFO:colcon.colcon_core.shell:Creating prefix chain script '/home/mae-emrl3172/ros2_ws/install/setup.ps1'
[46.082s] INFO:colcon.colcon_core.shell:Creating prefix script '/home/mae-emrl3172/ros2_ws/install/local_setup.sh'
[46.085s] INFO:colcon.colcon_core.shell:Creating prefix util module '/home/mae-emrl3172/ros2_ws/install/_local_setup_util_sh.py'
[46.086s] INFO:colcon.colcon_core.shell:Creating prefix chain script '/home/mae-emrl3172/ros2_ws/install/setup.sh'
[46.091s] INFO:colcon.colcon_core.shell:Creating prefix script '/home/mae-emrl3172/ros2_ws/install/local_setup.bash'
[46.097s] INFO:colcon.colcon_core.shell:Creating prefix chain script '/home/mae-emrl3172/ros2_ws/install/setup.bash'
[46.136s] INFO:colcon.colcon_core.shell:Creating prefix script '/home/mae-emrl3172/ros2_ws/install/local_setup.zsh'
[46.220s] INFO:colcon.colcon_core.shell:Creating prefix chain script '/home/mae-emrl3172/ros2_ws/install/setup.zsh'
