[1.511s] Invoking command in '/home/mae-emrl3172/ros2_ws/build/sUAV': PYTHONPATH=/home/mae-emrl3172/ros2_ws/build/sUAV/prefix_override:/home/mae-emrl3172/ros2_ws/install/sUAV/lib/python3.10/site-packages:${PYTHONPATH} /usr/bin/python3 -W ignore:setup.py install is deprecated setup.py develop --uninstall --editable --build-directory /home/mae-emrl3172/ros2_ws/build/sUAV/build
[2.044s] /usr/lib/python3/dist-packages/setuptools/dist.py:723: UserWarning: Usage of dash-separated 'script-dir' will not be supported in future versions. Please use the underscore name 'script_dir' instead
[2.044s]   warnings.warn(
[2.107s] running develop
[2.107s] /usr/lib/python3/dist-packages/setuptools/command/easy_install.py:158: EasyInstallDeprecationWarning: easy_install command is deprecated. Use build and pip and other standards-based tools.
[2.107s]   warnings.warn(
[2.474s] Removing /home/mae-emrl3172/ros2_ws/install/sUAV/lib/python3.10/site-packages/sUAV.egg-link (link to .)
[2.572s] Invoked command in '/home/mae-emrl3172/ros2_ws/build/sUAV' returned '0': PYTHONPATH=/home/mae-emrl3172/ros2_ws/build/sUAV/prefix_override:/home/mae-emrl3172/ros2_ws/install/sUAV/lib/python3.10/site-packages:${PYTHONPATH} /usr/bin/python3 -W ignore:setup.py install is deprecated setup.py develop --uninstall --editable --build-directory /home/mae-emrl3172/ros2_ws/build/sUAV/build
[2.573s] Invoking command in '/home/mae-emrl3172/ros2_ws/src/sUAV': PYTHONPATH=/home/mae-emrl3172/ros2_ws/build/sUAV/prefix_override:/home/mae-emrl3172/ros2_ws/install/sUAV/lib/python3.10/site-packages:${PYTHONPATH} /usr/bin/python3 -W ignore:setup.py install is deprecated setup.py egg_info --egg-base ../../build/sUAV build --build-base /home/mae-emrl3172/ros2_ws/build/sUAV/build install --record /home/mae-emrl3172/ros2_ws/build/sUAV/install.log --install-scripts $base/lib/sUAV --single-version-externally-managed install_data --force
[3.083s] /usr/lib/python3/dist-packages/setuptools/dist.py:723: UserWarning: Usage of dash-separated 'script-dir' will not be supported in future versions. Please use the underscore name 'script_dir' instead
[3.083s]   warnings.warn(
[3.101s] running egg_info
[3.103s] writing ../../build/sUAV/sUAV.egg-info/PKG-INFO
[3.103s] writing dependency_links to ../../build/sUAV/sUAV.egg-info/dependency_links.txt
[3.103s] writing entry points to ../../build/sUAV/sUAV.egg-info/entry_points.txt
[3.104s] writing requirements to ../../build/sUAV/sUAV.egg-info/requires.txt
[3.105s] writing top-level names to ../../build/sUAV/sUAV.egg-info/top_level.txt
[3.109s] reading manifest file '../../build/sUAV/sUAV.egg-info/SOURCES.txt'
[3.111s] writing manifest file '../../build/sUAV/sUAV.egg-info/SOURCES.txt'
[3.111s] running build
[3.112s] running build_py
[3.113s] running install
[3.113s] running install_lib
[3.115s] creating /home/mae-emrl3172/ros2_ws/install/sUAV/lib/python3.10/site-packages/sUAV
[3.115s] copying /home/mae-emrl3172/ros2_ws/build/sUAV/build/lib/sUAV/lidar_node.py -> /home/mae-emrl3172/ros2_ws/install/sUAV/lib/python3.10/site-packages/sUAV
[3.116s] copying /home/mae-emrl3172/ros2_ws/build/sUAV/build/lib/sUAV/pixhawk_node.py -> /home/mae-emrl3172/ros2_ws/install/sUAV/lib/python3.10/site-packages/sUAV
[3.117s] copying /home/mae-emrl3172/ros2_ws/build/sUAV/build/lib/sUAV/pub_test.py -> /home/mae-emrl3172/ros2_ws/install/sUAV/lib/python3.10/site-packages/sUAV
[3.118s] copying /home/mae-emrl3172/ros2_ws/build/sUAV/build/lib/sUAV/sub_test.py -> /home/mae-emrl3172/ros2_ws/install/sUAV/lib/python3.10/site-packages/sUAV
[3.118s] copying /home/mae-emrl3172/ros2_ws/build/sUAV/build/lib/sUAV/zed_node.py -> /home/mae-emrl3172/ros2_ws/install/sUAV/lib/python3.10/site-packages/sUAV
[3.119s] copying /home/mae-emrl3172/ros2_ws/build/sUAV/build/lib/sUAV/__init__.py -> /home/mae-emrl3172/ros2_ws/install/sUAV/lib/python3.10/site-packages/sUAV
[3.120s] byte-compiling /home/mae-emrl3172/ros2_ws/install/sUAV/lib/python3.10/site-packages/sUAV/lidar_node.py to lidar_node.cpython-310.pyc
[3.121s] byte-compiling /home/mae-emrl3172/ros2_ws/install/sUAV/lib/python3.10/site-packages/sUAV/pixhawk_node.py to pixhawk_node.cpython-310.pyc
[3.124s] byte-compiling /home/mae-emrl3172/ros2_ws/install/sUAV/lib/python3.10/site-packages/sUAV/pub_test.py to pub_test.cpython-310.pyc
[3.124s] byte-compiling /home/mae-emrl3172/ros2_ws/install/sUAV/lib/python3.10/site-packages/sUAV/sub_test.py to sub_test.cpython-310.pyc
[3.125s] byte-compiling /home/mae-emrl3172/ros2_ws/install/sUAV/lib/python3.10/site-packages/sUAV/zed_node.py to zed_node.cpython-310.pyc
[3.127s] byte-compiling /home/mae-emrl3172/ros2_ws/install/sUAV/lib/python3.10/site-packages/sUAV/__init__.py to __init__.cpython-310.pyc
[3.128s] running install_data
[3.128s] copying resource/sUAV -> /home/mae-emrl3172/ros2_ws/install/sUAV/share/ament_index/resource_index/packages
[3.128s] copying package.xml -> /home/mae-emrl3172/ros2_ws/install/sUAV/share/sUAV
[3.128s] running install_egg_info
[3.132s] Copying ../../build/sUAV/sUAV.egg-info to /home/mae-emrl3172/ros2_ws/install/sUAV/lib/python3.10/site-packages/sUAV-0.0.0-py3.10.egg-info
[3.135s] running install_scripts
[3.183s] writing list of installed files to '/home/mae-emrl3172/ros2_ws/build/sUAV/install.log'
[3.261s] Invoked command in '/home/mae-emrl3172/ros2_ws/src/sUAV' returned '0': PYTHONPATH=/home/mae-emrl3172/ros2_ws/build/sUAV/prefix_override:/home/mae-emrl3172/ros2_ws/install/sUAV/lib/python3.10/site-packages:${PYTHONPATH} /usr/bin/python3 -W ignore:setup.py install is deprecated setup.py egg_info --egg-base ../../build/sUAV build --build-base /home/mae-emrl3172/ros2_ws/build/sUAV/build install --record /home/mae-emrl3172/ros2_ws/build/sUAV/install.log --install-scripts $base/lib/sUAV --single-version-externally-managed install_data --force
