[1.725s] Invoking command in '/home/mae-emrl3172/ros2_ws/build/sUAV': PYTHONPATH=/home/mae-emrl3172/ros2_ws/build/sUAV/prefix_override:/home/mae-emrl3172/ros2_ws/install/sUAV/lib/python3.10/site-packages:${PYTHONPATH} /usr/bin/python3 -W ignore:setup.py install is deprecated setup.py develop --editable --build-directory /home/mae-emrl3172/ros2_ws/build/sUAV/build --no-deps symlink_data --force
[2.231s] /usr/lib/python3/dist-packages/setuptools/dist.py:723: UserWarning: Usage of dash-separated 'script-dir' will not be supported in future versions. Please use the underscore name 'script_dir' instead
[2.231s]   warnings.warn(
[2.326s] running develop
[2.327s] /usr/lib/python3/dist-packages/setuptools/command/easy_install.py:158: EasyInstallDeprecationWarning: easy_install command is deprecated. Use build and pip and other standards-based tools.
[2.327s]   warnings.warn(
[2.730s] running egg_info
[2.731s] writing sUAV.egg-info/PKG-INFO
[2.731s] writing dependency_links to sUAV.egg-info/dependency_links.txt
[2.732s] writing entry points to sUAV.egg-info/entry_points.txt
[2.732s] writing requirements to sUAV.egg-info/requires.txt
[2.733s] writing top-level names to sUAV.egg-info/top_level.txt
[2.741s] reading manifest file 'sUAV.egg-info/SOURCES.txt'
[2.744s] writing manifest file 'sUAV.egg-info/SOURCES.txt'
[2.905s] running build_ext
[2.906s] Creating /home/mae-emrl3172/ros2_ws/install/sUAV/lib/python3.10/site-packages/sUAV.egg-link (link to .)
[2.908s] 
[2.909s] Installed /home/mae-emrl3172/ros2_ws/build/sUAV
[2.909s] running symlink_data
[2.909s] symbolically linking /home/mae-emrl3172/ros2_ws/build/sUAV/resource/sUAV -> /home/mae-emrl3172/ros2_ws/install/sUAV/share/ament_index/resource_index/packages
[2.910s] symbolically linking /home/mae-emrl3172/ros2_ws/build/sUAV/package.xml -> /home/mae-emrl3172/ros2_ws/install/sUAV/share/sUAV
[3.057s] Invoked command in '/home/mae-emrl3172/ros2_ws/build/sUAV' returned '0': PYTHONPATH=/home/mae-emrl3172/ros2_ws/build/sUAV/prefix_override:/home/mae-emrl3172/ros2_ws/install/sUAV/lib/python3.10/site-packages:${PYTHONPATH} /usr/bin/python3 -W ignore:setup.py install is deprecated setup.py develop --editable --build-directory /home/mae-emrl3172/ros2_ws/build/sUAV/build --no-deps symlink_data --force
