[1.390s] Invoking command in '/home/mae-emrl3172/ros2_ws/build/sUAV': PYTHONPATH=/home/mae-emrl3172/ros2_ws/build/sUAV/prefix_override:/home/mae-emrl3172/ros2_ws/install/sUAV/lib/python3.10/site-packages:${PYTHONPATH} /usr/bin/python3 -W ignore:setup.py install is deprecated setup.py develop --editable --build-directory /home/mae-emrl3172/ros2_ws/build/sUAV/build --no-deps symlink_data
[1.853s] /usr/lib/python3/dist-packages/setuptools/dist.py:723: UserWarning: Usage of dash-separated 'script-dir' will not be supported in future versions. Please use the underscore name 'script_dir' instead
[1.853s]   warnings.warn(
[1.931s] running develop
[1.933s] /usr/lib/python3/dist-packages/setuptools/command/easy_install.py:158: EasyInstallDeprecationWarning: easy_install command is deprecated. Use build and pip and other standards-based tools.
[1.934s]   warnings.warn(
[2.262s] running egg_info
[2.262s] creating sUAV.egg-info
[2.262s] writing sUAV.egg-info/PKG-INFO
[2.263s] writing dependency_links to sUAV.egg-info/dependency_links.txt
[2.263s] writing entry points to sUAV.egg-info/entry_points.txt
[2.263s] writing requirements to sUAV.egg-info/requires.txt
[2.263s] writing top-level names to sUAV.egg-info/top_level.txt
[2.264s] writing manifest file 'sUAV.egg-info/SOURCES.txt'
[2.269s] reading manifest file 'sUAV.egg-info/SOURCES.txt'
[2.270s] writing manifest file 'sUAV.egg-info/SOURCES.txt'
[2.273s] running build_ext
[2.273s] Creating /home/mae-emrl3172/ros2_ws/install/sUAV/lib/python3.10/site-packages/sUAV.egg-link (link to .)
[2.275s] 
[2.275s] Installed /home/mae-emrl3172/ros2_ws/build/sUAV
[2.275s] running symlink_data
[2.275s] creating /home/mae-emrl3172/ros2_ws/install/sUAV/share/ament_index
[2.276s] creating /home/mae-emrl3172/ros2_ws/install/sUAV/share/ament_index/resource_index
[2.276s] creating /home/mae-emrl3172/ros2_ws/install/sUAV/share/ament_index/resource_index/packages
[2.276s] symbolically linking /home/mae-emrl3172/ros2_ws/build/sUAV/resource/sUAV -> /home/mae-emrl3172/ros2_ws/install/sUAV/share/ament_index/resource_index/packages
[2.276s] symbolically linking /home/mae-emrl3172/ros2_ws/build/sUAV/package.xml -> /home/mae-emrl3172/ros2_ws/install/sUAV/share/sUAV
[2.354s] Invoked command in '/home/mae-emrl3172/ros2_ws/build/sUAV' returned '0': PYTHONPATH=/home/mae-emrl3172/ros2_ws/build/sUAV/prefix_override:/home/mae-emrl3172/ros2_ws/install/sUAV/lib/python3.10/site-packages:${PYTHONPATH} /usr/bin/python3 -W ignore:setup.py install is deprecated setup.py develop --editable --build-directory /home/mae-emrl3172/ros2_ws/build/sUAV/build --no-deps symlink_data
