[0.039s] Invoking command in '/home/mae-emrl3172/ros2_ws/build/zed_components': CMAKE_PREFIX_PATH=/home/mae-emrl3172/ros2_ws/install/zed_interfaces:/home/mae-emrl3172/ros2_ws/install/zed_ros2:/home/mae-emrl3172/ros2_ws/install/zed_wrapper:/home/mae-emrl3172/ros2_ws/install/zed_components:/home/mae-emrl3172/ros2_ws/install/sUAV:/opt/ros/humble LD_LIBRARY_PATH=/home/mae-emrl3172/ros2_ws/install/zed_interfaces/lib:/usr/local/cuda-12.2/lib64:/home/mae-emrl3172/ros2_ws/install/zed_components/lib:/usr/local/cuda-12.2/lib64:/opt/ros/humble/opt/rviz_ogre_vendor/lib:/opt/ros/humble/lib/aarch64-linux-gnu:/opt/ros/humble/lib:/usr/local/cuda-12.2/lib64 /usr/bin/cmake --build /home/mae-emrl3172/ros2_ws/build/zed_components -- -j6 -l6
[0.259s] [100%] Built target zed_camera_component
[0.287s] Invoked command in '/home/mae-emrl3172/ros2_ws/build/zed_components' returned '0': CMAKE_PREFIX_PATH=/home/mae-emrl3172/ros2_ws/install/zed_interfaces:/home/mae-emrl3172/ros2_ws/install/zed_ros2:/home/mae-emrl3172/ros2_ws/install/zed_wrapper:/home/mae-emrl3172/ros2_ws/install/zed_components:/home/mae-emrl3172/ros2_ws/install/sUAV:/opt/ros/humble LD_LIBRARY_PATH=/home/mae-emrl3172/ros2_ws/install/zed_interfaces/lib:/usr/local/cuda-12.2/lib64:/home/mae-emrl3172/ros2_ws/install/zed_components/lib:/usr/local/cuda-12.2/lib64:/opt/ros/humble/opt/rviz_ogre_vendor/lib:/opt/ros/humble/lib/aarch64-linux-gnu:/opt/ros/humble/lib:/usr/local/cuda-12.2/lib64 /usr/bin/cmake --build /home/mae-emrl3172/ros2_ws/build/zed_components -- -j6 -l6
[0.366s] Invoking command in '/home/mae-emrl3172/ros2_ws/build/zed_components': CMAKE_PREFIX_PATH=/home/mae-emrl3172/ros2_ws/install/zed_interfaces:/home/mae-emrl3172/ros2_ws/install/zed_ros2:/home/mae-emrl3172/ros2_ws/install/zed_wrapper:/home/mae-emrl3172/ros2_ws/install/zed_components:/home/mae-emrl3172/ros2_ws/install/sUAV:/opt/ros/humble LD_LIBRARY_PATH=/home/mae-emrl3172/ros2_ws/install/zed_interfaces/lib:/usr/local/cuda-12.2/lib64:/home/mae-emrl3172/ros2_ws/install/zed_components/lib:/usr/local/cuda-12.2/lib64:/opt/ros/humble/opt/rviz_ogre_vendor/lib:/opt/ros/humble/lib/aarch64-linux-gnu:/opt/ros/humble/lib:/usr/local/cuda-12.2/lib64 /usr/bin/cmake --install /home/mae-emrl3172/ros2_ws/build/zed_components
[0.387s] -- Install configuration: "Release"
[0.389s] -- Execute custom install script
[0.390s] -- Up-to-date symlink: /home/mae-emrl3172/ros2_ws/install/zed_components/lib/libzed_camera_component.so
[0.392s] -- Up-to-date symlink: /home/mae-emrl3172/ros2_ws/install/zed_components/include/zed_components//cost_traversability.hpp
[0.393s] -- Up-to-date symlink: /home/mae-emrl3172/ros2_ws/install/zed_components/include/zed_components//sl_types.hpp
[0.393s] -- Up-to-date symlink: /home/mae-emrl3172/ros2_ws/install/zed_components/include/zed_components//zed_camera_component.hpp
[0.395s] -- Up-to-date symlink: /home/mae-emrl3172/ros2_ws/install/zed_components/include/zed_components//gnss_replay.hpp
[0.395s] -- Up-to-date symlink: /home/mae-emrl3172/ros2_ws/install/zed_components/include/zed_components//json.hpp
[0.396s] -- Up-to-date symlink: /home/mae-emrl3172/ros2_ws/install/zed_components/include/zed_components//sl_logging.hpp
[0.397s] -- Up-to-date symlink: /home/mae-emrl3172/ros2_ws/install/zed_components/include/zed_components//sl_tools.hpp
[0.397s] -- Up-to-date symlink: /home/mae-emrl3172/ros2_ws/install/zed_components/include/zed_components//sl_win_avg.hpp
[0.398s] -- Up-to-date symlink: /home/mae-emrl3172/ros2_ws/install/zed_components/include/zed_components//visibility_control.hpp
[0.399s] -- Up-to-date symlink: /home/mae-emrl3172/ros2_ws/install/zed_components/share/zed_components/environment/library_path.sh
[0.400s] -- Up-to-date symlink: /home/mae-emrl3172/ros2_ws/install/zed_components/share/zed_components/environment/library_path.dsv
[0.400s] -- Up-to-date symlink: /home/mae-emrl3172/ros2_ws/install/zed_components/share/ament_index/resource_index/package_run_dependencies/zed_components
[0.401s] -- Up-to-date symlink: /home/mae-emrl3172/ros2_ws/install/zed_components/share/ament_index/resource_index/parent_prefix_path/zed_components
[0.401s] -- Up-to-date symlink: /home/mae-emrl3172/ros2_ws/install/zed_components/share/zed_components/environment/ament_prefix_path.sh
[0.402s] -- Up-to-date symlink: /home/mae-emrl3172/ros2_ws/install/zed_components/share/zed_components/environment/ament_prefix_path.dsv
[0.403s] -- Up-to-date symlink: /home/mae-emrl3172/ros2_ws/install/zed_components/share/zed_components/environment/path.sh
[0.403s] -- Up-to-date symlink: /home/mae-emrl3172/ros2_ws/install/zed_components/share/zed_components/environment/path.dsv
[0.404s] -- Up-to-date symlink: /home/mae-emrl3172/ros2_ws/install/zed_components/share/zed_components/local_setup.bash
[0.404s] -- Up-to-date symlink: /home/mae-emrl3172/ros2_ws/install/zed_components/share/zed_components/local_setup.sh
[0.406s] -- Up-to-date symlink: /home/mae-emrl3172/ros2_ws/install/zed_components/share/zed_components/local_setup.zsh
[0.407s] -- Up-to-date symlink: /home/mae-emrl3172/ros2_ws/install/zed_components/share/zed_components/local_setup.dsv
[0.407s] -- Symlinking: /home/mae-emrl3172/ros2_ws/install/zed_components/share/zed_components/package.dsv
[0.430s] -- Up-to-date symlink: /home/mae-emrl3172/ros2_ws/install/zed_components/share/ament_index/resource_index/packages/zed_components
[0.431s] -- Up-to-date symlink: /home/mae-emrl3172/ros2_ws/install/zed_components/share/ament_index/resource_index/rclcpp_components/zed_components
[0.431s] -- Up-to-date symlink: /home/mae-emrl3172/ros2_ws/install/zed_components/share/zed_components/cmake/ament_cmake_export_include_directories-extras.cmake
[0.432s] -- Up-to-date symlink: /home/mae-emrl3172/ros2_ws/install/zed_components/share/zed_components/cmake/ament_cmake_export_libraries-extras.cmake
[0.433s] -- Up-to-date symlink: /home/mae-emrl3172/ros2_ws/install/zed_components/share/zed_components/cmake/ament_cmake_export_dependencies-extras.cmake
[0.433s] -- Up-to-date symlink: /home/mae-emrl3172/ros2_ws/install/zed_components/share/zed_components/cmake/zed_componentsConfig.cmake
[0.434s] -- Up-to-date symlink: /home/mae-emrl3172/ros2_ws/install/zed_components/share/zed_components/cmake/zed_componentsConfig-version.cmake
[0.434s] -- Up-to-date symlink: /home/mae-emrl3172/ros2_ws/install/zed_components/share/zed_components/package.xml
[0.443s] Invoked command in '/home/mae-emrl3172/ros2_ws/build/zed_components' returned '0': CMAKE_PREFIX_PATH=/home/mae-emrl3172/ros2_ws/install/zed_interfaces:/home/mae-emrl3172/ros2_ws/install/zed_ros2:/home/mae-emrl3172/ros2_ws/install/zed_wrapper:/home/mae-emrl3172/ros2_ws/install/zed_components:/home/mae-emrl3172/ros2_ws/install/sUAV:/opt/ros/humble LD_LIBRARY_PATH=/home/mae-emrl3172/ros2_ws/install/zed_interfaces/lib:/usr/local/cuda-12.2/lib64:/home/mae-emrl3172/ros2_ws/install/zed_components/lib:/usr/local/cuda-12.2/lib64:/opt/ros/humble/opt/rviz_ogre_vendor/lib:/opt/ros/humble/lib/aarch64-linux-gnu:/opt/ros/humble/lib:/usr/local/cuda-12.2/lib64 /usr/bin/cmake --install /home/mae-emrl3172/ros2_ws/build/zed_components
