[0.141s] Invoking command in '/home/mae-emrl3172/ros2_ws/build/zed_ros2': CMAKE_PREFIX_PATH=/home/mae-emrl3172/ros2_ws/install/zed_wrapper:/home/mae-emrl3172/ros2_ws/install/zed_components:/home/mae-emrl3172/ros2_ws/install/zed_interfaces:/home/mae-emrl3172/ros2_ws/install/zed_ros2:/home/mae-emrl3172/ros2_ws/install/sUAV:/opt/ros/humble LD_LIBRARY_PATH=/home/mae-emrl3172/ros2_ws/install/zed_components/lib:/home/mae-emrl3172/ros2_ws/install/zed_interfaces/lib:/usr/local/cuda-12.2/lib64:/usr/local/cuda-12.2/lib64:/opt/ros/humble/opt/rviz_ogre_vendor/lib:/opt/ros/humble/lib/aarch64-linux-gnu:/opt/ros/humble/lib:/usr/local/cuda-12.2/lib64 /usr/bin/cmake /home/mae-emrl3172/ros2_ws/src/zed-ros2-wrapper/zed_ros2 -DCMAKE_INSTALL_PREFIX=/home/mae-emrl3172/ros2_ws/install/zed_ros2
[0.169s] -- Found ament_cmake_auto: 1.3.8 (/opt/ros/humble/share/ament_cmake_auto/cmake)
[0.694s] -- Override CMake install command with custom implementation using symlinks instead of copying resources
[1.045s] -- Found ament_lint_auto: 0.12.10 (/opt/ros/humble/share/ament_lint_auto/cmake)
[1.063s] -- Added test 'copyright' to check source files copyright and LICENSE
[1.066s] -- Added test 'lint_cmake' to check CMake code style
[1.069s] -- Added test 'xmllint' to check XML markup files
[1.084s] -- Configuring done
[1.132s] -- Generating done
[1.132s] -- Build files have been written to: /home/mae-emrl3172/ros2_ws/build/zed_ros2
[1.137s] Invoked command in '/home/mae-emrl3172/ros2_ws/build/zed_ros2' returned '0': CMAKE_PREFIX_PATH=/home/mae-emrl3172/ros2_ws/install/zed_wrapper:/home/mae-emrl3172/ros2_ws/install/zed_components:/home/mae-emrl3172/ros2_ws/install/zed_interfaces:/home/mae-emrl3172/ros2_ws/install/zed_ros2:/home/mae-emrl3172/ros2_ws/install/sUAV:/opt/ros/humble LD_LIBRARY_PATH=/home/mae-emrl3172/ros2_ws/install/zed_components/lib:/home/mae-emrl3172/ros2_ws/install/zed_interfaces/lib:/usr/local/cuda-12.2/lib64:/usr/local/cuda-12.2/lib64:/opt/ros/humble/opt/rviz_ogre_vendor/lib:/opt/ros/humble/lib/aarch64-linux-gnu:/opt/ros/humble/lib:/usr/local/cuda-12.2/lib64 /usr/bin/cmake /home/mae-emrl3172/ros2_ws/src/zed-ros2-wrapper/zed_ros2 -DCMAKE_INSTALL_PREFIX=/home/mae-emrl3172/ros2_ws/install/zed_ros2
[1.138s] Invoking command in '/home/mae-emrl3172/ros2_ws/build/zed_ros2': CMAKE_PREFIX_PATH=/home/mae-emrl3172/ros2_ws/install/zed_wrapper:/home/mae-emrl3172/ros2_ws/install/zed_components:/home/mae-emrl3172/ros2_ws/install/zed_interfaces:/home/mae-emrl3172/ros2_ws/install/zed_ros2:/home/mae-emrl3172/ros2_ws/install/sUAV:/opt/ros/humble LD_LIBRARY_PATH=/home/mae-emrl3172/ros2_ws/install/zed_components/lib:/home/mae-emrl3172/ros2_ws/install/zed_interfaces/lib:/usr/local/cuda-12.2/lib64:/usr/local/cuda-12.2/lib64:/opt/ros/humble/opt/rviz_ogre_vendor/lib:/opt/ros/humble/lib/aarch64-linux-gnu:/opt/ros/humble/lib:/usr/local/cuda-12.2/lib64 /usr/bin/cmake --build /home/mae-emrl3172/ros2_ws/build/zed_ros2 -- -j6 -l6
[1.391s] Invoked command in '/home/mae-emrl3172/ros2_ws/build/zed_ros2' returned '0': CMAKE_PREFIX_PATH=/home/mae-emrl3172/ros2_ws/install/zed_wrapper:/home/mae-emrl3172/ros2_ws/install/zed_components:/home/mae-emrl3172/ros2_ws/install/zed_interfaces:/home/mae-emrl3172/ros2_ws/install/zed_ros2:/home/mae-emrl3172/ros2_ws/install/sUAV:/opt/ros/humble LD_LIBRARY_PATH=/home/mae-emrl3172/ros2_ws/install/zed_components/lib:/home/mae-emrl3172/ros2_ws/install/zed_interfaces/lib:/usr/local/cuda-12.2/lib64:/usr/local/cuda-12.2/lib64:/opt/ros/humble/opt/rviz_ogre_vendor/lib:/opt/ros/humble/lib/aarch64-linux-gnu:/opt/ros/humble/lib:/usr/local/cuda-12.2/lib64 /usr/bin/cmake --build /home/mae-emrl3172/ros2_ws/build/zed_ros2 -- -j6 -l6
[1.661s] Invoking command in '/home/mae-emrl3172/ros2_ws/build/zed_ros2': CMAKE_PREFIX_PATH=/home/mae-emrl3172/ros2_ws/install/zed_wrapper:/home/mae-emrl3172/ros2_ws/install/zed_components:/home/mae-emrl3172/ros2_ws/install/zed_interfaces:/home/mae-emrl3172/ros2_ws/install/zed_ros2:/home/mae-emrl3172/ros2_ws/install/sUAV:/opt/ros/humble LD_LIBRARY_PATH=/home/mae-emrl3172/ros2_ws/install/zed_components/lib:/home/mae-emrl3172/ros2_ws/install/zed_interfaces/lib:/usr/local/cuda-12.2/lib64:/usr/local/cuda-12.2/lib64:/opt/ros/humble/opt/rviz_ogre_vendor/lib:/opt/ros/humble/lib/aarch64-linux-gnu:/opt/ros/humble/lib:/usr/local/cuda-12.2/lib64 /usr/bin/cmake --install /home/mae-emrl3172/ros2_ws/build/zed_ros2
[1.822s] -- Install configuration: "Release"
[1.839s] -- Execute custom install script
[1.841s] -- Up-to-date symlink: /home/mae-emrl3172/ros2_ws/install/zed_ros2/share/ament_index/resource_index/package_run_dependencies/zed_ros2
[1.841s] -- Up-to-date symlink: /home/mae-emrl3172/ros2_ws/install/zed_ros2/share/ament_index/resource_index/parent_prefix_path/zed_ros2
[1.842s] -- Up-to-date symlink: /home/mae-emrl3172/ros2_ws/install/zed_ros2/share/zed_ros2/environment/ament_prefix_path.sh
[1.842s] -- Up-to-date symlink: /home/mae-emrl3172/ros2_ws/install/zed_ros2/share/zed_ros2/environment/ament_prefix_path.dsv
[1.842s] -- Up-to-date symlink: /home/mae-emrl3172/ros2_ws/install/zed_ros2/share/zed_ros2/environment/path.sh
[1.843s] -- Up-to-date symlink: /home/mae-emrl3172/ros2_ws/install/zed_ros2/share/zed_ros2/environment/path.dsv
[1.844s] -- Up-to-date symlink: /home/mae-emrl3172/ros2_ws/install/zed_ros2/share/zed_ros2/local_setup.bash
[1.845s] -- Up-to-date symlink: /home/mae-emrl3172/ros2_ws/install/zed_ros2/share/zed_ros2/local_setup.sh
[1.846s] -- Up-to-date symlink: /home/mae-emrl3172/ros2_ws/install/zed_ros2/share/zed_ros2/local_setup.zsh
[1.847s] -- Up-to-date symlink: /home/mae-emrl3172/ros2_ws/install/zed_ros2/share/zed_ros2/local_setup.dsv
[1.847s] -- Symlinking: /home/mae-emrl3172/ros2_ws/install/zed_ros2/share/zed_ros2/package.dsv
[2.038s] -- Up-to-date symlink: /home/mae-emrl3172/ros2_ws/install/zed_ros2/share/ament_index/resource_index/packages/zed_ros2
[2.039s] -- Up-to-date symlink: /home/mae-emrl3172/ros2_ws/install/zed_ros2/share/zed_ros2/cmake/zed_ros2Config.cmake
[2.040s] -- Up-to-date symlink: /home/mae-emrl3172/ros2_ws/install/zed_ros2/share/zed_ros2/cmake/zed_ros2Config-version.cmake
[2.041s] -- Up-to-date symlink: /home/mae-emrl3172/ros2_ws/install/zed_ros2/share/zed_ros2/package.xml
[2.061s] Invoked command in '/home/mae-emrl3172/ros2_ws/build/zed_ros2' returned '0': CMAKE_PREFIX_PATH=/home/mae-emrl3172/ros2_ws/install/zed_wrapper:/home/mae-emrl3172/ros2_ws/install/zed_components:/home/mae-emrl3172/ros2_ws/install/zed_interfaces:/home/mae-emrl3172/ros2_ws/install/zed_ros2:/home/mae-emrl3172/ros2_ws/install/sUAV:/opt/ros/humble LD_LIBRARY_PATH=/home/mae-emrl3172/ros2_ws/install/zed_components/lib:/home/mae-emrl3172/ros2_ws/install/zed_interfaces/lib:/usr/local/cuda-12.2/lib64:/usr/local/cuda-12.2/lib64:/opt/ros/humble/opt/rviz_ogre_vendor/lib:/opt/ros/humble/lib/aarch64-linux-gnu:/opt/ros/humble/lib:/usr/local/cuda-12.2/lib64 /usr/bin/cmake --install /home/mae-emrl3172/ros2_ws/build/zed_ros2
