[0.028s] Invoking command in '/home/mae-emrl3172/ros2_ws/build/zed_ros2': AMENT_PREFIX_PATH=/home/mae-emrl3172/ros2_ws/install/zed_wrapper:/home/mae-emrl3172/ros2_ws/install/zed_components:${AMENT_PREFIX_PATH} CMAKE_PREFIX_PATH=/home/mae-emrl3172/ros2_ws/install/zed_wrapper:/home/mae-emrl3172/ros2_ws/install/zed_components:/home/mae-emrl3172/ros2_ws/install/zed_interfaces:/home/mae-emrl3172/ros2_ws/install/sUAV:/opt/ros/humble LD_LIBRARY_PATH=/home/mae-emrl3172/ros2_ws/install/zed_components/lib:/home/mae-emrl3172/ros2_ws/install/zed_interfaces/lib:/usr/local/cuda-12.2/lib64:/opt/ros/humble/opt/rviz_ogre_vendor/lib:/opt/ros/humble/lib/aarch64-linux-gnu:/opt/ros/humble/lib:/usr/local/cuda-12.2/lib64 /usr/bin/cmake /home/mae-emrl3172/ros2_ws/src/zed-ros2-wrapper/zed_ros2 -DCMAKE_BUILD_TYPE=Release -DAMENT_CMAKE_SYMLINK_INSTALL=1 -DCMAKE_INSTALL_PREFIX=/home/mae-emrl3172/ros2_ws/install/zed_ros2
[0.064s] -- Found ament_cmake_auto: 1.3.8 (/opt/ros/humble/share/ament_cmake_auto/cmake)
[0.492s] -- Found Python3: /usr/bin/python3 (found version "3.10.12") found components: Interpreter 
[0.648s] -- Override CMake install command with custom implementation using symlinks instead of copying resources
[0.861s] -- Found ament_lint_auto: 0.12.10 (/opt/ros/humble/share/ament_lint_auto/cmake)
[0.894s] -- Added test 'copyright' to check source files copyright and LICENSE
[0.896s] -- Added test 'lint_cmake' to check CMake code style
[0.897s] -- Added test 'xmllint' to check XML markup files
[0.900s] -- Configuring done
[0.908s] -- Generating done
[0.911s] -- Build files have been written to: /home/mae-emrl3172/ros2_ws/build/zed_ros2
[0.920s] Invoked command in '/home/mae-emrl3172/ros2_ws/build/zed_ros2' returned '0': AMENT_PREFIX_PATH=/home/mae-emrl3172/ros2_ws/install/zed_wrapper:/home/mae-emrl3172/ros2_ws/install/zed_components:${AMENT_PREFIX_PATH} CMAKE_PREFIX_PATH=/home/mae-emrl3172/ros2_ws/install/zed_wrapper:/home/mae-emrl3172/ros2_ws/install/zed_components:/home/mae-emrl3172/ros2_ws/install/zed_interfaces:/home/mae-emrl3172/ros2_ws/install/sUAV:/opt/ros/humble LD_LIBRARY_PATH=/home/mae-emrl3172/ros2_ws/install/zed_components/lib:/home/mae-emrl3172/ros2_ws/install/zed_interfaces/lib:/usr/local/cuda-12.2/lib64:/opt/ros/humble/opt/rviz_ogre_vendor/lib:/opt/ros/humble/lib/aarch64-linux-gnu:/opt/ros/humble/lib:/usr/local/cuda-12.2/lib64 /usr/bin/cmake /home/mae-emrl3172/ros2_ws/src/zed-ros2-wrapper/zed_ros2 -DCMAKE_BUILD_TYPE=Release -DAMENT_CMAKE_SYMLINK_INSTALL=1 -DCMAKE_INSTALL_PREFIX=/home/mae-emrl3172/ros2_ws/install/zed_ros2
[0.923s] Invoking command in '/home/mae-emrl3172/ros2_ws/build/zed_ros2': AMENT_PREFIX_PATH=/home/mae-emrl3172/ros2_ws/install/zed_wrapper:/home/mae-emrl3172/ros2_ws/install/zed_components:${AMENT_PREFIX_PATH} CMAKE_PREFIX_PATH=/home/mae-emrl3172/ros2_ws/install/zed_wrapper:/home/mae-emrl3172/ros2_ws/install/zed_components:/home/mae-emrl3172/ros2_ws/install/zed_interfaces:/home/mae-emrl3172/ros2_ws/install/sUAV:/opt/ros/humble LD_LIBRARY_PATH=/home/mae-emrl3172/ros2_ws/install/zed_components/lib:/home/mae-emrl3172/ros2_ws/install/zed_interfaces/lib:/usr/local/cuda-12.2/lib64:/opt/ros/humble/opt/rviz_ogre_vendor/lib:/opt/ros/humble/lib/aarch64-linux-gnu:/opt/ros/humble/lib:/usr/local/cuda-12.2/lib64 /usr/bin/cmake --build /home/mae-emrl3172/ros2_ws/build/zed_ros2 -- -j6 -l6
[1.016s] Invoked command in '/home/mae-emrl3172/ros2_ws/build/zed_ros2' returned '0': AMENT_PREFIX_PATH=/home/mae-emrl3172/ros2_ws/install/zed_wrapper:/home/mae-emrl3172/ros2_ws/install/zed_components:${AMENT_PREFIX_PATH} CMAKE_PREFIX_PATH=/home/mae-emrl3172/ros2_ws/install/zed_wrapper:/home/mae-emrl3172/ros2_ws/install/zed_components:/home/mae-emrl3172/ros2_ws/install/zed_interfaces:/home/mae-emrl3172/ros2_ws/install/sUAV:/opt/ros/humble LD_LIBRARY_PATH=/home/mae-emrl3172/ros2_ws/install/zed_components/lib:/home/mae-emrl3172/ros2_ws/install/zed_interfaces/lib:/usr/local/cuda-12.2/lib64:/opt/ros/humble/opt/rviz_ogre_vendor/lib:/opt/ros/humble/lib/aarch64-linux-gnu:/opt/ros/humble/lib:/usr/local/cuda-12.2/lib64 /usr/bin/cmake --build /home/mae-emrl3172/ros2_ws/build/zed_ros2 -- -j6 -l6
[1.067s] Invoking command in '/home/mae-emrl3172/ros2_ws/build/zed_ros2': AMENT_PREFIX_PATH=/home/mae-emrl3172/ros2_ws/install/zed_wrapper:/home/mae-emrl3172/ros2_ws/install/zed_components:${AMENT_PREFIX_PATH} CMAKE_PREFIX_PATH=/home/mae-emrl3172/ros2_ws/install/zed_wrapper:/home/mae-emrl3172/ros2_ws/install/zed_components:/home/mae-emrl3172/ros2_ws/install/zed_interfaces:/home/mae-emrl3172/ros2_ws/install/sUAV:/opt/ros/humble LD_LIBRARY_PATH=/home/mae-emrl3172/ros2_ws/install/zed_components/lib:/home/mae-emrl3172/ros2_ws/install/zed_interfaces/lib:/usr/local/cuda-12.2/lib64:/opt/ros/humble/opt/rviz_ogre_vendor/lib:/opt/ros/humble/lib/aarch64-linux-gnu:/opt/ros/humble/lib:/usr/local/cuda-12.2/lib64 /usr/bin/cmake --install /home/mae-emrl3172/ros2_ws/build/zed_ros2
[1.087s] -- Install configuration: "Release"
[1.088s] -- Execute custom install script
[1.089s] -- Symlinking: /home/mae-emrl3172/ros2_ws/install/zed_ros2/share/ament_index/resource_index/package_run_dependencies/zed_ros2
[1.111s] -- Symlinking: /home/mae-emrl3172/ros2_ws/install/zed_ros2/share/ament_index/resource_index/parent_prefix_path/zed_ros2
[1.131s] -- Symlinking: /home/mae-emrl3172/ros2_ws/install/zed_ros2/share/zed_ros2/environment/ament_prefix_path.sh
[1.154s] -- Symlinking: /home/mae-emrl3172/ros2_ws/install/zed_ros2/share/zed_ros2/environment/ament_prefix_path.dsv
[1.175s] -- Symlinking: /home/mae-emrl3172/ros2_ws/install/zed_ros2/share/zed_ros2/environment/path.sh
[1.198s] -- Symlinking: /home/mae-emrl3172/ros2_ws/install/zed_ros2/share/zed_ros2/environment/path.dsv
[1.220s] -- Symlinking: /home/mae-emrl3172/ros2_ws/install/zed_ros2/share/zed_ros2/local_setup.bash
[1.241s] -- Symlinking: /home/mae-emrl3172/ros2_ws/install/zed_ros2/share/zed_ros2/local_setup.sh
[1.261s] -- Symlinking: /home/mae-emrl3172/ros2_ws/install/zed_ros2/share/zed_ros2/local_setup.zsh
[1.282s] -- Symlinking: /home/mae-emrl3172/ros2_ws/install/zed_ros2/share/zed_ros2/local_setup.dsv
[1.301s] -- Symlinking: /home/mae-emrl3172/ros2_ws/install/zed_ros2/share/zed_ros2/package.dsv
[1.324s] -- Symlinking: /home/mae-emrl3172/ros2_ws/install/zed_ros2/share/ament_index/resource_index/packages/zed_ros2
[1.349s] -- Symlinking: /home/mae-emrl3172/ros2_ws/install/zed_ros2/share/zed_ros2/cmake/zed_ros2Config.cmake
[1.371s] -- Symlinking: /home/mae-emrl3172/ros2_ws/install/zed_ros2/share/zed_ros2/cmake/zed_ros2Config-version.cmake
[1.395s] -- Symlinking: /home/mae-emrl3172/ros2_ws/install/zed_ros2/share/zed_ros2/package.xml
[1.427s] Invoked command in '/home/mae-emrl3172/ros2_ws/build/zed_ros2' returned '0': AMENT_PREFIX_PATH=/home/mae-emrl3172/ros2_ws/install/zed_wrapper:/home/mae-emrl3172/ros2_ws/install/zed_components:${AMENT_PREFIX_PATH} CMAKE_PREFIX_PATH=/home/mae-emrl3172/ros2_ws/install/zed_wrapper:/home/mae-emrl3172/ros2_ws/install/zed_components:/home/mae-emrl3172/ros2_ws/install/zed_interfaces:/home/mae-emrl3172/ros2_ws/install/sUAV:/opt/ros/humble LD_LIBRARY_PATH=/home/mae-emrl3172/ros2_ws/install/zed_components/lib:/home/mae-emrl3172/ros2_ws/install/zed_interfaces/lib:/usr/local/cuda-12.2/lib64:/opt/ros/humble/opt/rviz_ogre_vendor/lib:/opt/ros/humble/lib/aarch64-linux-gnu:/opt/ros/humble/lib:/usr/local/cuda-12.2/lib64 /usr/bin/cmake --install /home/mae-emrl3172/ros2_ws/build/zed_ros2
