[0.027s] Invoking command in '/home/mae-emrl3172/ros2_ws/build/zed_components': CMAKE_PREFIX_PATH=/home/mae-emrl3172/ros2_ws/install/zed_interfaces:/home/mae-emrl3172/ros2_ws/install/zed_ros2:/home/mae-emrl3172/ros2_ws/install/zed_wrapper:/home/mae-emrl3172/ros2_ws/install/zed_components:/home/mae-emrl3172/ros2_ws/install/sUAV:/opt/ros/humble LD_LIBRARY_PATH=/home/mae-emrl3172/ros2_ws/install/zed_interfaces/lib:/usr/local/cuda-12.2/lib64:/home/mae-emrl3172/ros2_ws/install/zed_components/lib:/usr/local/cuda-12.2/lib64:/opt/ros/humble/opt/rviz_ogre_vendor/lib:/opt/ros/humble/lib/aarch64-linux-gnu:/opt/ros/humble/lib:/usr/local/cuda-12.2/lib64 /usr/bin/cmake /home/mae-emrl3172/ros2_ws/src/zed-ros2-wrapper/zed_components -DCMAKE_INSTALL_PREFIX=/home/mae-emrl3172/ros2_ws/install/zed_components
[0.130s] -- Found CUDA: /usr/local/cuda-12.2 (found suitable version "12.2", minimum required is "12.2") 
[0.184s] -- Found CUDA: /usr/local/cuda-12.2 (found version "12.2") 
[0.186s] -- Found ament_cmake_auto: 1.3.8 (/opt/ros/humble/share/ament_cmake_auto/cmake)
[0.544s] -- Override CMake install command with custom implementation using symlinks instead of copying resources
[0.778s] -- Found rosidl_generator_c: 3.1.5 (/opt/ros/humble/share/rosidl_generator_c/cmake)
[0.783s] -- Found rosidl_adapter: 3.1.5 (/opt/ros/humble/share/rosidl_adapter/cmake)
[0.794s] -- Found rosidl_generator_cpp: 3.1.5 (/opt/ros/humble/share/rosidl_generator_cpp/cmake)
[0.816s] -- Using all available rosidl_typesupport_c: rosidl_typesupport_fastrtps_c;rosidl_typesupport_introspection_c
[0.847s] -- Using all available rosidl_typesupport_cpp: rosidl_typesupport_fastrtps_cpp;rosidl_typesupport_introspection_cpp
[1.397s] -- Found rmw_implementation_cmake: 6.1.1 (/opt/ros/humble/share/rmw_implementation_cmake/cmake)
[1.400s] -- Found rmw_fastrtps_cpp: 6.2.6 (/opt/ros/humble/share/rmw_fastrtps_cpp/cmake)
[1.640s] -- Using RMW implementation 'rmw_fastrtps_cpp' as default
[4.142s] -- Found eigen3_cmake_module: 0.1.1 (/opt/ros/humble/share/eigen3_cmake_module/cmake)
[4.148s] -- Ensuring Eigen3 include directory is part of orocos-kdl CMake target
[5.562s] -- Found ament_lint_auto: 0.12.10 (/opt/ros/humble/share/ament_lint_auto/cmake)
[5.615s] -- Added test 'copyright' to check source files copyright and LICENSE
[5.620s] -- Added test 'cppcheck' to perform static code analysis on C / C++ code
[5.621s] -- Configured cppcheck include dirs: /home/mae-emrl3172/ros2_ws/src/zed-ros2-wrapper/zed_components/src/include;/home/mae-emrl3172/ros2_ws/src/zed-ros2-wrapper/zed_components/src/zed_camera/include;/home/mae-emrl3172/ros2_ws/src/zed-ros2-wrapper/zed_components/src/tools/include
[5.622s] -- Configured cppcheck exclude dirs and/or files: 
[5.623s] -- Added test 'lint_cmake' to check CMake code style
[5.627s] -- Added test 'uncrustify' to check C / C++ code style
[5.627s] -- Configured uncrustify additional arguments: 
[5.628s] -- Added test 'xmllint' to check XML markup files
[5.635s] -- Configuring done
[5.708s] -- Generating done
[5.725s] -- Build files have been written to: /home/mae-emrl3172/ros2_ws/build/zed_components
[5.830s] Invoked command in '/home/mae-emrl3172/ros2_ws/build/zed_components' returned '0': CMAKE_PREFIX_PATH=/home/mae-emrl3172/ros2_ws/install/zed_interfaces:/home/mae-emrl3172/ros2_ws/install/zed_ros2:/home/mae-emrl3172/ros2_ws/install/zed_wrapper:/home/mae-emrl3172/ros2_ws/install/zed_components:/home/mae-emrl3172/ros2_ws/install/sUAV:/opt/ros/humble LD_LIBRARY_PATH=/home/mae-emrl3172/ros2_ws/install/zed_interfaces/lib:/usr/local/cuda-12.2/lib64:/home/mae-emrl3172/ros2_ws/install/zed_components/lib:/usr/local/cuda-12.2/lib64:/opt/ros/humble/opt/rviz_ogre_vendor/lib:/opt/ros/humble/lib/aarch64-linux-gnu:/opt/ros/humble/lib:/usr/local/cuda-12.2/lib64 /usr/bin/cmake /home/mae-emrl3172/ros2_ws/src/zed-ros2-wrapper/zed_components -DCMAKE_INSTALL_PREFIX=/home/mae-emrl3172/ros2_ws/install/zed_components
[5.831s] Invoking command in '/home/mae-emrl3172/ros2_ws/build/zed_components': CMAKE_PREFIX_PATH=/home/mae-emrl3172/ros2_ws/install/zed_interfaces:/home/mae-emrl3172/ros2_ws/install/zed_ros2:/home/mae-emrl3172/ros2_ws/install/zed_wrapper:/home/mae-emrl3172/ros2_ws/install/zed_components:/home/mae-emrl3172/ros2_ws/install/sUAV:/opt/ros/humble LD_LIBRARY_PATH=/home/mae-emrl3172/ros2_ws/install/zed_interfaces/lib:/usr/local/cuda-12.2/lib64:/home/mae-emrl3172/ros2_ws/install/zed_components/lib:/usr/local/cuda-12.2/lib64:/opt/ros/humble/opt/rviz_ogre_vendor/lib:/opt/ros/humble/lib/aarch64-linux-gnu:/opt/ros/humble/lib:/usr/local/cuda-12.2/lib64 /usr/bin/cmake --build /home/mae-emrl3172/ros2_ws/build/zed_components -- -j6 -l6
[6.244s] [35m[1mConsolidate compiler generated dependencies of target zed_camera_component[0m
[6.306s] [100%] Built target zed_camera_component
[6.332s] Invoked command in '/home/mae-emrl3172/ros2_ws/build/zed_components' returned '0': CMAKE_PREFIX_PATH=/home/mae-emrl3172/ros2_ws/install/zed_interfaces:/home/mae-emrl3172/ros2_ws/install/zed_ros2:/home/mae-emrl3172/ros2_ws/install/zed_wrapper:/home/mae-emrl3172/ros2_ws/install/zed_components:/home/mae-emrl3172/ros2_ws/install/sUAV:/opt/ros/humble LD_LIBRARY_PATH=/home/mae-emrl3172/ros2_ws/install/zed_interfaces/lib:/usr/local/cuda-12.2/lib64:/home/mae-emrl3172/ros2_ws/install/zed_components/lib:/usr/local/cuda-12.2/lib64:/opt/ros/humble/opt/rviz_ogre_vendor/lib:/opt/ros/humble/lib/aarch64-linux-gnu:/opt/ros/humble/lib:/usr/local/cuda-12.2/lib64 /usr/bin/cmake --build /home/mae-emrl3172/ros2_ws/build/zed_components -- -j6 -l6
[6.442s] Invoking command in '/home/mae-emrl3172/ros2_ws/build/zed_components': CMAKE_PREFIX_PATH=/home/mae-emrl3172/ros2_ws/install/zed_interfaces:/home/mae-emrl3172/ros2_ws/install/zed_ros2:/home/mae-emrl3172/ros2_ws/install/zed_wrapper:/home/mae-emrl3172/ros2_ws/install/zed_components:/home/mae-emrl3172/ros2_ws/install/sUAV:/opt/ros/humble LD_LIBRARY_PATH=/home/mae-emrl3172/ros2_ws/install/zed_interfaces/lib:/usr/local/cuda-12.2/lib64:/home/mae-emrl3172/ros2_ws/install/zed_components/lib:/usr/local/cuda-12.2/lib64:/opt/ros/humble/opt/rviz_ogre_vendor/lib:/opt/ros/humble/lib/aarch64-linux-gnu:/opt/ros/humble/lib:/usr/local/cuda-12.2/lib64 /usr/bin/cmake --install /home/mae-emrl3172/ros2_ws/build/zed_components
[6.462s] -- Install configuration: "Release"
[6.467s] -- Execute custom install script
[6.467s] -- Up-to-date symlink: /home/mae-emrl3172/ros2_ws/install/zed_components/lib/libzed_camera_component.so
[6.467s] -- Up-to-date symlink: /home/mae-emrl3172/ros2_ws/install/zed_components/include/zed_components//cost_traversability.hpp
[6.467s] -- Up-to-date symlink: /home/mae-emrl3172/ros2_ws/install/zed_components/include/zed_components//sl_types.hpp
[6.468s] -- Up-to-date symlink: /home/mae-emrl3172/ros2_ws/install/zed_components/include/zed_components//zed_camera_component.hpp
[6.468s] -- Up-to-date symlink: /home/mae-emrl3172/ros2_ws/install/zed_components/include/zed_components//gnss_replay.hpp
[6.468s] -- Up-to-date symlink: /home/mae-emrl3172/ros2_ws/install/zed_components/include/zed_components//json.hpp
[6.468s] -- Up-to-date symlink: /home/mae-emrl3172/ros2_ws/install/zed_components/include/zed_components//sl_logging.hpp
[6.468s] -- Up-to-date symlink: /home/mae-emrl3172/ros2_ws/install/zed_components/include/zed_components//sl_tools.hpp
[6.468s] -- Up-to-date symlink: /home/mae-emrl3172/ros2_ws/install/zed_components/include/zed_components//sl_win_avg.hpp
[6.468s] -- Up-to-date symlink: /home/mae-emrl3172/ros2_ws/install/zed_components/include/zed_components//visibility_control.hpp
[6.472s] -- Up-to-date symlink: /home/mae-emrl3172/ros2_ws/install/zed_components/share/zed_components/environment/library_path.sh
[6.472s] -- Up-to-date symlink: /home/mae-emrl3172/ros2_ws/install/zed_components/share/zed_components/environment/library_path.dsv
[6.472s] -- Up-to-date symlink: /home/mae-emrl3172/ros2_ws/install/zed_components/share/ament_index/resource_index/package_run_dependencies/zed_components
[6.472s] -- Up-to-date symlink: /home/mae-emrl3172/ros2_ws/install/zed_components/share/ament_index/resource_index/parent_prefix_path/zed_components
[6.472s] -- Up-to-date symlink: /home/mae-emrl3172/ros2_ws/install/zed_components/share/zed_components/environment/ament_prefix_path.sh
[6.472s] -- Up-to-date symlink: /home/mae-emrl3172/ros2_ws/install/zed_components/share/zed_components/environment/ament_prefix_path.dsv
[6.473s] -- Up-to-date symlink: /home/mae-emrl3172/ros2_ws/install/zed_components/share/zed_components/environment/path.sh
[6.473s] -- Up-to-date symlink: /home/mae-emrl3172/ros2_ws/install/zed_components/share/zed_components/environment/path.dsv
[6.473s] -- Up-to-date symlink: /home/mae-emrl3172/ros2_ws/install/zed_components/share/zed_components/local_setup.bash
[6.473s] -- Up-to-date symlink: /home/mae-emrl3172/ros2_ws/install/zed_components/share/zed_components/local_setup.sh
[6.473s] -- Up-to-date symlink: /home/mae-emrl3172/ros2_ws/install/zed_components/share/zed_components/local_setup.zsh
[6.473s] -- Up-to-date symlink: /home/mae-emrl3172/ros2_ws/install/zed_components/share/zed_components/local_setup.dsv
[6.473s] -- Symlinking: /home/mae-emrl3172/ros2_ws/install/zed_components/share/zed_components/package.dsv
[6.497s] -- Up-to-date symlink: /home/mae-emrl3172/ros2_ws/install/zed_components/share/ament_index/resource_index/packages/zed_components
[6.498s] -- Up-to-date symlink: /home/mae-emrl3172/ros2_ws/install/zed_components/share/ament_index/resource_index/rclcpp_components/zed_components
[6.498s] -- Up-to-date symlink: /home/mae-emrl3172/ros2_ws/install/zed_components/share/zed_components/cmake/ament_cmake_export_include_directories-extras.cmake
[6.498s] -- Up-to-date symlink: /home/mae-emrl3172/ros2_ws/install/zed_components/share/zed_components/cmake/ament_cmake_export_libraries-extras.cmake
[6.498s] -- Up-to-date symlink: /home/mae-emrl3172/ros2_ws/install/zed_components/share/zed_components/cmake/ament_cmake_export_dependencies-extras.cmake
[6.499s] -- Up-to-date symlink: /home/mae-emrl3172/ros2_ws/install/zed_components/share/zed_components/cmake/zed_componentsConfig.cmake
[6.499s] -- Up-to-date symlink: /home/mae-emrl3172/ros2_ws/install/zed_components/share/zed_components/cmake/zed_componentsConfig-version.cmake
[6.500s] -- Up-to-date symlink: /home/mae-emrl3172/ros2_ws/install/zed_components/share/zed_components/package.xml
[6.509s] Invoked command in '/home/mae-emrl3172/ros2_ws/build/zed_components' returned '0': CMAKE_PREFIX_PATH=/home/mae-emrl3172/ros2_ws/install/zed_interfaces:/home/mae-emrl3172/ros2_ws/install/zed_ros2:/home/mae-emrl3172/ros2_ws/install/zed_wrapper:/home/mae-emrl3172/ros2_ws/install/zed_components:/home/mae-emrl3172/ros2_ws/install/sUAV:/opt/ros/humble LD_LIBRARY_PATH=/home/mae-emrl3172/ros2_ws/install/zed_interfaces/lib:/usr/local/cuda-12.2/lib64:/home/mae-emrl3172/ros2_ws/install/zed_components/lib:/usr/local/cuda-12.2/lib64:/opt/ros/humble/opt/rviz_ogre_vendor/lib:/opt/ros/humble/lib/aarch64-linux-gnu:/opt/ros/humble/lib:/usr/local/cuda-12.2/lib64 /usr/bin/cmake --install /home/mae-emrl3172/ros2_ws/build/zed_components
