[0.035s] Invoking command in '/home/mae-emrl3172/ros2_ws/build/zed_components': CMAKE_PREFIX_PATH=${CMAKE_PREFIX_PATH}:/home/mae-emrl3172/ros2_ws/install/sUAV:/opt/ros/humble LD_LIBRARY_PATH=/home/mae-emrl3172/ros2_ws/install/zed_interfaces/lib:/usr/local/cuda-12.2/lib64:/opt/ros/humble/opt/rviz_ogre_vendor/lib:/opt/ros/humble/lib/aarch64-linux-gnu:/opt/ros/humble/lib:/usr/local/cuda-12.2/lib64 /usr/bin/cmake /home/mae-emrl3172/ros2_ws/src/zed-ros2-wrapper/zed_components -DCMAKE_BUILD_TYPE=Release -DAMENT_CMAKE_SYMLINK_INSTALL=1 -DCMAKE_INSTALL_PREFIX=/home/mae-emrl3172/ros2_ws/install/zed_components
[0.091s] -- Looking for sgemm_
[0.641s] -- Looking for sgemm_ - not found
[0.647s] -- Looking for pthread.h
[0.807s] -- Looking for pthread.h - found
[0.808s] -- Performing Test CMAKE_HAVE_LIBC_PTHREAD
[0.955s] -- Performing Test CMAKE_HAVE_LIBC_PTHREAD - Success
[0.956s] -- Found Threads: TRUE  
[1.010s] -- Looking for sgemm_
[1.248s] -- Looking for sgemm_ - found
[1.249s] -- Found BLAS: /usr/lib/aarch64-linux-gnu/libopenblas.so  
[1.620s] -- Found CUDA: /usr/local/cuda-12.2 (found suitable version "12.2", minimum required is "12.2") 
[1.672s] -- Found CUDA: /usr/local/cuda-12.2 (found version "12.2") 
[1.678s] -- Found ament_cmake_auto: 1.3.8 (/opt/ros/humble/share/ament_cmake_auto/cmake)
[2.023s] -- Found Python3: /usr/bin/python3 (found version "3.10.12") found components: Interpreter 
[2.160s] -- Override CMake install command with custom implementation using symlinks instead of copying resources
[2.437s] -- Found rosidl_generator_c: 3.1.5 (/opt/ros/humble/share/rosidl_generator_c/cmake)
[2.449s] -- Found rosidl_adapter: 3.1.5 (/opt/ros/humble/share/rosidl_adapter/cmake)
[2.464s] -- Found rosidl_generator_cpp: 3.1.5 (/opt/ros/humble/share/rosidl_generator_cpp/cmake)
[2.494s] -- Using all available rosidl_typesupport_c: rosidl_typesupport_fastrtps_c;rosidl_typesupport_introspection_c
[2.529s] -- Using all available rosidl_typesupport_cpp: rosidl_typesupport_fastrtps_cpp;rosidl_typesupport_introspection_cpp
[3.136s] -- Found rmw_implementation_cmake: 6.1.1 (/opt/ros/humble/share/rmw_implementation_cmake/cmake)
[3.143s] -- Found rmw_fastrtps_cpp: 6.2.6 (/opt/ros/humble/share/rmw_fastrtps_cpp/cmake)
[3.400s] -- Found OpenSSL: /usr/lib/aarch64-linux-gnu/libcrypto.so (found version "3.0.2")  
[3.461s] -- Found FastRTPS: /opt/ros/humble/include  
[3.551s] -- Using RMW implementation 'rmw_fastrtps_cpp' as default
[5.659s] -- Found eigen3_cmake_module: 0.1.1 (/opt/ros/humble/share/eigen3_cmake_module/cmake)
[5.662s] -- Found Eigen3: TRUE (found version "3.4.0") 
[5.663s] -- Ensuring Eigen3 include directory is part of orocos-kdl CMake target
[6.450s] -- Found ament_lint_auto: 0.12.10 (/opt/ros/humble/share/ament_lint_auto/cmake)
[6.500s] -- Added test 'copyright' to check source files copyright and LICENSE
[6.503s] -- Added test 'cppcheck' to perform static code analysis on C / C++ code
[6.503s] -- Configured cppcheck include dirs: /home/mae-emrl3172/ros2_ws/src/zed-ros2-wrapper/zed_components/src/include;/home/mae-emrl3172/ros2_ws/src/zed-ros2-wrapper/zed_components/src/zed_camera/include;/home/mae-emrl3172/ros2_ws/src/zed-ros2-wrapper/zed_components/src/tools/include
[6.504s] -- Configured cppcheck exclude dirs and/or files: 
[6.505s] -- Added test 'lint_cmake' to check CMake code style
[6.508s] -- Added test 'uncrustify' to check C / C++ code style
[6.508s] -- Configured uncrustify additional arguments: 
[6.509s] -- Added test 'xmllint' to check XML markup files
[6.516s] -- Configuring done
[6.571s] -- Generating done
[6.575s] -- Build files have been written to: /home/mae-emrl3172/ros2_ws/build/zed_components
[6.606s] Invoked command in '/home/mae-emrl3172/ros2_ws/build/zed_components' returned '0': CMAKE_PREFIX_PATH=${CMAKE_PREFIX_PATH}:/home/mae-emrl3172/ros2_ws/install/sUAV:/opt/ros/humble LD_LIBRARY_PATH=/home/mae-emrl3172/ros2_ws/install/zed_interfaces/lib:/usr/local/cuda-12.2/lib64:/opt/ros/humble/opt/rviz_ogre_vendor/lib:/opt/ros/humble/lib/aarch64-linux-gnu:/opt/ros/humble/lib:/usr/local/cuda-12.2/lib64 /usr/bin/cmake /home/mae-emrl3172/ros2_ws/src/zed-ros2-wrapper/zed_components -DCMAKE_BUILD_TYPE=Release -DAMENT_CMAKE_SYMLINK_INSTALL=1 -DCMAKE_INSTALL_PREFIX=/home/mae-emrl3172/ros2_ws/install/zed_components
[6.609s] Invoking command in '/home/mae-emrl3172/ros2_ws/build/zed_components': CMAKE_PREFIX_PATH=${CMAKE_PREFIX_PATH}:/home/mae-emrl3172/ros2_ws/install/sUAV:/opt/ros/humble LD_LIBRARY_PATH=/home/mae-emrl3172/ros2_ws/install/zed_interfaces/lib:/usr/local/cuda-12.2/lib64:/opt/ros/humble/opt/rviz_ogre_vendor/lib:/opt/ros/humble/lib/aarch64-linux-gnu:/opt/ros/humble/lib:/usr/local/cuda-12.2/lib64 /usr/bin/cmake --build /home/mae-emrl3172/ros2_ws/build/zed_components -- -j6 -l6
[6.740s] [ 60%] [32mBuilding CXX object CMakeFiles/zed_camera_component.dir/src/tools/src/sl_tools.cpp.o[0m
[6.740s] [ 60%] [32mBuilding CXX object CMakeFiles/zed_camera_component.dir/src/tools/src/gnss_replay.cpp.o[0m
[6.740s] [ 60%] [32mBuilding CXX object CMakeFiles/zed_camera_component.dir/src/zed_camera/src/zed_camera_component.cpp.o[0m
[6.740s] [ 80%] [32mBuilding CXX object CMakeFiles/zed_camera_component.dir/src/tools/src/sl_win_avg.cpp.o[0m
[165.557s] [100%] [32m[1mLinking CXX shared library libzed_camera_component.so[0m
[167.453s] [100%] Built target zed_camera_component
[167.482s] Invoked command in '/home/mae-emrl3172/ros2_ws/build/zed_components' returned '0': CMAKE_PREFIX_PATH=${CMAKE_PREFIX_PATH}:/home/mae-emrl3172/ros2_ws/install/sUAV:/opt/ros/humble LD_LIBRARY_PATH=/home/mae-emrl3172/ros2_ws/install/zed_interfaces/lib:/usr/local/cuda-12.2/lib64:/opt/ros/humble/opt/rviz_ogre_vendor/lib:/opt/ros/humble/lib/aarch64-linux-gnu:/opt/ros/humble/lib:/usr/local/cuda-12.2/lib64 /usr/bin/cmake --build /home/mae-emrl3172/ros2_ws/build/zed_components -- -j6 -l6
[167.560s] Invoking command in '/home/mae-emrl3172/ros2_ws/build/zed_components': CMAKE_PREFIX_PATH=${CMAKE_PREFIX_PATH}:/home/mae-emrl3172/ros2_ws/install/sUAV:/opt/ros/humble LD_LIBRARY_PATH=/home/mae-emrl3172/ros2_ws/install/zed_interfaces/lib:/usr/local/cuda-12.2/lib64:/opt/ros/humble/opt/rviz_ogre_vendor/lib:/opt/ros/humble/lib/aarch64-linux-gnu:/opt/ros/humble/lib:/usr/local/cuda-12.2/lib64 /usr/bin/cmake --install /home/mae-emrl3172/ros2_ws/build/zed_components
[167.580s] -- Install configuration: "Release"
[167.581s] -- Execute custom install script
[167.581s] -- Symlinking: /home/mae-emrl3172/ros2_ws/install/zed_components/lib/libzed_camera_component.so
[167.609s] -- Symlinking: /home/mae-emrl3172/ros2_ws/install/zed_components/include/zed_components//cost_traversability.hpp
[167.630s] -- Symlinking: /home/mae-emrl3172/ros2_ws/install/zed_components/include/zed_components//sl_types.hpp
[167.651s] -- Symlinking: /home/mae-emrl3172/ros2_ws/install/zed_components/include/zed_components//zed_camera_component.hpp
[167.671s] -- Symlinking: /home/mae-emrl3172/ros2_ws/install/zed_components/include/zed_components//gnss_replay.hpp
[167.691s] -- Symlinking: /home/mae-emrl3172/ros2_ws/install/zed_components/include/zed_components//json.hpp
[167.713s] -- Symlinking: /home/mae-emrl3172/ros2_ws/install/zed_components/include/zed_components//sl_logging.hpp
[167.735s] -- Symlinking: /home/mae-emrl3172/ros2_ws/install/zed_components/include/zed_components//sl_tools.hpp
[167.755s] -- Symlinking: /home/mae-emrl3172/ros2_ws/install/zed_components/include/zed_components//sl_win_avg.hpp
[167.776s] -- Symlinking: /home/mae-emrl3172/ros2_ws/install/zed_components/include/zed_components//visibility_control.hpp
[167.800s] -- Symlinking: /home/mae-emrl3172/ros2_ws/install/zed_components/share/zed_components/environment/library_path.sh
[167.822s] -- Symlinking: /home/mae-emrl3172/ros2_ws/install/zed_components/share/zed_components/environment/library_path.dsv
[167.843s] -- Symlinking: /home/mae-emrl3172/ros2_ws/install/zed_components/share/ament_index/resource_index/package_run_dependencies/zed_components
[167.864s] -- Symlinking: /home/mae-emrl3172/ros2_ws/install/zed_components/share/ament_index/resource_index/parent_prefix_path/zed_components
[167.887s] -- Symlinking: /home/mae-emrl3172/ros2_ws/install/zed_components/share/zed_components/environment/ament_prefix_path.sh
[167.911s] -- Symlinking: /home/mae-emrl3172/ros2_ws/install/zed_components/share/zed_components/environment/ament_prefix_path.dsv
[167.933s] -- Symlinking: /home/mae-emrl3172/ros2_ws/install/zed_components/share/zed_components/environment/path.sh
[167.956s] -- Symlinking: /home/mae-emrl3172/ros2_ws/install/zed_components/share/zed_components/environment/path.dsv
[167.980s] -- Symlinking: /home/mae-emrl3172/ros2_ws/install/zed_components/share/zed_components/local_setup.bash
[168.005s] -- Symlinking: /home/mae-emrl3172/ros2_ws/install/zed_components/share/zed_components/local_setup.sh
[168.027s] -- Symlinking: /home/mae-emrl3172/ros2_ws/install/zed_components/share/zed_components/local_setup.zsh
[168.052s] -- Symlinking: /home/mae-emrl3172/ros2_ws/install/zed_components/share/zed_components/local_setup.dsv
[168.069s] -- Symlinking: /home/mae-emrl3172/ros2_ws/install/zed_components/share/zed_components/package.dsv
[168.090s] -- Symlinking: /home/mae-emrl3172/ros2_ws/install/zed_components/share/ament_index/resource_index/packages/zed_components
[168.113s] -- Symlinking: /home/mae-emrl3172/ros2_ws/install/zed_components/share/ament_index/resource_index/rclcpp_components/zed_components
[168.133s] -- Symlinking: /home/mae-emrl3172/ros2_ws/install/zed_components/share/zed_components/cmake/ament_cmake_export_include_directories-extras.cmake
[168.156s] -- Symlinking: /home/mae-emrl3172/ros2_ws/install/zed_components/share/zed_components/cmake/ament_cmake_export_libraries-extras.cmake
[168.178s] -- Symlinking: /home/mae-emrl3172/ros2_ws/install/zed_components/share/zed_components/cmake/ament_cmake_export_dependencies-extras.cmake
[168.197s] -- Symlinking: /home/mae-emrl3172/ros2_ws/install/zed_components/share/zed_components/cmake/zed_componentsConfig.cmake
[168.217s] -- Symlinking: /home/mae-emrl3172/ros2_ws/install/zed_components/share/zed_components/cmake/zed_componentsConfig-version.cmake
[168.237s] -- Symlinking: /home/mae-emrl3172/ros2_ws/install/zed_components/share/zed_components/package.xml
[168.261s] Invoked command in '/home/mae-emrl3172/ros2_ws/build/zed_components' returned '0': CMAKE_PREFIX_PATH=${CMAKE_PREFIX_PATH}:/home/mae-emrl3172/ros2_ws/install/sUAV:/opt/ros/humble LD_LIBRARY_PATH=/home/mae-emrl3172/ros2_ws/install/zed_interfaces/lib:/usr/local/cuda-12.2/lib64:/opt/ros/humble/opt/rviz_ogre_vendor/lib:/opt/ros/humble/lib/aarch64-linux-gnu:/opt/ros/humble/lib:/usr/local/cuda-12.2/lib64 /usr/bin/cmake --install /home/mae-emrl3172/ros2_ws/build/zed_components
