[0.951s] DEBUG:colcon:Command line arguments: ['/usr/bin/colcon', 'build']
[0.951s] DEBUG:colcon:Parsed command line arguments: Namespace(log_base=None, log_level=None, verb_name='build', build_base='build', install_base='install', merge_install=False, symlink_install=False, test_result_base=None, continue_on_error=False, executor='parallel', parallel_workers=6, event_handlers=None, ignore_user_meta=False, metas=['./colcon.meta'], base_paths=['.'], packages_ignore=None, packages_ignore_regex=None, paths=None, packages_up_to=None, packages_up_to_regex=None, packages_above=None, packages_above_and_dependencies=None, packages_above_depth=None, packages_select_by_dep=None, packages_skip_by_dep=None, packages_skip_up_to=None, packages_select_build_failed=False, packages_skip_build_finished=False, packages_select_test_failures=False, packages_skip_test_passed=False, packages_select=None, packages_skip=None, packages_select_regex=None, packages_skip_regex=None, packages_start=None, packages_end=None, allow_overriding=[], cmake_args=None, cmake_target=None, cmake_target_skip_unavailable=False, cmake_clean_cache=False, cmake_clean_first=False, cmake_force_configure=False, ament_cmake_args=None, catkin_cmake_args=None, catkin_skip_building_tests=False, mixin_files=None, mixin=None, verb_parser=<colcon_mixin.mixin.mixin_argument.MixinArgumentDecorator object at 0xffffaa015db0>, verb_extension=<colcon_core.verb.build.BuildVerb object at 0xffffaa015870>, main=<bound method BuildVerb.main of <colcon_core.verb.build.BuildVerb object at 0xffffaa015870>>, mixin_verb=('build',))
[1.630s] Level 1:colcon.colcon_core.package_discovery:discover_packages(colcon_meta) check parameters
[1.630s] Level 1:colcon.colcon_core.package_discovery:discover_packages(recursive) check parameters
[1.630s] Level 1:colcon.colcon_core.package_discovery:discover_packages(ignore) check parameters
[1.630s] Level 1:colcon.colcon_core.package_discovery:discover_packages(path) check parameters
[1.630s] Level 1:colcon.colcon_core.package_discovery:discover_packages(colcon_meta) discover
[1.630s] Level 1:colcon.colcon_core.package_discovery:discover_packages(recursive) discover
[1.631s] INFO:colcon.colcon_core.package_discovery:Crawling recursively for packages in '/home/mae-emrl3172/ros2_ws'
[1.631s] Level 1:colcon.colcon_core.package_identification:_identify(.) by extensions ['ignore', 'ignore_ament_install']
[1.631s] Level 1:colcon.colcon_core.package_identification:_identify(.) by extension 'ignore'
[1.631s] Level 1:colcon.colcon_core.package_identification:_identify(.) by extension 'ignore_ament_install'
[1.631s] Level 1:colcon.colcon_core.package_identification:_identify(.) by extensions ['colcon_pkg']
[1.631s] Level 1:colcon.colcon_core.package_identification:_identify(.) by extension 'colcon_pkg'
[1.632s] Level 1:colcon.colcon_core.package_identification:_identify(.) by extensions ['colcon_meta']
[1.632s] Level 1:colcon.colcon_core.package_identification:_identify(.) by extension 'colcon_meta'
[1.632s] Level 1:colcon.colcon_core.package_identification:_identify(.) by extensions ['ros']
[1.632s] Level 1:colcon.colcon_core.package_identification:_identify(.) by extension 'ros'
[1.672s] Level 1:colcon.colcon_core.package_identification:_identify(.) by extensions ['cmake', 'python']
[1.672s] Level 1:colcon.colcon_core.package_identification:_identify(.) by extension 'cmake'
[1.672s] Level 1:colcon.colcon_core.package_identification:_identify(.) by extension 'python'
[1.672s] Level 1:colcon.colcon_core.package_identification:_identify(.) by extensions ['python_setup_py']
[1.672s] Level 1:colcon.colcon_core.package_identification:_identify(.) by extension 'python_setup_py'
[1.673s] Level 1:colcon.colcon_core.package_identification:_identify(build) by extensions ['ignore', 'ignore_ament_install']
[1.673s] Level 1:colcon.colcon_core.package_identification:_identify(build) by extension 'ignore'
[1.673s] Level 1:colcon.colcon_core.package_identification:_identify(build) ignored
[1.673s] Level 1:colcon.colcon_core.package_identification:_identify(install) by extensions ['ignore', 'ignore_ament_install']
[1.674s] Level 1:colcon.colcon_core.package_identification:_identify(install) by extension 'ignore'
[1.674s] Level 1:colcon.colcon_core.package_identification:_identify(install) ignored
[1.674s] Level 1:colcon.colcon_core.package_identification:_identify(log) by extensions ['ignore', 'ignore_ament_install']
[1.674s] Level 1:colcon.colcon_core.package_identification:_identify(log) by extension 'ignore'
[1.674s] Level 1:colcon.colcon_core.package_identification:_identify(log) ignored
[1.676s] Level 1:colcon.colcon_core.package_identification:_identify(src) by extensions ['ignore', 'ignore_ament_install']
[1.676s] Level 1:colcon.colcon_core.package_identification:_identify(src) by extension 'ignore'
[1.676s] Level 1:colcon.colcon_core.package_identification:_identify(src) by extension 'ignore_ament_install'
[1.676s] Level 1:colcon.colcon_core.package_identification:_identify(src) by extensions ['colcon_pkg']
[1.676s] Level 1:colcon.colcon_core.package_identification:_identify(src) by extension 'colcon_pkg'
[1.677s] Level 1:colcon.colcon_core.package_identification:_identify(src) by extensions ['colcon_meta']
[1.677s] Level 1:colcon.colcon_core.package_identification:_identify(src) by extension 'colcon_meta'
[1.677s] Level 1:colcon.colcon_core.package_identification:_identify(src) by extensions ['ros']
[1.677s] Level 1:colcon.colcon_core.package_identification:_identify(src) by extension 'ros'
[1.677s] Level 1:colcon.colcon_core.package_identification:_identify(src) by extensions ['cmake', 'python']
[1.677s] Level 1:colcon.colcon_core.package_identification:_identify(src) by extension 'cmake'
[1.677s] Level 1:colcon.colcon_core.package_identification:_identify(src) by extension 'python'
[1.677s] Level 1:colcon.colcon_core.package_identification:_identify(src) by extensions ['python_setup_py']
[1.677s] Level 1:colcon.colcon_core.package_identification:_identify(src) by extension 'python_setup_py'
[1.678s] Level 1:colcon.colcon_core.package_identification:_identify(src/cyglidar_d1) by extensions ['ignore', 'ignore_ament_install']
[1.678s] Level 1:colcon.colcon_core.package_identification:_identify(src/cyglidar_d1) by extension 'ignore'
[1.678s] Level 1:colcon.colcon_core.package_identification:_identify(src/cyglidar_d1) by extension 'ignore_ament_install'
[1.678s] Level 1:colcon.colcon_core.package_identification:_identify(src/cyglidar_d1) by extensions ['colcon_pkg']
[1.678s] Level 1:colcon.colcon_core.package_identification:_identify(src/cyglidar_d1) by extension 'colcon_pkg'
[1.678s] Level 1:colcon.colcon_core.package_identification:_identify(src/cyglidar_d1) by extensions ['colcon_meta']
[1.678s] Level 1:colcon.colcon_core.package_identification:_identify(src/cyglidar_d1) by extension 'colcon_meta'
[1.678s] Level 1:colcon.colcon_core.package_identification:_identify(src/cyglidar_d1) by extensions ['ros']
[1.679s] Level 1:colcon.colcon_core.package_identification:_identify(src/cyglidar_d1) by extension 'ros'
[1.687s] DEBUG:colcon.colcon_core.package_identification:Package 'src/cyglidar_d1' with type 'ros.ament_cmake' and name 'cyglidar_d1_ros2'
[1.688s] Level 1:colcon.colcon_core.package_identification:_identify(src/sUAV) by extensions ['ignore', 'ignore_ament_install']
[1.689s] Level 1:colcon.colcon_core.package_identification:_identify(src/sUAV) by extension 'ignore'
[1.689s] Level 1:colcon.colcon_core.package_identification:_identify(src/sUAV) by extension 'ignore_ament_install'
[1.689s] Level 1:colcon.colcon_core.package_identification:_identify(src/sUAV) by extensions ['colcon_pkg']
[1.689s] Level 1:colcon.colcon_core.package_identification:_identify(src/sUAV) by extension 'colcon_pkg'
[1.689s] Level 1:colcon.colcon_core.package_identification:_identify(src/sUAV) by extensions ['colcon_meta']
[1.689s] Level 1:colcon.colcon_core.package_identification:_identify(src/sUAV) by extension 'colcon_meta'
[1.690s] Level 1:colcon.colcon_core.package_identification:_identify(src/sUAV) by extensions ['ros']
[1.690s] Level 1:colcon.colcon_core.package_identification:_identify(src/sUAV) by extension 'ros'
[1.691s] DEBUG:colcon.colcon_core.package_identification:Package 'src/sUAV' with type 'ros.ament_python' and name 'sUAV'
[1.692s] Level 1:colcon.colcon_core.package_identification:_identify(src/zed-ros2-wrapper) by extensions ['ignore', 'ignore_ament_install']
[1.692s] Level 1:colcon.colcon_core.package_identification:_identify(src/zed-ros2-wrapper) by extension 'ignore'
[1.692s] Level 1:colcon.colcon_core.package_identification:_identify(src/zed-ros2-wrapper) by extension 'ignore_ament_install'
[1.693s] Level 1:colcon.colcon_core.package_identification:_identify(src/zed-ros2-wrapper) by extensions ['colcon_pkg']
[1.693s] Level 1:colcon.colcon_core.package_identification:_identify(src/zed-ros2-wrapper) by extension 'colcon_pkg'
[1.693s] Level 1:colcon.colcon_core.package_identification:_identify(src/zed-ros2-wrapper) by extensions ['colcon_meta']
[1.693s] Level 1:colcon.colcon_core.package_identification:_identify(src/zed-ros2-wrapper) by extension 'colcon_meta'
[1.693s] Level 1:colcon.colcon_core.package_identification:_identify(src/zed-ros2-wrapper) by extensions ['ros']
[1.693s] Level 1:colcon.colcon_core.package_identification:_identify(src/zed-ros2-wrapper) by extension 'ros'
[1.693s] Level 1:colcon.colcon_core.package_identification:_identify(src/zed-ros2-wrapper) by extensions ['cmake', 'python']
[1.693s] Level 1:colcon.colcon_core.package_identification:_identify(src/zed-ros2-wrapper) by extension 'cmake'
[1.693s] Level 1:colcon.colcon_core.package_identification:_identify(src/zed-ros2-wrapper) by extension 'python'
[1.694s] Level 1:colcon.colcon_core.package_identification:_identify(src/zed-ros2-wrapper) by extensions ['python_setup_py']
[1.694s] Level 1:colcon.colcon_core.package_identification:_identify(src/zed-ros2-wrapper) by extension 'python_setup_py'
[1.694s] Level 1:colcon.colcon_core.package_identification:_identify(src/zed-ros2-wrapper/docker) by extensions ['ignore', 'ignore_ament_install']
[1.694s] Level 1:colcon.colcon_core.package_identification:_identify(src/zed-ros2-wrapper/docker) by extension 'ignore'
[1.694s] Level 1:colcon.colcon_core.package_identification:_identify(src/zed-ros2-wrapper/docker) by extension 'ignore_ament_install'
[1.695s] Level 1:colcon.colcon_core.package_identification:_identify(src/zed-ros2-wrapper/docker) by extensions ['colcon_pkg']
[1.695s] Level 1:colcon.colcon_core.package_identification:_identify(src/zed-ros2-wrapper/docker) by extension 'colcon_pkg'
[1.695s] Level 1:colcon.colcon_core.package_identification:_identify(src/zed-ros2-wrapper/docker) by extensions ['colcon_meta']
[1.695s] Level 1:colcon.colcon_core.package_identification:_identify(src/zed-ros2-wrapper/docker) by extension 'colcon_meta'
[1.695s] Level 1:colcon.colcon_core.package_identification:_identify(src/zed-ros2-wrapper/docker) by extensions ['ros']
[1.695s] Level 1:colcon.colcon_core.package_identification:_identify(src/zed-ros2-wrapper/docker) by extension 'ros'
[1.695s] Level 1:colcon.colcon_core.package_identification:_identify(src/zed-ros2-wrapper/docker) by extensions ['cmake', 'python']
[1.695s] Level 1:colcon.colcon_core.package_identification:_identify(src/zed-ros2-wrapper/docker) by extension 'cmake'
[1.695s] Level 1:colcon.colcon_core.package_identification:_identify(src/zed-ros2-wrapper/docker) by extension 'python'
[1.695s] Level 1:colcon.colcon_core.package_identification:_identify(src/zed-ros2-wrapper/docker) by extensions ['python_setup_py']
[1.696s] Level 1:colcon.colcon_core.package_identification:_identify(src/zed-ros2-wrapper/docker) by extension 'python_setup_py'
[1.696s] Level 1:colcon.colcon_core.package_identification:_identify(src/zed-ros2-wrapper/images) by extensions ['ignore', 'ignore_ament_install']
[1.696s] Level 1:colcon.colcon_core.package_identification:_identify(src/zed-ros2-wrapper/images) by extension 'ignore'
[1.696s] Level 1:colcon.colcon_core.package_identification:_identify(src/zed-ros2-wrapper/images) by extension 'ignore_ament_install'
[1.697s] Level 1:colcon.colcon_core.package_identification:_identify(src/zed-ros2-wrapper/images) by extensions ['colcon_pkg']
[1.697s] Level 1:colcon.colcon_core.package_identification:_identify(src/zed-ros2-wrapper/images) by extension 'colcon_pkg'
[1.697s] Level 1:colcon.colcon_core.package_identification:_identify(src/zed-ros2-wrapper/images) by extensions ['colcon_meta']
[1.697s] Level 1:colcon.colcon_core.package_identification:_identify(src/zed-ros2-wrapper/images) by extension 'colcon_meta'
[1.697s] Level 1:colcon.colcon_core.package_identification:_identify(src/zed-ros2-wrapper/images) by extensions ['ros']
[1.697s] Level 1:colcon.colcon_core.package_identification:_identify(src/zed-ros2-wrapper/images) by extension 'ros'
[1.697s] Level 1:colcon.colcon_core.package_identification:_identify(src/zed-ros2-wrapper/images) by extensions ['cmake', 'python']
[1.697s] Level 1:colcon.colcon_core.package_identification:_identify(src/zed-ros2-wrapper/images) by extension 'cmake'
[1.697s] Level 1:colcon.colcon_core.package_identification:_identify(src/zed-ros2-wrapper/images) by extension 'python'
[1.697s] Level 1:colcon.colcon_core.package_identification:_identify(src/zed-ros2-wrapper/images) by extensions ['python_setup_py']
[1.697s] Level 1:colcon.colcon_core.package_identification:_identify(src/zed-ros2-wrapper/images) by extension 'python_setup_py'
[1.698s] Level 1:colcon.colcon_core.package_identification:_identify(src/zed-ros2-wrapper/zed-ros2-interfaces) by extensions ['ignore', 'ignore_ament_install']
[1.698s] Level 1:colcon.colcon_core.package_identification:_identify(src/zed-ros2-wrapper/zed-ros2-interfaces) by extension 'ignore'
[1.698s] Level 1:colcon.colcon_core.package_identification:_identify(src/zed-ros2-wrapper/zed-ros2-interfaces) by extension 'ignore_ament_install'
[1.698s] Level 1:colcon.colcon_core.package_identification:_identify(src/zed-ros2-wrapper/zed-ros2-interfaces) by extensions ['colcon_pkg']
[1.699s] Level 1:colcon.colcon_core.package_identification:_identify(src/zed-ros2-wrapper/zed-ros2-interfaces) by extension 'colcon_pkg'
[1.699s] Level 1:colcon.colcon_core.package_identification:_identify(src/zed-ros2-wrapper/zed-ros2-interfaces) by extensions ['colcon_meta']
[1.699s] Level 1:colcon.colcon_core.package_identification:_identify(src/zed-ros2-wrapper/zed-ros2-interfaces) by extension 'colcon_meta'
[1.699s] Level 1:colcon.colcon_core.package_identification:_identify(src/zed-ros2-wrapper/zed-ros2-interfaces) by extensions ['ros']
[1.699s] Level 1:colcon.colcon_core.package_identification:_identify(src/zed-ros2-wrapper/zed-ros2-interfaces) by extension 'ros'
[1.701s] DEBUG:colcon.colcon_core.package_identification:Package 'src/zed-ros2-wrapper/zed-ros2-interfaces' with type 'ros.ament_cmake' and name 'zed_interfaces'
[1.701s] Level 1:colcon.colcon_core.package_identification:_identify(src/zed-ros2-wrapper/zed_components) by extensions ['ignore', 'ignore_ament_install']
[1.702s] Level 1:colcon.colcon_core.package_identification:_identify(src/zed-ros2-wrapper/zed_components) by extension 'ignore'
[1.702s] Level 1:colcon.colcon_core.package_identification:_identify(src/zed-ros2-wrapper/zed_components) by extension 'ignore_ament_install'
[1.702s] Level 1:colcon.colcon_core.package_identification:_identify(src/zed-ros2-wrapper/zed_components) by extensions ['colcon_pkg']
[1.702s] Level 1:colcon.colcon_core.package_identification:_identify(src/zed-ros2-wrapper/zed_components) by extension 'colcon_pkg'
[1.702s] Level 1:colcon.colcon_core.package_identification:_identify(src/zed-ros2-wrapper/zed_components) by extensions ['colcon_meta']
[1.702s] Level 1:colcon.colcon_core.package_identification:_identify(src/zed-ros2-wrapper/zed_components) by extension 'colcon_meta'
[1.702s] Level 1:colcon.colcon_core.package_identification:_identify(src/zed-ros2-wrapper/zed_components) by extensions ['ros']
[1.702s] Level 1:colcon.colcon_core.package_identification:_identify(src/zed-ros2-wrapper/zed_components) by extension 'ros'
[1.705s] DEBUG:colcon.colcon_core.package_identification:Package 'src/zed-ros2-wrapper/zed_components' with type 'ros.ament_cmake' and name 'zed_components'
[1.705s] Level 1:colcon.colcon_core.package_identification:_identify(src/zed-ros2-wrapper/zed_ros2) by extensions ['ignore', 'ignore_ament_install']
[1.706s] Level 1:colcon.colcon_core.package_identification:_identify(src/zed-ros2-wrapper/zed_ros2) by extension 'ignore'
[1.706s] Level 1:colcon.colcon_core.package_identification:_identify(src/zed-ros2-wrapper/zed_ros2) by extension 'ignore_ament_install'
[1.706s] Level 1:colcon.colcon_core.package_identification:_identify(src/zed-ros2-wrapper/zed_ros2) by extensions ['colcon_pkg']
[1.706s] Level 1:colcon.colcon_core.package_identification:_identify(src/zed-ros2-wrapper/zed_ros2) by extension 'colcon_pkg'
[1.706s] Level 1:colcon.colcon_core.package_identification:_identify(src/zed-ros2-wrapper/zed_ros2) by extensions ['colcon_meta']
[1.706s] Level 1:colcon.colcon_core.package_identification:_identify(src/zed-ros2-wrapper/zed_ros2) by extension 'colcon_meta'
[1.706s] Level 1:colcon.colcon_core.package_identification:_identify(src/zed-ros2-wrapper/zed_ros2) by extensions ['ros']
[1.706s] Level 1:colcon.colcon_core.package_identification:_identify(src/zed-ros2-wrapper/zed_ros2) by extension 'ros'
[1.708s] DEBUG:colcon.colcon_core.package_identification:Package 'src/zed-ros2-wrapper/zed_ros2' with type 'ros.ament_cmake' and name 'zed_ros2'
[1.709s] Level 1:colcon.colcon_core.package_identification:_identify(src/zed-ros2-wrapper/zed_wrapper) by extensions ['ignore', 'ignore_ament_install']
[1.709s] Level 1:colcon.colcon_core.package_identification:_identify(src/zed-ros2-wrapper/zed_wrapper) by extension 'ignore'
[1.709s] Level 1:colcon.colcon_core.package_identification:_identify(src/zed-ros2-wrapper/zed_wrapper) by extension 'ignore_ament_install'
[1.709s] Level 1:colcon.colcon_core.package_identification:_identify(src/zed-ros2-wrapper/zed_wrapper) by extensions ['colcon_pkg']
[1.709s] Level 1:colcon.colcon_core.package_identification:_identify(src/zed-ros2-wrapper/zed_wrapper) by extension 'colcon_pkg'
[1.709s] Level 1:colcon.colcon_core.package_identification:_identify(src/zed-ros2-wrapper/zed_wrapper) by extensions ['colcon_meta']
[1.709s] Level 1:colcon.colcon_core.package_identification:_identify(src/zed-ros2-wrapper/zed_wrapper) by extension 'colcon_meta'
[1.709s] Level 1:colcon.colcon_core.package_identification:_identify(src/zed-ros2-wrapper/zed_wrapper) by extensions ['ros']
[1.710s] Level 1:colcon.colcon_core.package_identification:_identify(src/zed-ros2-wrapper/zed_wrapper) by extension 'ros'
[1.711s] DEBUG:colcon.colcon_core.package_identification:Package 'src/zed-ros2-wrapper/zed_wrapper' with type 'ros.ament_cmake' and name 'zed_wrapper'
[1.711s] Level 1:colcon.colcon_core.package_discovery:discover_packages(recursive) using defaults
[1.712s] Level 1:colcon.colcon_core.package_discovery:discover_packages(ignore) discover
[1.712s] Level 1:colcon.colcon_core.package_discovery:discover_packages(ignore) using defaults
[1.712s] Level 1:colcon.colcon_core.package_discovery:discover_packages(path) discover
[1.712s] Level 1:colcon.colcon_core.package_discovery:discover_packages(path) using defaults
[1.829s] Level 1:colcon.colcon_core.package_discovery:discover_packages(prefix_path) check parameters
[1.830s] Level 1:colcon.colcon_core.package_discovery:discover_packages(prefix_path) discover
[1.844s] DEBUG:colcon.colcon_installed_package_information.package_discovery:Found 6 installed packages in /home/mae-emrl3172/ros2_ws/install
[1.847s] DEBUG:colcon.colcon_installed_package_information.package_discovery:Found 275 installed packages in /opt/ros/humble
[1.850s] Level 1:colcon.colcon_core.package_discovery:discover_packages(prefix_path) using defaults
[2.039s] Level 5:colcon.colcon_core.verb:set package 'cyglidar_d1_ros2' build argument 'cmake_args' from command line to 'None'
[2.039s] Level 5:colcon.colcon_core.verb:set package 'cyglidar_d1_ros2' build argument 'cmake_target' from command line to 'None'
[2.039s] Level 5:colcon.colcon_core.verb:set package 'cyglidar_d1_ros2' build argument 'cmake_target_skip_unavailable' from command line to 'False'
[2.039s] Level 5:colcon.colcon_core.verb:set package 'cyglidar_d1_ros2' build argument 'cmake_clean_cache' from command line to 'False'
[2.039s] Level 5:colcon.colcon_core.verb:set package 'cyglidar_d1_ros2' build argument 'cmake_clean_first' from command line to 'False'
[2.039s] Level 5:colcon.colcon_core.verb:set package 'cyglidar_d1_ros2' build argument 'cmake_force_configure' from command line to 'False'
[2.039s] Level 5:colcon.colcon_core.verb:set package 'cyglidar_d1_ros2' build argument 'ament_cmake_args' from command line to 'None'
[2.039s] Level 5:colcon.colcon_core.verb:set package 'cyglidar_d1_ros2' build argument 'catkin_cmake_args' from command line to 'None'
[2.040s] Level 5:colcon.colcon_core.verb:set package 'cyglidar_d1_ros2' build argument 'catkin_skip_building_tests' from command line to 'False'
[2.040s] DEBUG:colcon.colcon_core.verb:Building package 'cyglidar_d1_ros2' with the following arguments: {'ament_cmake_args': None, 'build_base': '/home/mae-emrl3172/ros2_ws/build/cyglidar_d1_ros2', 'catkin_cmake_args': None, 'catkin_skip_building_tests': False, 'cmake_args': None, 'cmake_clean_cache': False, 'cmake_clean_first': False, 'cmake_force_configure': False, 'cmake_target': None, 'cmake_target_skip_unavailable': False, 'install_base': '/home/mae-emrl3172/ros2_ws/install/cyglidar_d1_ros2', 'merge_install': False, 'path': '/home/mae-emrl3172/ros2_ws/src/cyglidar_d1', 'symlink_install': False, 'test_result_base': None}
[2.040s] Level 5:colcon.colcon_core.verb:set package 'sUAV' build argument 'cmake_args' from command line to 'None'
[2.040s] Level 5:colcon.colcon_core.verb:set package 'sUAV' build argument 'cmake_target' from command line to 'None'
[2.041s] Level 5:colcon.colcon_core.verb:set package 'sUAV' build argument 'cmake_target_skip_unavailable' from command line to 'False'
[2.041s] Level 5:colcon.colcon_core.verb:set package 'sUAV' build argument 'cmake_clean_cache' from command line to 'False'
[2.041s] Level 5:colcon.colcon_core.verb:set package 'sUAV' build argument 'cmake_clean_first' from command line to 'False'
[2.041s] Level 5:colcon.colcon_core.verb:set package 'sUAV' build argument 'cmake_force_configure' from command line to 'False'
[2.041s] Level 5:colcon.colcon_core.verb:set package 'sUAV' build argument 'ament_cmake_args' from command line to 'None'
[2.041s] Level 5:colcon.colcon_core.verb:set package 'sUAV' build argument 'catkin_cmake_args' from command line to 'None'
[2.041s] Level 5:colcon.colcon_core.verb:set package 'sUAV' build argument 'catkin_skip_building_tests' from command line to 'False'
[2.041s] DEBUG:colcon.colcon_core.verb:Building package 'sUAV' with the following arguments: {'ament_cmake_args': None, 'build_base': '/home/mae-emrl3172/ros2_ws/build/sUAV', 'catkin_cmake_args': None, 'catkin_skip_building_tests': False, 'cmake_args': None, 'cmake_clean_cache': False, 'cmake_clean_first': False, 'cmake_force_configure': False, 'cmake_target': None, 'cmake_target_skip_unavailable': False, 'install_base': '/home/mae-emrl3172/ros2_ws/install/sUAV', 'merge_install': False, 'path': '/home/mae-emrl3172/ros2_ws/src/sUAV', 'symlink_install': False, 'test_result_base': None}
[2.041s] Level 5:colcon.colcon_core.verb:set package 'zed_interfaces' build argument 'cmake_args' from command line to 'None'
[2.042s] Level 5:colcon.colcon_core.verb:set package 'zed_interfaces' build argument 'cmake_target' from command line to 'None'
[2.042s] Level 5:colcon.colcon_core.verb:set package 'zed_interfaces' build argument 'cmake_target_skip_unavailable' from command line to 'False'
[2.042s] Level 5:colcon.colcon_core.verb:set package 'zed_interfaces' build argument 'cmake_clean_cache' from command line to 'False'
[2.042s] Level 5:colcon.colcon_core.verb:set package 'zed_interfaces' build argument 'cmake_clean_first' from command line to 'False'
[2.042s] Level 5:colcon.colcon_core.verb:set package 'zed_interfaces' build argument 'cmake_force_configure' from command line to 'False'
[2.042s] Level 5:colcon.colcon_core.verb:set package 'zed_interfaces' build argument 'ament_cmake_args' from command line to 'None'
[2.042s] Level 5:colcon.colcon_core.verb:set package 'zed_interfaces' build argument 'catkin_cmake_args' from command line to 'None'
[2.042s] Level 5:colcon.colcon_core.verb:set package 'zed_interfaces' build argument 'catkin_skip_building_tests' from command line to 'False'
[2.042s] DEBUG:colcon.colcon_core.verb:Building package 'zed_interfaces' with the following arguments: {'ament_cmake_args': None, 'build_base': '/home/mae-emrl3172/ros2_ws/build/zed_interfaces', 'catkin_cmake_args': None, 'catkin_skip_building_tests': False, 'cmake_args': None, 'cmake_clean_cache': False, 'cmake_clean_first': False, 'cmake_force_configure': False, 'cmake_target': None, 'cmake_target_skip_unavailable': False, 'install_base': '/home/mae-emrl3172/ros2_ws/install/zed_interfaces', 'merge_install': False, 'path': '/home/mae-emrl3172/ros2_ws/src/zed-ros2-wrapper/zed-ros2-interfaces', 'symlink_install': False, 'test_result_base': None}
[2.043s] Level 5:colcon.colcon_core.verb:set package 'zed_components' build argument 'cmake_args' from command line to 'None'
[2.043s] Level 5:colcon.colcon_core.verb:set package 'zed_components' build argument 'cmake_target' from command line to 'None'
[2.043s] Level 5:colcon.colcon_core.verb:set package 'zed_components' build argument 'cmake_target_skip_unavailable' from command line to 'False'
[2.043s] Level 5:colcon.colcon_core.verb:set package 'zed_components' build argument 'cmake_clean_cache' from command line to 'False'
[2.043s] Level 5:colcon.colcon_core.verb:set package 'zed_components' build argument 'cmake_clean_first' from command line to 'False'
[2.043s] Level 5:colcon.colcon_core.verb:set package 'zed_components' build argument 'cmake_force_configure' from command line to 'False'
[2.043s] Level 5:colcon.colcon_core.verb:set package 'zed_components' build argument 'ament_cmake_args' from command line to 'None'
[2.043s] Level 5:colcon.colcon_core.verb:set package 'zed_components' build argument 'catkin_cmake_args' from command line to 'None'
[2.043s] Level 5:colcon.colcon_core.verb:set package 'zed_components' build argument 'catkin_skip_building_tests' from command line to 'False'
[2.043s] DEBUG:colcon.colcon_core.verb:Building package 'zed_components' with the following arguments: {'ament_cmake_args': None, 'build_base': '/home/mae-emrl3172/ros2_ws/build/zed_components', 'catkin_cmake_args': None, 'catkin_skip_building_tests': False, 'cmake_args': None, 'cmake_clean_cache': False, 'cmake_clean_first': False, 'cmake_force_configure': False, 'cmake_target': None, 'cmake_target_skip_unavailable': False, 'install_base': '/home/mae-emrl3172/ros2_ws/install/zed_components', 'merge_install': False, 'path': '/home/mae-emrl3172/ros2_ws/src/zed-ros2-wrapper/zed_components', 'symlink_install': False, 'test_result_base': None}
[2.044s] Level 5:colcon.colcon_core.verb:set package 'zed_wrapper' build argument 'cmake_args' from command line to 'None'
[2.044s] Level 5:colcon.colcon_core.verb:set package 'zed_wrapper' build argument 'cmake_target' from command line to 'None'
[2.044s] Level 5:colcon.colcon_core.verb:set package 'zed_wrapper' build argument 'cmake_target_skip_unavailable' from command line to 'False'
[2.044s] Level 5:colcon.colcon_core.verb:set package 'zed_wrapper' build argument 'cmake_clean_cache' from command line to 'False'
[2.044s] Level 5:colcon.colcon_core.verb:set package 'zed_wrapper' build argument 'cmake_clean_first' from command line to 'False'
[2.044s] Level 5:colcon.colcon_core.verb:set package 'zed_wrapper' build argument 'cmake_force_configure' from command line to 'False'
[2.044s] Level 5:colcon.colcon_core.verb:set package 'zed_wrapper' build argument 'ament_cmake_args' from command line to 'None'
[2.044s] Level 5:colcon.colcon_core.verb:set package 'zed_wrapper' build argument 'catkin_cmake_args' from command line to 'None'
[2.044s] Level 5:colcon.colcon_core.verb:set package 'zed_wrapper' build argument 'catkin_skip_building_tests' from command line to 'False'
[2.044s] DEBUG:colcon.colcon_core.verb:Building package 'zed_wrapper' with the following arguments: {'ament_cmake_args': None, 'build_base': '/home/mae-emrl3172/ros2_ws/build/zed_wrapper', 'catkin_cmake_args': None, 'catkin_skip_building_tests': False, 'cmake_args': None, 'cmake_clean_cache': False, 'cmake_clean_first': False, 'cmake_force_configure': False, 'cmake_target': None, 'cmake_target_skip_unavailable': False, 'install_base': '/home/mae-emrl3172/ros2_ws/install/zed_wrapper', 'merge_install': False, 'path': '/home/mae-emrl3172/ros2_ws/src/zed-ros2-wrapper/zed_wrapper', 'symlink_install': False, 'test_result_base': None}
[2.045s] Level 5:colcon.colcon_core.verb:set package 'zed_ros2' build argument 'cmake_args' from command line to 'None'
[2.045s] Level 5:colcon.colcon_core.verb:set package 'zed_ros2' build argument 'cmake_target' from command line to 'None'
[2.045s] Level 5:colcon.colcon_core.verb:set package 'zed_ros2' build argument 'cmake_target_skip_unavailable' from command line to 'False'
[2.045s] Level 5:colcon.colcon_core.verb:set package 'zed_ros2' build argument 'cmake_clean_cache' from command line to 'False'
[2.045s] Level 5:colcon.colcon_core.verb:set package 'zed_ros2' build argument 'cmake_clean_first' from command line to 'False'
[2.045s] Level 5:colcon.colcon_core.verb:set package 'zed_ros2' build argument 'cmake_force_configure' from command line to 'False'
[2.045s] Level 5:colcon.colcon_core.verb:set package 'zed_ros2' build argument 'ament_cmake_args' from command line to 'None'
[2.045s] Level 5:colcon.colcon_core.verb:set package 'zed_ros2' build argument 'catkin_cmake_args' from command line to 'None'
[2.045s] Level 5:colcon.colcon_core.verb:set package 'zed_ros2' build argument 'catkin_skip_building_tests' from command line to 'False'
[2.045s] DEBUG:colcon.colcon_core.verb:Building package 'zed_ros2' with the following arguments: {'ament_cmake_args': None, 'build_base': '/home/mae-emrl3172/ros2_ws/build/zed_ros2', 'catkin_cmake_args': None, 'catkin_skip_building_tests': False, 'cmake_args': None, 'cmake_clean_cache': False, 'cmake_clean_first': False, 'cmake_force_configure': False, 'cmake_target': None, 'cmake_target_skip_unavailable': False, 'install_base': '/home/mae-emrl3172/ros2_ws/install/zed_ros2', 'merge_install': False, 'path': '/home/mae-emrl3172/ros2_ws/src/zed-ros2-wrapper/zed_ros2', 'symlink_install': False, 'test_result_base': None}
[2.045s] INFO:colcon.colcon_core.executor:Executing jobs using 'parallel' executor
[2.048s] DEBUG:colcon.colcon_parallel_executor.executor.parallel:run_until_complete
[2.048s] INFO:colcon.colcon_ros.task.ament_cmake.build:Building ROS package in '/home/mae-emrl3172/ros2_ws/src/zed-ros2-wrapper/zed-ros2-interfaces' with build type 'ament_cmake'
[2.049s] INFO:colcon.colcon_cmake.task.cmake.build:Building CMake package in '/home/mae-emrl3172/ros2_ws/src/zed-ros2-wrapper/zed-ros2-interfaces'
[2.060s] INFO:colcon.colcon_core.plugin_system:Skipping extension 'colcon_core.shell.bat': Not used on non-Windows systems
[2.060s] INFO:colcon.colcon_core.shell:Skip shell extension 'powershell' for command environment: Not usable outside of PowerShell
[2.060s] DEBUG:colcon.colcon_core.shell:Skip shell extension 'dsv' for command environment
[2.069s] INFO:colcon.colcon_ros.task.ament_cmake.build:Building ROS package in '/home/mae-emrl3172/ros2_ws/src/cyglidar_d1' with build type 'ament_cmake'
[2.069s] INFO:colcon.colcon_cmake.task.cmake.build:Building CMake package in '/home/mae-emrl3172/ros2_ws/src/cyglidar_d1'
[2.070s] INFO:colcon.colcon_core.shell:Skip shell extension 'powershell' for command environment: Not usable outside of PowerShell
[2.070s] DEBUG:colcon.colcon_core.shell:Skip shell extension 'dsv' for command environment
[2.077s] INFO:colcon.colcon_ros.task.ament_python.build:Building ROS package in '/home/mae-emrl3172/ros2_ws/src/sUAV' with build type 'ament_python'
[2.078s] Level 1:colcon.colcon_core.shell:create_environment_hook('sUAV', 'ament_prefix_path')
[2.078s] INFO:colcon.colcon_core.shell:Creating environment hook '/home/mae-emrl3172/ros2_ws/install/sUAV/share/sUAV/hook/ament_prefix_path.ps1'
[2.081s] INFO:colcon.colcon_core.shell:Creating environment descriptor '/home/mae-emrl3172/ros2_ws/install/sUAV/share/sUAV/hook/ament_prefix_path.dsv'
[2.082s] INFO:colcon.colcon_core.shell:Creating environment hook '/home/mae-emrl3172/ros2_ws/install/sUAV/share/sUAV/hook/ament_prefix_path.sh'
[2.083s] INFO:colcon.colcon_core.shell:Skip shell extension 'powershell' for command environment: Not usable outside of PowerShell
[2.083s] DEBUG:colcon.colcon_core.shell:Skip shell extension 'dsv' for command environment
[2.101s] DEBUG:colcon.colcon_core.event_handler.log_command:Invoking command in '/home/mae-emrl3172/ros2_ws/build/zed_interfaces': CMAKE_PREFIX_PATH=${CMAKE_PREFIX_PATH}:/home/mae-emrl3172/ros2_ws/install/sUAV:/opt/ros/humble /usr/bin/cmake --build /home/mae-emrl3172/ros2_ws/build/zed_interfaces -- -j6 -l6
[2.111s] DEBUG:colcon.colcon_core.event_handler.log_command:Invoking command in '/home/mae-emrl3172/ros2_ws/build/cyglidar_d1_ros2': CMAKE_PREFIX_PATH=${CMAKE_PREFIX_PATH}:/home/mae-emrl3172/ros2_ws/install/sUAV:/opt/ros/humble /usr/bin/cmake --build /home/mae-emrl3172/ros2_ws/build/cyglidar_d1_ros2 -- -j6 -l6
[2.759s] INFO:colcon.colcon_core.task.python.build:Building Python package in '/home/mae-emrl3172/ros2_ws/src/sUAV'
[2.760s] INFO:colcon.colcon_core.shell:Skip shell extension 'powershell' for command environment: Not usable outside of PowerShell
[2.760s] DEBUG:colcon.colcon_core.shell:Skip shell extension 'dsv' for command environment
[2.772s] DEBUG:colcon.colcon_core.event_handler.log_command:Invoked command in '/home/mae-emrl3172/ros2_ws/build/cyglidar_d1_ros2' returned '0': CMAKE_PREFIX_PATH=${CMAKE_PREFIX_PATH}:/home/mae-emrl3172/ros2_ws/install/sUAV:/opt/ros/humble /usr/bin/cmake --build /home/mae-emrl3172/ros2_ws/build/cyglidar_d1_ros2 -- -j6 -l6
[2.924s] DEBUG:colcon.colcon_core.event_handler.log_command:Invoking command in '/home/mae-emrl3172/ros2_ws/build/cyglidar_d1_ros2': CMAKE_PREFIX_PATH=${CMAKE_PREFIX_PATH}:/home/mae-emrl3172/ros2_ws/install/sUAV:/opt/ros/humble /usr/bin/cmake --install /home/mae-emrl3172/ros2_ws/build/cyglidar_d1_ros2
[2.953s] Level 1:colcon.colcon_core.environment:create_environment_scripts_only(cyglidar_d1_ros2)
[2.957s] DEBUG:colcon.colcon_core.event_handler.log_command:Invoked command in '/home/mae-emrl3172/ros2_ws/build/cyglidar_d1_ros2' returned '0': CMAKE_PREFIX_PATH=${CMAKE_PREFIX_PATH}:/home/mae-emrl3172/ros2_ws/install/sUAV:/opt/ros/humble /usr/bin/cmake --install /home/mae-emrl3172/ros2_ws/build/cyglidar_d1_ros2
[2.976s] Level 1:colcon.colcon_core.environment:checking '/home/mae-emrl3172/ros2_ws/install/cyglidar_d1_ros2' for CMake module files
[2.977s] Level 1:colcon.colcon_core.environment:checking '/home/mae-emrl3172/ros2_ws/install/cyglidar_d1_ros2' for CMake config files
[2.978s] Level 1:colcon.colcon_core.shell:create_environment_hook('cyglidar_d1_ros2', 'cmake_prefix_path')
[2.979s] INFO:colcon.colcon_core.shell:Creating environment hook '/home/mae-emrl3172/ros2_ws/install/cyglidar_d1_ros2/share/cyglidar_d1_ros2/hook/cmake_prefix_path.ps1'
[2.981s] INFO:colcon.colcon_core.shell:Creating environment descriptor '/home/mae-emrl3172/ros2_ws/install/cyglidar_d1_ros2/share/cyglidar_d1_ros2/hook/cmake_prefix_path.dsv'
[2.985s] INFO:colcon.colcon_core.shell:Creating environment hook '/home/mae-emrl3172/ros2_ws/install/cyglidar_d1_ros2/share/cyglidar_d1_ros2/hook/cmake_prefix_path.sh'
[2.989s] Level 1:colcon.colcon_core.environment:checking '/home/mae-emrl3172/ros2_ws/install/cyglidar_d1_ros2/lib'
[2.990s] Level 1:colcon.colcon_core.environment:checking '/home/mae-emrl3172/ros2_ws/install/cyglidar_d1_ros2/bin'
[2.990s] Level 1:colcon.colcon_core.environment:checking '/home/mae-emrl3172/ros2_ws/install/cyglidar_d1_ros2/lib/pkgconfig/cyglidar_d1_ros2.pc'
[2.991s] Level 1:colcon.colcon_core.environment:checking '/home/mae-emrl3172/ros2_ws/install/cyglidar_d1_ros2/lib/python3.10/site-packages'
[2.992s] Level 1:colcon.colcon_core.environment:checking '/home/mae-emrl3172/ros2_ws/install/cyglidar_d1_ros2/bin'
[2.992s] INFO:colcon.colcon_core.shell:Creating package script '/home/mae-emrl3172/ros2_ws/install/cyglidar_d1_ros2/share/cyglidar_d1_ros2/package.ps1'
[2.995s] INFO:colcon.colcon_core.shell:Creating package descriptor '/home/mae-emrl3172/ros2_ws/install/cyglidar_d1_ros2/share/cyglidar_d1_ros2/package.dsv'
[2.996s] INFO:colcon.colcon_core.shell:Creating package script '/home/mae-emrl3172/ros2_ws/install/cyglidar_d1_ros2/share/cyglidar_d1_ros2/package.sh'
[2.998s] INFO:colcon.colcon_core.shell:Creating package script '/home/mae-emrl3172/ros2_ws/install/cyglidar_d1_ros2/share/cyglidar_d1_ros2/package.bash'
[3.000s] INFO:colcon.colcon_core.shell:Creating package script '/home/mae-emrl3172/ros2_ws/install/cyglidar_d1_ros2/share/cyglidar_d1_ros2/package.zsh'
[3.002s] Level 1:colcon.colcon_core.environment:create_file_with_runtime_dependencies(/home/mae-emrl3172/ros2_ws/install/cyglidar_d1_ros2/share/colcon-core/packages/cyglidar_d1_ros2)
[3.103s] Level 1:colcon.colcon_core.environment:create_environment_scripts_only(cyglidar_d1_ros2)
[3.104s] Level 1:colcon.colcon_core.environment:checking '/home/mae-emrl3172/ros2_ws/install/cyglidar_d1_ros2' for CMake module files
[3.105s] Level 1:colcon.colcon_core.environment:checking '/home/mae-emrl3172/ros2_ws/install/cyglidar_d1_ros2' for CMake config files
[3.106s] Level 1:colcon.colcon_core.shell:create_environment_hook('cyglidar_d1_ros2', 'cmake_prefix_path')
[3.107s] INFO:colcon.colcon_core.shell:Creating environment hook '/home/mae-emrl3172/ros2_ws/install/cyglidar_d1_ros2/share/cyglidar_d1_ros2/hook/cmake_prefix_path.ps1'
[3.108s] INFO:colcon.colcon_core.shell:Creating environment descriptor '/home/mae-emrl3172/ros2_ws/install/cyglidar_d1_ros2/share/cyglidar_d1_ros2/hook/cmake_prefix_path.dsv'
[3.109s] INFO:colcon.colcon_core.shell:Creating environment hook '/home/mae-emrl3172/ros2_ws/install/cyglidar_d1_ros2/share/cyglidar_d1_ros2/hook/cmake_prefix_path.sh'
[3.112s] Level 1:colcon.colcon_core.environment:checking '/home/mae-emrl3172/ros2_ws/install/cyglidar_d1_ros2/lib'
[3.112s] Level 1:colcon.colcon_core.environment:checking '/home/mae-emrl3172/ros2_ws/install/cyglidar_d1_ros2/bin'
[3.113s] Level 1:colcon.colcon_core.environment:checking '/home/mae-emrl3172/ros2_ws/install/cyglidar_d1_ros2/lib/pkgconfig/cyglidar_d1_ros2.pc'
[3.113s] Level 1:colcon.colcon_core.environment:checking '/home/mae-emrl3172/ros2_ws/install/cyglidar_d1_ros2/lib/python3.10/site-packages'
[3.114s] Level 1:colcon.colcon_core.environment:checking '/home/mae-emrl3172/ros2_ws/install/cyglidar_d1_ros2/bin'
[3.115s] INFO:colcon.colcon_core.shell:Creating package script '/home/mae-emrl3172/ros2_ws/install/cyglidar_d1_ros2/share/cyglidar_d1_ros2/package.ps1'
[3.116s] INFO:colcon.colcon_core.shell:Creating package descriptor '/home/mae-emrl3172/ros2_ws/install/cyglidar_d1_ros2/share/cyglidar_d1_ros2/package.dsv'
[3.118s] INFO:colcon.colcon_core.shell:Creating package script '/home/mae-emrl3172/ros2_ws/install/cyglidar_d1_ros2/share/cyglidar_d1_ros2/package.sh'
[3.119s] INFO:colcon.colcon_core.shell:Creating package script '/home/mae-emrl3172/ros2_ws/install/cyglidar_d1_ros2/share/cyglidar_d1_ros2/package.bash'
[3.120s] INFO:colcon.colcon_core.shell:Creating package script '/home/mae-emrl3172/ros2_ws/install/cyglidar_d1_ros2/share/cyglidar_d1_ros2/package.zsh'
[3.122s] Level 1:colcon.colcon_core.environment:create_file_with_runtime_dependencies(/home/mae-emrl3172/ros2_ws/install/cyglidar_d1_ros2/share/colcon-core/packages/cyglidar_d1_ros2)
[3.166s] DEBUG:colcon.colcon_core.event_handler.log_command:Invoked command in '/home/mae-emrl3172/ros2_ws/build/zed_interfaces' returned '0': CMAKE_PREFIX_PATH=${CMAKE_PREFIX_PATH}:/home/mae-emrl3172/ros2_ws/install/sUAV:/opt/ros/humble /usr/bin/cmake --build /home/mae-emrl3172/ros2_ws/build/zed_interfaces -- -j6 -l6
[3.892s] DEBUG:colcon.colcon_core.event_handler.log_command:Invoking command in '/home/mae-emrl3172/ros2_ws/src/sUAV': PYTHONPATH=/home/mae-emrl3172/ros2_ws/build/sUAV/prefix_override:/home/mae-emrl3172/ros2_ws/install/sUAV/lib/python3.10/site-packages:${PYTHONPATH} /usr/bin/python3 -W ignore:setup.py install is deprecated setup.py egg_info --egg-base ../../build/sUAV build --build-base /home/mae-emrl3172/ros2_ws/build/sUAV/build install --record /home/mae-emrl3172/ros2_ws/build/sUAV/install.log --install-scripts $base/lib/sUAV --single-version-externally-managed install_data
[4.075s] DEBUG:colcon.colcon_core.event_handler.log_command:Invoking command in '/home/mae-emrl3172/ros2_ws/build/zed_interfaces': CMAKE_PREFIX_PATH=${CMAKE_PREFIX_PATH}:/home/mae-emrl3172/ros2_ws/install/sUAV:/opt/ros/humble /usr/bin/cmake --install /home/mae-emrl3172/ros2_ws/build/zed_interfaces
[4.503s] Level 1:colcon.colcon_core.environment:create_environment_scripts_only(zed_interfaces)
[4.505s] Level 1:colcon.colcon_core.environment:checking '/home/mae-emrl3172/ros2_ws/install/zed_interfaces' for CMake module files
[4.506s] DEBUG:colcon.colcon_core.event_handler.log_command:Invoked command in '/home/mae-emrl3172/ros2_ws/build/zed_interfaces' returned '0': CMAKE_PREFIX_PATH=${CMAKE_PREFIX_PATH}:/home/mae-emrl3172/ros2_ws/install/sUAV:/opt/ros/humble /usr/bin/cmake --install /home/mae-emrl3172/ros2_ws/build/zed_interfaces
[4.509s] Level 1:colcon.colcon_core.environment:checking '/home/mae-emrl3172/ros2_ws/install/zed_interfaces' for CMake config files
[4.518s] Level 1:colcon.colcon_core.shell:create_environment_hook('zed_interfaces', 'cmake_prefix_path')
[4.519s] INFO:colcon.colcon_core.shell:Creating environment hook '/home/mae-emrl3172/ros2_ws/install/zed_interfaces/share/zed_interfaces/hook/cmake_prefix_path.ps1'
[4.521s] INFO:colcon.colcon_core.shell:Creating environment descriptor '/home/mae-emrl3172/ros2_ws/install/zed_interfaces/share/zed_interfaces/hook/cmake_prefix_path.dsv'
[4.522s] INFO:colcon.colcon_core.shell:Creating environment hook '/home/mae-emrl3172/ros2_ws/install/zed_interfaces/share/zed_interfaces/hook/cmake_prefix_path.sh'
[4.526s] Level 1:colcon.colcon_core.environment:checking '/home/mae-emrl3172/ros2_ws/install/zed_interfaces/lib'
[4.527s] Level 1:colcon.colcon_core.shell:create_environment_hook('zed_interfaces', 'ld_library_path_lib')
[4.528s] INFO:colcon.colcon_core.shell:Creating environment hook '/home/mae-emrl3172/ros2_ws/install/zed_interfaces/share/zed_interfaces/hook/ld_library_path_lib.ps1'
[4.530s] INFO:colcon.colcon_core.shell:Creating environment descriptor '/home/mae-emrl3172/ros2_ws/install/zed_interfaces/share/zed_interfaces/hook/ld_library_path_lib.dsv'
[4.531s] INFO:colcon.colcon_core.shell:Creating environment hook '/home/mae-emrl3172/ros2_ws/install/zed_interfaces/share/zed_interfaces/hook/ld_library_path_lib.sh'
[4.532s] Level 1:colcon.colcon_core.environment:checking '/home/mae-emrl3172/ros2_ws/install/zed_interfaces/bin'
[4.533s] Level 1:colcon.colcon_core.environment:checking '/home/mae-emrl3172/ros2_ws/install/zed_interfaces/lib/pkgconfig/zed_interfaces.pc'
[4.534s] Level 1:colcon.colcon_core.environment:checking '/home/mae-emrl3172/ros2_ws/install/zed_interfaces/lib/python3.10/site-packages'
[4.535s] Level 1:colcon.colcon_core.environment:checking '/home/mae-emrl3172/ros2_ws/install/zed_interfaces/bin'
[4.536s] INFO:colcon.colcon_core.shell:Creating package script '/home/mae-emrl3172/ros2_ws/install/zed_interfaces/share/zed_interfaces/package.ps1'
[4.538s] INFO:colcon.colcon_core.shell:Creating package descriptor '/home/mae-emrl3172/ros2_ws/install/zed_interfaces/share/zed_interfaces/package.dsv'
[4.540s] INFO:colcon.colcon_core.shell:Creating package script '/home/mae-emrl3172/ros2_ws/install/zed_interfaces/share/zed_interfaces/package.sh'
[4.542s] INFO:colcon.colcon_core.shell:Creating package script '/home/mae-emrl3172/ros2_ws/install/zed_interfaces/share/zed_interfaces/package.bash'
[4.543s] INFO:colcon.colcon_core.shell:Creating package script '/home/mae-emrl3172/ros2_ws/install/zed_interfaces/share/zed_interfaces/package.zsh'
[4.544s] Level 1:colcon.colcon_core.environment:create_file_with_runtime_dependencies(/home/mae-emrl3172/ros2_ws/install/zed_interfaces/share/colcon-core/packages/zed_interfaces)
[4.609s] Level 1:colcon.colcon_core.environment:checking '/home/mae-emrl3172/ros2_ws/install/sUAV' for CMake module files
[4.611s] DEBUG:colcon.colcon_core.event_handler.log_command:Invoked command in '/home/mae-emrl3172/ros2_ws/src/sUAV' returned '0': PYTHONPATH=/home/mae-emrl3172/ros2_ws/build/sUAV/prefix_override:/home/mae-emrl3172/ros2_ws/install/sUAV/lib/python3.10/site-packages:${PYTHONPATH} /usr/bin/python3 -W ignore:setup.py install is deprecated setup.py egg_info --egg-base ../../build/sUAV build --build-base /home/mae-emrl3172/ros2_ws/build/sUAV/build install --record /home/mae-emrl3172/ros2_ws/build/sUAV/install.log --install-scripts $base/lib/sUAV --single-version-externally-managed install_data
[4.613s] Level 1:colcon.colcon_core.environment:checking '/home/mae-emrl3172/ros2_ws/install/sUAV' for CMake config files
[4.615s] Level 1:colcon.colcon_core.environment:checking '/home/mae-emrl3172/ros2_ws/install/sUAV/lib'
[4.616s] Level 1:colcon.colcon_core.environment:checking '/home/mae-emrl3172/ros2_ws/install/sUAV/bin'
[4.617s] Level 1:colcon.colcon_core.environment:checking '/home/mae-emrl3172/ros2_ws/install/sUAV/lib/pkgconfig/sUAV.pc'
[4.618s] Level 1:colcon.colcon_core.environment:checking '/home/mae-emrl3172/ros2_ws/install/sUAV/lib/python3.10/site-packages'
[4.618s] Level 1:colcon.colcon_core.shell:create_environment_hook('sUAV', 'pythonpath')
[4.619s] INFO:colcon.colcon_core.shell:Creating environment hook '/home/mae-emrl3172/ros2_ws/install/sUAV/share/sUAV/hook/pythonpath.ps1'
[4.620s] INFO:colcon.colcon_core.shell:Creating environment descriptor '/home/mae-emrl3172/ros2_ws/install/sUAV/share/sUAV/hook/pythonpath.dsv'
[4.624s] INFO:colcon.colcon_core.shell:Creating environment hook '/home/mae-emrl3172/ros2_ws/install/sUAV/share/sUAV/hook/pythonpath.sh'
[4.627s] Level 1:colcon.colcon_core.environment:checking '/home/mae-emrl3172/ros2_ws/install/sUAV/bin'
[4.627s] Level 1:colcon.colcon_core.environment:create_environment_scripts_only(sUAV)
[4.628s] INFO:colcon.colcon_core.shell:Creating package script '/home/mae-emrl3172/ros2_ws/install/sUAV/share/sUAV/package.ps1'
[4.631s] INFO:colcon.colcon_core.shell:Creating package descriptor '/home/mae-emrl3172/ros2_ws/install/sUAV/share/sUAV/package.dsv'
[4.633s] INFO:colcon.colcon_core.shell:Creating package script '/home/mae-emrl3172/ros2_ws/install/sUAV/share/sUAV/package.sh'
[4.635s] INFO:colcon.colcon_core.shell:Creating package script '/home/mae-emrl3172/ros2_ws/install/sUAV/share/sUAV/package.bash'
[4.636s] INFO:colcon.colcon_core.shell:Creating package script '/home/mae-emrl3172/ros2_ws/install/sUAV/share/sUAV/package.zsh'
[4.637s] Level 1:colcon.colcon_core.environment:create_file_with_runtime_dependencies(/home/mae-emrl3172/ros2_ws/install/sUAV/share/colcon-core/packages/sUAV)
[5.458s] Level 1:colcon.colcon_core.environment:create_environment_scripts_only(zed_interfaces)
[5.460s] Level 1:colcon.colcon_core.environment:checking '/home/mae-emrl3172/ros2_ws/install/zed_interfaces' for CMake module files
[5.463s] Level 1:colcon.colcon_core.environment:checking '/home/mae-emrl3172/ros2_ws/install/zed_interfaces' for CMake config files
[5.473s] Level 1:colcon.colcon_core.shell:create_environment_hook('zed_interfaces', 'cmake_prefix_path')
[5.474s] INFO:colcon.colcon_core.shell:Creating environment hook '/home/mae-emrl3172/ros2_ws/install/zed_interfaces/share/zed_interfaces/hook/cmake_prefix_path.ps1'
[5.476s] INFO:colcon.colcon_core.shell:Creating environment descriptor '/home/mae-emrl3172/ros2_ws/install/zed_interfaces/share/zed_interfaces/hook/cmake_prefix_path.dsv'
[5.478s] INFO:colcon.colcon_core.shell:Creating environment hook '/home/mae-emrl3172/ros2_ws/install/zed_interfaces/share/zed_interfaces/hook/cmake_prefix_path.sh'
[5.480s] Level 1:colcon.colcon_core.environment:checking '/home/mae-emrl3172/ros2_ws/install/zed_interfaces/lib'
[5.480s] Level 1:colcon.colcon_core.shell:create_environment_hook('zed_interfaces', 'ld_library_path_lib')
[5.481s] INFO:colcon.colcon_core.shell:Creating environment hook '/home/mae-emrl3172/ros2_ws/install/zed_interfaces/share/zed_interfaces/hook/ld_library_path_lib.ps1'
[5.482s] INFO:colcon.colcon_core.shell:Creating environment descriptor '/home/mae-emrl3172/ros2_ws/install/zed_interfaces/share/zed_interfaces/hook/ld_library_path_lib.dsv'
[5.483s] INFO:colcon.colcon_core.shell:Creating environment hook '/home/mae-emrl3172/ros2_ws/install/zed_interfaces/share/zed_interfaces/hook/ld_library_path_lib.sh'
[5.485s] Level 1:colcon.colcon_core.environment:checking '/home/mae-emrl3172/ros2_ws/install/zed_interfaces/bin'
[5.485s] Level 1:colcon.colcon_core.environment:checking '/home/mae-emrl3172/ros2_ws/install/zed_interfaces/lib/pkgconfig/zed_interfaces.pc'
[5.486s] Level 1:colcon.colcon_core.environment:checking '/home/mae-emrl3172/ros2_ws/install/zed_interfaces/lib/python3.10/site-packages'
[5.487s] Level 1:colcon.colcon_core.environment:checking '/home/mae-emrl3172/ros2_ws/install/zed_interfaces/bin'
[5.488s] INFO:colcon.colcon_core.shell:Creating package script '/home/mae-emrl3172/ros2_ws/install/zed_interfaces/share/zed_interfaces/package.ps1'
[5.491s] INFO:colcon.colcon_core.shell:Creating package descriptor '/home/mae-emrl3172/ros2_ws/install/zed_interfaces/share/zed_interfaces/package.dsv'
[5.493s] INFO:colcon.colcon_core.shell:Creating package script '/home/mae-emrl3172/ros2_ws/install/zed_interfaces/share/zed_interfaces/package.sh'
[5.495s] INFO:colcon.colcon_core.shell:Creating package script '/home/mae-emrl3172/ros2_ws/install/zed_interfaces/share/zed_interfaces/package.bash'
[5.496s] INFO:colcon.colcon_core.shell:Creating package script '/home/mae-emrl3172/ros2_ws/install/zed_interfaces/share/zed_interfaces/package.zsh'
[5.498s] Level 1:colcon.colcon_core.environment:create_file_with_runtime_dependencies(/home/mae-emrl3172/ros2_ws/install/zed_interfaces/share/colcon-core/packages/zed_interfaces)
[5.499s] INFO:colcon.colcon_ros.task.ament_cmake.build:Building ROS package in '/home/mae-emrl3172/ros2_ws/src/zed-ros2-wrapper/zed_components' with build type 'ament_cmake'
[5.501s] INFO:colcon.colcon_cmake.task.cmake.build:Building CMake package in '/home/mae-emrl3172/ros2_ws/src/zed-ros2-wrapper/zed_components'
[5.502s] INFO:colcon.colcon_core.shell:Skip shell extension 'powershell' for command environment: Not usable outside of PowerShell
[5.503s] DEBUG:colcon.colcon_core.shell:Skip shell extension 'dsv' for command environment
[5.540s] DEBUG:colcon.colcon_core.event_handler.log_command:Invoking command in '/home/mae-emrl3172/ros2_ws/build/zed_components': CMAKE_PREFIX_PATH=/home/mae-emrl3172/ros2_ws/install/zed_interfaces:/home/mae-emrl3172/ros2_ws/install/zed_ros2:/home/mae-emrl3172/ros2_ws/install/zed_wrapper:/home/mae-emrl3172/ros2_ws/install/zed_components:/home/mae-emrl3172/ros2_ws/install/sUAV:/opt/ros/humble LD_LIBRARY_PATH=/home/mae-emrl3172/ros2_ws/install/zed_interfaces/lib:/usr/local/cuda-12.2/lib64:/home/mae-emrl3172/ros2_ws/install/zed_components/lib:/usr/local/cuda-12.2/lib64:/opt/ros/humble/opt/rviz_ogre_vendor/lib:/opt/ros/humble/lib/aarch64-linux-gnu:/opt/ros/humble/lib:/usr/local/cuda-12.2/lib64 /usr/bin/cmake --build /home/mae-emrl3172/ros2_ws/build/zed_components -- -j6 -l6
[5.790s] DEBUG:colcon.colcon_core.event_handler.log_command:Invoked command in '/home/mae-emrl3172/ros2_ws/build/zed_components' returned '0': CMAKE_PREFIX_PATH=/home/mae-emrl3172/ros2_ws/install/zed_interfaces:/home/mae-emrl3172/ros2_ws/install/zed_ros2:/home/mae-emrl3172/ros2_ws/install/zed_wrapper:/home/mae-emrl3172/ros2_ws/install/zed_components:/home/mae-emrl3172/ros2_ws/install/sUAV:/opt/ros/humble LD_LIBRARY_PATH=/home/mae-emrl3172/ros2_ws/install/zed_interfaces/lib:/usr/local/cuda-12.2/lib64:/home/mae-emrl3172/ros2_ws/install/zed_components/lib:/usr/local/cuda-12.2/lib64:/opt/ros/humble/opt/rviz_ogre_vendor/lib:/opt/ros/humble/lib/aarch64-linux-gnu:/opt/ros/humble/lib:/usr/local/cuda-12.2/lib64 /usr/bin/cmake --build /home/mae-emrl3172/ros2_ws/build/zed_components -- -j6 -l6
[5.868s] DEBUG:colcon.colcon_core.event_handler.log_command:Invoking command in '/home/mae-emrl3172/ros2_ws/build/zed_components': CMAKE_PREFIX_PATH=/home/mae-emrl3172/ros2_ws/install/zed_interfaces:/home/mae-emrl3172/ros2_ws/install/zed_ros2:/home/mae-emrl3172/ros2_ws/install/zed_wrapper:/home/mae-emrl3172/ros2_ws/install/zed_components:/home/mae-emrl3172/ros2_ws/install/sUAV:/opt/ros/humble LD_LIBRARY_PATH=/home/mae-emrl3172/ros2_ws/install/zed_interfaces/lib:/usr/local/cuda-12.2/lib64:/home/mae-emrl3172/ros2_ws/install/zed_components/lib:/usr/local/cuda-12.2/lib64:/opt/ros/humble/opt/rviz_ogre_vendor/lib:/opt/ros/humble/lib/aarch64-linux-gnu:/opt/ros/humble/lib:/usr/local/cuda-12.2/lib64 /usr/bin/cmake --install /home/mae-emrl3172/ros2_ws/build/zed_components
[5.940s] Level 1:colcon.colcon_core.environment:create_environment_scripts_only(zed_components)
[5.941s] Level 1:colcon.colcon_core.environment:checking '/home/mae-emrl3172/ros2_ws/install/zed_components' for CMake module files
[5.944s] DEBUG:colcon.colcon_core.event_handler.log_command:Invoked command in '/home/mae-emrl3172/ros2_ws/build/zed_components' returned '0': CMAKE_PREFIX_PATH=/home/mae-emrl3172/ros2_ws/install/zed_interfaces:/home/mae-emrl3172/ros2_ws/install/zed_ros2:/home/mae-emrl3172/ros2_ws/install/zed_wrapper:/home/mae-emrl3172/ros2_ws/install/zed_components:/home/mae-emrl3172/ros2_ws/install/sUAV:/opt/ros/humble LD_LIBRARY_PATH=/home/mae-emrl3172/ros2_ws/install/zed_interfaces/lib:/usr/local/cuda-12.2/lib64:/home/mae-emrl3172/ros2_ws/install/zed_components/lib:/usr/local/cuda-12.2/lib64:/opt/ros/humble/opt/rviz_ogre_vendor/lib:/opt/ros/humble/lib/aarch64-linux-gnu:/opt/ros/humble/lib:/usr/local/cuda-12.2/lib64 /usr/bin/cmake --install /home/mae-emrl3172/ros2_ws/build/zed_components
[5.945s] Level 1:colcon.colcon_core.environment:checking '/home/mae-emrl3172/ros2_ws/install/zed_components' for CMake config files
[5.947s] Level 1:colcon.colcon_core.shell:create_environment_hook('zed_components', 'cmake_prefix_path')
[5.948s] INFO:colcon.colcon_core.shell:Creating environment hook '/home/mae-emrl3172/ros2_ws/install/zed_components/share/zed_components/hook/cmake_prefix_path.ps1'
[5.956s] INFO:colcon.colcon_core.shell:Creating environment descriptor '/home/mae-emrl3172/ros2_ws/install/zed_components/share/zed_components/hook/cmake_prefix_path.dsv'
[5.958s] INFO:colcon.colcon_core.shell:Creating environment hook '/home/mae-emrl3172/ros2_ws/install/zed_components/share/zed_components/hook/cmake_prefix_path.sh'
[5.960s] Level 1:colcon.colcon_core.environment:checking '/home/mae-emrl3172/ros2_ws/install/zed_components/lib'
[5.960s] Level 1:colcon.colcon_core.shell:create_environment_hook('zed_components', 'ld_library_path_lib')
[5.961s] INFO:colcon.colcon_core.shell:Creating environment hook '/home/mae-emrl3172/ros2_ws/install/zed_components/share/zed_components/hook/ld_library_path_lib.ps1'
[5.962s] INFO:colcon.colcon_core.shell:Creating environment descriptor '/home/mae-emrl3172/ros2_ws/install/zed_components/share/zed_components/hook/ld_library_path_lib.dsv'
[5.962s] INFO:colcon.colcon_core.shell:Creating environment hook '/home/mae-emrl3172/ros2_ws/install/zed_components/share/zed_components/hook/ld_library_path_lib.sh'
[5.963s] Level 1:colcon.colcon_core.environment:checking '/home/mae-emrl3172/ros2_ws/install/zed_components/bin'
[5.963s] Level 1:colcon.colcon_core.environment:checking '/home/mae-emrl3172/ros2_ws/install/zed_components/lib/pkgconfig/zed_components.pc'
[5.964s] Level 1:colcon.colcon_core.environment:checking '/home/mae-emrl3172/ros2_ws/install/zed_components/lib/python3.10/site-packages'
[5.965s] Level 1:colcon.colcon_core.environment:checking '/home/mae-emrl3172/ros2_ws/install/zed_components/bin'
[5.965s] INFO:colcon.colcon_core.shell:Creating package script '/home/mae-emrl3172/ros2_ws/install/zed_components/share/zed_components/package.ps1'
[5.967s] INFO:colcon.colcon_core.shell:Creating package descriptor '/home/mae-emrl3172/ros2_ws/install/zed_components/share/zed_components/package.dsv'
[5.968s] INFO:colcon.colcon_core.shell:Creating package script '/home/mae-emrl3172/ros2_ws/install/zed_components/share/zed_components/package.sh'
[5.970s] INFO:colcon.colcon_core.shell:Creating package script '/home/mae-emrl3172/ros2_ws/install/zed_components/share/zed_components/package.bash'
[5.971s] INFO:colcon.colcon_core.shell:Creating package script '/home/mae-emrl3172/ros2_ws/install/zed_components/share/zed_components/package.zsh'
[5.972s] Level 1:colcon.colcon_core.environment:create_file_with_runtime_dependencies(/home/mae-emrl3172/ros2_ws/install/zed_components/share/colcon-core/packages/zed_components)
[6.047s] Level 1:colcon.colcon_core.environment:create_environment_scripts_only(zed_components)
[6.048s] Level 1:colcon.colcon_core.environment:checking '/home/mae-emrl3172/ros2_ws/install/zed_components' for CMake module files
[6.050s] Level 1:colcon.colcon_core.environment:checking '/home/mae-emrl3172/ros2_ws/install/zed_components' for CMake config files
[6.050s] Level 1:colcon.colcon_core.shell:create_environment_hook('zed_components', 'cmake_prefix_path')
[6.051s] INFO:colcon.colcon_core.shell:Creating environment hook '/home/mae-emrl3172/ros2_ws/install/zed_components/share/zed_components/hook/cmake_prefix_path.ps1'
[6.053s] INFO:colcon.colcon_core.shell:Creating environment descriptor '/home/mae-emrl3172/ros2_ws/install/zed_components/share/zed_components/hook/cmake_prefix_path.dsv'
[6.054s] INFO:colcon.colcon_core.shell:Creating environment hook '/home/mae-emrl3172/ros2_ws/install/zed_components/share/zed_components/hook/cmake_prefix_path.sh'
[6.056s] Level 1:colcon.colcon_core.environment:checking '/home/mae-emrl3172/ros2_ws/install/zed_components/lib'
[6.056s] Level 1:colcon.colcon_core.shell:create_environment_hook('zed_components', 'ld_library_path_lib')
[6.057s] INFO:colcon.colcon_core.shell:Creating environment hook '/home/mae-emrl3172/ros2_ws/install/zed_components/share/zed_components/hook/ld_library_path_lib.ps1'
[6.058s] INFO:colcon.colcon_core.shell:Creating environment descriptor '/home/mae-emrl3172/ros2_ws/install/zed_components/share/zed_components/hook/ld_library_path_lib.dsv'
[6.060s] INFO:colcon.colcon_core.shell:Creating environment hook '/home/mae-emrl3172/ros2_ws/install/zed_components/share/zed_components/hook/ld_library_path_lib.sh'
[6.060s] Level 1:colcon.colcon_core.environment:checking '/home/mae-emrl3172/ros2_ws/install/zed_components/bin'
[6.061s] Level 1:colcon.colcon_core.environment:checking '/home/mae-emrl3172/ros2_ws/install/zed_components/lib/pkgconfig/zed_components.pc'
[6.061s] Level 1:colcon.colcon_core.environment:checking '/home/mae-emrl3172/ros2_ws/install/zed_components/lib/python3.10/site-packages'
[6.061s] Level 1:colcon.colcon_core.environment:checking '/home/mae-emrl3172/ros2_ws/install/zed_components/bin'
[6.062s] INFO:colcon.colcon_core.shell:Creating package script '/home/mae-emrl3172/ros2_ws/install/zed_components/share/zed_components/package.ps1'
[6.065s] INFO:colcon.colcon_core.shell:Creating package descriptor '/home/mae-emrl3172/ros2_ws/install/zed_components/share/zed_components/package.dsv'
[6.066s] INFO:colcon.colcon_core.shell:Creating package script '/home/mae-emrl3172/ros2_ws/install/zed_components/share/zed_components/package.sh'
[6.068s] INFO:colcon.colcon_core.shell:Creating package script '/home/mae-emrl3172/ros2_ws/install/zed_components/share/zed_components/package.bash'
[6.069s] INFO:colcon.colcon_core.shell:Creating package script '/home/mae-emrl3172/ros2_ws/install/zed_components/share/zed_components/package.zsh'
[6.071s] Level 1:colcon.colcon_core.environment:create_file_with_runtime_dependencies(/home/mae-emrl3172/ros2_ws/install/zed_components/share/colcon-core/packages/zed_components)
[6.072s] INFO:colcon.colcon_ros.task.ament_cmake.build:Building ROS package in '/home/mae-emrl3172/ros2_ws/src/zed-ros2-wrapper/zed_wrapper' with build type 'ament_cmake'
[6.073s] INFO:colcon.colcon_cmake.task.cmake.build:Building CMake package in '/home/mae-emrl3172/ros2_ws/src/zed-ros2-wrapper/zed_wrapper'
[6.073s] INFO:colcon.colcon_core.shell:Skip shell extension 'powershell' for command environment: Not usable outside of PowerShell
[6.073s] DEBUG:colcon.colcon_core.shell:Skip shell extension 'dsv' for command environment
[6.114s] DEBUG:colcon.colcon_core.event_handler.log_command:Invoking command in '/home/mae-emrl3172/ros2_ws/build/zed_wrapper': CMAKE_PREFIX_PATH=/home/mae-emrl3172/ros2_ws/install/zed_components:/home/mae-emrl3172/ros2_ws/install/zed_interfaces:/home/mae-emrl3172/ros2_ws/install/zed_ros2:/home/mae-emrl3172/ros2_ws/install/zed_wrapper:/home/mae-emrl3172/ros2_ws/install/sUAV:/opt/ros/humble LD_LIBRARY_PATH=/home/mae-emrl3172/ros2_ws/install/zed_components/lib:/home/mae-emrl3172/ros2_ws/install/zed_interfaces/lib:/usr/local/cuda-12.2/lib64:/usr/local/cuda-12.2/lib64:/opt/ros/humble/opt/rviz_ogre_vendor/lib:/opt/ros/humble/lib/aarch64-linux-gnu:/opt/ros/humble/lib:/usr/local/cuda-12.2/lib64 /usr/bin/cmake --build /home/mae-emrl3172/ros2_ws/build/zed_wrapper -- -j6 -l6
[6.300s] DEBUG:colcon.colcon_core.event_handler.log_command:Invoked command in '/home/mae-emrl3172/ros2_ws/build/zed_wrapper' returned '0': CMAKE_PREFIX_PATH=/home/mae-emrl3172/ros2_ws/install/zed_components:/home/mae-emrl3172/ros2_ws/install/zed_interfaces:/home/mae-emrl3172/ros2_ws/install/zed_ros2:/home/mae-emrl3172/ros2_ws/install/zed_wrapper:/home/mae-emrl3172/ros2_ws/install/sUAV:/opt/ros/humble LD_LIBRARY_PATH=/home/mae-emrl3172/ros2_ws/install/zed_components/lib:/home/mae-emrl3172/ros2_ws/install/zed_interfaces/lib:/usr/local/cuda-12.2/lib64:/usr/local/cuda-12.2/lib64:/opt/ros/humble/opt/rviz_ogre_vendor/lib:/opt/ros/humble/lib/aarch64-linux-gnu:/opt/ros/humble/lib:/usr/local/cuda-12.2/lib64 /usr/bin/cmake --build /home/mae-emrl3172/ros2_ws/build/zed_wrapper -- -j6 -l6
[6.361s] DEBUG:colcon.colcon_core.event_handler.log_command:Invoking command in '/home/mae-emrl3172/ros2_ws/build/zed_wrapper': CMAKE_PREFIX_PATH=/home/mae-emrl3172/ros2_ws/install/zed_components:/home/mae-emrl3172/ros2_ws/install/zed_interfaces:/home/mae-emrl3172/ros2_ws/install/zed_ros2:/home/mae-emrl3172/ros2_ws/install/zed_wrapper:/home/mae-emrl3172/ros2_ws/install/sUAV:/opt/ros/humble LD_LIBRARY_PATH=/home/mae-emrl3172/ros2_ws/install/zed_components/lib:/home/mae-emrl3172/ros2_ws/install/zed_interfaces/lib:/usr/local/cuda-12.2/lib64:/usr/local/cuda-12.2/lib64:/opt/ros/humble/opt/rviz_ogre_vendor/lib:/opt/ros/humble/lib/aarch64-linux-gnu:/opt/ros/humble/lib:/usr/local/cuda-12.2/lib64 /usr/bin/cmake --install /home/mae-emrl3172/ros2_ws/build/zed_wrapper
[6.435s] Level 1:colcon.colcon_core.environment:create_environment_scripts_only(zed_wrapper)
[6.436s] Level 1:colcon.colcon_core.environment:checking '/home/mae-emrl3172/ros2_ws/install/zed_wrapper' for CMake module files
[6.438s] Level 1:colcon.colcon_core.environment:checking '/home/mae-emrl3172/ros2_ws/install/zed_wrapper' for CMake config files
[6.440s] DEBUG:colcon.colcon_core.event_handler.log_command:Invoked command in '/home/mae-emrl3172/ros2_ws/build/zed_wrapper' returned '0': CMAKE_PREFIX_PATH=/home/mae-emrl3172/ros2_ws/install/zed_components:/home/mae-emrl3172/ros2_ws/install/zed_interfaces:/home/mae-emrl3172/ros2_ws/install/zed_ros2:/home/mae-emrl3172/ros2_ws/install/zed_wrapper:/home/mae-emrl3172/ros2_ws/install/sUAV:/opt/ros/humble LD_LIBRARY_PATH=/home/mae-emrl3172/ros2_ws/install/zed_components/lib:/home/mae-emrl3172/ros2_ws/install/zed_interfaces/lib:/usr/local/cuda-12.2/lib64:/usr/local/cuda-12.2/lib64:/opt/ros/humble/opt/rviz_ogre_vendor/lib:/opt/ros/humble/lib/aarch64-linux-gnu:/opt/ros/humble/lib:/usr/local/cuda-12.2/lib64 /usr/bin/cmake --install /home/mae-emrl3172/ros2_ws/build/zed_wrapper
[6.441s] Level 1:colcon.colcon_core.shell:create_environment_hook('zed_wrapper', 'cmake_prefix_path')
[6.441s] INFO:colcon.colcon_core.shell:Creating environment hook '/home/mae-emrl3172/ros2_ws/install/zed_wrapper/share/zed_wrapper/hook/cmake_prefix_path.ps1'
[6.443s] INFO:colcon.colcon_core.shell:Creating environment descriptor '/home/mae-emrl3172/ros2_ws/install/zed_wrapper/share/zed_wrapper/hook/cmake_prefix_path.dsv'
[6.444s] INFO:colcon.colcon_core.shell:Creating environment hook '/home/mae-emrl3172/ros2_ws/install/zed_wrapper/share/zed_wrapper/hook/cmake_prefix_path.sh'
[6.446s] Level 1:colcon.colcon_core.environment:checking '/home/mae-emrl3172/ros2_ws/install/zed_wrapper/lib'
[6.447s] Level 1:colcon.colcon_core.environment:checking '/home/mae-emrl3172/ros2_ws/install/zed_wrapper/bin'
[6.447s] Level 1:colcon.colcon_core.environment:checking '/home/mae-emrl3172/ros2_ws/install/zed_wrapper/lib/pkgconfig/zed_wrapper.pc'
[6.448s] Level 1:colcon.colcon_core.environment:checking '/home/mae-emrl3172/ros2_ws/install/zed_wrapper/lib/python3.10/site-packages'
[6.449s] Level 1:colcon.colcon_core.environment:checking '/home/mae-emrl3172/ros2_ws/install/zed_wrapper/bin'
[6.450s] INFO:colcon.colcon_core.shell:Creating package script '/home/mae-emrl3172/ros2_ws/install/zed_wrapper/share/zed_wrapper/package.ps1'
[6.452s] INFO:colcon.colcon_core.shell:Creating package descriptor '/home/mae-emrl3172/ros2_ws/install/zed_wrapper/share/zed_wrapper/package.dsv'
[6.453s] INFO:colcon.colcon_core.shell:Creating package script '/home/mae-emrl3172/ros2_ws/install/zed_wrapper/share/zed_wrapper/package.sh'
[6.455s] INFO:colcon.colcon_core.shell:Creating package script '/home/mae-emrl3172/ros2_ws/install/zed_wrapper/share/zed_wrapper/package.bash'
[6.456s] INFO:colcon.colcon_core.shell:Creating package script '/home/mae-emrl3172/ros2_ws/install/zed_wrapper/share/zed_wrapper/package.zsh'
[6.457s] Level 1:colcon.colcon_core.environment:create_file_with_runtime_dependencies(/home/mae-emrl3172/ros2_ws/install/zed_wrapper/share/colcon-core/packages/zed_wrapper)
[6.523s] Level 1:colcon.colcon_core.environment:create_environment_scripts_only(zed_wrapper)
[6.524s] Level 1:colcon.colcon_core.environment:checking '/home/mae-emrl3172/ros2_ws/install/zed_wrapper' for CMake module files
[6.525s] Level 1:colcon.colcon_core.environment:checking '/home/mae-emrl3172/ros2_ws/install/zed_wrapper' for CMake config files
[6.526s] Level 1:colcon.colcon_core.shell:create_environment_hook('zed_wrapper', 'cmake_prefix_path')
[6.527s] INFO:colcon.colcon_core.shell:Creating environment hook '/home/mae-emrl3172/ros2_ws/install/zed_wrapper/share/zed_wrapper/hook/cmake_prefix_path.ps1'
[6.528s] INFO:colcon.colcon_core.shell:Creating environment descriptor '/home/mae-emrl3172/ros2_ws/install/zed_wrapper/share/zed_wrapper/hook/cmake_prefix_path.dsv'
[6.529s] INFO:colcon.colcon_core.shell:Creating environment hook '/home/mae-emrl3172/ros2_ws/install/zed_wrapper/share/zed_wrapper/hook/cmake_prefix_path.sh'
[6.531s] Level 1:colcon.colcon_core.environment:checking '/home/mae-emrl3172/ros2_ws/install/zed_wrapper/lib'
[6.532s] Level 1:colcon.colcon_core.environment:checking '/home/mae-emrl3172/ros2_ws/install/zed_wrapper/bin'
[6.532s] Level 1:colcon.colcon_core.environment:checking '/home/mae-emrl3172/ros2_ws/install/zed_wrapper/lib/pkgconfig/zed_wrapper.pc'
[6.533s] Level 1:colcon.colcon_core.environment:checking '/home/mae-emrl3172/ros2_ws/install/zed_wrapper/lib/python3.10/site-packages'
[6.533s] Level 1:colcon.colcon_core.environment:checking '/home/mae-emrl3172/ros2_ws/install/zed_wrapper/bin'
[6.534s] INFO:colcon.colcon_core.shell:Creating package script '/home/mae-emrl3172/ros2_ws/install/zed_wrapper/share/zed_wrapper/package.ps1'
[6.536s] INFO:colcon.colcon_core.shell:Creating package descriptor '/home/mae-emrl3172/ros2_ws/install/zed_wrapper/share/zed_wrapper/package.dsv'
[6.537s] INFO:colcon.colcon_core.shell:Creating package script '/home/mae-emrl3172/ros2_ws/install/zed_wrapper/share/zed_wrapper/package.sh'
[6.538s] INFO:colcon.colcon_core.shell:Creating package script '/home/mae-emrl3172/ros2_ws/install/zed_wrapper/share/zed_wrapper/package.bash'
[6.539s] INFO:colcon.colcon_core.shell:Creating package script '/home/mae-emrl3172/ros2_ws/install/zed_wrapper/share/zed_wrapper/package.zsh'
[6.540s] Level 1:colcon.colcon_core.environment:create_file_with_runtime_dependencies(/home/mae-emrl3172/ros2_ws/install/zed_wrapper/share/colcon-core/packages/zed_wrapper)
[6.541s] INFO:colcon.colcon_ros.task.ament_cmake.build:Building ROS package in '/home/mae-emrl3172/ros2_ws/src/zed-ros2-wrapper/zed_ros2' with build type 'ament_cmake'
[6.543s] INFO:colcon.colcon_cmake.task.cmake.build:Building CMake package in '/home/mae-emrl3172/ros2_ws/src/zed-ros2-wrapper/zed_ros2'
[6.543s] INFO:colcon.colcon_core.shell:Skip shell extension 'powershell' for command environment: Not usable outside of PowerShell
[6.543s] DEBUG:colcon.colcon_core.shell:Skip shell extension 'dsv' for command environment
[6.583s] DEBUG:colcon.colcon_core.event_handler.log_command:Invoking command in '/home/mae-emrl3172/ros2_ws/build/zed_ros2': CMAKE_PREFIX_PATH=/home/mae-emrl3172/ros2_ws/install/zed_wrapper:/home/mae-emrl3172/ros2_ws/install/zed_components:/home/mae-emrl3172/ros2_ws/install/zed_interfaces:/home/mae-emrl3172/ros2_ws/install/zed_ros2:/home/mae-emrl3172/ros2_ws/install/sUAV:/opt/ros/humble LD_LIBRARY_PATH=/home/mae-emrl3172/ros2_ws/install/zed_components/lib:/home/mae-emrl3172/ros2_ws/install/zed_interfaces/lib:/usr/local/cuda-12.2/lib64:/usr/local/cuda-12.2/lib64:/opt/ros/humble/opt/rviz_ogre_vendor/lib:/opt/ros/humble/lib/aarch64-linux-gnu:/opt/ros/humble/lib:/usr/local/cuda-12.2/lib64 /usr/bin/cmake --build /home/mae-emrl3172/ros2_ws/build/zed_ros2 -- -j6 -l6
[6.672s] DEBUG:colcon.colcon_core.event_handler.log_command:Invoked command in '/home/mae-emrl3172/ros2_ws/build/zed_ros2' returned '0': CMAKE_PREFIX_PATH=/home/mae-emrl3172/ros2_ws/install/zed_wrapper:/home/mae-emrl3172/ros2_ws/install/zed_components:/home/mae-emrl3172/ros2_ws/install/zed_interfaces:/home/mae-emrl3172/ros2_ws/install/zed_ros2:/home/mae-emrl3172/ros2_ws/install/sUAV:/opt/ros/humble LD_LIBRARY_PATH=/home/mae-emrl3172/ros2_ws/install/zed_components/lib:/home/mae-emrl3172/ros2_ws/install/zed_interfaces/lib:/usr/local/cuda-12.2/lib64:/usr/local/cuda-12.2/lib64:/opt/ros/humble/opt/rviz_ogre_vendor/lib:/opt/ros/humble/lib/aarch64-linux-gnu:/opt/ros/humble/lib:/usr/local/cuda-12.2/lib64 /usr/bin/cmake --build /home/mae-emrl3172/ros2_ws/build/zed_ros2 -- -j6 -l6
[6.726s] DEBUG:colcon.colcon_core.event_handler.log_command:Invoking command in '/home/mae-emrl3172/ros2_ws/build/zed_ros2': CMAKE_PREFIX_PATH=/home/mae-emrl3172/ros2_ws/install/zed_wrapper:/home/mae-emrl3172/ros2_ws/install/zed_components:/home/mae-emrl3172/ros2_ws/install/zed_interfaces:/home/mae-emrl3172/ros2_ws/install/zed_ros2:/home/mae-emrl3172/ros2_ws/install/sUAV:/opt/ros/humble LD_LIBRARY_PATH=/home/mae-emrl3172/ros2_ws/install/zed_components/lib:/home/mae-emrl3172/ros2_ws/install/zed_interfaces/lib:/usr/local/cuda-12.2/lib64:/usr/local/cuda-12.2/lib64:/opt/ros/humble/opt/rviz_ogre_vendor/lib:/opt/ros/humble/lib/aarch64-linux-gnu:/opt/ros/humble/lib:/usr/local/cuda-12.2/lib64 /usr/bin/cmake --install /home/mae-emrl3172/ros2_ws/build/zed_ros2
[6.797s] Level 1:colcon.colcon_core.environment:create_environment_scripts_only(zed_ros2)
[6.798s] Level 1:colcon.colcon_core.environment:checking '/home/mae-emrl3172/ros2_ws/install/zed_ros2' for CMake module files
[6.799s] DEBUG:colcon.colcon_core.event_handler.log_command:Invoked command in '/home/mae-emrl3172/ros2_ws/build/zed_ros2' returned '0': CMAKE_PREFIX_PATH=/home/mae-emrl3172/ros2_ws/install/zed_wrapper:/home/mae-emrl3172/ros2_ws/install/zed_components:/home/mae-emrl3172/ros2_ws/install/zed_interfaces:/home/mae-emrl3172/ros2_ws/install/zed_ros2:/home/mae-emrl3172/ros2_ws/install/sUAV:/opt/ros/humble LD_LIBRARY_PATH=/home/mae-emrl3172/ros2_ws/install/zed_components/lib:/home/mae-emrl3172/ros2_ws/install/zed_interfaces/lib:/usr/local/cuda-12.2/lib64:/usr/local/cuda-12.2/lib64:/opt/ros/humble/opt/rviz_ogre_vendor/lib:/opt/ros/humble/lib/aarch64-linux-gnu:/opt/ros/humble/lib:/usr/local/cuda-12.2/lib64 /usr/bin/cmake --install /home/mae-emrl3172/ros2_ws/build/zed_ros2
[6.800s] Level 1:colcon.colcon_core.environment:checking '/home/mae-emrl3172/ros2_ws/install/zed_ros2' for CMake config files
[6.801s] Level 1:colcon.colcon_core.shell:create_environment_hook('zed_ros2', 'cmake_prefix_path')
[6.801s] INFO:colcon.colcon_core.shell:Creating environment hook '/home/mae-emrl3172/ros2_ws/install/zed_ros2/share/zed_ros2/hook/cmake_prefix_path.ps1'
[6.803s] INFO:colcon.colcon_core.shell:Creating environment descriptor '/home/mae-emrl3172/ros2_ws/install/zed_ros2/share/zed_ros2/hook/cmake_prefix_path.dsv'
[6.804s] INFO:colcon.colcon_core.shell:Creating environment hook '/home/mae-emrl3172/ros2_ws/install/zed_ros2/share/zed_ros2/hook/cmake_prefix_path.sh'
[6.806s] Level 1:colcon.colcon_core.environment:checking '/home/mae-emrl3172/ros2_ws/install/zed_ros2/bin'
[6.806s] Level 1:colcon.colcon_core.environment:checking '/home/mae-emrl3172/ros2_ws/install/zed_ros2/lib/pkgconfig/zed_ros2.pc'
[6.807s] Level 1:colcon.colcon_core.environment:checking '/home/mae-emrl3172/ros2_ws/install/zed_ros2/lib/python3.10/site-packages'
[6.807s] Level 1:colcon.colcon_core.environment:checking '/home/mae-emrl3172/ros2_ws/install/zed_ros2/bin'
[6.808s] INFO:colcon.colcon_core.shell:Creating package script '/home/mae-emrl3172/ros2_ws/install/zed_ros2/share/zed_ros2/package.ps1'
[6.809s] INFO:colcon.colcon_core.shell:Creating package descriptor '/home/mae-emrl3172/ros2_ws/install/zed_ros2/share/zed_ros2/package.dsv'
[6.810s] INFO:colcon.colcon_core.shell:Creating package script '/home/mae-emrl3172/ros2_ws/install/zed_ros2/share/zed_ros2/package.sh'
[6.811s] INFO:colcon.colcon_core.shell:Creating package script '/home/mae-emrl3172/ros2_ws/install/zed_ros2/share/zed_ros2/package.bash'
[6.812s] INFO:colcon.colcon_core.shell:Creating package script '/home/mae-emrl3172/ros2_ws/install/zed_ros2/share/zed_ros2/package.zsh'
[6.813s] Level 1:colcon.colcon_core.environment:create_file_with_runtime_dependencies(/home/mae-emrl3172/ros2_ws/install/zed_ros2/share/colcon-core/packages/zed_ros2)
[6.861s] Level 1:colcon.colcon_core.environment:create_environment_scripts_only(zed_ros2)
[6.862s] Level 1:colcon.colcon_core.environment:checking '/home/mae-emrl3172/ros2_ws/install/zed_ros2' for CMake module files
[6.863s] Level 1:colcon.colcon_core.environment:checking '/home/mae-emrl3172/ros2_ws/install/zed_ros2' for CMake config files
[6.863s] Level 1:colcon.colcon_core.shell:create_environment_hook('zed_ros2', 'cmake_prefix_path')
[6.864s] INFO:colcon.colcon_core.shell:Creating environment hook '/home/mae-emrl3172/ros2_ws/install/zed_ros2/share/zed_ros2/hook/cmake_prefix_path.ps1'
[6.865s] INFO:colcon.colcon_core.shell:Creating environment descriptor '/home/mae-emrl3172/ros2_ws/install/zed_ros2/share/zed_ros2/hook/cmake_prefix_path.dsv'
[6.866s] INFO:colcon.colcon_core.shell:Creating environment hook '/home/mae-emrl3172/ros2_ws/install/zed_ros2/share/zed_ros2/hook/cmake_prefix_path.sh'
[6.868s] Level 1:colcon.colcon_core.environment:checking '/home/mae-emrl3172/ros2_ws/install/zed_ros2/bin'
[6.868s] Level 1:colcon.colcon_core.environment:checking '/home/mae-emrl3172/ros2_ws/install/zed_ros2/lib/pkgconfig/zed_ros2.pc'
[6.868s] Level 1:colcon.colcon_core.environment:checking '/home/mae-emrl3172/ros2_ws/install/zed_ros2/lib/python3.10/site-packages'
[6.869s] Level 1:colcon.colcon_core.environment:checking '/home/mae-emrl3172/ros2_ws/install/zed_ros2/bin'
[6.869s] INFO:colcon.colcon_core.shell:Creating package script '/home/mae-emrl3172/ros2_ws/install/zed_ros2/share/zed_ros2/package.ps1'
[6.871s] INFO:colcon.colcon_core.shell:Creating package descriptor '/home/mae-emrl3172/ros2_ws/install/zed_ros2/share/zed_ros2/package.dsv'
[6.872s] INFO:colcon.colcon_core.shell:Creating package script '/home/mae-emrl3172/ros2_ws/install/zed_ros2/share/zed_ros2/package.sh'
[6.874s] INFO:colcon.colcon_core.shell:Creating package script '/home/mae-emrl3172/ros2_ws/install/zed_ros2/share/zed_ros2/package.bash'
[6.875s] INFO:colcon.colcon_core.shell:Creating package script '/home/mae-emrl3172/ros2_ws/install/zed_ros2/share/zed_ros2/package.zsh'
[6.876s] Level 1:colcon.colcon_core.environment:create_file_with_runtime_dependencies(/home/mae-emrl3172/ros2_ws/install/zed_ros2/share/colcon-core/packages/zed_ros2)
[6.877s] DEBUG:colcon.colcon_parallel_executor.executor.parallel:closing loop
[6.878s] DEBUG:colcon.colcon_parallel_executor.executor.parallel:loop closed
[6.878s] DEBUG:colcon.colcon_parallel_executor.executor.parallel:run_until_complete finished with '0'
[6.878s] DEBUG:colcon.colcon_core.event_reactor:joining thread
[6.895s] INFO:colcon.colcon_core.plugin_system:Skipping extension 'colcon_notification.desktop_notification.terminal_notifier': Not used on non-Darwin systems
[6.895s] INFO:colcon.colcon_core.plugin_system:Skipping extension 'colcon_notification.desktop_notification.win32': Not used on non-Windows systems
[6.895s] INFO:colcon.colcon_notification.desktop_notification:Sending desktop notification using 'notify2'
[6.932s] DEBUG:colcon.colcon_core.event_reactor:joined thread
[6.933s] INFO:colcon.colcon_core.shell:Creating prefix script '/home/mae-emrl3172/ros2_ws/install/local_setup.ps1'
[6.936s] INFO:colcon.colcon_core.shell:Creating prefix util module '/home/mae-emrl3172/ros2_ws/install/_local_setup_util_ps1.py'
[6.940s] INFO:colcon.colcon_core.shell:Creating prefix chain script '/home/mae-emrl3172/ros2_ws/install/setup.ps1'
[6.942s] INFO:colcon.colcon_core.shell:Creating prefix script '/home/mae-emrl3172/ros2_ws/install/local_setup.sh'
[6.944s] INFO:colcon.colcon_core.shell:Creating prefix util module '/home/mae-emrl3172/ros2_ws/install/_local_setup_util_sh.py'
[6.945s] INFO:colcon.colcon_core.shell:Creating prefix chain script '/home/mae-emrl3172/ros2_ws/install/setup.sh'
[6.948s] INFO:colcon.colcon_core.shell:Creating prefix script '/home/mae-emrl3172/ros2_ws/install/local_setup.bash'
[6.949s] INFO:colcon.colcon_core.shell:Creating prefix chain script '/home/mae-emrl3172/ros2_ws/install/setup.bash'
[6.951s] INFO:colcon.colcon_core.shell:Creating prefix script '/home/mae-emrl3172/ros2_ws/install/local_setup.zsh'
[6.953s] INFO:colcon.colcon_core.shell:Creating prefix chain script '/home/mae-emrl3172/ros2_ws/install/setup.zsh'
