[0.036s] Invoking command in '/home/mae-emrl3172/ros2_ws/build/zed_wrapper': AMENT_PREFIX_PATH=/home/mae-emrl3172/ros2_ws/install/zed_components:${AMENT_PREFIX_PATH} CMAKE_PREFIX_PATH=/home/mae-emrl3172/ros2_ws/install/zed_components:/home/mae-emrl3172/ros2_ws/install/zed_interfaces:/home/mae-emrl3172/ros2_ws/install/sUAV:/opt/ros/humble LD_LIBRARY_PATH=/home/mae-emrl3172/ros2_ws/install/zed_components/lib:/home/mae-emrl3172/ros2_ws/install/zed_interfaces/lib:/opt/ros/humble/opt/rviz_ogre_vendor/lib:/opt/ros/humble/lib/aarch64-linux-gnu:/opt/ros/humble/lib:/usr/local/cuda-12.2/lib64 /usr/bin/cmake /home/mae-emrl3172/ros2_ws/src/zed-ros2-wrapper/zed_wrapper -DCMAKE_INSTALL_PREFIX=/home/mae-emrl3172/ros2_ws/install/zed_wrapper
[0.140s] -- Found CUDA: /usr/local/cuda-12.2 (found suitable version "12.2", minimum required is "12.2") 
[0.180s] -- Found CUDA: /usr/local/cuda-12.2 (found version "12.2") 
[0.181s] -- Found ament_cmake_auto: 1.3.8 (/opt/ros/humble/share/ament_cmake_auto/cmake)
[0.483s] -- Override CMake install command with custom implementation using symlinks instead of copying resources
[0.752s] -- Found rosidl_generator_c: 3.1.5 (/opt/ros/humble/share/rosidl_generator_c/cmake)
[0.758s] -- Found rosidl_adapter: 3.1.5 (/opt/ros/humble/share/rosidl_adapter/cmake)
[0.771s] -- Found rosidl_generator_cpp: 3.1.5 (/opt/ros/humble/share/rosidl_generator_cpp/cmake)
[0.792s] -- Using all available rosidl_typesupport_c: rosidl_typesupport_fastrtps_c;rosidl_typesupport_introspection_c
[0.821s] -- Using all available rosidl_typesupport_cpp: rosidl_typesupport_fastrtps_cpp;rosidl_typesupport_introspection_cpp
[0.929s] -- Found rmw_implementation_cmake: 6.1.1 (/opt/ros/humble/share/rmw_implementation_cmake/cmake)
[0.932s] -- Found rmw_fastrtps_cpp: 6.2.6 (/opt/ros/humble/share/rmw_fastrtps_cpp/cmake)
[1.168s] -- Using RMW implementation 'rmw_fastrtps_cpp' as default
[2.394s] -- Found eigen3_cmake_module: 0.1.1 (/opt/ros/humble/share/eigen3_cmake_module/cmake)
[2.397s] -- Ensuring Eigen3 include directory is part of orocos-kdl CMake target
[4.074s] -- Found ament_lint_auto: 0.12.10 (/opt/ros/humble/share/ament_lint_auto/cmake)
[5.122s] -- Added test 'copyright' to check source files copyright and LICENSE
[5.124s] -- Added test 'cppcheck' to perform static code analysis on C / C++ code
[5.125s] -- Configured cppcheck include dirs: /home/mae-emrl3172/ros2_ws/src/zed-ros2-wrapper/zed_wrapper/src
[5.125s] -- Configured cppcheck exclude dirs and/or files: 
[5.125s] -- Added test 'lint_cmake' to check CMake code style
[5.126s] -- Added test 'pep257' to check Python code against some of the docstring style conventions in PEP 257
[5.128s] -- Added test 'uncrustify' to check C / C++ code style
[5.128s] -- Configured uncrustify additional arguments: 
[5.129s] -- Added test 'xmllint' to check XML markup files
[5.131s] -- Configuring done
[5.227s] -- Generating done
[5.233s] -- Build files have been written to: /home/mae-emrl3172/ros2_ws/build/zed_wrapper
[5.266s] Invoked command in '/home/mae-emrl3172/ros2_ws/build/zed_wrapper' returned '0': AMENT_PREFIX_PATH=/home/mae-emrl3172/ros2_ws/install/zed_components:${AMENT_PREFIX_PATH} CMAKE_PREFIX_PATH=/home/mae-emrl3172/ros2_ws/install/zed_components:/home/mae-emrl3172/ros2_ws/install/zed_interfaces:/home/mae-emrl3172/ros2_ws/install/sUAV:/opt/ros/humble LD_LIBRARY_PATH=/home/mae-emrl3172/ros2_ws/install/zed_components/lib:/home/mae-emrl3172/ros2_ws/install/zed_interfaces/lib:/opt/ros/humble/opt/rviz_ogre_vendor/lib:/opt/ros/humble/lib/aarch64-linux-gnu:/opt/ros/humble/lib:/usr/local/cuda-12.2/lib64 /usr/bin/cmake /home/mae-emrl3172/ros2_ws/src/zed-ros2-wrapper/zed_wrapper -DCMAKE_INSTALL_PREFIX=/home/mae-emrl3172/ros2_ws/install/zed_wrapper
[5.271s] Invoking command in '/home/mae-emrl3172/ros2_ws/build/zed_wrapper': AMENT_PREFIX_PATH=/home/mae-emrl3172/ros2_ws/install/zed_components:${AMENT_PREFIX_PATH} CMAKE_PREFIX_PATH=/home/mae-emrl3172/ros2_ws/install/zed_components:/home/mae-emrl3172/ros2_ws/install/zed_interfaces:/home/mae-emrl3172/ros2_ws/install/sUAV:/opt/ros/humble LD_LIBRARY_PATH=/home/mae-emrl3172/ros2_ws/install/zed_components/lib:/home/mae-emrl3172/ros2_ws/install/zed_interfaces/lib:/opt/ros/humble/opt/rviz_ogre_vendor/lib:/opt/ros/humble/lib/aarch64-linux-gnu:/opt/ros/humble/lib:/usr/local/cuda-12.2/lib64 /usr/bin/cmake --build /home/mae-emrl3172/ros2_ws/build/zed_wrapper -- -j6 -l6
[5.377s] [35m[1mConsolidate compiler generated dependencies of target zed_wrapper[0m
[5.425s] [100%] Built target zed_wrapper
[5.455s] Invoked command in '/home/mae-emrl3172/ros2_ws/build/zed_wrapper' returned '0': AMENT_PREFIX_PATH=/home/mae-emrl3172/ros2_ws/install/zed_components:${AMENT_PREFIX_PATH} CMAKE_PREFIX_PATH=/home/mae-emrl3172/ros2_ws/install/zed_components:/home/mae-emrl3172/ros2_ws/install/zed_interfaces:/home/mae-emrl3172/ros2_ws/install/sUAV:/opt/ros/humble LD_LIBRARY_PATH=/home/mae-emrl3172/ros2_ws/install/zed_components/lib:/home/mae-emrl3172/ros2_ws/install/zed_interfaces/lib:/opt/ros/humble/opt/rviz_ogre_vendor/lib:/opt/ros/humble/lib/aarch64-linux-gnu:/opt/ros/humble/lib:/usr/local/cuda-12.2/lib64 /usr/bin/cmake --build /home/mae-emrl3172/ros2_ws/build/zed_wrapper -- -j6 -l6
[5.516s] Invoking command in '/home/mae-emrl3172/ros2_ws/build/zed_wrapper': AMENT_PREFIX_PATH=/home/mae-emrl3172/ros2_ws/install/zed_components:${AMENT_PREFIX_PATH} CMAKE_PREFIX_PATH=/home/mae-emrl3172/ros2_ws/install/zed_components:/home/mae-emrl3172/ros2_ws/install/zed_interfaces:/home/mae-emrl3172/ros2_ws/install/sUAV:/opt/ros/humble LD_LIBRARY_PATH=/home/mae-emrl3172/ros2_ws/install/zed_components/lib:/home/mae-emrl3172/ros2_ws/install/zed_interfaces/lib:/opt/ros/humble/opt/rviz_ogre_vendor/lib:/opt/ros/humble/lib/aarch64-linux-gnu:/opt/ros/humble/lib:/usr/local/cuda-12.2/lib64 /usr/bin/cmake --install /home/mae-emrl3172/ros2_ws/build/zed_wrapper
[5.534s] -- Install configuration: "Release"
[5.535s] -- Execute custom install script
[5.536s] -- Up-to-date symlink: /home/mae-emrl3172/ros2_ws/install/zed_wrapper/lib/zed_wrapper/zed_wrapper
[5.536s] -- Up-to-date symlink: /home/mae-emrl3172/ros2_ws/install/zed_wrapper/share/zed_wrapper/config/common.yaml
[5.537s] -- Up-to-date symlink: /home/mae-emrl3172/ros2_ws/install/zed_wrapper/share/zed_wrapper/config/virtual.yaml
[5.537s] -- Up-to-date symlink: /home/mae-emrl3172/ros2_ws/install/zed_wrapper/share/zed_wrapper/config/zed.yaml
[5.538s] -- Up-to-date symlink: /home/mae-emrl3172/ros2_ws/install/zed_wrapper/share/zed_wrapper/config/zed2.yaml
[5.538s] -- Up-to-date symlink: /home/mae-emrl3172/ros2_ws/install/zed_wrapper/share/zed_wrapper/config/zed2i.yaml
[5.538s] -- Up-to-date symlink: /home/mae-emrl3172/ros2_ws/install/zed_wrapper/share/zed_wrapper/config/zedm.yaml
[5.539s] -- Up-to-date symlink: /home/mae-emrl3172/ros2_ws/install/zed_wrapper/share/zed_wrapper/config/zedx.yaml
[5.539s] -- Up-to-date symlink: /home/mae-emrl3172/ros2_ws/install/zed_wrapper/share/zed_wrapper/config/zedxm.yaml
[5.539s] -- Up-to-date symlink: /home/mae-emrl3172/ros2_ws/install/zed_wrapper/share/zed_wrapper/urdf/include/materials.urdf.xacro
[5.540s] -- Up-to-date symlink: /home/mae-emrl3172/ros2_ws/install/zed_wrapper/share/zed_wrapper/urdf/zed_descr.urdf.xacro
[5.541s] -- Up-to-date symlink: /home/mae-emrl3172/ros2_ws/install/zed_wrapper/share/zed_wrapper/urdf/zed_macro.urdf.xacro
[5.541s] -- Up-to-date symlink: /home/mae-emrl3172/ros2_ws/install/zed_wrapper/share/zed_wrapper/launch/zed_camera.launch.py
[5.541s] -- Up-to-date symlink: /home/mae-emrl3172/ros2_ws/install/zed_wrapper/share/ament_index/resource_index/package_run_dependencies/zed_wrapper
[5.542s] -- Up-to-date symlink: /home/mae-emrl3172/ros2_ws/install/zed_wrapper/share/ament_index/resource_index/parent_prefix_path/zed_wrapper
[5.542s] -- Up-to-date symlink: /home/mae-emrl3172/ros2_ws/install/zed_wrapper/share/zed_wrapper/environment/ament_prefix_path.sh
[5.542s] -- Up-to-date symlink: /home/mae-emrl3172/ros2_ws/install/zed_wrapper/share/zed_wrapper/environment/ament_prefix_path.dsv
[5.543s] -- Up-to-date symlink: /home/mae-emrl3172/ros2_ws/install/zed_wrapper/share/zed_wrapper/environment/path.sh
[5.543s] -- Up-to-date symlink: /home/mae-emrl3172/ros2_ws/install/zed_wrapper/share/zed_wrapper/environment/path.dsv
[5.543s] -- Up-to-date symlink: /home/mae-emrl3172/ros2_ws/install/zed_wrapper/share/zed_wrapper/local_setup.bash
[5.543s] -- Up-to-date symlink: /home/mae-emrl3172/ros2_ws/install/zed_wrapper/share/zed_wrapper/local_setup.sh
[5.544s] -- Up-to-date symlink: /home/mae-emrl3172/ros2_ws/install/zed_wrapper/share/zed_wrapper/local_setup.zsh
[5.544s] -- Up-to-date symlink: /home/mae-emrl3172/ros2_ws/install/zed_wrapper/share/zed_wrapper/local_setup.dsv
[5.544s] -- Symlinking: /home/mae-emrl3172/ros2_ws/install/zed_wrapper/share/zed_wrapper/package.dsv
[5.564s] -- Up-to-date symlink: /home/mae-emrl3172/ros2_ws/install/zed_wrapper/share/ament_index/resource_index/packages/zed_wrapper
[5.564s] -- Up-to-date symlink: /home/mae-emrl3172/ros2_ws/install/zed_wrapper/share/zed_wrapper/cmake/zed_wrapperConfig.cmake
[5.564s] -- Up-to-date symlink: /home/mae-emrl3172/ros2_ws/install/zed_wrapper/share/zed_wrapper/cmake/zed_wrapperConfig-version.cmake
[5.565s] -- Up-to-date symlink: /home/mae-emrl3172/ros2_ws/install/zed_wrapper/share/zed_wrapper/package.xml
[5.576s] Invoked command in '/home/mae-emrl3172/ros2_ws/build/zed_wrapper' returned '0': AMENT_PREFIX_PATH=/home/mae-emrl3172/ros2_ws/install/zed_components:${AMENT_PREFIX_PATH} CMAKE_PREFIX_PATH=/home/mae-emrl3172/ros2_ws/install/zed_components:/home/mae-emrl3172/ros2_ws/install/zed_interfaces:/home/mae-emrl3172/ros2_ws/install/sUAV:/opt/ros/humble LD_LIBRARY_PATH=/home/mae-emrl3172/ros2_ws/install/zed_components/lib:/home/mae-emrl3172/ros2_ws/install/zed_interfaces/lib:/opt/ros/humble/opt/rviz_ogre_vendor/lib:/opt/ros/humble/lib/aarch64-linux-gnu:/opt/ros/humble/lib:/usr/local/cuda-12.2/lib64 /usr/bin/cmake --install /home/mae-emrl3172/ros2_ws/build/zed_wrapper
