[0.044s] Invoking command in '/home/mae-emrl3172/ros2_ws/build/zed_ros2': CMAKE_PREFIX_PATH=/home/mae-emrl3172/ros2_ws/install/zed_wrapper:/home/mae-emrl3172/ros2_ws/install/zed_components:/home/mae-emrl3172/ros2_ws/install/zed_interfaces:/home/mae-emrl3172/ros2_ws/install/zed_ros2:/home/mae-emrl3172/ros2_ws/install/sUAV:/opt/ros/humble LD_LIBRARY_PATH=/home/mae-emrl3172/ros2_ws/install/zed_components/lib:/home/mae-emrl3172/ros2_ws/install/zed_interfaces/lib:/usr/local/cuda-12.2/lib64:/opt/ros/humble/opt/rviz_ogre_vendor/lib:/opt/ros/humble/lib/aarch64-linux-gnu:/opt/ros/humble/lib:/usr/local/cuda-12.2/lib64 /usr/bin/cmake /home/mae-emrl3172/ros2_ws/src/zed-ros2-wrapper/zed_ros2 -DCMAKE_BUILD_TYPE=Release -DAMENT_CMAKE_SYMLINK_INSTALL=1 -DCMAKE_INSTALL_PREFIX=/home/mae-emrl3172/ros2_ws/install/zed_ros2
[0.070s] -- Found ament_cmake_auto: 1.3.8 (/opt/ros/humble/share/ament_cmake_auto/cmake)
[0.371s] -- Override CMake install command with custom implementation using symlinks instead of copying resources
[0.546s] -- Found ament_lint_auto: 0.12.10 (/opt/ros/humble/share/ament_lint_auto/cmake)
[0.566s] -- Added test 'copyright' to check source files copyright and LICENSE
[0.569s] -- Added test 'lint_cmake' to check CMake code style
[0.571s] -- Added test 'xmllint' to check XML markup files
[0.574s] -- Configuring done
[0.584s] -- Generating done
[0.587s] -- Build files have been written to: /home/mae-emrl3172/ros2_ws/build/zed_ros2
[0.599s] Invoked command in '/home/mae-emrl3172/ros2_ws/build/zed_ros2' returned '0': CMAKE_PREFIX_PATH=/home/mae-emrl3172/ros2_ws/install/zed_wrapper:/home/mae-emrl3172/ros2_ws/install/zed_components:/home/mae-emrl3172/ros2_ws/install/zed_interfaces:/home/mae-emrl3172/ros2_ws/install/zed_ros2:/home/mae-emrl3172/ros2_ws/install/sUAV:/opt/ros/humble LD_LIBRARY_PATH=/home/mae-emrl3172/ros2_ws/install/zed_components/lib:/home/mae-emrl3172/ros2_ws/install/zed_interfaces/lib:/usr/local/cuda-12.2/lib64:/opt/ros/humble/opt/rviz_ogre_vendor/lib:/opt/ros/humble/lib/aarch64-linux-gnu:/opt/ros/humble/lib:/usr/local/cuda-12.2/lib64 /usr/bin/cmake /home/mae-emrl3172/ros2_ws/src/zed-ros2-wrapper/zed_ros2 -DCMAKE_BUILD_TYPE=Release -DAMENT_CMAKE_SYMLINK_INSTALL=1 -DCMAKE_INSTALL_PREFIX=/home/mae-emrl3172/ros2_ws/install/zed_ros2
[0.602s] Invoking command in '/home/mae-emrl3172/ros2_ws/build/zed_ros2': CMAKE_PREFIX_PATH=/home/mae-emrl3172/ros2_ws/install/zed_wrapper:/home/mae-emrl3172/ros2_ws/install/zed_components:/home/mae-emrl3172/ros2_ws/install/zed_interfaces:/home/mae-emrl3172/ros2_ws/install/zed_ros2:/home/mae-emrl3172/ros2_ws/install/sUAV:/opt/ros/humble LD_LIBRARY_PATH=/home/mae-emrl3172/ros2_ws/install/zed_components/lib:/home/mae-emrl3172/ros2_ws/install/zed_interfaces/lib:/usr/local/cuda-12.2/lib64:/opt/ros/humble/opt/rviz_ogre_vendor/lib:/opt/ros/humble/lib/aarch64-linux-gnu:/opt/ros/humble/lib:/usr/local/cuda-12.2/lib64 /usr/bin/cmake --build /home/mae-emrl3172/ros2_ws/build/zed_ros2 -- -j6 -l6
[0.693s] Invoked command in '/home/mae-emrl3172/ros2_ws/build/zed_ros2' returned '0': CMAKE_PREFIX_PATH=/home/mae-emrl3172/ros2_ws/install/zed_wrapper:/home/mae-emrl3172/ros2_ws/install/zed_components:/home/mae-emrl3172/ros2_ws/install/zed_interfaces:/home/mae-emrl3172/ros2_ws/install/zed_ros2:/home/mae-emrl3172/ros2_ws/install/sUAV:/opt/ros/humble LD_LIBRARY_PATH=/home/mae-emrl3172/ros2_ws/install/zed_components/lib:/home/mae-emrl3172/ros2_ws/install/zed_interfaces/lib:/usr/local/cuda-12.2/lib64:/opt/ros/humble/opt/rviz_ogre_vendor/lib:/opt/ros/humble/lib/aarch64-linux-gnu:/opt/ros/humble/lib:/usr/local/cuda-12.2/lib64 /usr/bin/cmake --build /home/mae-emrl3172/ros2_ws/build/zed_ros2 -- -j6 -l6
[0.747s] Invoking command in '/home/mae-emrl3172/ros2_ws/build/zed_ros2': CMAKE_PREFIX_PATH=/home/mae-emrl3172/ros2_ws/install/zed_wrapper:/home/mae-emrl3172/ros2_ws/install/zed_components:/home/mae-emrl3172/ros2_ws/install/zed_interfaces:/home/mae-emrl3172/ros2_ws/install/zed_ros2:/home/mae-emrl3172/ros2_ws/install/sUAV:/opt/ros/humble LD_LIBRARY_PATH=/home/mae-emrl3172/ros2_ws/install/zed_components/lib:/home/mae-emrl3172/ros2_ws/install/zed_interfaces/lib:/usr/local/cuda-12.2/lib64:/opt/ros/humble/opt/rviz_ogre_vendor/lib:/opt/ros/humble/lib/aarch64-linux-gnu:/opt/ros/humble/lib:/usr/local/cuda-12.2/lib64 /usr/bin/cmake --install /home/mae-emrl3172/ros2_ws/build/zed_ros2
[0.766s] -- Install configuration: "Release"
[0.767s] -- Execute custom install script
[0.767s] -- Up-to-date symlink: /home/mae-emrl3172/ros2_ws/install/zed_ros2/share/ament_index/resource_index/package_run_dependencies/zed_ros2
[0.768s] -- Up-to-date symlink: /home/mae-emrl3172/ros2_ws/install/zed_ros2/share/ament_index/resource_index/parent_prefix_path/zed_ros2
[0.768s] -- Up-to-date symlink: /home/mae-emrl3172/ros2_ws/install/zed_ros2/share/zed_ros2/environment/ament_prefix_path.sh
[0.768s] -- Up-to-date symlink: /home/mae-emrl3172/ros2_ws/install/zed_ros2/share/zed_ros2/environment/ament_prefix_path.dsv
[0.769s] -- Up-to-date symlink: /home/mae-emrl3172/ros2_ws/install/zed_ros2/share/zed_ros2/environment/path.sh
[0.769s] -- Up-to-date symlink: /home/mae-emrl3172/ros2_ws/install/zed_ros2/share/zed_ros2/environment/path.dsv
[0.769s] -- Up-to-date symlink: /home/mae-emrl3172/ros2_ws/install/zed_ros2/share/zed_ros2/local_setup.bash
[0.770s] -- Up-to-date symlink: /home/mae-emrl3172/ros2_ws/install/zed_ros2/share/zed_ros2/local_setup.sh
[0.770s] -- Up-to-date symlink: /home/mae-emrl3172/ros2_ws/install/zed_ros2/share/zed_ros2/local_setup.zsh
[0.770s] -- Up-to-date symlink: /home/mae-emrl3172/ros2_ws/install/zed_ros2/share/zed_ros2/local_setup.dsv
[0.771s] -- Symlinking: /home/mae-emrl3172/ros2_ws/install/zed_ros2/share/zed_ros2/package.dsv
[0.799s] -- Up-to-date symlink: /home/mae-emrl3172/ros2_ws/install/zed_ros2/share/ament_index/resource_index/packages/zed_ros2
[0.799s] -- Up-to-date symlink: /home/mae-emrl3172/ros2_ws/install/zed_ros2/share/zed_ros2/cmake/zed_ros2Config.cmake
[0.800s] -- Up-to-date symlink: /home/mae-emrl3172/ros2_ws/install/zed_ros2/share/zed_ros2/cmake/zed_ros2Config-version.cmake
[0.800s] -- Up-to-date symlink: /home/mae-emrl3172/ros2_ws/install/zed_ros2/share/zed_ros2/package.xml
[0.808s] Invoked command in '/home/mae-emrl3172/ros2_ws/build/zed_ros2' returned '0': CMAKE_PREFIX_PATH=/home/mae-emrl3172/ros2_ws/install/zed_wrapper:/home/mae-emrl3172/ros2_ws/install/zed_components:/home/mae-emrl3172/ros2_ws/install/zed_interfaces:/home/mae-emrl3172/ros2_ws/install/zed_ros2:/home/mae-emrl3172/ros2_ws/install/sUAV:/opt/ros/humble LD_LIBRARY_PATH=/home/mae-emrl3172/ros2_ws/install/zed_components/lib:/home/mae-emrl3172/ros2_ws/install/zed_interfaces/lib:/usr/local/cuda-12.2/lib64:/opt/ros/humble/opt/rviz_ogre_vendor/lib:/opt/ros/humble/lib/aarch64-linux-gnu:/opt/ros/humble/lib:/usr/local/cuda-12.2/lib64 /usr/bin/cmake --install /home/mae-emrl3172/ros2_ws/build/zed_ros2
