[0.301s] DEBUG:colcon:Command line arguments: ['/usr/bin/colcon', 'build', '--symlink-install', '--cmake-args=-DCMAKE_BUILD_TYPE=Release', '--parallel-workers', '6']
[0.301s] DEBUG:colcon:Parsed command line arguments: Namespace(log_base=None, log_level=None, verb_name='build', build_base='build', install_base='install', merge_install=False, symlink_install=True, test_result_base=None, continue_on_error=False, executor='parallel', parallel_workers=6, event_handlers=None, ignore_user_meta=False, metas=['./colcon.meta'], base_paths=['.'], packages_ignore=None, packages_ignore_regex=None, paths=None, packages_up_to=None, packages_up_to_regex=None, packages_above=None, packages_above_and_dependencies=None, packages_above_depth=None, packages_select_by_dep=None, packages_skip_by_dep=None, packages_skip_up_to=None, packages_select_build_failed=False, packages_skip_build_finished=False, packages_select_test_failures=False, packages_skip_test_passed=False, packages_select=None, packages_skip=None, packages_select_regex=None, packages_skip_regex=None, packages_start=None, packages_end=None, allow_overriding=[], cmake_args=['-DCMAKE_BUILD_TYPE=Release'], cmake_target=None, cmake_target_skip_unavailable=False, cmake_clean_cache=False, cmake_clean_first=False, cmake_force_configure=False, ament_cmake_args=None, catkin_cmake_args=None, catkin_skip_building_tests=False, mixin_files=None, mixin=None, verb_parser=<colcon_mixin.mixin.mixin_argument.MixinArgumentDecorator object at 0xffffa494e530>, verb_extension=<colcon_core.verb.build.BuildVerb object at 0xffffa494dff0>, main=<bound method BuildVerb.main of <colcon_core.verb.build.BuildVerb object at 0xffffa494dff0>>, mixin_verb=('build',))
[0.676s] Level 1:colcon.colcon_core.package_discovery:discover_packages(colcon_meta) check parameters
[0.676s] Level 1:colcon.colcon_core.package_discovery:discover_packages(recursive) check parameters
[0.676s] Level 1:colcon.colcon_core.package_discovery:discover_packages(ignore) check parameters
[0.676s] Level 1:colcon.colcon_core.package_discovery:discover_packages(path) check parameters
[0.676s] Level 1:colcon.colcon_core.package_discovery:discover_packages(colcon_meta) discover
[0.677s] Level 1:colcon.colcon_core.package_discovery:discover_packages(recursive) discover
[0.677s] INFO:colcon.colcon_core.package_discovery:Crawling recursively for packages in '/home/mae-emrl3172/ros2_ws'
[0.677s] Level 1:colcon.colcon_core.package_identification:_identify(.) by extensions ['ignore', 'ignore_ament_install']
[0.677s] Level 1:colcon.colcon_core.package_identification:_identify(.) by extension 'ignore'
[0.677s] Level 1:colcon.colcon_core.package_identification:_identify(.) by extension 'ignore_ament_install'
[0.677s] Level 1:colcon.colcon_core.package_identification:_identify(.) by extensions ['colcon_pkg']
[0.678s] Level 1:colcon.colcon_core.package_identification:_identify(.) by extension 'colcon_pkg'
[0.678s] Level 1:colcon.colcon_core.package_identification:_identify(.) by extensions ['colcon_meta']
[0.678s] Level 1:colcon.colcon_core.package_identification:_identify(.) by extension 'colcon_meta'
[0.678s] Level 1:colcon.colcon_core.package_identification:_identify(.) by extensions ['ros']
[0.678s] Level 1:colcon.colcon_core.package_identification:_identify(.) by extension 'ros'
[0.701s] Level 1:colcon.colcon_core.package_identification:_identify(.) by extensions ['cmake', 'python']
[0.701s] Level 1:colcon.colcon_core.package_identification:_identify(.) by extension 'cmake'
[0.702s] Level 1:colcon.colcon_core.package_identification:_identify(.) by extension 'python'
[0.702s] Level 1:colcon.colcon_core.package_identification:_identify(.) by extensions ['python_setup_py']
[0.702s] Level 1:colcon.colcon_core.package_identification:_identify(.) by extension 'python_setup_py'
[0.702s] Level 1:colcon.colcon_core.package_identification:_identify(build) by extensions ['ignore', 'ignore_ament_install']
[0.702s] Level 1:colcon.colcon_core.package_identification:_identify(build) by extension 'ignore'
[0.702s] Level 1:colcon.colcon_core.package_identification:_identify(build) ignored
[0.703s] Level 1:colcon.colcon_core.package_identification:_identify(install) by extensions ['ignore', 'ignore_ament_install']
[0.703s] Level 1:colcon.colcon_core.package_identification:_identify(install) by extension 'ignore'
[0.703s] Level 1:colcon.colcon_core.package_identification:_identify(install) ignored
[0.703s] Level 1:colcon.colcon_core.package_identification:_identify(log) by extensions ['ignore', 'ignore_ament_install']
[0.704s] Level 1:colcon.colcon_core.package_identification:_identify(log) by extension 'ignore'
[0.704s] Level 1:colcon.colcon_core.package_identification:_identify(log) ignored
[0.704s] Level 1:colcon.colcon_core.package_identification:_identify(src) by extensions ['ignore', 'ignore_ament_install']
[0.704s] Level 1:colcon.colcon_core.package_identification:_identify(src) by extension 'ignore'
[0.704s] Level 1:colcon.colcon_core.package_identification:_identify(src) by extension 'ignore_ament_install'
[0.704s] Level 1:colcon.colcon_core.package_identification:_identify(src) by extensions ['colcon_pkg']
[0.704s] Level 1:colcon.colcon_core.package_identification:_identify(src) by extension 'colcon_pkg'
[0.704s] Level 1:colcon.colcon_core.package_identification:_identify(src) by extensions ['colcon_meta']
[0.704s] Level 1:colcon.colcon_core.package_identification:_identify(src) by extension 'colcon_meta'
[0.705s] Level 1:colcon.colcon_core.package_identification:_identify(src) by extensions ['ros']
[0.705s] Level 1:colcon.colcon_core.package_identification:_identify(src) by extension 'ros'
[0.705s] Level 1:colcon.colcon_core.package_identification:_identify(src) by extensions ['cmake', 'python']
[0.705s] Level 1:colcon.colcon_core.package_identification:_identify(src) by extension 'cmake'
[0.705s] Level 1:colcon.colcon_core.package_identification:_identify(src) by extension 'python'
[0.705s] Level 1:colcon.colcon_core.package_identification:_identify(src) by extensions ['python_setup_py']
[0.705s] Level 1:colcon.colcon_core.package_identification:_identify(src) by extension 'python_setup_py'
[0.705s] Level 1:colcon.colcon_core.package_identification:_identify(src/sUAV) by extensions ['ignore', 'ignore_ament_install']
[0.706s] Level 1:colcon.colcon_core.package_identification:_identify(src/sUAV) by extension 'ignore'
[0.706s] Level 1:colcon.colcon_core.package_identification:_identify(src/sUAV) by extension 'ignore_ament_install'
[0.706s] Level 1:colcon.colcon_core.package_identification:_identify(src/sUAV) by extensions ['colcon_pkg']
[0.706s] Level 1:colcon.colcon_core.package_identification:_identify(src/sUAV) by extension 'colcon_pkg'
[0.706s] Level 1:colcon.colcon_core.package_identification:_identify(src/sUAV) by extensions ['colcon_meta']
[0.706s] Level 1:colcon.colcon_core.package_identification:_identify(src/sUAV) by extension 'colcon_meta'
[0.706s] Level 1:colcon.colcon_core.package_identification:_identify(src/sUAV) by extensions ['ros']
[0.706s] Level 1:colcon.colcon_core.package_identification:_identify(src/sUAV) by extension 'ros'
[0.711s] DEBUG:colcon.colcon_core.package_identification:Package 'src/sUAV' with type 'ros.ament_python' and name 'sUAV'
[0.711s] Level 1:colcon.colcon_core.package_identification:_identify(src/zed-ros2-wrapper) by extensions ['ignore', 'ignore_ament_install']
[0.712s] Level 1:colcon.colcon_core.package_identification:_identify(src/zed-ros2-wrapper) by extension 'ignore'
[0.712s] Level 1:colcon.colcon_core.package_identification:_identify(src/zed-ros2-wrapper) by extension 'ignore_ament_install'
[0.712s] Level 1:colcon.colcon_core.package_identification:_identify(src/zed-ros2-wrapper) by extensions ['colcon_pkg']
[0.712s] Level 1:colcon.colcon_core.package_identification:_identify(src/zed-ros2-wrapper) by extension 'colcon_pkg'
[0.712s] Level 1:colcon.colcon_core.package_identification:_identify(src/zed-ros2-wrapper) by extensions ['colcon_meta']
[0.712s] Level 1:colcon.colcon_core.package_identification:_identify(src/zed-ros2-wrapper) by extension 'colcon_meta'
[0.712s] Level 1:colcon.colcon_core.package_identification:_identify(src/zed-ros2-wrapper) by extensions ['ros']
[0.713s] Level 1:colcon.colcon_core.package_identification:_identify(src/zed-ros2-wrapper) by extension 'ros'
[0.713s] Level 1:colcon.colcon_core.package_identification:_identify(src/zed-ros2-wrapper) by extensions ['cmake', 'python']
[0.713s] Level 1:colcon.colcon_core.package_identification:_identify(src/zed-ros2-wrapper) by extension 'cmake'
[0.713s] Level 1:colcon.colcon_core.package_identification:_identify(src/zed-ros2-wrapper) by extension 'python'
[0.713s] Level 1:colcon.colcon_core.package_identification:_identify(src/zed-ros2-wrapper) by extensions ['python_setup_py']
[0.713s] Level 1:colcon.colcon_core.package_identification:_identify(src/zed-ros2-wrapper) by extension 'python_setup_py'
[0.713s] Level 1:colcon.colcon_core.package_identification:_identify(src/zed-ros2-wrapper/docker) by extensions ['ignore', 'ignore_ament_install']
[0.713s] Level 1:colcon.colcon_core.package_identification:_identify(src/zed-ros2-wrapper/docker) by extension 'ignore'
[0.714s] Level 1:colcon.colcon_core.package_identification:_identify(src/zed-ros2-wrapper/docker) by extension 'ignore_ament_install'
[0.714s] Level 1:colcon.colcon_core.package_identification:_identify(src/zed-ros2-wrapper/docker) by extensions ['colcon_pkg']
[0.714s] Level 1:colcon.colcon_core.package_identification:_identify(src/zed-ros2-wrapper/docker) by extension 'colcon_pkg'
[0.714s] Level 1:colcon.colcon_core.package_identification:_identify(src/zed-ros2-wrapper/docker) by extensions ['colcon_meta']
[0.714s] Level 1:colcon.colcon_core.package_identification:_identify(src/zed-ros2-wrapper/docker) by extension 'colcon_meta'
[0.714s] Level 1:colcon.colcon_core.package_identification:_identify(src/zed-ros2-wrapper/docker) by extensions ['ros']
[0.714s] Level 1:colcon.colcon_core.package_identification:_identify(src/zed-ros2-wrapper/docker) by extension 'ros'
[0.714s] Level 1:colcon.colcon_core.package_identification:_identify(src/zed-ros2-wrapper/docker) by extensions ['cmake', 'python']
[0.714s] Level 1:colcon.colcon_core.package_identification:_identify(src/zed-ros2-wrapper/docker) by extension 'cmake'
[0.714s] Level 1:colcon.colcon_core.package_identification:_identify(src/zed-ros2-wrapper/docker) by extension 'python'
[0.714s] Level 1:colcon.colcon_core.package_identification:_identify(src/zed-ros2-wrapper/docker) by extensions ['python_setup_py']
[0.715s] Level 1:colcon.colcon_core.package_identification:_identify(src/zed-ros2-wrapper/docker) by extension 'python_setup_py'
[0.715s] Level 1:colcon.colcon_core.package_identification:_identify(src/zed-ros2-wrapper/images) by extensions ['ignore', 'ignore_ament_install']
[0.715s] Level 1:colcon.colcon_core.package_identification:_identify(src/zed-ros2-wrapper/images) by extension 'ignore'
[0.715s] Level 1:colcon.colcon_core.package_identification:_identify(src/zed-ros2-wrapper/images) by extension 'ignore_ament_install'
[0.715s] Level 1:colcon.colcon_core.package_identification:_identify(src/zed-ros2-wrapper/images) by extensions ['colcon_pkg']
[0.715s] Level 1:colcon.colcon_core.package_identification:_identify(src/zed-ros2-wrapper/images) by extension 'colcon_pkg'
[0.715s] Level 1:colcon.colcon_core.package_identification:_identify(src/zed-ros2-wrapper/images) by extensions ['colcon_meta']
[0.715s] Level 1:colcon.colcon_core.package_identification:_identify(src/zed-ros2-wrapper/images) by extension 'colcon_meta'
[0.716s] Level 1:colcon.colcon_core.package_identification:_identify(src/zed-ros2-wrapper/images) by extensions ['ros']
[0.716s] Level 1:colcon.colcon_core.package_identification:_identify(src/zed-ros2-wrapper/images) by extension 'ros'
[0.716s] Level 1:colcon.colcon_core.package_identification:_identify(src/zed-ros2-wrapper/images) by extensions ['cmake', 'python']
[0.716s] Level 1:colcon.colcon_core.package_identification:_identify(src/zed-ros2-wrapper/images) by extension 'cmake'
[0.716s] Level 1:colcon.colcon_core.package_identification:_identify(src/zed-ros2-wrapper/images) by extension 'python'
[0.716s] Level 1:colcon.colcon_core.package_identification:_identify(src/zed-ros2-wrapper/images) by extensions ['python_setup_py']
[0.716s] Level 1:colcon.colcon_core.package_identification:_identify(src/zed-ros2-wrapper/images) by extension 'python_setup_py'
[0.716s] Level 1:colcon.colcon_core.package_identification:_identify(src/zed-ros2-wrapper/zed-ros2-interfaces) by extensions ['ignore', 'ignore_ament_install']
[0.716s] Level 1:colcon.colcon_core.package_identification:_identify(src/zed-ros2-wrapper/zed-ros2-interfaces) by extension 'ignore'
[0.717s] Level 1:colcon.colcon_core.package_identification:_identify(src/zed-ros2-wrapper/zed-ros2-interfaces) by extension 'ignore_ament_install'
[0.717s] Level 1:colcon.colcon_core.package_identification:_identify(src/zed-ros2-wrapper/zed-ros2-interfaces) by extensions ['colcon_pkg']
[0.717s] Level 1:colcon.colcon_core.package_identification:_identify(src/zed-ros2-wrapper/zed-ros2-interfaces) by extension 'colcon_pkg'
[0.717s] Level 1:colcon.colcon_core.package_identification:_identify(src/zed-ros2-wrapper/zed-ros2-interfaces) by extensions ['colcon_meta']
[0.717s] Level 1:colcon.colcon_core.package_identification:_identify(src/zed-ros2-wrapper/zed-ros2-interfaces) by extension 'colcon_meta'
[0.717s] Level 1:colcon.colcon_core.package_identification:_identify(src/zed-ros2-wrapper/zed-ros2-interfaces) by extensions ['ros']
[0.717s] Level 1:colcon.colcon_core.package_identification:_identify(src/zed-ros2-wrapper/zed-ros2-interfaces) by extension 'ros'
[0.719s] DEBUG:colcon.colcon_core.package_identification:Package 'src/zed-ros2-wrapper/zed-ros2-interfaces' with type 'ros.ament_cmake' and name 'zed_interfaces'
[0.719s] Level 1:colcon.colcon_core.package_identification:_identify(src/zed-ros2-wrapper/zed_components) by extensions ['ignore', 'ignore_ament_install']
[0.719s] Level 1:colcon.colcon_core.package_identification:_identify(src/zed-ros2-wrapper/zed_components) by extension 'ignore'
[0.720s] Level 1:colcon.colcon_core.package_identification:_identify(src/zed-ros2-wrapper/zed_components) by extension 'ignore_ament_install'
[0.720s] Level 1:colcon.colcon_core.package_identification:_identify(src/zed-ros2-wrapper/zed_components) by extensions ['colcon_pkg']
[0.720s] Level 1:colcon.colcon_core.package_identification:_identify(src/zed-ros2-wrapper/zed_components) by extension 'colcon_pkg'
[0.720s] Level 1:colcon.colcon_core.package_identification:_identify(src/zed-ros2-wrapper/zed_components) by extensions ['colcon_meta']
[0.720s] Level 1:colcon.colcon_core.package_identification:_identify(src/zed-ros2-wrapper/zed_components) by extension 'colcon_meta'
[0.720s] Level 1:colcon.colcon_core.package_identification:_identify(src/zed-ros2-wrapper/zed_components) by extensions ['ros']
[0.720s] Level 1:colcon.colcon_core.package_identification:_identify(src/zed-ros2-wrapper/zed_components) by extension 'ros'
[0.722s] DEBUG:colcon.colcon_core.package_identification:Package 'src/zed-ros2-wrapper/zed_components' with type 'ros.ament_cmake' and name 'zed_components'
[0.722s] Level 1:colcon.colcon_core.package_identification:_identify(src/zed-ros2-wrapper/zed_ros2) by extensions ['ignore', 'ignore_ament_install']
[0.723s] Level 1:colcon.colcon_core.package_identification:_identify(src/zed-ros2-wrapper/zed_ros2) by extension 'ignore'
[0.723s] Level 1:colcon.colcon_core.package_identification:_identify(src/zed-ros2-wrapper/zed_ros2) by extension 'ignore_ament_install'
[0.723s] Level 1:colcon.colcon_core.package_identification:_identify(src/zed-ros2-wrapper/zed_ros2) by extensions ['colcon_pkg']
[0.723s] Level 1:colcon.colcon_core.package_identification:_identify(src/zed-ros2-wrapper/zed_ros2) by extension 'colcon_pkg'
[0.723s] Level 1:colcon.colcon_core.package_identification:_identify(src/zed-ros2-wrapper/zed_ros2) by extensions ['colcon_meta']
[0.723s] Level 1:colcon.colcon_core.package_identification:_identify(src/zed-ros2-wrapper/zed_ros2) by extension 'colcon_meta'
[0.723s] Level 1:colcon.colcon_core.package_identification:_identify(src/zed-ros2-wrapper/zed_ros2) by extensions ['ros']
[0.723s] Level 1:colcon.colcon_core.package_identification:_identify(src/zed-ros2-wrapper/zed_ros2) by extension 'ros'
[0.724s] DEBUG:colcon.colcon_core.package_identification:Package 'src/zed-ros2-wrapper/zed_ros2' with type 'ros.ament_cmake' and name 'zed_ros2'
[0.725s] Level 1:colcon.colcon_core.package_identification:_identify(src/zed-ros2-wrapper/zed_wrapper) by extensions ['ignore', 'ignore_ament_install']
[0.725s] Level 1:colcon.colcon_core.package_identification:_identify(src/zed-ros2-wrapper/zed_wrapper) by extension 'ignore'
[0.725s] Level 1:colcon.colcon_core.package_identification:_identify(src/zed-ros2-wrapper/zed_wrapper) by extension 'ignore_ament_install'
[0.725s] Level 1:colcon.colcon_core.package_identification:_identify(src/zed-ros2-wrapper/zed_wrapper) by extensions ['colcon_pkg']
[0.725s] Level 1:colcon.colcon_core.package_identification:_identify(src/zed-ros2-wrapper/zed_wrapper) by extension 'colcon_pkg'
[0.725s] Level 1:colcon.colcon_core.package_identification:_identify(src/zed-ros2-wrapper/zed_wrapper) by extensions ['colcon_meta']
[0.725s] Level 1:colcon.colcon_core.package_identification:_identify(src/zed-ros2-wrapper/zed_wrapper) by extension 'colcon_meta'
[0.725s] Level 1:colcon.colcon_core.package_identification:_identify(src/zed-ros2-wrapper/zed_wrapper) by extensions ['ros']
[0.726s] Level 1:colcon.colcon_core.package_identification:_identify(src/zed-ros2-wrapper/zed_wrapper) by extension 'ros'
[0.727s] DEBUG:colcon.colcon_core.package_identification:Package 'src/zed-ros2-wrapper/zed_wrapper' with type 'ros.ament_cmake' and name 'zed_wrapper'
[0.727s] Level 1:colcon.colcon_core.package_discovery:discover_packages(recursive) using defaults
[0.727s] Level 1:colcon.colcon_core.package_discovery:discover_packages(ignore) discover
[0.727s] Level 1:colcon.colcon_core.package_discovery:discover_packages(ignore) using defaults
[0.727s] Level 1:colcon.colcon_core.package_discovery:discover_packages(path) discover
[0.727s] Level 1:colcon.colcon_core.package_discovery:discover_packages(path) using defaults
[0.807s] Level 1:colcon.colcon_core.package_discovery:discover_packages(prefix_path) check parameters
[0.807s] Level 1:colcon.colcon_core.package_discovery:discover_packages(prefix_path) discover
[0.812s] DEBUG:colcon.colcon_installed_package_information.package_discovery:Found 5 installed packages in /home/mae-emrl3172/ros2_ws/install
[0.814s] DEBUG:colcon.colcon_installed_package_information.package_discovery:Found 275 installed packages in /opt/ros/humble
[0.817s] Level 1:colcon.colcon_core.package_discovery:discover_packages(prefix_path) using defaults
[0.897s] Level 5:colcon.colcon_core.verb:set package 'sUAV' build argument 'cmake_args' from command line to '['-DCMAKE_BUILD_TYPE=Release']'
[0.897s] Level 5:colcon.colcon_core.verb:set package 'sUAV' build argument 'cmake_target' from command line to 'None'
[0.897s] Level 5:colcon.colcon_core.verb:set package 'sUAV' build argument 'cmake_target_skip_unavailable' from command line to 'False'
[0.897s] Level 5:colcon.colcon_core.verb:set package 'sUAV' build argument 'cmake_clean_cache' from command line to 'False'
[0.897s] Level 5:colcon.colcon_core.verb:set package 'sUAV' build argument 'cmake_clean_first' from command line to 'False'
[0.897s] Level 5:colcon.colcon_core.verb:set package 'sUAV' build argument 'cmake_force_configure' from command line to 'False'
[0.898s] Level 5:colcon.colcon_core.verb:set package 'sUAV' build argument 'ament_cmake_args' from command line to 'None'
[0.898s] Level 5:colcon.colcon_core.verb:set package 'sUAV' build argument 'catkin_cmake_args' from command line to 'None'
[0.898s] Level 5:colcon.colcon_core.verb:set package 'sUAV' build argument 'catkin_skip_building_tests' from command line to 'False'
[0.898s] DEBUG:colcon.colcon_core.verb:Building package 'sUAV' with the following arguments: {'ament_cmake_args': None, 'build_base': '/home/mae-emrl3172/ros2_ws/build/sUAV', 'catkin_cmake_args': None, 'catkin_skip_building_tests': False, 'cmake_args': ['-DCMAKE_BUILD_TYPE=Release'], 'cmake_clean_cache': False, 'cmake_clean_first': False, 'cmake_force_configure': False, 'cmake_target': None, 'cmake_target_skip_unavailable': False, 'install_base': '/home/mae-emrl3172/ros2_ws/install/sUAV', 'merge_install': False, 'path': '/home/mae-emrl3172/ros2_ws/src/sUAV', 'symlink_install': True, 'test_result_base': None}
[0.899s] Level 5:colcon.colcon_core.verb:set package 'zed_interfaces' build argument 'cmake_args' from command line to '['-DCMAKE_BUILD_TYPE=Release']'
[0.899s] Level 5:colcon.colcon_core.verb:set package 'zed_interfaces' build argument 'cmake_target' from command line to 'None'
[0.899s] Level 5:colcon.colcon_core.verb:set package 'zed_interfaces' build argument 'cmake_target_skip_unavailable' from command line to 'False'
[0.899s] Level 5:colcon.colcon_core.verb:set package 'zed_interfaces' build argument 'cmake_clean_cache' from command line to 'False'
[0.899s] Level 5:colcon.colcon_core.verb:set package 'zed_interfaces' build argument 'cmake_clean_first' from command line to 'False'
[0.899s] Level 5:colcon.colcon_core.verb:set package 'zed_interfaces' build argument 'cmake_force_configure' from command line to 'False'
[0.899s] Level 5:colcon.colcon_core.verb:set package 'zed_interfaces' build argument 'ament_cmake_args' from command line to 'None'
[0.899s] Level 5:colcon.colcon_core.verb:set package 'zed_interfaces' build argument 'catkin_cmake_args' from command line to 'None'
[0.899s] Level 5:colcon.colcon_core.verb:set package 'zed_interfaces' build argument 'catkin_skip_building_tests' from command line to 'False'
[0.899s] DEBUG:colcon.colcon_core.verb:Building package 'zed_interfaces' with the following arguments: {'ament_cmake_args': None, 'build_base': '/home/mae-emrl3172/ros2_ws/build/zed_interfaces', 'catkin_cmake_args': None, 'catkin_skip_building_tests': False, 'cmake_args': ['-DCMAKE_BUILD_TYPE=Release'], 'cmake_clean_cache': False, 'cmake_clean_first': False, 'cmake_force_configure': False, 'cmake_target': None, 'cmake_target_skip_unavailable': False, 'install_base': '/home/mae-emrl3172/ros2_ws/install/zed_interfaces', 'merge_install': False, 'path': '/home/mae-emrl3172/ros2_ws/src/zed-ros2-wrapper/zed-ros2-interfaces', 'symlink_install': True, 'test_result_base': None}
[0.900s] Level 5:colcon.colcon_core.verb:set package 'zed_components' build argument 'cmake_args' from command line to '['-DCMAKE_BUILD_TYPE=Release']'
[0.900s] Level 5:colcon.colcon_core.verb:set package 'zed_components' build argument 'cmake_target' from command line to 'None'
[0.900s] Level 5:colcon.colcon_core.verb:set package 'zed_components' build argument 'cmake_target_skip_unavailable' from command line to 'False'
[0.900s] Level 5:colcon.colcon_core.verb:set package 'zed_components' build argument 'cmake_clean_cache' from command line to 'False'
[0.900s] Level 5:colcon.colcon_core.verb:set package 'zed_components' build argument 'cmake_clean_first' from command line to 'False'
[0.900s] Level 5:colcon.colcon_core.verb:set package 'zed_components' build argument 'cmake_force_configure' from command line to 'False'
[0.900s] Level 5:colcon.colcon_core.verb:set package 'zed_components' build argument 'ament_cmake_args' from command line to 'None'
[0.900s] Level 5:colcon.colcon_core.verb:set package 'zed_components' build argument 'catkin_cmake_args' from command line to 'None'
[0.900s] Level 5:colcon.colcon_core.verb:set package 'zed_components' build argument 'catkin_skip_building_tests' from command line to 'False'
[0.900s] DEBUG:colcon.colcon_core.verb:Building package 'zed_components' with the following arguments: {'ament_cmake_args': None, 'build_base': '/home/mae-emrl3172/ros2_ws/build/zed_components', 'catkin_cmake_args': None, 'catkin_skip_building_tests': False, 'cmake_args': ['-DCMAKE_BUILD_TYPE=Release'], 'cmake_clean_cache': False, 'cmake_clean_first': False, 'cmake_force_configure': False, 'cmake_target': None, 'cmake_target_skip_unavailable': False, 'install_base': '/home/mae-emrl3172/ros2_ws/install/zed_components', 'merge_install': False, 'path': '/home/mae-emrl3172/ros2_ws/src/zed-ros2-wrapper/zed_components', 'symlink_install': True, 'test_result_base': None}
[0.901s] Level 5:colcon.colcon_core.verb:set package 'zed_wrapper' build argument 'cmake_args' from command line to '['-DCMAKE_BUILD_TYPE=Release']'
[0.901s] Level 5:colcon.colcon_core.verb:set package 'zed_wrapper' build argument 'cmake_target' from command line to 'None'
[0.901s] Level 5:colcon.colcon_core.verb:set package 'zed_wrapper' build argument 'cmake_target_skip_unavailable' from command line to 'False'
[0.901s] Level 5:colcon.colcon_core.verb:set package 'zed_wrapper' build argument 'cmake_clean_cache' from command line to 'False'
[0.901s] Level 5:colcon.colcon_core.verb:set package 'zed_wrapper' build argument 'cmake_clean_first' from command line to 'False'
[0.901s] Level 5:colcon.colcon_core.verb:set package 'zed_wrapper' build argument 'cmake_force_configure' from command line to 'False'
[0.901s] Level 5:colcon.colcon_core.verb:set package 'zed_wrapper' build argument 'ament_cmake_args' from command line to 'None'
[0.901s] Level 5:colcon.colcon_core.verb:set package 'zed_wrapper' build argument 'catkin_cmake_args' from command line to 'None'
[0.901s] Level 5:colcon.colcon_core.verb:set package 'zed_wrapper' build argument 'catkin_skip_building_tests' from command line to 'False'
[0.901s] DEBUG:colcon.colcon_core.verb:Building package 'zed_wrapper' with the following arguments: {'ament_cmake_args': None, 'build_base': '/home/mae-emrl3172/ros2_ws/build/zed_wrapper', 'catkin_cmake_args': None, 'catkin_skip_building_tests': False, 'cmake_args': ['-DCMAKE_BUILD_TYPE=Release'], 'cmake_clean_cache': False, 'cmake_clean_first': False, 'cmake_force_configure': False, 'cmake_target': None, 'cmake_target_skip_unavailable': False, 'install_base': '/home/mae-emrl3172/ros2_ws/install/zed_wrapper', 'merge_install': False, 'path': '/home/mae-emrl3172/ros2_ws/src/zed-ros2-wrapper/zed_wrapper', 'symlink_install': True, 'test_result_base': None}
[0.902s] Level 5:colcon.colcon_core.verb:set package 'zed_ros2' build argument 'cmake_args' from command line to '['-DCMAKE_BUILD_TYPE=Release']'
[0.902s] Level 5:colcon.colcon_core.verb:set package 'zed_ros2' build argument 'cmake_target' from command line to 'None'
[0.902s] Level 5:colcon.colcon_core.verb:set package 'zed_ros2' build argument 'cmake_target_skip_unavailable' from command line to 'False'
[0.902s] Level 5:colcon.colcon_core.verb:set package 'zed_ros2' build argument 'cmake_clean_cache' from command line to 'False'
[0.902s] Level 5:colcon.colcon_core.verb:set package 'zed_ros2' build argument 'cmake_clean_first' from command line to 'False'
[0.902s] Level 5:colcon.colcon_core.verb:set package 'zed_ros2' build argument 'cmake_force_configure' from command line to 'False'
[0.902s] Level 5:colcon.colcon_core.verb:set package 'zed_ros2' build argument 'ament_cmake_args' from command line to 'None'
[0.903s] Level 5:colcon.colcon_core.verb:set package 'zed_ros2' build argument 'catkin_cmake_args' from command line to 'None'
[0.903s] Level 5:colcon.colcon_core.verb:set package 'zed_ros2' build argument 'catkin_skip_building_tests' from command line to 'False'
[0.903s] DEBUG:colcon.colcon_core.verb:Building package 'zed_ros2' with the following arguments: {'ament_cmake_args': None, 'build_base': '/home/mae-emrl3172/ros2_ws/build/zed_ros2', 'catkin_cmake_args': None, 'catkin_skip_building_tests': False, 'cmake_args': ['-DCMAKE_BUILD_TYPE=Release'], 'cmake_clean_cache': False, 'cmake_clean_first': False, 'cmake_force_configure': False, 'cmake_target': None, 'cmake_target_skip_unavailable': False, 'install_base': '/home/mae-emrl3172/ros2_ws/install/zed_ros2', 'merge_install': False, 'path': '/home/mae-emrl3172/ros2_ws/src/zed-ros2-wrapper/zed_ros2', 'symlink_install': True, 'test_result_base': None}
[0.903s] INFO:colcon.colcon_core.executor:Executing jobs using 'parallel' executor
[0.905s] DEBUG:colcon.colcon_parallel_executor.executor.parallel:run_until_complete
[0.906s] INFO:colcon.colcon_ros.task.ament_cmake.build:Building ROS package in '/home/mae-emrl3172/ros2_ws/src/zed-ros2-wrapper/zed-ros2-interfaces' with build type 'ament_cmake'
[0.906s] INFO:colcon.colcon_cmake.task.cmake.build:Building CMake package in '/home/mae-emrl3172/ros2_ws/src/zed-ros2-wrapper/zed-ros2-interfaces'
[0.911s] INFO:colcon.colcon_core.plugin_system:Skipping extension 'colcon_core.shell.bat': Not used on non-Windows systems
[0.912s] INFO:colcon.colcon_core.shell:Skip shell extension 'powershell' for command environment: Not usable outside of PowerShell
[0.912s] DEBUG:colcon.colcon_core.shell:Skip shell extension 'dsv' for command environment
[0.919s] INFO:colcon.colcon_ros.task.ament_python.build:Building ROS package in '/home/mae-emrl3172/ros2_ws/src/sUAV' with build type 'ament_python'
[0.920s] Level 1:colcon.colcon_core.shell:create_environment_hook('sUAV', 'ament_prefix_path')
[0.921s] INFO:colcon.colcon_core.shell:Creating environment hook '/home/mae-emrl3172/ros2_ws/install/sUAV/share/sUAV/hook/ament_prefix_path.ps1'
[0.923s] INFO:colcon.colcon_core.shell:Creating environment descriptor '/home/mae-emrl3172/ros2_ws/install/sUAV/share/sUAV/hook/ament_prefix_path.dsv'
[0.925s] INFO:colcon.colcon_core.shell:Creating environment hook '/home/mae-emrl3172/ros2_ws/install/sUAV/share/sUAV/hook/ament_prefix_path.sh'
[0.927s] INFO:colcon.colcon_core.shell:Skip shell extension 'powershell' for command environment: Not usable outside of PowerShell
[0.927s] DEBUG:colcon.colcon_core.shell:Skip shell extension 'dsv' for command environment
[0.947s] DEBUG:colcon.colcon_core.event_handler.log_command:Invoking command in '/home/mae-emrl3172/ros2_ws/build/zed_interfaces': CMAKE_PREFIX_PATH=${CMAKE_PREFIX_PATH}:/home/mae-emrl3172/ros2_ws/install/sUAV:/opt/ros/humble /usr/bin/cmake /home/mae-emrl3172/ros2_ws/src/zed-ros2-wrapper/zed-ros2-interfaces -DCMAKE_BUILD_TYPE=Release -DAMENT_CMAKE_SYMLINK_INSTALL=1 -DCMAKE_INSTALL_PREFIX=/home/mae-emrl3172/ros2_ws/install/zed_interfaces
[1.742s] INFO:colcon.colcon_core.task.python.build:Building Python package in '/home/mae-emrl3172/ros2_ws/src/sUAV'
[1.743s] INFO:colcon.colcon_core.shell:Skip shell extension 'powershell' for command environment: Not usable outside of PowerShell
[1.743s] DEBUG:colcon.colcon_core.shell:Skip shell extension 'dsv' for command environment
[2.637s] DEBUG:colcon.colcon_core.task.python.build:While undoing a previous installation files outside the Python library path are being ignored: /home/mae-emrl3172/ros2_ws/install/sUAV/share/ament_index/resource_index/packages/sUAV
[2.638s] DEBUG:colcon.colcon_core.task.python.build:While undoing a previous installation files outside the Python library path are being ignored: /home/mae-emrl3172/ros2_ws/install/sUAV/share/sUAV/package.xml
[2.645s] DEBUG:colcon.colcon_core.event_handler.log_command:Invoking command in '/home/mae-emrl3172/ros2_ws/build/sUAV': PYTHONPATH=/home/mae-emrl3172/ros2_ws/build/sUAV/prefix_override:/home/mae-emrl3172/ros2_ws/install/sUAV/lib/python3.10/site-packages:${PYTHONPATH} /usr/bin/python3 -W ignore:setup.py install is deprecated setup.py develop --editable --build-directory /home/mae-emrl3172/ros2_ws/build/sUAV/build --no-deps symlink_data --force
[3.973s] Level 1:colcon.colcon_core.shell:create_environment_hook('sUAV', 'pythonpath_develop')
[3.974s] INFO:colcon.colcon_core.shell:Creating environment hook '/home/mae-emrl3172/ros2_ws/build/sUAV/share/sUAV/hook/pythonpath_develop.ps1'
[3.977s] DEBUG:colcon.colcon_core.event_handler.log_command:Invoked command in '/home/mae-emrl3172/ros2_ws/build/sUAV' returned '0': PYTHONPATH=/home/mae-emrl3172/ros2_ws/build/sUAV/prefix_override:/home/mae-emrl3172/ros2_ws/install/sUAV/lib/python3.10/site-packages:${PYTHONPATH} /usr/bin/python3 -W ignore:setup.py install is deprecated setup.py develop --editable --build-directory /home/mae-emrl3172/ros2_ws/build/sUAV/build --no-deps symlink_data --force
[3.978s] INFO:colcon.colcon_core.shell:Creating environment descriptor '/home/mae-emrl3172/ros2_ws/build/sUAV/share/sUAV/hook/pythonpath_develop.dsv'
[3.979s] INFO:colcon.colcon_core.shell:Creating environment hook '/home/mae-emrl3172/ros2_ws/build/sUAV/share/sUAV/hook/pythonpath_develop.sh'
[3.988s] Level 1:colcon.colcon_core.environment:checking '/home/mae-emrl3172/ros2_ws/install/sUAV' for CMake module files
[3.989s] Level 1:colcon.colcon_core.environment:checking '/home/mae-emrl3172/ros2_ws/install/sUAV' for CMake config files
[3.991s] Level 1:colcon.colcon_core.environment:checking '/home/mae-emrl3172/ros2_ws/install/sUAV/lib'
[3.991s] Level 1:colcon.colcon_core.environment:checking '/home/mae-emrl3172/ros2_ws/install/sUAV/bin'
[3.991s] Level 1:colcon.colcon_core.environment:checking '/home/mae-emrl3172/ros2_ws/install/sUAV/lib/pkgconfig/sUAV.pc'
[3.992s] Level 1:colcon.colcon_core.environment:checking '/home/mae-emrl3172/ros2_ws/install/sUAV/lib/python3.10/site-packages'
[3.992s] Level 1:colcon.colcon_core.shell:create_environment_hook('sUAV', 'pythonpath')
[3.993s] INFO:colcon.colcon_core.shell:Creating environment hook '/home/mae-emrl3172/ros2_ws/install/sUAV/share/sUAV/hook/pythonpath.ps1'
[3.994s] INFO:colcon.colcon_core.shell:Creating environment descriptor '/home/mae-emrl3172/ros2_ws/install/sUAV/share/sUAV/hook/pythonpath.dsv'
[3.995s] INFO:colcon.colcon_core.shell:Creating environment hook '/home/mae-emrl3172/ros2_ws/install/sUAV/share/sUAV/hook/pythonpath.sh'
[3.996s] Level 1:colcon.colcon_core.environment:checking '/home/mae-emrl3172/ros2_ws/install/sUAV/bin'
[3.997s] Level 1:colcon.colcon_core.environment:create_environment_scripts_only(sUAV)
[4.000s] INFO:colcon.colcon_core.shell:Creating package script '/home/mae-emrl3172/ros2_ws/install/sUAV/share/sUAV/package.ps1'
[4.004s] INFO:colcon.colcon_core.shell:Creating package descriptor '/home/mae-emrl3172/ros2_ws/install/sUAV/share/sUAV/package.dsv'
[4.006s] INFO:colcon.colcon_core.shell:Creating package script '/home/mae-emrl3172/ros2_ws/install/sUAV/share/sUAV/package.sh'
[4.009s] INFO:colcon.colcon_core.shell:Creating package script '/home/mae-emrl3172/ros2_ws/install/sUAV/share/sUAV/package.bash'
[4.011s] INFO:colcon.colcon_core.shell:Creating package script '/home/mae-emrl3172/ros2_ws/install/sUAV/share/sUAV/package.zsh'
[4.012s] Level 1:colcon.colcon_core.environment:create_file_with_runtime_dependencies(/home/mae-emrl3172/ros2_ws/install/sUAV/share/colcon-core/packages/sUAV)
[4.784s] DEBUG:colcon.colcon_core.event_handler.log_command:Invoked command in '/home/mae-emrl3172/ros2_ws/build/zed_interfaces' returned '0': CMAKE_PREFIX_PATH=${CMAKE_PREFIX_PATH}:/home/mae-emrl3172/ros2_ws/install/sUAV:/opt/ros/humble /usr/bin/cmake /home/mae-emrl3172/ros2_ws/src/zed-ros2-wrapper/zed-ros2-interfaces -DCMAKE_BUILD_TYPE=Release -DAMENT_CMAKE_SYMLINK_INSTALL=1 -DCMAKE_INSTALL_PREFIX=/home/mae-emrl3172/ros2_ws/install/zed_interfaces
[4.786s] DEBUG:colcon.colcon_core.event_handler.log_command:Invoking command in '/home/mae-emrl3172/ros2_ws/build/zed_interfaces': CMAKE_PREFIX_PATH=${CMAKE_PREFIX_PATH}:/home/mae-emrl3172/ros2_ws/install/sUAV:/opt/ros/humble /usr/bin/cmake --build /home/mae-emrl3172/ros2_ws/build/zed_interfaces -- -j6 -l6
[5.681s] DEBUG:colcon.colcon_core.event_handler.log_command:Invoked command in '/home/mae-emrl3172/ros2_ws/build/zed_interfaces' returned '0': CMAKE_PREFIX_PATH=${CMAKE_PREFIX_PATH}:/home/mae-emrl3172/ros2_ws/install/sUAV:/opt/ros/humble /usr/bin/cmake --build /home/mae-emrl3172/ros2_ws/build/zed_interfaces -- -j6 -l6
[6.690s] DEBUG:colcon.colcon_core.event_handler.log_command:Invoking command in '/home/mae-emrl3172/ros2_ws/build/zed_interfaces': CMAKE_PREFIX_PATH=${CMAKE_PREFIX_PATH}:/home/mae-emrl3172/ros2_ws/install/sUAV:/opt/ros/humble /usr/bin/cmake --install /home/mae-emrl3172/ros2_ws/build/zed_interfaces
[6.938s] Level 1:colcon.colcon_core.environment:create_environment_scripts_only(zed_interfaces)
[6.940s] Level 1:colcon.colcon_core.environment:checking '/home/mae-emrl3172/ros2_ws/install/zed_interfaces' for CMake module files
[6.941s] DEBUG:colcon.colcon_core.event_handler.log_command:Invoked command in '/home/mae-emrl3172/ros2_ws/build/zed_interfaces' returned '0': CMAKE_PREFIX_PATH=${CMAKE_PREFIX_PATH}:/home/mae-emrl3172/ros2_ws/install/sUAV:/opt/ros/humble /usr/bin/cmake --install /home/mae-emrl3172/ros2_ws/build/zed_interfaces
[6.942s] Level 1:colcon.colcon_core.environment:checking '/home/mae-emrl3172/ros2_ws/install/zed_interfaces' for CMake config files
[6.949s] Level 1:colcon.colcon_core.shell:create_environment_hook('zed_interfaces', 'cmake_prefix_path')
[6.950s] INFO:colcon.colcon_core.shell:Creating environment hook '/home/mae-emrl3172/ros2_ws/install/zed_interfaces/share/zed_interfaces/hook/cmake_prefix_path.ps1'
[6.953s] INFO:colcon.colcon_core.shell:Creating environment descriptor '/home/mae-emrl3172/ros2_ws/install/zed_interfaces/share/zed_interfaces/hook/cmake_prefix_path.dsv'
[6.954s] INFO:colcon.colcon_core.shell:Creating environment hook '/home/mae-emrl3172/ros2_ws/install/zed_interfaces/share/zed_interfaces/hook/cmake_prefix_path.sh'
[6.956s] Level 1:colcon.colcon_core.environment:checking '/home/mae-emrl3172/ros2_ws/install/zed_interfaces/lib'
[6.956s] Level 1:colcon.colcon_core.shell:create_environment_hook('zed_interfaces', 'ld_library_path_lib')
[6.956s] INFO:colcon.colcon_core.shell:Creating environment hook '/home/mae-emrl3172/ros2_ws/install/zed_interfaces/share/zed_interfaces/hook/ld_library_path_lib.ps1'
[6.957s] INFO:colcon.colcon_core.shell:Creating environment descriptor '/home/mae-emrl3172/ros2_ws/install/zed_interfaces/share/zed_interfaces/hook/ld_library_path_lib.dsv'
[6.958s] INFO:colcon.colcon_core.shell:Creating environment hook '/home/mae-emrl3172/ros2_ws/install/zed_interfaces/share/zed_interfaces/hook/ld_library_path_lib.sh'
[6.959s] Level 1:colcon.colcon_core.environment:checking '/home/mae-emrl3172/ros2_ws/install/zed_interfaces/bin'
[6.959s] Level 1:colcon.colcon_core.environment:checking '/home/mae-emrl3172/ros2_ws/install/zed_interfaces/lib/pkgconfig/zed_interfaces.pc'
[6.960s] Level 1:colcon.colcon_core.environment:checking '/home/mae-emrl3172/ros2_ws/install/zed_interfaces/lib/python3.10/site-packages'
[6.960s] Level 1:colcon.colcon_core.environment:checking '/home/mae-emrl3172/ros2_ws/install/zed_interfaces/bin'
[6.961s] INFO:colcon.colcon_core.shell:Creating package script '/home/mae-emrl3172/ros2_ws/install/zed_interfaces/share/zed_interfaces/package.ps1'
[6.963s] INFO:colcon.colcon_core.shell:Creating package descriptor '/home/mae-emrl3172/ros2_ws/install/zed_interfaces/share/zed_interfaces/package.dsv'
[6.964s] INFO:colcon.colcon_core.shell:Creating package script '/home/mae-emrl3172/ros2_ws/install/zed_interfaces/share/zed_interfaces/package.sh'
[6.966s] INFO:colcon.colcon_core.shell:Creating package script '/home/mae-emrl3172/ros2_ws/install/zed_interfaces/share/zed_interfaces/package.bash'
[6.968s] INFO:colcon.colcon_core.shell:Creating package script '/home/mae-emrl3172/ros2_ws/install/zed_interfaces/share/zed_interfaces/package.zsh'
[6.968s] Level 1:colcon.colcon_core.environment:create_file_with_runtime_dependencies(/home/mae-emrl3172/ros2_ws/install/zed_interfaces/share/colcon-core/packages/zed_interfaces)
[7.962s] Level 1:colcon.colcon_core.environment:create_environment_scripts_only(zed_interfaces)
[7.964s] Level 1:colcon.colcon_core.environment:checking '/home/mae-emrl3172/ros2_ws/install/zed_interfaces' for CMake module files
[7.966s] Level 1:colcon.colcon_core.environment:checking '/home/mae-emrl3172/ros2_ws/install/zed_interfaces' for CMake config files
[7.972s] Level 1:colcon.colcon_core.shell:create_environment_hook('zed_interfaces', 'cmake_prefix_path')
[7.973s] INFO:colcon.colcon_core.shell:Creating environment hook '/home/mae-emrl3172/ros2_ws/install/zed_interfaces/share/zed_interfaces/hook/cmake_prefix_path.ps1'
[7.974s] INFO:colcon.colcon_core.shell:Creating environment descriptor '/home/mae-emrl3172/ros2_ws/install/zed_interfaces/share/zed_interfaces/hook/cmake_prefix_path.dsv'
[7.975s] INFO:colcon.colcon_core.shell:Creating environment hook '/home/mae-emrl3172/ros2_ws/install/zed_interfaces/share/zed_interfaces/hook/cmake_prefix_path.sh'
[7.977s] Level 1:colcon.colcon_core.environment:checking '/home/mae-emrl3172/ros2_ws/install/zed_interfaces/lib'
[7.978s] Level 1:colcon.colcon_core.shell:create_environment_hook('zed_interfaces', 'ld_library_path_lib')
[7.979s] INFO:colcon.colcon_core.shell:Creating environment hook '/home/mae-emrl3172/ros2_ws/install/zed_interfaces/share/zed_interfaces/hook/ld_library_path_lib.ps1'
[7.980s] INFO:colcon.colcon_core.shell:Creating environment descriptor '/home/mae-emrl3172/ros2_ws/install/zed_interfaces/share/zed_interfaces/hook/ld_library_path_lib.dsv'
[7.981s] INFO:colcon.colcon_core.shell:Creating environment hook '/home/mae-emrl3172/ros2_ws/install/zed_interfaces/share/zed_interfaces/hook/ld_library_path_lib.sh'
[7.983s] Level 1:colcon.colcon_core.environment:checking '/home/mae-emrl3172/ros2_ws/install/zed_interfaces/bin'
[7.983s] Level 1:colcon.colcon_core.environment:checking '/home/mae-emrl3172/ros2_ws/install/zed_interfaces/lib/pkgconfig/zed_interfaces.pc'
[7.984s] Level 1:colcon.colcon_core.environment:checking '/home/mae-emrl3172/ros2_ws/install/zed_interfaces/lib/python3.10/site-packages'
[7.984s] Level 1:colcon.colcon_core.environment:checking '/home/mae-emrl3172/ros2_ws/install/zed_interfaces/bin'
[7.985s] INFO:colcon.colcon_core.shell:Creating package script '/home/mae-emrl3172/ros2_ws/install/zed_interfaces/share/zed_interfaces/package.ps1'
[7.986s] INFO:colcon.colcon_core.shell:Creating package descriptor '/home/mae-emrl3172/ros2_ws/install/zed_interfaces/share/zed_interfaces/package.dsv'
[7.988s] INFO:colcon.colcon_core.shell:Creating package script '/home/mae-emrl3172/ros2_ws/install/zed_interfaces/share/zed_interfaces/package.sh'
[7.989s] INFO:colcon.colcon_core.shell:Creating package script '/home/mae-emrl3172/ros2_ws/install/zed_interfaces/share/zed_interfaces/package.bash'
[7.990s] INFO:colcon.colcon_core.shell:Creating package script '/home/mae-emrl3172/ros2_ws/install/zed_interfaces/share/zed_interfaces/package.zsh'
[7.991s] Level 1:colcon.colcon_core.environment:create_file_with_runtime_dependencies(/home/mae-emrl3172/ros2_ws/install/zed_interfaces/share/colcon-core/packages/zed_interfaces)
[7.992s] INFO:colcon.colcon_ros.task.ament_cmake.build:Building ROS package in '/home/mae-emrl3172/ros2_ws/src/zed-ros2-wrapper/zed_components' with build type 'ament_cmake'
[7.993s] INFO:colcon.colcon_cmake.task.cmake.build:Building CMake package in '/home/mae-emrl3172/ros2_ws/src/zed-ros2-wrapper/zed_components'
[7.994s] INFO:colcon.colcon_core.shell:Skip shell extension 'powershell' for command environment: Not usable outside of PowerShell
[7.994s] DEBUG:colcon.colcon_core.shell:Skip shell extension 'dsv' for command environment
[8.024s] DEBUG:colcon.colcon_core.event_handler.log_command:Invoking command in '/home/mae-emrl3172/ros2_ws/build/zed_components': CMAKE_PREFIX_PATH=/home/mae-emrl3172/ros2_ws/install/zed_interfaces:/home/mae-emrl3172/ros2_ws/install/zed_ros2:/home/mae-emrl3172/ros2_ws/install/zed_wrapper:/home/mae-emrl3172/ros2_ws/install/zed_components:/home/mae-emrl3172/ros2_ws/install/sUAV:/opt/ros/humble LD_LIBRARY_PATH=/home/mae-emrl3172/ros2_ws/install/zed_interfaces/lib:/home/mae-emrl3172/ros2_ws/install/zed_components/lib:/usr/local/cuda-12.2/lib64:/opt/ros/humble/opt/rviz_ogre_vendor/lib:/opt/ros/humble/lib/aarch64-linux-gnu:/opt/ros/humble/lib:/usr/local/cuda-12.2/lib64 /usr/bin/cmake /home/mae-emrl3172/ros2_ws/src/zed-ros2-wrapper/zed_components -DCMAKE_BUILD_TYPE=Release -DAMENT_CMAKE_SYMLINK_INSTALL=1 -DCMAKE_INSTALL_PREFIX=/home/mae-emrl3172/ros2_ws/install/zed_components
[12.127s] DEBUG:colcon.colcon_core.event_handler.log_command:Invoked command in '/home/mae-emrl3172/ros2_ws/build/zed_components' returned '0': CMAKE_PREFIX_PATH=/home/mae-emrl3172/ros2_ws/install/zed_interfaces:/home/mae-emrl3172/ros2_ws/install/zed_ros2:/home/mae-emrl3172/ros2_ws/install/zed_wrapper:/home/mae-emrl3172/ros2_ws/install/zed_components:/home/mae-emrl3172/ros2_ws/install/sUAV:/opt/ros/humble LD_LIBRARY_PATH=/home/mae-emrl3172/ros2_ws/install/zed_interfaces/lib:/home/mae-emrl3172/ros2_ws/install/zed_components/lib:/usr/local/cuda-12.2/lib64:/opt/ros/humble/opt/rviz_ogre_vendor/lib:/opt/ros/humble/lib/aarch64-linux-gnu:/opt/ros/humble/lib:/usr/local/cuda-12.2/lib64 /usr/bin/cmake /home/mae-emrl3172/ros2_ws/src/zed-ros2-wrapper/zed_components -DCMAKE_BUILD_TYPE=Release -DAMENT_CMAKE_SYMLINK_INSTALL=1 -DCMAKE_INSTALL_PREFIX=/home/mae-emrl3172/ros2_ws/install/zed_components
[12.132s] DEBUG:colcon.colcon_core.event_handler.log_command:Invoking command in '/home/mae-emrl3172/ros2_ws/build/zed_components': CMAKE_PREFIX_PATH=/home/mae-emrl3172/ros2_ws/install/zed_interfaces:/home/mae-emrl3172/ros2_ws/install/zed_ros2:/home/mae-emrl3172/ros2_ws/install/zed_wrapper:/home/mae-emrl3172/ros2_ws/install/zed_components:/home/mae-emrl3172/ros2_ws/install/sUAV:/opt/ros/humble LD_LIBRARY_PATH=/home/mae-emrl3172/ros2_ws/install/zed_interfaces/lib:/home/mae-emrl3172/ros2_ws/install/zed_components/lib:/usr/local/cuda-12.2/lib64:/opt/ros/humble/opt/rviz_ogre_vendor/lib:/opt/ros/humble/lib/aarch64-linux-gnu:/opt/ros/humble/lib:/usr/local/cuda-12.2/lib64 /usr/bin/cmake --build /home/mae-emrl3172/ros2_ws/build/zed_components -- -j6 -l6
[12.337s] DEBUG:colcon.colcon_core.event_handler.log_command:Invoked command in '/home/mae-emrl3172/ros2_ws/build/zed_components' returned '0': CMAKE_PREFIX_PATH=/home/mae-emrl3172/ros2_ws/install/zed_interfaces:/home/mae-emrl3172/ros2_ws/install/zed_ros2:/home/mae-emrl3172/ros2_ws/install/zed_wrapper:/home/mae-emrl3172/ros2_ws/install/zed_components:/home/mae-emrl3172/ros2_ws/install/sUAV:/opt/ros/humble LD_LIBRARY_PATH=/home/mae-emrl3172/ros2_ws/install/zed_interfaces/lib:/home/mae-emrl3172/ros2_ws/install/zed_components/lib:/usr/local/cuda-12.2/lib64:/opt/ros/humble/opt/rviz_ogre_vendor/lib:/opt/ros/humble/lib/aarch64-linux-gnu:/opt/ros/humble/lib:/usr/local/cuda-12.2/lib64 /usr/bin/cmake --build /home/mae-emrl3172/ros2_ws/build/zed_components -- -j6 -l6
[12.418s] DEBUG:colcon.colcon_core.event_handler.log_command:Invoking command in '/home/mae-emrl3172/ros2_ws/build/zed_components': CMAKE_PREFIX_PATH=/home/mae-emrl3172/ros2_ws/install/zed_interfaces:/home/mae-emrl3172/ros2_ws/install/zed_ros2:/home/mae-emrl3172/ros2_ws/install/zed_wrapper:/home/mae-emrl3172/ros2_ws/install/zed_components:/home/mae-emrl3172/ros2_ws/install/sUAV:/opt/ros/humble LD_LIBRARY_PATH=/home/mae-emrl3172/ros2_ws/install/zed_interfaces/lib:/home/mae-emrl3172/ros2_ws/install/zed_components/lib:/usr/local/cuda-12.2/lib64:/opt/ros/humble/opt/rviz_ogre_vendor/lib:/opt/ros/humble/lib/aarch64-linux-gnu:/opt/ros/humble/lib:/usr/local/cuda-12.2/lib64 /usr/bin/cmake --install /home/mae-emrl3172/ros2_ws/build/zed_components
[12.482s] Level 1:colcon.colcon_core.environment:create_environment_scripts_only(zed_components)
[12.483s] Level 1:colcon.colcon_core.environment:checking '/home/mae-emrl3172/ros2_ws/install/zed_components' for CMake module files
[12.484s] DEBUG:colcon.colcon_core.event_handler.log_command:Invoked command in '/home/mae-emrl3172/ros2_ws/build/zed_components' returned '0': CMAKE_PREFIX_PATH=/home/mae-emrl3172/ros2_ws/install/zed_interfaces:/home/mae-emrl3172/ros2_ws/install/zed_ros2:/home/mae-emrl3172/ros2_ws/install/zed_wrapper:/home/mae-emrl3172/ros2_ws/install/zed_components:/home/mae-emrl3172/ros2_ws/install/sUAV:/opt/ros/humble LD_LIBRARY_PATH=/home/mae-emrl3172/ros2_ws/install/zed_interfaces/lib:/home/mae-emrl3172/ros2_ws/install/zed_components/lib:/usr/local/cuda-12.2/lib64:/opt/ros/humble/opt/rviz_ogre_vendor/lib:/opt/ros/humble/lib/aarch64-linux-gnu:/opt/ros/humble/lib:/usr/local/cuda-12.2/lib64 /usr/bin/cmake --install /home/mae-emrl3172/ros2_ws/build/zed_components
[12.485s] Level 1:colcon.colcon_core.environment:checking '/home/mae-emrl3172/ros2_ws/install/zed_components' for CMake config files
[12.486s] Level 1:colcon.colcon_core.shell:create_environment_hook('zed_components', 'cmake_prefix_path')
[12.486s] INFO:colcon.colcon_core.shell:Creating environment hook '/home/mae-emrl3172/ros2_ws/install/zed_components/share/zed_components/hook/cmake_prefix_path.ps1'
[12.488s] INFO:colcon.colcon_core.shell:Creating environment descriptor '/home/mae-emrl3172/ros2_ws/install/zed_components/share/zed_components/hook/cmake_prefix_path.dsv'
[12.489s] INFO:colcon.colcon_core.shell:Creating environment hook '/home/mae-emrl3172/ros2_ws/install/zed_components/share/zed_components/hook/cmake_prefix_path.sh'
[12.490s] Level 1:colcon.colcon_core.environment:checking '/home/mae-emrl3172/ros2_ws/install/zed_components/lib'
[12.490s] Level 1:colcon.colcon_core.shell:create_environment_hook('zed_components', 'ld_library_path_lib')
[12.491s] INFO:colcon.colcon_core.shell:Creating environment hook '/home/mae-emrl3172/ros2_ws/install/zed_components/share/zed_components/hook/ld_library_path_lib.ps1'
[12.492s] INFO:colcon.colcon_core.shell:Creating environment descriptor '/home/mae-emrl3172/ros2_ws/install/zed_components/share/zed_components/hook/ld_library_path_lib.dsv'
[12.493s] INFO:colcon.colcon_core.shell:Creating environment hook '/home/mae-emrl3172/ros2_ws/install/zed_components/share/zed_components/hook/ld_library_path_lib.sh'
[12.494s] Level 1:colcon.colcon_core.environment:checking '/home/mae-emrl3172/ros2_ws/install/zed_components/bin'
[12.494s] Level 1:colcon.colcon_core.environment:checking '/home/mae-emrl3172/ros2_ws/install/zed_components/lib/pkgconfig/zed_components.pc'
[12.495s] Level 1:colcon.colcon_core.environment:checking '/home/mae-emrl3172/ros2_ws/install/zed_components/lib/python3.10/site-packages'
[12.496s] Level 1:colcon.colcon_core.environment:checking '/home/mae-emrl3172/ros2_ws/install/zed_components/bin'
[12.497s] INFO:colcon.colcon_core.shell:Creating package script '/home/mae-emrl3172/ros2_ws/install/zed_components/share/zed_components/package.ps1'
[12.499s] INFO:colcon.colcon_core.shell:Creating package descriptor '/home/mae-emrl3172/ros2_ws/install/zed_components/share/zed_components/package.dsv'
[12.500s] INFO:colcon.colcon_core.shell:Creating package script '/home/mae-emrl3172/ros2_ws/install/zed_components/share/zed_components/package.sh'
[12.501s] INFO:colcon.colcon_core.shell:Creating package script '/home/mae-emrl3172/ros2_ws/install/zed_components/share/zed_components/package.bash'
[12.502s] INFO:colcon.colcon_core.shell:Creating package script '/home/mae-emrl3172/ros2_ws/install/zed_components/share/zed_components/package.zsh'
[12.503s] Level 1:colcon.colcon_core.environment:create_file_with_runtime_dependencies(/home/mae-emrl3172/ros2_ws/install/zed_components/share/colcon-core/packages/zed_components)
[12.579s] Level 1:colcon.colcon_core.environment:create_environment_scripts_only(zed_components)
[12.580s] Level 1:colcon.colcon_core.environment:checking '/home/mae-emrl3172/ros2_ws/install/zed_components' for CMake module files
[12.582s] Level 1:colcon.colcon_core.environment:checking '/home/mae-emrl3172/ros2_ws/install/zed_components' for CMake config files
[12.584s] Level 1:colcon.colcon_core.shell:create_environment_hook('zed_components', 'cmake_prefix_path')
[12.585s] INFO:colcon.colcon_core.shell:Creating environment hook '/home/mae-emrl3172/ros2_ws/install/zed_components/share/zed_components/hook/cmake_prefix_path.ps1'
[12.587s] INFO:colcon.colcon_core.shell:Creating environment descriptor '/home/mae-emrl3172/ros2_ws/install/zed_components/share/zed_components/hook/cmake_prefix_path.dsv'
[12.589s] INFO:colcon.colcon_core.shell:Creating environment hook '/home/mae-emrl3172/ros2_ws/install/zed_components/share/zed_components/hook/cmake_prefix_path.sh'
[12.591s] Level 1:colcon.colcon_core.environment:checking '/home/mae-emrl3172/ros2_ws/install/zed_components/lib'
[12.592s] Level 1:colcon.colcon_core.shell:create_environment_hook('zed_components', 'ld_library_path_lib')
[12.593s] INFO:colcon.colcon_core.shell:Creating environment hook '/home/mae-emrl3172/ros2_ws/install/zed_components/share/zed_components/hook/ld_library_path_lib.ps1'
[12.594s] INFO:colcon.colcon_core.shell:Creating environment descriptor '/home/mae-emrl3172/ros2_ws/install/zed_components/share/zed_components/hook/ld_library_path_lib.dsv'
[12.595s] INFO:colcon.colcon_core.shell:Creating environment hook '/home/mae-emrl3172/ros2_ws/install/zed_components/share/zed_components/hook/ld_library_path_lib.sh'
[12.597s] Level 1:colcon.colcon_core.environment:checking '/home/mae-emrl3172/ros2_ws/install/zed_components/bin'
[12.597s] Level 1:colcon.colcon_core.environment:checking '/home/mae-emrl3172/ros2_ws/install/zed_components/lib/pkgconfig/zed_components.pc'
[12.598s] Level 1:colcon.colcon_core.environment:checking '/home/mae-emrl3172/ros2_ws/install/zed_components/lib/python3.10/site-packages'
[12.599s] Level 1:colcon.colcon_core.environment:checking '/home/mae-emrl3172/ros2_ws/install/zed_components/bin'
[12.600s] INFO:colcon.colcon_core.shell:Creating package script '/home/mae-emrl3172/ros2_ws/install/zed_components/share/zed_components/package.ps1'
[12.602s] INFO:colcon.colcon_core.shell:Creating package descriptor '/home/mae-emrl3172/ros2_ws/install/zed_components/share/zed_components/package.dsv'
[12.604s] INFO:colcon.colcon_core.shell:Creating package script '/home/mae-emrl3172/ros2_ws/install/zed_components/share/zed_components/package.sh'
[12.606s] INFO:colcon.colcon_core.shell:Creating package script '/home/mae-emrl3172/ros2_ws/install/zed_components/share/zed_components/package.bash'
[12.607s] INFO:colcon.colcon_core.shell:Creating package script '/home/mae-emrl3172/ros2_ws/install/zed_components/share/zed_components/package.zsh'
[12.608s] Level 1:colcon.colcon_core.environment:create_file_with_runtime_dependencies(/home/mae-emrl3172/ros2_ws/install/zed_components/share/colcon-core/packages/zed_components)
[12.610s] INFO:colcon.colcon_ros.task.ament_cmake.build:Building ROS package in '/home/mae-emrl3172/ros2_ws/src/zed-ros2-wrapper/zed_wrapper' with build type 'ament_cmake'
[12.610s] INFO:colcon.colcon_cmake.task.cmake.build:Building CMake package in '/home/mae-emrl3172/ros2_ws/src/zed-ros2-wrapper/zed_wrapper'
[12.611s] INFO:colcon.colcon_core.shell:Skip shell extension 'powershell' for command environment: Not usable outside of PowerShell
[12.612s] DEBUG:colcon.colcon_core.shell:Skip shell extension 'dsv' for command environment
[12.650s] DEBUG:colcon.colcon_core.event_handler.log_command:Invoking command in '/home/mae-emrl3172/ros2_ws/build/zed_wrapper': CMAKE_PREFIX_PATH=/home/mae-emrl3172/ros2_ws/install/zed_components:/home/mae-emrl3172/ros2_ws/install/zed_interfaces:/home/mae-emrl3172/ros2_ws/install/zed_ros2:/home/mae-emrl3172/ros2_ws/install/zed_wrapper:/home/mae-emrl3172/ros2_ws/install/sUAV:/opt/ros/humble LD_LIBRARY_PATH=/home/mae-emrl3172/ros2_ws/install/zed_components/lib:/home/mae-emrl3172/ros2_ws/install/zed_interfaces/lib:/usr/local/cuda-12.2/lib64:/opt/ros/humble/opt/rviz_ogre_vendor/lib:/opt/ros/humble/lib/aarch64-linux-gnu:/opt/ros/humble/lib:/usr/local/cuda-12.2/lib64 /usr/bin/cmake /home/mae-emrl3172/ros2_ws/src/zed-ros2-wrapper/zed_wrapper -DCMAKE_BUILD_TYPE=Release -DAMENT_CMAKE_SYMLINK_INSTALL=1 -DCMAKE_INSTALL_PREFIX=/home/mae-emrl3172/ros2_ws/install/zed_wrapper
[17.888s] DEBUG:colcon.colcon_core.event_handler.log_command:Invoked command in '/home/mae-emrl3172/ros2_ws/build/zed_wrapper' returned '0': CMAKE_PREFIX_PATH=/home/mae-emrl3172/ros2_ws/install/zed_components:/home/mae-emrl3172/ros2_ws/install/zed_interfaces:/home/mae-emrl3172/ros2_ws/install/zed_ros2:/home/mae-emrl3172/ros2_ws/install/zed_wrapper:/home/mae-emrl3172/ros2_ws/install/sUAV:/opt/ros/humble LD_LIBRARY_PATH=/home/mae-emrl3172/ros2_ws/install/zed_components/lib:/home/mae-emrl3172/ros2_ws/install/zed_interfaces/lib:/usr/local/cuda-12.2/lib64:/opt/ros/humble/opt/rviz_ogre_vendor/lib:/opt/ros/humble/lib/aarch64-linux-gnu:/opt/ros/humble/lib:/usr/local/cuda-12.2/lib64 /usr/bin/cmake /home/mae-emrl3172/ros2_ws/src/zed-ros2-wrapper/zed_wrapper -DCMAKE_BUILD_TYPE=Release -DAMENT_CMAKE_SYMLINK_INSTALL=1 -DCMAKE_INSTALL_PREFIX=/home/mae-emrl3172/ros2_ws/install/zed_wrapper
[17.893s] DEBUG:colcon.colcon_core.event_handler.log_command:Invoking command in '/home/mae-emrl3172/ros2_ws/build/zed_wrapper': CMAKE_PREFIX_PATH=/home/mae-emrl3172/ros2_ws/install/zed_components:/home/mae-emrl3172/ros2_ws/install/zed_interfaces:/home/mae-emrl3172/ros2_ws/install/zed_ros2:/home/mae-emrl3172/ros2_ws/install/zed_wrapper:/home/mae-emrl3172/ros2_ws/install/sUAV:/opt/ros/humble LD_LIBRARY_PATH=/home/mae-emrl3172/ros2_ws/install/zed_components/lib:/home/mae-emrl3172/ros2_ws/install/zed_interfaces/lib:/usr/local/cuda-12.2/lib64:/opt/ros/humble/opt/rviz_ogre_vendor/lib:/opt/ros/humble/lib/aarch64-linux-gnu:/opt/ros/humble/lib:/usr/local/cuda-12.2/lib64 /usr/bin/cmake --build /home/mae-emrl3172/ros2_ws/build/zed_wrapper -- -j6 -l6
[18.079s] DEBUG:colcon.colcon_core.event_handler.log_command:Invoked command in '/home/mae-emrl3172/ros2_ws/build/zed_wrapper' returned '0': CMAKE_PREFIX_PATH=/home/mae-emrl3172/ros2_ws/install/zed_components:/home/mae-emrl3172/ros2_ws/install/zed_interfaces:/home/mae-emrl3172/ros2_ws/install/zed_ros2:/home/mae-emrl3172/ros2_ws/install/zed_wrapper:/home/mae-emrl3172/ros2_ws/install/sUAV:/opt/ros/humble LD_LIBRARY_PATH=/home/mae-emrl3172/ros2_ws/install/zed_components/lib:/home/mae-emrl3172/ros2_ws/install/zed_interfaces/lib:/usr/local/cuda-12.2/lib64:/opt/ros/humble/opt/rviz_ogre_vendor/lib:/opt/ros/humble/lib/aarch64-linux-gnu:/opt/ros/humble/lib:/usr/local/cuda-12.2/lib64 /usr/bin/cmake --build /home/mae-emrl3172/ros2_ws/build/zed_wrapper -- -j6 -l6
[18.141s] DEBUG:colcon.colcon_core.event_handler.log_command:Invoking command in '/home/mae-emrl3172/ros2_ws/build/zed_wrapper': CMAKE_PREFIX_PATH=/home/mae-emrl3172/ros2_ws/install/zed_components:/home/mae-emrl3172/ros2_ws/install/zed_interfaces:/home/mae-emrl3172/ros2_ws/install/zed_ros2:/home/mae-emrl3172/ros2_ws/install/zed_wrapper:/home/mae-emrl3172/ros2_ws/install/sUAV:/opt/ros/humble LD_LIBRARY_PATH=/home/mae-emrl3172/ros2_ws/install/zed_components/lib:/home/mae-emrl3172/ros2_ws/install/zed_interfaces/lib:/usr/local/cuda-12.2/lib64:/opt/ros/humble/opt/rviz_ogre_vendor/lib:/opt/ros/humble/lib/aarch64-linux-gnu:/opt/ros/humble/lib:/usr/local/cuda-12.2/lib64 /usr/bin/cmake --install /home/mae-emrl3172/ros2_ws/build/zed_wrapper
[18.194s] Level 1:colcon.colcon_core.environment:create_environment_scripts_only(zed_wrapper)
[18.195s] Level 1:colcon.colcon_core.environment:checking '/home/mae-emrl3172/ros2_ws/install/zed_wrapper' for CMake module files
[18.197s] Level 1:colcon.colcon_core.environment:checking '/home/mae-emrl3172/ros2_ws/install/zed_wrapper' for CMake config files
[18.198s] Level 1:colcon.colcon_core.shell:create_environment_hook('zed_wrapper', 'cmake_prefix_path')
[18.199s] INFO:colcon.colcon_core.shell:Creating environment hook '/home/mae-emrl3172/ros2_ws/install/zed_wrapper/share/zed_wrapper/hook/cmake_prefix_path.ps1'
[18.202s] DEBUG:colcon.colcon_core.event_handler.log_command:Invoked command in '/home/mae-emrl3172/ros2_ws/build/zed_wrapper' returned '0': CMAKE_PREFIX_PATH=/home/mae-emrl3172/ros2_ws/install/zed_components:/home/mae-emrl3172/ros2_ws/install/zed_interfaces:/home/mae-emrl3172/ros2_ws/install/zed_ros2:/home/mae-emrl3172/ros2_ws/install/zed_wrapper:/home/mae-emrl3172/ros2_ws/install/sUAV:/opt/ros/humble LD_LIBRARY_PATH=/home/mae-emrl3172/ros2_ws/install/zed_components/lib:/home/mae-emrl3172/ros2_ws/install/zed_interfaces/lib:/usr/local/cuda-12.2/lib64:/opt/ros/humble/opt/rviz_ogre_vendor/lib:/opt/ros/humble/lib/aarch64-linux-gnu:/opt/ros/humble/lib:/usr/local/cuda-12.2/lib64 /usr/bin/cmake --install /home/mae-emrl3172/ros2_ws/build/zed_wrapper
[18.203s] INFO:colcon.colcon_core.shell:Creating environment descriptor '/home/mae-emrl3172/ros2_ws/install/zed_wrapper/share/zed_wrapper/hook/cmake_prefix_path.dsv'
[18.204s] INFO:colcon.colcon_core.shell:Creating environment hook '/home/mae-emrl3172/ros2_ws/install/zed_wrapper/share/zed_wrapper/hook/cmake_prefix_path.sh'
[18.206s] Level 1:colcon.colcon_core.environment:checking '/home/mae-emrl3172/ros2_ws/install/zed_wrapper/lib'
[18.207s] Level 1:colcon.colcon_core.environment:checking '/home/mae-emrl3172/ros2_ws/install/zed_wrapper/bin'
[18.207s] Level 1:colcon.colcon_core.environment:checking '/home/mae-emrl3172/ros2_ws/install/zed_wrapper/lib/pkgconfig/zed_wrapper.pc'
[18.208s] Level 1:colcon.colcon_core.environment:checking '/home/mae-emrl3172/ros2_ws/install/zed_wrapper/lib/python3.10/site-packages'
[18.209s] Level 1:colcon.colcon_core.environment:checking '/home/mae-emrl3172/ros2_ws/install/zed_wrapper/bin'
[18.210s] INFO:colcon.colcon_core.shell:Creating package script '/home/mae-emrl3172/ros2_ws/install/zed_wrapper/share/zed_wrapper/package.ps1'
[18.212s] INFO:colcon.colcon_core.shell:Creating package descriptor '/home/mae-emrl3172/ros2_ws/install/zed_wrapper/share/zed_wrapper/package.dsv'
[18.214s] INFO:colcon.colcon_core.shell:Creating package script '/home/mae-emrl3172/ros2_ws/install/zed_wrapper/share/zed_wrapper/package.sh'
[18.216s] INFO:colcon.colcon_core.shell:Creating package script '/home/mae-emrl3172/ros2_ws/install/zed_wrapper/share/zed_wrapper/package.bash'
[18.217s] INFO:colcon.colcon_core.shell:Creating package script '/home/mae-emrl3172/ros2_ws/install/zed_wrapper/share/zed_wrapper/package.zsh'
[18.218s] Level 1:colcon.colcon_core.environment:create_file_with_runtime_dependencies(/home/mae-emrl3172/ros2_ws/install/zed_wrapper/share/colcon-core/packages/zed_wrapper)
[18.276s] Level 1:colcon.colcon_core.environment:create_environment_scripts_only(zed_wrapper)
[18.277s] Level 1:colcon.colcon_core.environment:checking '/home/mae-emrl3172/ros2_ws/install/zed_wrapper' for CMake module files
[18.278s] Level 1:colcon.colcon_core.environment:checking '/home/mae-emrl3172/ros2_ws/install/zed_wrapper' for CMake config files
[18.279s] Level 1:colcon.colcon_core.shell:create_environment_hook('zed_wrapper', 'cmake_prefix_path')
[18.280s] INFO:colcon.colcon_core.shell:Creating environment hook '/home/mae-emrl3172/ros2_ws/install/zed_wrapper/share/zed_wrapper/hook/cmake_prefix_path.ps1'
[18.281s] INFO:colcon.colcon_core.shell:Creating environment descriptor '/home/mae-emrl3172/ros2_ws/install/zed_wrapper/share/zed_wrapper/hook/cmake_prefix_path.dsv'
[18.283s] INFO:colcon.colcon_core.shell:Creating environment hook '/home/mae-emrl3172/ros2_ws/install/zed_wrapper/share/zed_wrapper/hook/cmake_prefix_path.sh'
[18.285s] Level 1:colcon.colcon_core.environment:checking '/home/mae-emrl3172/ros2_ws/install/zed_wrapper/lib'
[18.285s] Level 1:colcon.colcon_core.environment:checking '/home/mae-emrl3172/ros2_ws/install/zed_wrapper/bin'
[18.285s] Level 1:colcon.colcon_core.environment:checking '/home/mae-emrl3172/ros2_ws/install/zed_wrapper/lib/pkgconfig/zed_wrapper.pc'
[18.286s] Level 1:colcon.colcon_core.environment:checking '/home/mae-emrl3172/ros2_ws/install/zed_wrapper/lib/python3.10/site-packages'
[18.287s] Level 1:colcon.colcon_core.environment:checking '/home/mae-emrl3172/ros2_ws/install/zed_wrapper/bin'
[18.288s] INFO:colcon.colcon_core.shell:Creating package script '/home/mae-emrl3172/ros2_ws/install/zed_wrapper/share/zed_wrapper/package.ps1'
[18.290s] INFO:colcon.colcon_core.shell:Creating package descriptor '/home/mae-emrl3172/ros2_ws/install/zed_wrapper/share/zed_wrapper/package.dsv'
[18.292s] INFO:colcon.colcon_core.shell:Creating package script '/home/mae-emrl3172/ros2_ws/install/zed_wrapper/share/zed_wrapper/package.sh'
[18.293s] INFO:colcon.colcon_core.shell:Creating package script '/home/mae-emrl3172/ros2_ws/install/zed_wrapper/share/zed_wrapper/package.bash'
[18.295s] INFO:colcon.colcon_core.shell:Creating package script '/home/mae-emrl3172/ros2_ws/install/zed_wrapper/share/zed_wrapper/package.zsh'
[18.296s] Level 1:colcon.colcon_core.environment:create_file_with_runtime_dependencies(/home/mae-emrl3172/ros2_ws/install/zed_wrapper/share/colcon-core/packages/zed_wrapper)
[18.298s] INFO:colcon.colcon_ros.task.ament_cmake.build:Building ROS package in '/home/mae-emrl3172/ros2_ws/src/zed-ros2-wrapper/zed_ros2' with build type 'ament_cmake'
[18.300s] INFO:colcon.colcon_cmake.task.cmake.build:Building CMake package in '/home/mae-emrl3172/ros2_ws/src/zed-ros2-wrapper/zed_ros2'
[18.301s] INFO:colcon.colcon_core.shell:Skip shell extension 'powershell' for command environment: Not usable outside of PowerShell
[18.301s] DEBUG:colcon.colcon_core.shell:Skip shell extension 'dsv' for command environment
[18.343s] DEBUG:colcon.colcon_core.event_handler.log_command:Invoking command in '/home/mae-emrl3172/ros2_ws/build/zed_ros2': CMAKE_PREFIX_PATH=/home/mae-emrl3172/ros2_ws/install/zed_wrapper:/home/mae-emrl3172/ros2_ws/install/zed_components:/home/mae-emrl3172/ros2_ws/install/zed_interfaces:/home/mae-emrl3172/ros2_ws/install/zed_ros2:/home/mae-emrl3172/ros2_ws/install/sUAV:/opt/ros/humble LD_LIBRARY_PATH=/home/mae-emrl3172/ros2_ws/install/zed_components/lib:/home/mae-emrl3172/ros2_ws/install/zed_interfaces/lib:/usr/local/cuda-12.2/lib64:/opt/ros/humble/opt/rviz_ogre_vendor/lib:/opt/ros/humble/lib/aarch64-linux-gnu:/opt/ros/humble/lib:/usr/local/cuda-12.2/lib64 /usr/bin/cmake /home/mae-emrl3172/ros2_ws/src/zed-ros2-wrapper/zed_ros2 -DCMAKE_BUILD_TYPE=Release -DAMENT_CMAKE_SYMLINK_INSTALL=1 -DCMAKE_INSTALL_PREFIX=/home/mae-emrl3172/ros2_ws/install/zed_ros2
[18.898s] DEBUG:colcon.colcon_core.event_handler.log_command:Invoked command in '/home/mae-emrl3172/ros2_ws/build/zed_ros2' returned '0': CMAKE_PREFIX_PATH=/home/mae-emrl3172/ros2_ws/install/zed_wrapper:/home/mae-emrl3172/ros2_ws/install/zed_components:/home/mae-emrl3172/ros2_ws/install/zed_interfaces:/home/mae-emrl3172/ros2_ws/install/zed_ros2:/home/mae-emrl3172/ros2_ws/install/sUAV:/opt/ros/humble LD_LIBRARY_PATH=/home/mae-emrl3172/ros2_ws/install/zed_components/lib:/home/mae-emrl3172/ros2_ws/install/zed_interfaces/lib:/usr/local/cuda-12.2/lib64:/opt/ros/humble/opt/rviz_ogre_vendor/lib:/opt/ros/humble/lib/aarch64-linux-gnu:/opt/ros/humble/lib:/usr/local/cuda-12.2/lib64 /usr/bin/cmake /home/mae-emrl3172/ros2_ws/src/zed-ros2-wrapper/zed_ros2 -DCMAKE_BUILD_TYPE=Release -DAMENT_CMAKE_SYMLINK_INSTALL=1 -DCMAKE_INSTALL_PREFIX=/home/mae-emrl3172/ros2_ws/install/zed_ros2
[18.901s] DEBUG:colcon.colcon_core.event_handler.log_command:Invoking command in '/home/mae-emrl3172/ros2_ws/build/zed_ros2': CMAKE_PREFIX_PATH=/home/mae-emrl3172/ros2_ws/install/zed_wrapper:/home/mae-emrl3172/ros2_ws/install/zed_components:/home/mae-emrl3172/ros2_ws/install/zed_interfaces:/home/mae-emrl3172/ros2_ws/install/zed_ros2:/home/mae-emrl3172/ros2_ws/install/sUAV:/opt/ros/humble LD_LIBRARY_PATH=/home/mae-emrl3172/ros2_ws/install/zed_components/lib:/home/mae-emrl3172/ros2_ws/install/zed_interfaces/lib:/usr/local/cuda-12.2/lib64:/opt/ros/humble/opt/rviz_ogre_vendor/lib:/opt/ros/humble/lib/aarch64-linux-gnu:/opt/ros/humble/lib:/usr/local/cuda-12.2/lib64 /usr/bin/cmake --build /home/mae-emrl3172/ros2_ws/build/zed_ros2 -- -j6 -l6
[18.992s] DEBUG:colcon.colcon_core.event_handler.log_command:Invoked command in '/home/mae-emrl3172/ros2_ws/build/zed_ros2' returned '0': CMAKE_PREFIX_PATH=/home/mae-emrl3172/ros2_ws/install/zed_wrapper:/home/mae-emrl3172/ros2_ws/install/zed_components:/home/mae-emrl3172/ros2_ws/install/zed_interfaces:/home/mae-emrl3172/ros2_ws/install/zed_ros2:/home/mae-emrl3172/ros2_ws/install/sUAV:/opt/ros/humble LD_LIBRARY_PATH=/home/mae-emrl3172/ros2_ws/install/zed_components/lib:/home/mae-emrl3172/ros2_ws/install/zed_interfaces/lib:/usr/local/cuda-12.2/lib64:/opt/ros/humble/opt/rviz_ogre_vendor/lib:/opt/ros/humble/lib/aarch64-linux-gnu:/opt/ros/humble/lib:/usr/local/cuda-12.2/lib64 /usr/bin/cmake --build /home/mae-emrl3172/ros2_ws/build/zed_ros2 -- -j6 -l6
[19.047s] DEBUG:colcon.colcon_core.event_handler.log_command:Invoking command in '/home/mae-emrl3172/ros2_ws/build/zed_ros2': CMAKE_PREFIX_PATH=/home/mae-emrl3172/ros2_ws/install/zed_wrapper:/home/mae-emrl3172/ros2_ws/install/zed_components:/home/mae-emrl3172/ros2_ws/install/zed_interfaces:/home/mae-emrl3172/ros2_ws/install/zed_ros2:/home/mae-emrl3172/ros2_ws/install/sUAV:/opt/ros/humble LD_LIBRARY_PATH=/home/mae-emrl3172/ros2_ws/install/zed_components/lib:/home/mae-emrl3172/ros2_ws/install/zed_interfaces/lib:/usr/local/cuda-12.2/lib64:/opt/ros/humble/opt/rviz_ogre_vendor/lib:/opt/ros/humble/lib/aarch64-linux-gnu:/opt/ros/humble/lib:/usr/local/cuda-12.2/lib64 /usr/bin/cmake --install /home/mae-emrl3172/ros2_ws/build/zed_ros2
[19.104s] Level 1:colcon.colcon_core.environment:create_environment_scripts_only(zed_ros2)
[19.106s] Level 1:colcon.colcon_core.environment:checking '/home/mae-emrl3172/ros2_ws/install/zed_ros2' for CMake module files
[19.108s] DEBUG:colcon.colcon_core.event_handler.log_command:Invoked command in '/home/mae-emrl3172/ros2_ws/build/zed_ros2' returned '0': CMAKE_PREFIX_PATH=/home/mae-emrl3172/ros2_ws/install/zed_wrapper:/home/mae-emrl3172/ros2_ws/install/zed_components:/home/mae-emrl3172/ros2_ws/install/zed_interfaces:/home/mae-emrl3172/ros2_ws/install/zed_ros2:/home/mae-emrl3172/ros2_ws/install/sUAV:/opt/ros/humble LD_LIBRARY_PATH=/home/mae-emrl3172/ros2_ws/install/zed_components/lib:/home/mae-emrl3172/ros2_ws/install/zed_interfaces/lib:/usr/local/cuda-12.2/lib64:/opt/ros/humble/opt/rviz_ogre_vendor/lib:/opt/ros/humble/lib/aarch64-linux-gnu:/opt/ros/humble/lib:/usr/local/cuda-12.2/lib64 /usr/bin/cmake --install /home/mae-emrl3172/ros2_ws/build/zed_ros2
[19.109s] Level 1:colcon.colcon_core.environment:checking '/home/mae-emrl3172/ros2_ws/install/zed_ros2' for CMake config files
[19.110s] Level 1:colcon.colcon_core.shell:create_environment_hook('zed_ros2', 'cmake_prefix_path')
[19.111s] INFO:colcon.colcon_core.shell:Creating environment hook '/home/mae-emrl3172/ros2_ws/install/zed_ros2/share/zed_ros2/hook/cmake_prefix_path.ps1'
[19.113s] INFO:colcon.colcon_core.shell:Creating environment descriptor '/home/mae-emrl3172/ros2_ws/install/zed_ros2/share/zed_ros2/hook/cmake_prefix_path.dsv'
[19.114s] INFO:colcon.colcon_core.shell:Creating environment hook '/home/mae-emrl3172/ros2_ws/install/zed_ros2/share/zed_ros2/hook/cmake_prefix_path.sh'
[19.117s] Level 1:colcon.colcon_core.environment:checking '/home/mae-emrl3172/ros2_ws/install/zed_ros2/bin'
[19.118s] Level 1:colcon.colcon_core.environment:checking '/home/mae-emrl3172/ros2_ws/install/zed_ros2/lib/pkgconfig/zed_ros2.pc'
[19.118s] Level 1:colcon.colcon_core.environment:checking '/home/mae-emrl3172/ros2_ws/install/zed_ros2/lib/python3.10/site-packages'
[19.119s] Level 1:colcon.colcon_core.environment:checking '/home/mae-emrl3172/ros2_ws/install/zed_ros2/bin'
[19.120s] INFO:colcon.colcon_core.shell:Creating package script '/home/mae-emrl3172/ros2_ws/install/zed_ros2/share/zed_ros2/package.ps1'
[19.122s] INFO:colcon.colcon_core.shell:Creating package descriptor '/home/mae-emrl3172/ros2_ws/install/zed_ros2/share/zed_ros2/package.dsv'
[19.124s] INFO:colcon.colcon_core.shell:Creating package script '/home/mae-emrl3172/ros2_ws/install/zed_ros2/share/zed_ros2/package.sh'
[19.125s] INFO:colcon.colcon_core.shell:Creating package script '/home/mae-emrl3172/ros2_ws/install/zed_ros2/share/zed_ros2/package.bash'
[19.126s] INFO:colcon.colcon_core.shell:Creating package script '/home/mae-emrl3172/ros2_ws/install/zed_ros2/share/zed_ros2/package.zsh'
[19.128s] Level 1:colcon.colcon_core.environment:create_file_with_runtime_dependencies(/home/mae-emrl3172/ros2_ws/install/zed_ros2/share/colcon-core/packages/zed_ros2)
[19.178s] Level 1:colcon.colcon_core.environment:create_environment_scripts_only(zed_ros2)
[19.179s] Level 1:colcon.colcon_core.environment:checking '/home/mae-emrl3172/ros2_ws/install/zed_ros2' for CMake module files
[19.181s] Level 1:colcon.colcon_core.environment:checking '/home/mae-emrl3172/ros2_ws/install/zed_ros2' for CMake config files
[19.182s] Level 1:colcon.colcon_core.shell:create_environment_hook('zed_ros2', 'cmake_prefix_path')
[19.182s] INFO:colcon.colcon_core.shell:Creating environment hook '/home/mae-emrl3172/ros2_ws/install/zed_ros2/share/zed_ros2/hook/cmake_prefix_path.ps1'
[19.183s] INFO:colcon.colcon_core.shell:Creating environment descriptor '/home/mae-emrl3172/ros2_ws/install/zed_ros2/share/zed_ros2/hook/cmake_prefix_path.dsv'
[19.185s] INFO:colcon.colcon_core.shell:Creating environment hook '/home/mae-emrl3172/ros2_ws/install/zed_ros2/share/zed_ros2/hook/cmake_prefix_path.sh'
[19.186s] Level 1:colcon.colcon_core.environment:checking '/home/mae-emrl3172/ros2_ws/install/zed_ros2/bin'
[19.187s] Level 1:colcon.colcon_core.environment:checking '/home/mae-emrl3172/ros2_ws/install/zed_ros2/lib/pkgconfig/zed_ros2.pc'
[19.188s] Level 1:colcon.colcon_core.environment:checking '/home/mae-emrl3172/ros2_ws/install/zed_ros2/lib/python3.10/site-packages'
[19.188s] Level 1:colcon.colcon_core.environment:checking '/home/mae-emrl3172/ros2_ws/install/zed_ros2/bin'
[19.189s] INFO:colcon.colcon_core.shell:Creating package script '/home/mae-emrl3172/ros2_ws/install/zed_ros2/share/zed_ros2/package.ps1'
[19.190s] INFO:colcon.colcon_core.shell:Creating package descriptor '/home/mae-emrl3172/ros2_ws/install/zed_ros2/share/zed_ros2/package.dsv'
[19.192s] INFO:colcon.colcon_core.shell:Creating package script '/home/mae-emrl3172/ros2_ws/install/zed_ros2/share/zed_ros2/package.sh'
[19.193s] INFO:colcon.colcon_core.shell:Creating package script '/home/mae-emrl3172/ros2_ws/install/zed_ros2/share/zed_ros2/package.bash'
[19.195s] INFO:colcon.colcon_core.shell:Creating package script '/home/mae-emrl3172/ros2_ws/install/zed_ros2/share/zed_ros2/package.zsh'
[19.196s] Level 1:colcon.colcon_core.environment:create_file_with_runtime_dependencies(/home/mae-emrl3172/ros2_ws/install/zed_ros2/share/colcon-core/packages/zed_ros2)
[19.197s] DEBUG:colcon.colcon_parallel_executor.executor.parallel:closing loop
[19.198s] DEBUG:colcon.colcon_parallel_executor.executor.parallel:loop closed
[19.198s] DEBUG:colcon.colcon_parallel_executor.executor.parallel:run_until_complete finished with '0'
[19.198s] DEBUG:colcon.colcon_core.event_reactor:joining thread
[19.221s] INFO:colcon.colcon_core.plugin_system:Skipping extension 'colcon_notification.desktop_notification.terminal_notifier': Not used on non-Darwin systems
[19.222s] INFO:colcon.colcon_core.plugin_system:Skipping extension 'colcon_notification.desktop_notification.win32': Not used on non-Windows systems
[19.222s] INFO:colcon.colcon_notification.desktop_notification:Sending desktop notification using 'notify2'
[19.275s] DEBUG:colcon.colcon_core.event_reactor:joined thread
[19.276s] INFO:colcon.colcon_core.shell:Creating prefix script '/home/mae-emrl3172/ros2_ws/install/local_setup.ps1'
[19.279s] INFO:colcon.colcon_core.shell:Creating prefix util module '/home/mae-emrl3172/ros2_ws/install/_local_setup_util_ps1.py'
[19.283s] INFO:colcon.colcon_core.shell:Creating prefix chain script '/home/mae-emrl3172/ros2_ws/install/setup.ps1'
[19.286s] INFO:colcon.colcon_core.shell:Creating prefix script '/home/mae-emrl3172/ros2_ws/install/local_setup.sh'
[19.288s] INFO:colcon.colcon_core.shell:Creating prefix util module '/home/mae-emrl3172/ros2_ws/install/_local_setup_util_sh.py'
[19.290s] INFO:colcon.colcon_core.shell:Creating prefix chain script '/home/mae-emrl3172/ros2_ws/install/setup.sh'
[19.292s] INFO:colcon.colcon_core.shell:Creating prefix script '/home/mae-emrl3172/ros2_ws/install/local_setup.bash'
[19.294s] INFO:colcon.colcon_core.shell:Creating prefix chain script '/home/mae-emrl3172/ros2_ws/install/setup.bash'
[19.297s] INFO:colcon.colcon_core.shell:Creating prefix script '/home/mae-emrl3172/ros2_ws/install/local_setup.zsh'
[19.298s] INFO:colcon.colcon_core.shell:Creating prefix chain script '/home/mae-emrl3172/ros2_ws/install/setup.zsh'
