[0.026s] Invoking command in '/home/mae-emrl3172/ros2_ws/build/zed_components': CMAKE_PREFIX_PATH=/home/mae-emrl3172/ros2_ws/install/zed_interfaces:/home/mae-emrl3172/ros2_ws/install/zed_ros2:/home/mae-emrl3172/ros2_ws/install/zed_wrapper:/home/mae-emrl3172/ros2_ws/install/zed_components:/home/mae-emrl3172/ros2_ws/install/sUAV:/opt/ros/humble LD_LIBRARY_PATH=/home/mae-emrl3172/ros2_ws/install/zed_interfaces/lib:/home/mae-emrl3172/ros2_ws/install/zed_components/lib:/usr/local/cuda-12.2/lib64:/opt/ros/humble/opt/rviz_ogre_vendor/lib:/opt/ros/humble/lib/aarch64-linux-gnu:/opt/ros/humble/lib:/usr/local/cuda-12.2/lib64 /usr/bin/cmake /home/mae-emrl3172/ros2_ws/src/zed-ros2-wrapper/zed_components -DCMAKE_BUILD_TYPE=Release -DAMENT_CMAKE_SYMLINK_INSTALL=1 -DCMAKE_INSTALL_PREFIX=/home/mae-emrl3172/ros2_ws/install/zed_components
[0.147s] -- Found CUDA: /usr/local/cuda-12.2 (found suitable version "12.2", minimum required is "12.2") 
[0.195s] -- Found CUDA: /usr/local/cuda-12.2 (found version "12.2") 
[0.197s] -- Found ament_cmake_auto: 1.3.8 (/opt/ros/humble/share/ament_cmake_auto/cmake)
[0.480s] -- Override CMake install command with custom implementation using symlinks instead of copying resources
[0.735s] -- Found rosidl_generator_c: 3.1.5 (/opt/ros/humble/share/rosidl_generator_c/cmake)
[0.740s] -- Found rosidl_adapter: 3.1.5 (/opt/ros/humble/share/rosidl_adapter/cmake)
[0.753s] -- Found rosidl_generator_cpp: 3.1.5 (/opt/ros/humble/share/rosidl_generator_cpp/cmake)
[0.775s] -- Using all available rosidl_typesupport_c: rosidl_typesupport_fastrtps_c;rosidl_typesupport_introspection_c
[0.805s] -- Using all available rosidl_typesupport_cpp: rosidl_typesupport_fastrtps_cpp;rosidl_typesupport_introspection_cpp
[1.345s] -- Found rmw_implementation_cmake: 6.1.1 (/opt/ros/humble/share/rmw_implementation_cmake/cmake)
[1.348s] -- Found rmw_fastrtps_cpp: 6.2.6 (/opt/ros/humble/share/rmw_fastrtps_cpp/cmake)
[1.570s] -- Using RMW implementation 'rmw_fastrtps_cpp' as default
[3.269s] -- Found eigen3_cmake_module: 0.1.1 (/opt/ros/humble/share/eigen3_cmake_module/cmake)
[3.271s] -- Ensuring Eigen3 include directory is part of orocos-kdl CMake target
[3.982s] -- Found ament_lint_auto: 0.12.10 (/opt/ros/humble/share/ament_lint_auto/cmake)
[4.021s] -- Added test 'copyright' to check source files copyright and LICENSE
[4.024s] -- Added test 'cppcheck' to perform static code analysis on C / C++ code
[4.024s] -- Configured cppcheck include dirs: /home/mae-emrl3172/ros2_ws/src/zed-ros2-wrapper/zed_components/src/include;/home/mae-emrl3172/ros2_ws/src/zed-ros2-wrapper/zed_components/src/zed_camera/include;/home/mae-emrl3172/ros2_ws/src/zed-ros2-wrapper/zed_components/src/tools/include
[4.024s] -- Configured cppcheck exclude dirs and/or files: 
[4.026s] -- Added test 'lint_cmake' to check CMake code style
[4.028s] -- Added test 'uncrustify' to check C / C++ code style
[4.029s] -- Configured uncrustify additional arguments: 
[4.029s] -- Added test 'xmllint' to check XML markup files
[4.035s] -- Configuring done
[4.086s] -- Generating done
[4.093s] -- Build files have been written to: /home/mae-emrl3172/ros2_ws/build/zed_components
[4.129s] Invoked command in '/home/mae-emrl3172/ros2_ws/build/zed_components' returned '0': CMAKE_PREFIX_PATH=/home/mae-emrl3172/ros2_ws/install/zed_interfaces:/home/mae-emrl3172/ros2_ws/install/zed_ros2:/home/mae-emrl3172/ros2_ws/install/zed_wrapper:/home/mae-emrl3172/ros2_ws/install/zed_components:/home/mae-emrl3172/ros2_ws/install/sUAV:/opt/ros/humble LD_LIBRARY_PATH=/home/mae-emrl3172/ros2_ws/install/zed_interfaces/lib:/home/mae-emrl3172/ros2_ws/install/zed_components/lib:/usr/local/cuda-12.2/lib64:/opt/ros/humble/opt/rviz_ogre_vendor/lib:/opt/ros/humble/lib/aarch64-linux-gnu:/opt/ros/humble/lib:/usr/local/cuda-12.2/lib64 /usr/bin/cmake /home/mae-emrl3172/ros2_ws/src/zed-ros2-wrapper/zed_components -DCMAKE_BUILD_TYPE=Release -DAMENT_CMAKE_SYMLINK_INSTALL=1 -DCMAKE_INSTALL_PREFIX=/home/mae-emrl3172/ros2_ws/install/zed_components
[4.135s] Invoking command in '/home/mae-emrl3172/ros2_ws/build/zed_components': CMAKE_PREFIX_PATH=/home/mae-emrl3172/ros2_ws/install/zed_interfaces:/home/mae-emrl3172/ros2_ws/install/zed_ros2:/home/mae-emrl3172/ros2_ws/install/zed_wrapper:/home/mae-emrl3172/ros2_ws/install/zed_components:/home/mae-emrl3172/ros2_ws/install/sUAV:/opt/ros/humble LD_LIBRARY_PATH=/home/mae-emrl3172/ros2_ws/install/zed_interfaces/lib:/home/mae-emrl3172/ros2_ws/install/zed_components/lib:/usr/local/cuda-12.2/lib64:/opt/ros/humble/opt/rviz_ogre_vendor/lib:/opt/ros/humble/lib/aarch64-linux-gnu:/opt/ros/humble/lib:/usr/local/cuda-12.2/lib64 /usr/bin/cmake --build /home/mae-emrl3172/ros2_ws/build/zed_components -- -j6 -l6
[4.238s] [35m[1mConsolidate compiler generated dependencies of target zed_camera_component[0m
[4.305s] [100%] Built target zed_camera_component
[4.339s] Invoked command in '/home/mae-emrl3172/ros2_ws/build/zed_components' returned '0': CMAKE_PREFIX_PATH=/home/mae-emrl3172/ros2_ws/install/zed_interfaces:/home/mae-emrl3172/ros2_ws/install/zed_ros2:/home/mae-emrl3172/ros2_ws/install/zed_wrapper:/home/mae-emrl3172/ros2_ws/install/zed_components:/home/mae-emrl3172/ros2_ws/install/sUAV:/opt/ros/humble LD_LIBRARY_PATH=/home/mae-emrl3172/ros2_ws/install/zed_interfaces/lib:/home/mae-emrl3172/ros2_ws/install/zed_components/lib:/usr/local/cuda-12.2/lib64:/opt/ros/humble/opt/rviz_ogre_vendor/lib:/opt/ros/humble/lib/aarch64-linux-gnu:/opt/ros/humble/lib:/usr/local/cuda-12.2/lib64 /usr/bin/cmake --build /home/mae-emrl3172/ros2_ws/build/zed_components -- -j6 -l6
[4.421s] Invoking command in '/home/mae-emrl3172/ros2_ws/build/zed_components': CMAKE_PREFIX_PATH=/home/mae-emrl3172/ros2_ws/install/zed_interfaces:/home/mae-emrl3172/ros2_ws/install/zed_ros2:/home/mae-emrl3172/ros2_ws/install/zed_wrapper:/home/mae-emrl3172/ros2_ws/install/zed_components:/home/mae-emrl3172/ros2_ws/install/sUAV:/opt/ros/humble LD_LIBRARY_PATH=/home/mae-emrl3172/ros2_ws/install/zed_interfaces/lib:/home/mae-emrl3172/ros2_ws/install/zed_components/lib:/usr/local/cuda-12.2/lib64:/opt/ros/humble/opt/rviz_ogre_vendor/lib:/opt/ros/humble/lib/aarch64-linux-gnu:/opt/ros/humble/lib:/usr/local/cuda-12.2/lib64 /usr/bin/cmake --install /home/mae-emrl3172/ros2_ws/build/zed_components
[4.443s] -- Install configuration: "Release"
[4.444s] -- Execute custom install script
[4.446s] -- Up-to-date symlink: /home/mae-emrl3172/ros2_ws/install/zed_components/lib/libzed_camera_component.so
[4.447s] -- Up-to-date symlink: /home/mae-emrl3172/ros2_ws/install/zed_components/include/zed_components//cost_traversability.hpp
[4.447s] -- Up-to-date symlink: /home/mae-emrl3172/ros2_ws/install/zed_components/include/zed_components//sl_types.hpp
[4.447s] -- Up-to-date symlink: /home/mae-emrl3172/ros2_ws/install/zed_components/include/zed_components//zed_camera_component.hpp
[4.448s] -- Up-to-date symlink: /home/mae-emrl3172/ros2_ws/install/zed_components/include/zed_components//gnss_replay.hpp
[4.448s] -- Up-to-date symlink: /home/mae-emrl3172/ros2_ws/install/zed_components/include/zed_components//json.hpp
[4.448s] -- Up-to-date symlink: /home/mae-emrl3172/ros2_ws/install/zed_components/include/zed_components//sl_logging.hpp
[4.449s] -- Up-to-date symlink: /home/mae-emrl3172/ros2_ws/install/zed_components/include/zed_components//sl_tools.hpp
[4.450s] -- Up-to-date symlink: /home/mae-emrl3172/ros2_ws/install/zed_components/include/zed_components//sl_win_avg.hpp
[4.450s] -- Up-to-date symlink: /home/mae-emrl3172/ros2_ws/install/zed_components/include/zed_components//visibility_control.hpp
[4.450s] -- Up-to-date symlink: /home/mae-emrl3172/ros2_ws/install/zed_components/share/zed_components/environment/library_path.sh
[4.451s] -- Up-to-date symlink: /home/mae-emrl3172/ros2_ws/install/zed_components/share/zed_components/environment/library_path.dsv
[4.451s] -- Up-to-date symlink: /home/mae-emrl3172/ros2_ws/install/zed_components/share/ament_index/resource_index/package_run_dependencies/zed_components
[4.451s] -- Up-to-date symlink: /home/mae-emrl3172/ros2_ws/install/zed_components/share/ament_index/resource_index/parent_prefix_path/zed_components
[4.452s] -- Up-to-date symlink: /home/mae-emrl3172/ros2_ws/install/zed_components/share/zed_components/environment/ament_prefix_path.sh
[4.452s] -- Up-to-date symlink: /home/mae-emrl3172/ros2_ws/install/zed_components/share/zed_components/environment/ament_prefix_path.dsv
[4.452s] -- Up-to-date symlink: /home/mae-emrl3172/ros2_ws/install/zed_components/share/zed_components/environment/path.sh
[4.453s] -- Up-to-date symlink: /home/mae-emrl3172/ros2_ws/install/zed_components/share/zed_components/environment/path.dsv
[4.453s] -- Up-to-date symlink: /home/mae-emrl3172/ros2_ws/install/zed_components/share/zed_components/local_setup.bash
[4.453s] -- Up-to-date symlink: /home/mae-emrl3172/ros2_ws/install/zed_components/share/zed_components/local_setup.sh
[4.454s] -- Up-to-date symlink: /home/mae-emrl3172/ros2_ws/install/zed_components/share/zed_components/local_setup.zsh
[4.454s] -- Up-to-date symlink: /home/mae-emrl3172/ros2_ws/install/zed_components/share/zed_components/local_setup.dsv
[4.454s] -- Symlinking: /home/mae-emrl3172/ros2_ws/install/zed_components/share/zed_components/package.dsv
[4.476s] -- Up-to-date symlink: /home/mae-emrl3172/ros2_ws/install/zed_components/share/ament_index/resource_index/packages/zed_components
[4.476s] -- Up-to-date symlink: /home/mae-emrl3172/ros2_ws/install/zed_components/share/ament_index/resource_index/rclcpp_components/zed_components
[4.477s] -- Up-to-date symlink: /home/mae-emrl3172/ros2_ws/install/zed_components/share/zed_components/cmake/ament_cmake_export_include_directories-extras.cmake
[4.477s] -- Up-to-date symlink: /home/mae-emrl3172/ros2_ws/install/zed_components/share/zed_components/cmake/ament_cmake_export_libraries-extras.cmake
[4.477s] -- Up-to-date symlink: /home/mae-emrl3172/ros2_ws/install/zed_components/share/zed_components/cmake/ament_cmake_export_dependencies-extras.cmake
[4.478s] -- Up-to-date symlink: /home/mae-emrl3172/ros2_ws/install/zed_components/share/zed_components/cmake/zed_componentsConfig.cmake
[4.479s] -- Up-to-date symlink: /home/mae-emrl3172/ros2_ws/install/zed_components/share/zed_components/cmake/zed_componentsConfig-version.cmake
[4.479s] -- Up-to-date symlink: /home/mae-emrl3172/ros2_ws/install/zed_components/share/zed_components/package.xml
[4.487s] Invoked command in '/home/mae-emrl3172/ros2_ws/build/zed_components' returned '0': CMAKE_PREFIX_PATH=/home/mae-emrl3172/ros2_ws/install/zed_interfaces:/home/mae-emrl3172/ros2_ws/install/zed_ros2:/home/mae-emrl3172/ros2_ws/install/zed_wrapper:/home/mae-emrl3172/ros2_ws/install/zed_components:/home/mae-emrl3172/ros2_ws/install/sUAV:/opt/ros/humble LD_LIBRARY_PATH=/home/mae-emrl3172/ros2_ws/install/zed_interfaces/lib:/home/mae-emrl3172/ros2_ws/install/zed_components/lib:/usr/local/cuda-12.2/lib64:/opt/ros/humble/opt/rviz_ogre_vendor/lib:/opt/ros/humble/lib/aarch64-linux-gnu:/opt/ros/humble/lib:/usr/local/cuda-12.2/lib64 /usr/bin/cmake --install /home/mae-emrl3172/ros2_ws/build/zed_components
