[35m[1mConsolidate compiler generated dependencies of target cyglidar_d1_publisher[0m
[100%] Built target cyglidar_d1_publisher
-- Install configuration: ""
-- Up-to-date: /home/mae-emrl3172/ros2_ws/install/cyglidar_d1_ros2/lib/cyglidar_d1_ros2/cyglidar_d1_publisher
-- Up-to-date: /home/mae-emrl3172/ros2_ws/install/cyglidar_d1_ros2/include/include
-- Up-to-date: /home/mae-emrl3172/ros2_ws/install/cyglidar_d1_ros2/include/include/CYG_Constant.h
-- Up-to-date: /home/mae-emrl3172/ros2_ws/install/cyglidar_d1_ros2/include/include/CYG_Distortion.h
-- Up-to-date: /home/mae-emrl3172/ros2_ws/install/cyglidar_d1_ros2/include/include/CYG_Driver.h
-- Up-to-date: /home/mae-emrl3172/ros2_ws/install/cyglidar_d1_ros2/include/include/CYG_SerialUart.h
-- Up-to-date: /home/mae-emrl3172/ros2_ws/install/cyglidar_d1_ros2/include/include
-- Up-to-date: /home/mae-emrl3172/ros2_ws/install/cyglidar_d1_ros2/include/include/Topic2D.h
-- Up-to-date: /home/mae-emrl3172/ros2_ws/install/cyglidar_d1_ros2/include/include/Topic3D.h
-- Up-to-date: /home/mae-emrl3172/ros2_ws/install/cyglidar_d1_ros2/include/include/D1_Node.h
-- Up-to-date: /home/mae-emrl3172/ros2_ws/install/cyglidar_d1_ros2/share/cyglidar_d1_ros2/launch
-- Up-to-date: /home/mae-emrl3172/ros2_ws/install/cyglidar_d1_ros2/share/cyglidar_d1_ros2/launch/cyglidar.launch.py
-- Up-to-date: /home/mae-emrl3172/ros2_ws/install/cyglidar_d1_ros2/share/cyglidar_d1_ros2/launch/view_cyglidar.launch.py
-- Up-to-date: /home/mae-emrl3172/ros2_ws/install/cyglidar_d1_ros2/share/cyglidar_d1_ros2/rviz
-- Up-to-date: /home/mae-emrl3172/ros2_ws/install/cyglidar_d1_ros2/share/cyglidar_d1_ros2/rviz/cyglidar_config.rviz
-- Up-to-date: /home/mae-emrl3172/ros2_ws/install/cyglidar_d1_ros2/share/cyglidar_d1_ros2/scripts
-- Up-to-date: /home/mae-emrl3172/ros2_ws/install/cyglidar_d1_ros2/share/cyglidar_d1_ros2/scripts/cyglidar.rules
-- Up-to-date: /home/mae-emrl3172/ros2_ws/install/cyglidar_d1_ros2/share/cyglidar_d1_ros2/scripts/create_udev_rules.sh
-- Up-to-date: /home/mae-emrl3172/ros2_ws/install/cyglidar_d1_ros2/share/cyglidar_d1_ros2/scripts/delete_udev_rules.sh
-- Up-to-date: /home/mae-emrl3172/ros2_ws/install/cyglidar_d1_ros2/share/ament_index/resource_index/package_run_dependencies/cyglidar_d1_ros2
-- Up-to-date: /home/mae-emrl3172/ros2_ws/install/cyglidar_d1_ros2/share/ament_index/resource_index/parent_prefix_path/cyglidar_d1_ros2
-- Up-to-date: /home/mae-emrl3172/ros2_ws/install/cyglidar_d1_ros2/share/cyglidar_d1_ros2/environment/ament_prefix_path.sh
-- Up-to-date: /home/mae-emrl3172/ros2_ws/install/cyglidar_d1_ros2/share/cyglidar_d1_ros2/environment/ament_prefix_path.dsv
-- Up-to-date: /home/mae-emrl3172/ros2_ws/install/cyglidar_d1_ros2/share/cyglidar_d1_ros2/environment/path.sh
-- Up-to-date: /home/mae-emrl3172/ros2_ws/install/cyglidar_d1_ros2/share/cyglidar_d1_ros2/environment/path.dsv
-- Up-to-date: /home/mae-emrl3172/ros2_ws/install/cyglidar_d1_ros2/share/cyglidar_d1_ros2/local_setup.bash
-- Up-to-date: /home/mae-emrl3172/ros2_ws/install/cyglidar_d1_ros2/share/cyglidar_d1_ros2/local_setup.sh
-- Up-to-date: /home/mae-emrl3172/ros2_ws/install/cyglidar_d1_ros2/share/cyglidar_d1_ros2/local_setup.zsh
-- Up-to-date: /home/mae-emrl3172/ros2_ws/install/cyglidar_d1_ros2/share/cyglidar_d1_ros2/local_setup.dsv
-- Installing: /home/mae-emrl3172/ros2_ws/install/cyglidar_d1_ros2/share/cyglidar_d1_ros2/package.dsv
-- Up-to-date: /home/mae-emrl3172/ros2_ws/install/cyglidar_d1_ros2/share/ament_index/resource_index/packages/cyglidar_d1_ros2
-- Up-to-date: /home/mae-emrl3172/ros2_ws/install/cyglidar_d1_ros2/share/cyglidar_d1_ros2/cmake/ament_cmake_export_include_directories-extras.cmake
-- Up-to-date: /home/mae-emrl3172/ros2_ws/install/cyglidar_d1_ros2/share/cyglidar_d1_ros2/cmake/ament_cmake_export_dependencies-extras.cmake
-- Up-to-date: /home/mae-emrl3172/ros2_ws/install/cyglidar_d1_ros2/share/cyglidar_d1_ros2/cmake/cyglidar_d1_ros2Config.cmake
-- Up-to-date: /home/mae-emrl3172/ros2_ws/install/cyglidar_d1_ros2/share/cyglidar_d1_ros2/cmake/cyglidar_d1_ros2Config-version.cmake
-- Up-to-date: /home/mae-emrl3172/ros2_ws/install/cyglidar_d1_ros2/share/cyglidar_d1_ros2/package.xml
