[0.040s] Invoking command in '/home/mae-emrl3172/ros2_ws/build/cyglidar_d1_ros2': CMAKE_PREFIX_PATH=${CMAKE_PREFIX_PATH}:/home/mae-emrl3172/ros2_ws/install/sUAV:/opt/ros/humble /usr/bin/cmake --build /home/mae-emrl3172/ros2_ws/build/cyglidar_d1_ros2 -- -j6 -l6
[0.259s] [35m[1mConsolidate compiler generated dependencies of target cyglidar_d1_publisher[0m
[0.563s] [100%] Built target cyglidar_d1_publisher
[0.700s] Invoked command in '/home/mae-emrl3172/ros2_ws/build/cyglidar_d1_ros2' returned '0': CMAKE_PREFIX_PATH=${CMAKE_PREFIX_PATH}:/home/mae-emrl3172/ros2_ws/install/sUAV:/opt/ros/humble /usr/bin/cmake --build /home/mae-emrl3172/ros2_ws/build/cyglidar_d1_ros2 -- -j6 -l6
[0.853s] Invoking command in '/home/mae-emrl3172/ros2_ws/build/cyglidar_d1_ros2': CMAKE_PREFIX_PATH=${CMAKE_PREFIX_PATH}:/home/mae-emrl3172/ros2_ws/install/sUAV:/opt/ros/humble /usr/bin/cmake --install /home/mae-emrl3172/ros2_ws/build/cyglidar_d1_ros2
[0.875s] -- Install configuration: ""
[0.875s] -- Up-to-date: /home/mae-emrl3172/ros2_ws/install/cyglidar_d1_ros2/lib/cyglidar_d1_ros2/cyglidar_d1_publisher
[0.875s] -- Up-to-date: /home/mae-emrl3172/ros2_ws/install/cyglidar_d1_ros2/include/include
[0.875s] -- Up-to-date: /home/mae-emrl3172/ros2_ws/install/cyglidar_d1_ros2/include/include/CYG_Constant.h
[0.876s] -- Up-to-date: /home/mae-emrl3172/ros2_ws/install/cyglidar_d1_ros2/include/include/CYG_Distortion.h
[0.876s] -- Up-to-date: /home/mae-emrl3172/ros2_ws/install/cyglidar_d1_ros2/include/include/CYG_Driver.h
[0.876s] -- Up-to-date: /home/mae-emrl3172/ros2_ws/install/cyglidar_d1_ros2/include/include/CYG_SerialUart.h
[0.876s] -- Up-to-date: /home/mae-emrl3172/ros2_ws/install/cyglidar_d1_ros2/include/include
[0.876s] -- Up-to-date: /home/mae-emrl3172/ros2_ws/install/cyglidar_d1_ros2/include/include/Topic2D.h
[0.877s] -- Up-to-date: /home/mae-emrl3172/ros2_ws/install/cyglidar_d1_ros2/include/include/Topic3D.h
[0.877s] -- Up-to-date: /home/mae-emrl3172/ros2_ws/install/cyglidar_d1_ros2/include/include/D1_Node.h
[0.877s] -- Up-to-date: /home/mae-emrl3172/ros2_ws/install/cyglidar_d1_ros2/share/cyglidar_d1_ros2/launch
[0.877s] -- Up-to-date: /home/mae-emrl3172/ros2_ws/install/cyglidar_d1_ros2/share/cyglidar_d1_ros2/launch/cyglidar.launch.py
[0.877s] -- Up-to-date: /home/mae-emrl3172/ros2_ws/install/cyglidar_d1_ros2/share/cyglidar_d1_ros2/launch/view_cyglidar.launch.py
[0.877s] -- Up-to-date: /home/mae-emrl3172/ros2_ws/install/cyglidar_d1_ros2/share/cyglidar_d1_ros2/rviz
[0.877s] -- Up-to-date: /home/mae-emrl3172/ros2_ws/install/cyglidar_d1_ros2/share/cyglidar_d1_ros2/rviz/cyglidar_config.rviz
[0.877s] -- Up-to-date: /home/mae-emrl3172/ros2_ws/install/cyglidar_d1_ros2/share/cyglidar_d1_ros2/scripts
[0.878s] -- Up-to-date: /home/mae-emrl3172/ros2_ws/install/cyglidar_d1_ros2/share/cyglidar_d1_ros2/scripts/cyglidar.rules
[0.878s] -- Up-to-date: /home/mae-emrl3172/ros2_ws/install/cyglidar_d1_ros2/share/cyglidar_d1_ros2/scripts/create_udev_rules.sh
[0.878s] -- Up-to-date: /home/mae-emrl3172/ros2_ws/install/cyglidar_d1_ros2/share/cyglidar_d1_ros2/scripts/delete_udev_rules.sh
[0.878s] -- Up-to-date: /home/mae-emrl3172/ros2_ws/install/cyglidar_d1_ros2/share/ament_index/resource_index/package_run_dependencies/cyglidar_d1_ros2
[0.878s] -- Up-to-date: /home/mae-emrl3172/ros2_ws/install/cyglidar_d1_ros2/share/ament_index/resource_index/parent_prefix_path/cyglidar_d1_ros2
[0.878s] -- Up-to-date: /home/mae-emrl3172/ros2_ws/install/cyglidar_d1_ros2/share/cyglidar_d1_ros2/environment/ament_prefix_path.sh
[0.878s] -- Up-to-date: /home/mae-emrl3172/ros2_ws/install/cyglidar_d1_ros2/share/cyglidar_d1_ros2/environment/ament_prefix_path.dsv
[0.878s] -- Up-to-date: /home/mae-emrl3172/ros2_ws/install/cyglidar_d1_ros2/share/cyglidar_d1_ros2/environment/path.sh
[0.879s] -- Up-to-date: /home/mae-emrl3172/ros2_ws/install/cyglidar_d1_ros2/share/cyglidar_d1_ros2/environment/path.dsv
[0.879s] -- Up-to-date: /home/mae-emrl3172/ros2_ws/install/cyglidar_d1_ros2/share/cyglidar_d1_ros2/local_setup.bash
[0.879s] -- Up-to-date: /home/mae-emrl3172/ros2_ws/install/cyglidar_d1_ros2/share/cyglidar_d1_ros2/local_setup.sh
[0.879s] -- Up-to-date: /home/mae-emrl3172/ros2_ws/install/cyglidar_d1_ros2/share/cyglidar_d1_ros2/local_setup.zsh
[0.879s] -- Up-to-date: /home/mae-emrl3172/ros2_ws/install/cyglidar_d1_ros2/share/cyglidar_d1_ros2/local_setup.dsv
[0.879s] -- Installing: /home/mae-emrl3172/ros2_ws/install/cyglidar_d1_ros2/share/cyglidar_d1_ros2/package.dsv
[0.880s] -- Up-to-date: /home/mae-emrl3172/ros2_ws/install/cyglidar_d1_ros2/share/ament_index/resource_index/packages/cyglidar_d1_ros2
[0.880s] -- Up-to-date: /home/mae-emrl3172/ros2_ws/install/cyglidar_d1_ros2/share/cyglidar_d1_ros2/cmake/ament_cmake_export_include_directories-extras.cmake
[0.880s] -- Up-to-date: /home/mae-emrl3172/ros2_ws/install/cyglidar_d1_ros2/share/cyglidar_d1_ros2/cmake/ament_cmake_export_dependencies-extras.cmake
[0.880s] -- Up-to-date: /home/mae-emrl3172/ros2_ws/install/cyglidar_d1_ros2/share/cyglidar_d1_ros2/cmake/cyglidar_d1_ros2Config.cmake
[0.880s] -- Up-to-date: /home/mae-emrl3172/ros2_ws/install/cyglidar_d1_ros2/share/cyglidar_d1_ros2/cmake/cyglidar_d1_ros2Config-version.cmake
[0.880s] -- Up-to-date: /home/mae-emrl3172/ros2_ws/install/cyglidar_d1_ros2/share/cyglidar_d1_ros2/package.xml
[0.886s] Invoked command in '/home/mae-emrl3172/ros2_ws/build/cyglidar_d1_ros2' returned '0': CMAKE_PREFIX_PATH=${CMAKE_PREFIX_PATH}:/home/mae-emrl3172/ros2_ws/install/sUAV:/opt/ros/humble /usr/bin/cmake --install /home/mae-emrl3172/ros2_ws/build/cyglidar_d1_ros2
