[0.036s] Invoking command in '/home/mae-emrl3172/ros2_ws/build/zed_interfaces': CMAKE_PREFIX_PATH=${CMAKE_PREFIX_PATH}:/home/mae-emrl3172/ros2_ws/install/sUAV:/opt/ros/humble /usr/bin/cmake /home/mae-emrl3172/ros2_ws/src/zed-ros2-wrapper/zed-ros2-interfaces -DCMAKE_BUILD_TYPE=Release -DAMENT_CMAKE_SYMLINK_INSTALL=1 -DCMAKE_INSTALL_PREFIX=/home/mae-emrl3172/ros2_ws/install/zed_interfaces
[0.188s] -- Found ament_cmake_auto: 1.3.8 (/opt/ros/humble/share/ament_cmake_auto/cmake)
[0.474s] -- Override CMake install command with custom implementation using symlinks instead of copying resources
[0.738s] -- Found rosidl_generator_c: 3.1.5 (/opt/ros/humble/share/rosidl_generator_c/cmake)
[0.747s] -- Found rosidl_adapter: 3.1.5 (/opt/ros/humble/share/rosidl_adapter/cmake)
[0.767s] -- Found rosidl_generator_cpp: 3.1.5 (/opt/ros/humble/share/rosidl_generator_cpp/cmake)
[0.798s] -- Using all available rosidl_typesupport_c: rosidl_typesupport_fastrtps_c;rosidl_typesupport_introspection_c
[0.859s] -- Using all available rosidl_typesupport_cpp: rosidl_typesupport_fastrtps_cpp;rosidl_typesupport_introspection_cpp
[1.209s] -- Found ament_lint_auto: 0.12.10 (/opt/ros/humble/share/ament_lint_auto/cmake)
[2.088s] -- Found ament_cmake_ros: 0.10.0 (/opt/ros/humble/share/ament_cmake_ros/cmake)
[3.065s] -- Using all available rosidl_typesupport_c: rosidl_typesupport_fastrtps_c;rosidl_typesupport_introspection_c
[3.474s] -- Using all available rosidl_typesupport_cpp: rosidl_typesupport_fastrtps_cpp;rosidl_typesupport_introspection_cpp
[3.537s] -- Found python_cmake_module: 0.10.0 (/opt/ros/humble/share/python_cmake_module/cmake)
[3.609s] -- Using PYTHON_EXECUTABLE: /usr/bin/python3
[3.609s] -- Using PYTHON_INCLUDE_DIRS: /usr/include/python3.10
[3.609s] -- Using PYTHON_LIBRARIES: /usr/lib/aarch64-linux-gnu/libpython3.10.so
[3.744s] -- Added test 'copyright' to check source files copyright and LICENSE
[3.749s] -- Added test 'lint_cmake' to check CMake code style
[3.755s] -- Added test 'xmllint' to check XML markup files
[3.777s] -- Configuring done
[4.052s] -- Generating done
[4.063s] -- Build files have been written to: /home/mae-emrl3172/ros2_ws/build/zed_interfaces
[4.089s] Invoked command in '/home/mae-emrl3172/ros2_ws/build/zed_interfaces' returned '0': CMAKE_PREFIX_PATH=${CMAKE_PREFIX_PATH}:/home/mae-emrl3172/ros2_ws/install/sUAV:/opt/ros/humble /usr/bin/cmake /home/mae-emrl3172/ros2_ws/src/zed-ros2-wrapper/zed-ros2-interfaces -DCMAKE_BUILD_TYPE=Release -DAMENT_CMAKE_SYMLINK_INSTALL=1 -DCMAKE_INSTALL_PREFIX=/home/mae-emrl3172/ros2_ws/install/zed_interfaces
[4.093s] Invoking command in '/home/mae-emrl3172/ros2_ws/build/zed_interfaces': CMAKE_PREFIX_PATH=${CMAKE_PREFIX_PATH}:/home/mae-emrl3172/ros2_ws/install/sUAV:/opt/ros/humble /usr/bin/cmake --build /home/mae-emrl3172/ros2_ws/build/zed_interfaces -- -j6 -l6
[4.208s] [35m[1mConsolidate compiler generated dependencies of target zed_interfaces__rosidl_generator_c[0m
[4.219s] [  0%] Built target zed_interfaces__cpp
[4.232s] [  0%] Built target ament_cmake_python_symlink_zed_interfaces
[4.274s] [ 12%] Built target zed_interfaces__rosidl_generator_c
[4.279s] [35m[1mConsolidate compiler generated dependencies of target zed_interfaces__rosidl_typesupport_fastrtps_cpp[0m
[4.283s] [35m[1mConsolidate compiler generated dependencies of target zed_interfaces__rosidl_typesupport_introspection_cpp[0m
[4.284s] [35m[1mConsolidate compiler generated dependencies of target zed_interfaces__rosidl_typesupport_cpp[0m
[4.348s] [35m[1mConsolidate compiler generated dependencies of target zed_interfaces__rosidl_typesupport_fastrtps_c[0m
[4.358s] [35m[1mConsolidate compiler generated dependencies of target zed_interfaces__rosidl_typesupport_introspection_c[0m
[4.369s] [ 26%] Built target zed_interfaces__rosidl_typesupport_fastrtps_cpp
[4.370s] [ 36%] Built target zed_interfaces__rosidl_typesupport_cpp
[4.386s] [ 48%] Built target zed_interfaces__rosidl_typesupport_introspection_cpp
[4.401s] [ 60%] Built target zed_interfaces__rosidl_typesupport_introspection_c
[4.411s] [ 72%] Built target zed_interfaces__rosidl_typesupport_fastrtps_c
[4.415s] [35m[1mConsolidate compiler generated dependencies of target zed_interfaces__rosidl_typesupport_c[0m
[4.447s] [ 84%] Built target zed_interfaces__rosidl_typesupport_c
[4.490s] [ 84%] Built target zed_interfaces
[4.536s] [ 85%] Built target zed_interfaces__py
[4.580s] [35m[1mConsolidate compiler generated dependencies of target zed_interfaces__rosidl_generator_py[0m
[4.648s] [ 96%] Built target zed_interfaces__rosidl_generator_py
[4.671s] [35m[1mConsolidate compiler generated dependencies of target zed_interfaces__rosidl_typesupport_c__pyext[0m
[4.672s] [35m[1mConsolidate compiler generated dependencies of target zed_interfaces__rosidl_typesupport_introspection_c__pyext[0m
[4.672s] [35m[1mConsolidate compiler generated dependencies of target zed_interfaces__rosidl_typesupport_fastrtps_c__pyext[0m
[4.701s] [100%] Built target zed_interfaces__rosidl_typesupport_fastrtps_c__pyext
[4.701s] [100%] Built target zed_interfaces__rosidl_typesupport_c__pyext
[4.701s] [100%] Built target zed_interfaces__rosidl_typesupport_introspection_c__pyext
[4.760s] running egg_info
[4.761s] writing zed_interfaces.egg-info/PKG-INFO
[4.762s] writing dependency_links to zed_interfaces.egg-info/dependency_links.txt
[4.762s] writing top-level names to zed_interfaces.egg-info/top_level.txt
[4.767s] reading manifest file 'zed_interfaces.egg-info/SOURCES.txt'
[4.770s] writing manifest file 'zed_interfaces.egg-info/SOURCES.txt'
[4.845s] [100%] Built target ament_cmake_python_build_zed_interfaces_egg
[4.878s] Invoked command in '/home/mae-emrl3172/ros2_ws/build/zed_interfaces' returned '0': CMAKE_PREFIX_PATH=${CMAKE_PREFIX_PATH}:/home/mae-emrl3172/ros2_ws/install/sUAV:/opt/ros/humble /usr/bin/cmake --build /home/mae-emrl3172/ros2_ws/build/zed_interfaces -- -j6 -l6
[5.562s] Invoking command in '/home/mae-emrl3172/ros2_ws/build/zed_interfaces': CMAKE_PREFIX_PATH=${CMAKE_PREFIX_PATH}:/home/mae-emrl3172/ros2_ws/install/sUAV:/opt/ros/humble /usr/bin/cmake --install /home/mae-emrl3172/ros2_ws/build/zed_interfaces
[5.578s] -- Install configuration: "Release"
[5.580s] -- Execute custom install script
[6.190s] -- Up-to-date symlink: /home/mae-emrl3172/ros2_ws/install/zed_interfaces/share/ament_index/resource_index/rosidl_interfaces/zed_interfaces
[6.229s] -- Up-to-date symlink: /home/mae-emrl3172/ros2_ws/install/zed_interfaces/include/zed_interfaces/zed_interfaces/msg/bounding_box2_df.h
[6.230s] -- Up-to-date symlink: /home/mae-emrl3172/ros2_ws/install/zed_interfaces/include/zed_interfaces/zed_interfaces/msg/bounding_box2_di.h
[6.230s] -- Up-to-date symlink: /home/mae-emrl3172/ros2_ws/install/zed_interfaces/include/zed_interfaces/zed_interfaces/msg/bounding_box3_d.h
[6.231s] -- Up-to-date symlink: /home/mae-emrl3172/ros2_ws/install/zed_interfaces/include/zed_interfaces/zed_interfaces/msg/depth_info_stamped.h
[6.232s] -- Up-to-date symlink: /home/mae-emrl3172/ros2_ws/install/zed_interfaces/include/zed_interfaces/zed_interfaces/msg/detail/bounding_box2_df__functions.h
[6.232s] -- Up-to-date symlink: /home/mae-emrl3172/ros2_ws/install/zed_interfaces/include/zed_interfaces/zed_interfaces/msg/detail/bounding_box2_df__struct.h
[6.233s] -- Up-to-date symlink: /home/mae-emrl3172/ros2_ws/install/zed_interfaces/include/zed_interfaces/zed_interfaces/msg/detail/bounding_box2_df__type_support.h
[6.233s] -- Up-to-date symlink: /home/mae-emrl3172/ros2_ws/install/zed_interfaces/include/zed_interfaces/zed_interfaces/msg/detail/bounding_box2_di__functions.h
[6.234s] -- Up-to-date symlink: /home/mae-emrl3172/ros2_ws/install/zed_interfaces/include/zed_interfaces/zed_interfaces/msg/detail/bounding_box2_di__struct.h
[6.234s] -- Up-to-date symlink: /home/mae-emrl3172/ros2_ws/install/zed_interfaces/include/zed_interfaces/zed_interfaces/msg/detail/bounding_box2_di__type_support.h
[6.235s] -- Up-to-date symlink: /home/mae-emrl3172/ros2_ws/install/zed_interfaces/include/zed_interfaces/zed_interfaces/msg/detail/bounding_box3_d__functions.h
[6.235s] -- Up-to-date symlink: /home/mae-emrl3172/ros2_ws/install/zed_interfaces/include/zed_interfaces/zed_interfaces/msg/detail/bounding_box3_d__struct.h
[6.236s] -- Up-to-date symlink: /home/mae-emrl3172/ros2_ws/install/zed_interfaces/include/zed_interfaces/zed_interfaces/msg/detail/bounding_box3_d__type_support.h
[6.236s] -- Up-to-date symlink: /home/mae-emrl3172/ros2_ws/install/zed_interfaces/include/zed_interfaces/zed_interfaces/msg/detail/depth_info_stamped__functions.h
[6.237s] -- Up-to-date symlink: /home/mae-emrl3172/ros2_ws/install/zed_interfaces/include/zed_interfaces/zed_interfaces/msg/detail/depth_info_stamped__struct.h
[6.237s] -- Up-to-date symlink: /home/mae-emrl3172/ros2_ws/install/zed_interfaces/include/zed_interfaces/zed_interfaces/msg/detail/depth_info_stamped__type_support.h
[6.238s] -- Up-to-date symlink: /home/mae-emrl3172/ros2_ws/install/zed_interfaces/include/zed_interfaces/zed_interfaces/msg/detail/gnss_fusion_status__functions.h
[6.238s] -- Up-to-date symlink: /home/mae-emrl3172/ros2_ws/install/zed_interfaces/include/zed_interfaces/zed_interfaces/msg/detail/gnss_fusion_status__struct.h
[6.239s] -- Up-to-date symlink: /home/mae-emrl3172/ros2_ws/install/zed_interfaces/include/zed_interfaces/zed_interfaces/msg/detail/gnss_fusion_status__type_support.h
[6.239s] -- Up-to-date symlink: /home/mae-emrl3172/ros2_ws/install/zed_interfaces/include/zed_interfaces/zed_interfaces/msg/detail/heartbeat__functions.h
[6.240s] -- Up-to-date symlink: /home/mae-emrl3172/ros2_ws/install/zed_interfaces/include/zed_interfaces/zed_interfaces/msg/detail/heartbeat__struct.h
[6.240s] -- Up-to-date symlink: /home/mae-emrl3172/ros2_ws/install/zed_interfaces/include/zed_interfaces/zed_interfaces/msg/detail/heartbeat__type_support.h
[6.241s] -- Up-to-date symlink: /home/mae-emrl3172/ros2_ws/install/zed_interfaces/include/zed_interfaces/zed_interfaces/msg/detail/keypoint2_df__functions.h
[6.241s] -- Up-to-date symlink: /home/mae-emrl3172/ros2_ws/install/zed_interfaces/include/zed_interfaces/zed_interfaces/msg/detail/keypoint2_df__struct.h
[6.242s] -- Up-to-date symlink: /home/mae-emrl3172/ros2_ws/install/zed_interfaces/include/zed_interfaces/zed_interfaces/msg/detail/keypoint2_df__type_support.h
[6.242s] -- Up-to-date symlink: /home/mae-emrl3172/ros2_ws/install/zed_interfaces/include/zed_interfaces/zed_interfaces/msg/detail/keypoint2_di__functions.h
[6.243s] -- Up-to-date symlink: /home/mae-emrl3172/ros2_ws/install/zed_interfaces/include/zed_interfaces/zed_interfaces/msg/detail/keypoint2_di__struct.h
[6.243s] -- Up-to-date symlink: /home/mae-emrl3172/ros2_ws/install/zed_interfaces/include/zed_interfaces/zed_interfaces/msg/detail/keypoint2_di__type_support.h
[6.243s] -- Up-to-date symlink: /home/mae-emrl3172/ros2_ws/install/zed_interfaces/include/zed_interfaces/zed_interfaces/msg/detail/keypoint3_d__functions.h
[6.244s] -- Up-to-date symlink: /home/mae-emrl3172/ros2_ws/install/zed_interfaces/include/zed_interfaces/zed_interfaces/msg/detail/keypoint3_d__struct.h
[6.244s] -- Up-to-date symlink: /home/mae-emrl3172/ros2_ws/install/zed_interfaces/include/zed_interfaces/zed_interfaces/msg/detail/keypoint3_d__type_support.h
[6.245s] -- Up-to-date symlink: /home/mae-emrl3172/ros2_ws/install/zed_interfaces/include/zed_interfaces/zed_interfaces/msg/detail/mag_heading_status__functions.h
[6.245s] -- Up-to-date symlink: /home/mae-emrl3172/ros2_ws/install/zed_interfaces/include/zed_interfaces/zed_interfaces/msg/detail/mag_heading_status__struct.h
[6.246s] -- Up-to-date symlink: /home/mae-emrl3172/ros2_ws/install/zed_interfaces/include/zed_interfaces/zed_interfaces/msg/detail/mag_heading_status__type_support.h
[6.246s] -- Up-to-date symlink: /home/mae-emrl3172/ros2_ws/install/zed_interfaces/include/zed_interfaces/zed_interfaces/msg/detail/object__functions.h
[6.247s] -- Up-to-date symlink: /home/mae-emrl3172/ros2_ws/install/zed_interfaces/include/zed_interfaces/zed_interfaces/msg/detail/object__struct.h
[6.247s] -- Up-to-date symlink: /home/mae-emrl3172/ros2_ws/install/zed_interfaces/include/zed_interfaces/zed_interfaces/msg/detail/object__type_support.h
[6.248s] -- Up-to-date symlink: /home/mae-emrl3172/ros2_ws/install/zed_interfaces/include/zed_interfaces/zed_interfaces/msg/detail/objects_stamped__functions.h
[6.248s] -- Up-to-date symlink: /home/mae-emrl3172/ros2_ws/install/zed_interfaces/include/zed_interfaces/zed_interfaces/msg/detail/objects_stamped__struct.h
[6.249s] -- Up-to-date symlink: /home/mae-emrl3172/ros2_ws/install/zed_interfaces/include/zed_interfaces/zed_interfaces/msg/detail/objects_stamped__type_support.h
[6.249s] -- Up-to-date symlink: /home/mae-emrl3172/ros2_ws/install/zed_interfaces/include/zed_interfaces/zed_interfaces/msg/detail/plane_stamped__functions.h
[6.249s] -- Up-to-date symlink: /home/mae-emrl3172/ros2_ws/install/zed_interfaces/include/zed_interfaces/zed_interfaces/msg/detail/plane_stamped__struct.h
[6.250s] -- Up-to-date symlink: /home/mae-emrl3172/ros2_ws/install/zed_interfaces/include/zed_interfaces/zed_interfaces/msg/detail/plane_stamped__type_support.h
[6.250s] -- Up-to-date symlink: /home/mae-emrl3172/ros2_ws/install/zed_interfaces/include/zed_interfaces/zed_interfaces/msg/detail/pos_track_status__functions.h
[6.251s] -- Up-to-date symlink: /home/mae-emrl3172/ros2_ws/install/zed_interfaces/include/zed_interfaces/zed_interfaces/msg/detail/pos_track_status__struct.h
[6.251s] -- Up-to-date symlink: /home/mae-emrl3172/ros2_ws/install/zed_interfaces/include/zed_interfaces/zed_interfaces/msg/detail/pos_track_status__type_support.h
[6.252s] -- Up-to-date symlink: /home/mae-emrl3172/ros2_ws/install/zed_interfaces/include/zed_interfaces/zed_interfaces/msg/detail/skeleton2_d__functions.h
[6.252s] -- Up-to-date symlink: /home/mae-emrl3172/ros2_ws/install/zed_interfaces/include/zed_interfaces/zed_interfaces/msg/detail/skeleton2_d__struct.h
[6.253s] -- Up-to-date symlink: /home/mae-emrl3172/ros2_ws/install/zed_interfaces/include/zed_interfaces/zed_interfaces/msg/detail/skeleton2_d__type_support.h
[6.253s] -- Up-to-date symlink: /home/mae-emrl3172/ros2_ws/install/zed_interfaces/include/zed_interfaces/zed_interfaces/msg/detail/skeleton3_d__functions.h
[6.254s] -- Up-to-date symlink: /home/mae-emrl3172/ros2_ws/install/zed_interfaces/include/zed_interfaces/zed_interfaces/msg/detail/skeleton3_d__struct.h
[6.254s] -- Up-to-date symlink: /home/mae-emrl3172/ros2_ws/install/zed_interfaces/include/zed_interfaces/zed_interfaces/msg/detail/skeleton3_d__type_support.h
[6.255s] -- Up-to-date symlink: /home/mae-emrl3172/ros2_ws/install/zed_interfaces/include/zed_interfaces/zed_interfaces/msg/gnss_fusion_status.h
[6.255s] -- Up-to-date symlink: /home/mae-emrl3172/ros2_ws/install/zed_interfaces/include/zed_interfaces/zed_interfaces/msg/heartbeat.h
[6.255s] -- Up-to-date symlink: /home/mae-emrl3172/ros2_ws/install/zed_interfaces/include/zed_interfaces/zed_interfaces/msg/keypoint2_df.h
[6.256s] -- Up-to-date symlink: /home/mae-emrl3172/ros2_ws/install/zed_interfaces/include/zed_interfaces/zed_interfaces/msg/keypoint2_di.h
[6.256s] -- Up-to-date symlink: /home/mae-emrl3172/ros2_ws/install/zed_interfaces/include/zed_interfaces/zed_interfaces/msg/keypoint3_d.h
[6.257s] -- Up-to-date symlink: /home/mae-emrl3172/ros2_ws/install/zed_interfaces/include/zed_interfaces/zed_interfaces/msg/mag_heading_status.h
[6.257s] -- Up-to-date symlink: /home/mae-emrl3172/ros2_ws/install/zed_interfaces/include/zed_interfaces/zed_interfaces/msg/object.h
[6.257s] -- Up-to-date symlink: /home/mae-emrl3172/ros2_ws/install/zed_interfaces/include/zed_interfaces/zed_interfaces/msg/objects_stamped.h
[6.258s] -- Up-to-date symlink: /home/mae-emrl3172/ros2_ws/install/zed_interfaces/include/zed_interfaces/zed_interfaces/msg/plane_stamped.h
[6.258s] -- Up-to-date symlink: /home/mae-emrl3172/ros2_ws/install/zed_interfaces/include/zed_interfaces/zed_interfaces/msg/pos_track_status.h
[6.259s] -- Up-to-date symlink: /home/mae-emrl3172/ros2_ws/install/zed_interfaces/include/zed_interfaces/zed_interfaces/msg/rosidl_generator_c__visibility_control.h
[6.259s] -- Up-to-date symlink: /home/mae-emrl3172/ros2_ws/install/zed_interfaces/include/zed_interfaces/zed_interfaces/msg/skeleton2_d.h
[6.260s] -- Up-to-date symlink: /home/mae-emrl3172/ros2_ws/install/zed_interfaces/include/zed_interfaces/zed_interfaces/msg/skeleton3_d.h
[6.261s] -- Up-to-date symlink: /home/mae-emrl3172/ros2_ws/install/zed_interfaces/include/zed_interfaces/zed_interfaces/srv/detail/set_pose__functions.h
[6.261s] -- Up-to-date symlink: /home/mae-emrl3172/ros2_ws/install/zed_interfaces/include/zed_interfaces/zed_interfaces/srv/detail/set_pose__struct.h
[6.262s] -- Up-to-date symlink: /home/mae-emrl3172/ros2_ws/install/zed_interfaces/include/zed_interfaces/zed_interfaces/srv/detail/set_pose__type_support.h
[6.262s] -- Up-to-date symlink: /home/mae-emrl3172/ros2_ws/install/zed_interfaces/include/zed_interfaces/zed_interfaces/srv/detail/set_roi__functions.h
[6.263s] -- Up-to-date symlink: /home/mae-emrl3172/ros2_ws/install/zed_interfaces/include/zed_interfaces/zed_interfaces/srv/detail/set_roi__struct.h
[6.263s] -- Up-to-date symlink: /home/mae-emrl3172/ros2_ws/install/zed_interfaces/include/zed_interfaces/zed_interfaces/srv/detail/set_roi__type_support.h
[6.263s] -- Up-to-date symlink: /home/mae-emrl3172/ros2_ws/install/zed_interfaces/include/zed_interfaces/zed_interfaces/srv/detail/start_svo_rec__functions.h
[6.264s] -- Up-to-date symlink: /home/mae-emrl3172/ros2_ws/install/zed_interfaces/include/zed_interfaces/zed_interfaces/srv/detail/start_svo_rec__struct.h
[6.264s] -- Up-to-date symlink: /home/mae-emrl3172/ros2_ws/install/zed_interfaces/include/zed_interfaces/zed_interfaces/srv/detail/start_svo_rec__type_support.h
[6.265s] -- Up-to-date symlink: /home/mae-emrl3172/ros2_ws/install/zed_interfaces/include/zed_interfaces/zed_interfaces/srv/set_pose.h
[6.265s] -- Up-to-date symlink: /home/mae-emrl3172/ros2_ws/install/zed_interfaces/include/zed_interfaces/zed_interfaces/srv/set_roi.h
[6.266s] -- Up-to-date symlink: /home/mae-emrl3172/ros2_ws/install/zed_interfaces/include/zed_interfaces/zed_interfaces/srv/start_svo_rec.h
[6.267s] -- Up-to-date symlink: /home/mae-emrl3172/ros2_ws/install/zed_interfaces/share/zed_interfaces/environment/library_path.sh
[6.268s] -- Up-to-date symlink: /home/mae-emrl3172/ros2_ws/install/zed_interfaces/share/zed_interfaces/environment/library_path.dsv
[6.270s] -- Up-to-date symlink: /home/mae-emrl3172/ros2_ws/install/zed_interfaces/include/zed_interfaces/zed_interfaces/msg/detail/bounding_box2_df__rosidl_typesupport_fastrtps_c.h
[6.271s] -- Up-to-date symlink: /home/mae-emrl3172/ros2_ws/install/zed_interfaces/include/zed_interfaces/zed_interfaces/msg/detail/bounding_box2_di__rosidl_typesupport_fastrtps_c.h
[6.271s] -- Up-to-date symlink: /home/mae-emrl3172/ros2_ws/install/zed_interfaces/include/zed_interfaces/zed_interfaces/msg/detail/bounding_box3_d__rosidl_typesupport_fastrtps_c.h
[6.273s] -- Up-to-date symlink: /home/mae-emrl3172/ros2_ws/install/zed_interfaces/include/zed_interfaces/zed_interfaces/msg/detail/depth_info_stamped__rosidl_typesupport_fastrtps_c.h
[6.273s] -- Up-to-date symlink: /home/mae-emrl3172/ros2_ws/install/zed_interfaces/include/zed_interfaces/zed_interfaces/msg/detail/gnss_fusion_status__rosidl_typesupport_fastrtps_c.h
[6.274s] -- Up-to-date symlink: /home/mae-emrl3172/ros2_ws/install/zed_interfaces/include/zed_interfaces/zed_interfaces/msg/detail/heartbeat__rosidl_typesupport_fastrtps_c.h
[6.274s] -- Up-to-date symlink: /home/mae-emrl3172/ros2_ws/install/zed_interfaces/include/zed_interfaces/zed_interfaces/msg/detail/keypoint2_df__rosidl_typesupport_fastrtps_c.h
[6.275s] -- Up-to-date symlink: /home/mae-emrl3172/ros2_ws/install/zed_interfaces/include/zed_interfaces/zed_interfaces/msg/detail/keypoint2_di__rosidl_typesupport_fastrtps_c.h
[6.275s] -- Up-to-date symlink: /home/mae-emrl3172/ros2_ws/install/zed_interfaces/include/zed_interfaces/zed_interfaces/msg/detail/keypoint3_d__rosidl_typesupport_fastrtps_c.h
[6.276s] -- Up-to-date symlink: /home/mae-emrl3172/ros2_ws/install/zed_interfaces/include/zed_interfaces/zed_interfaces/msg/detail/mag_heading_status__rosidl_typesupport_fastrtps_c.h
[6.276s] -- Up-to-date symlink: /home/mae-emrl3172/ros2_ws/install/zed_interfaces/include/zed_interfaces/zed_interfaces/msg/detail/object__rosidl_typesupport_fastrtps_c.h
[6.277s] -- Up-to-date symlink: /home/mae-emrl3172/ros2_ws/install/zed_interfaces/include/zed_interfaces/zed_interfaces/msg/detail/objects_stamped__rosidl_typesupport_fastrtps_c.h
[6.277s] -- Up-to-date symlink: /home/mae-emrl3172/ros2_ws/install/zed_interfaces/include/zed_interfaces/zed_interfaces/msg/detail/plane_stamped__rosidl_typesupport_fastrtps_c.h
[6.277s] -- Up-to-date symlink: /home/mae-emrl3172/ros2_ws/install/zed_interfaces/include/zed_interfaces/zed_interfaces/msg/detail/pos_track_status__rosidl_typesupport_fastrtps_c.h
[6.278s] -- Up-to-date symlink: /home/mae-emrl3172/ros2_ws/install/zed_interfaces/include/zed_interfaces/zed_interfaces/msg/detail/skeleton2_d__rosidl_typesupport_fastrtps_c.h
[6.278s] -- Up-to-date symlink: /home/mae-emrl3172/ros2_ws/install/zed_interfaces/include/zed_interfaces/zed_interfaces/msg/detail/skeleton3_d__rosidl_typesupport_fastrtps_c.h
[6.279s] -- Up-to-date symlink: /home/mae-emrl3172/ros2_ws/install/zed_interfaces/include/zed_interfaces/zed_interfaces/msg/rosidl_typesupport_fastrtps_c__visibility_control.h
[6.279s] -- Up-to-date symlink: /home/mae-emrl3172/ros2_ws/install/zed_interfaces/include/zed_interfaces/zed_interfaces/srv/detail/set_pose__rosidl_typesupport_fastrtps_c.h
[6.280s] -- Up-to-date symlink: /home/mae-emrl3172/ros2_ws/install/zed_interfaces/include/zed_interfaces/zed_interfaces/srv/detail/set_roi__rosidl_typesupport_fastrtps_c.h
[6.280s] -- Up-to-date symlink: /home/mae-emrl3172/ros2_ws/install/zed_interfaces/include/zed_interfaces/zed_interfaces/srv/detail/start_svo_rec__rosidl_typesupport_fastrtps_c.h
[6.282s] -- Up-to-date symlink: /home/mae-emrl3172/ros2_ws/install/zed_interfaces/include/zed_interfaces/zed_interfaces/msg/bounding_box2_df.hpp
[6.283s] -- Up-to-date symlink: /home/mae-emrl3172/ros2_ws/install/zed_interfaces/include/zed_interfaces/zed_interfaces/msg/bounding_box2_di.hpp
[6.283s] -- Up-to-date symlink: /home/mae-emrl3172/ros2_ws/install/zed_interfaces/include/zed_interfaces/zed_interfaces/msg/bounding_box3_d.hpp
[6.284s] -- Up-to-date symlink: /home/mae-emrl3172/ros2_ws/install/zed_interfaces/include/zed_interfaces/zed_interfaces/msg/depth_info_stamped.hpp
[6.284s] -- Up-to-date symlink: /home/mae-emrl3172/ros2_ws/install/zed_interfaces/include/zed_interfaces/zed_interfaces/msg/detail/bounding_box2_df__builder.hpp
[6.285s] -- Up-to-date symlink: /home/mae-emrl3172/ros2_ws/install/zed_interfaces/include/zed_interfaces/zed_interfaces/msg/detail/bounding_box2_df__struct.hpp
[6.285s] -- Up-to-date symlink: /home/mae-emrl3172/ros2_ws/install/zed_interfaces/include/zed_interfaces/zed_interfaces/msg/detail/bounding_box2_df__traits.hpp
[6.285s] -- Up-to-date symlink: /home/mae-emrl3172/ros2_ws/install/zed_interfaces/include/zed_interfaces/zed_interfaces/msg/detail/bounding_box2_di__builder.hpp
[6.286s] -- Up-to-date symlink: /home/mae-emrl3172/ros2_ws/install/zed_interfaces/include/zed_interfaces/zed_interfaces/msg/detail/bounding_box2_di__struct.hpp
[6.287s] -- Up-to-date symlink: /home/mae-emrl3172/ros2_ws/install/zed_interfaces/include/zed_interfaces/zed_interfaces/msg/detail/bounding_box2_di__traits.hpp
[6.287s] -- Up-to-date symlink: /home/mae-emrl3172/ros2_ws/install/zed_interfaces/include/zed_interfaces/zed_interfaces/msg/detail/bounding_box3_d__builder.hpp
[6.287s] -- Up-to-date symlink: /home/mae-emrl3172/ros2_ws/install/zed_interfaces/include/zed_interfaces/zed_interfaces/msg/detail/bounding_box3_d__struct.hpp
[6.288s] -- Up-to-date symlink: /home/mae-emrl3172/ros2_ws/install/zed_interfaces/include/zed_interfaces/zed_interfaces/msg/detail/bounding_box3_d__traits.hpp
[6.288s] -- Up-to-date symlink: /home/mae-emrl3172/ros2_ws/install/zed_interfaces/include/zed_interfaces/zed_interfaces/msg/detail/depth_info_stamped__builder.hpp
[6.289s] -- Up-to-date symlink: /home/mae-emrl3172/ros2_ws/install/zed_interfaces/include/zed_interfaces/zed_interfaces/msg/detail/depth_info_stamped__struct.hpp
[6.289s] -- Up-to-date symlink: /home/mae-emrl3172/ros2_ws/install/zed_interfaces/include/zed_interfaces/zed_interfaces/msg/detail/depth_info_stamped__traits.hpp
[6.290s] -- Up-to-date symlink: /home/mae-emrl3172/ros2_ws/install/zed_interfaces/include/zed_interfaces/zed_interfaces/msg/detail/gnss_fusion_status__builder.hpp
[6.290s] -- Up-to-date symlink: /home/mae-emrl3172/ros2_ws/install/zed_interfaces/include/zed_interfaces/zed_interfaces/msg/detail/gnss_fusion_status__struct.hpp
[6.291s] -- Up-to-date symlink: /home/mae-emrl3172/ros2_ws/install/zed_interfaces/include/zed_interfaces/zed_interfaces/msg/detail/gnss_fusion_status__traits.hpp
[6.292s] -- Up-to-date symlink: /home/mae-emrl3172/ros2_ws/install/zed_interfaces/include/zed_interfaces/zed_interfaces/msg/detail/heartbeat__builder.hpp
[6.292s] -- Up-to-date symlink: /home/mae-emrl3172/ros2_ws/install/zed_interfaces/include/zed_interfaces/zed_interfaces/msg/detail/heartbeat__struct.hpp
[6.293s] -- Up-to-date symlink: /home/mae-emrl3172/ros2_ws/install/zed_interfaces/include/zed_interfaces/zed_interfaces/msg/detail/heartbeat__traits.hpp
[6.294s] -- Up-to-date symlink: /home/mae-emrl3172/ros2_ws/install/zed_interfaces/include/zed_interfaces/zed_interfaces/msg/detail/keypoint2_df__builder.hpp
[6.294s] -- Up-to-date symlink: /home/mae-emrl3172/ros2_ws/install/zed_interfaces/include/zed_interfaces/zed_interfaces/msg/detail/keypoint2_df__struct.hpp
[6.295s] -- Up-to-date symlink: /home/mae-emrl3172/ros2_ws/install/zed_interfaces/include/zed_interfaces/zed_interfaces/msg/detail/keypoint2_df__traits.hpp
[6.295s] -- Up-to-date symlink: /home/mae-emrl3172/ros2_ws/install/zed_interfaces/include/zed_interfaces/zed_interfaces/msg/detail/keypoint2_di__builder.hpp
[6.296s] -- Up-to-date symlink: /home/mae-emrl3172/ros2_ws/install/zed_interfaces/include/zed_interfaces/zed_interfaces/msg/detail/keypoint2_di__struct.hpp
[6.296s] -- Up-to-date symlink: /home/mae-emrl3172/ros2_ws/install/zed_interfaces/include/zed_interfaces/zed_interfaces/msg/detail/keypoint2_di__traits.hpp
[6.297s] -- Up-to-date symlink: /home/mae-emrl3172/ros2_ws/install/zed_interfaces/include/zed_interfaces/zed_interfaces/msg/detail/keypoint3_d__builder.hpp
[6.297s] -- Up-to-date symlink: /home/mae-emrl3172/ros2_ws/install/zed_interfaces/include/zed_interfaces/zed_interfaces/msg/detail/keypoint3_d__struct.hpp
[6.298s] -- Up-to-date symlink: /home/mae-emrl3172/ros2_ws/install/zed_interfaces/include/zed_interfaces/zed_interfaces/msg/detail/keypoint3_d__traits.hpp
[6.298s] -- Up-to-date symlink: /home/mae-emrl3172/ros2_ws/install/zed_interfaces/include/zed_interfaces/zed_interfaces/msg/detail/mag_heading_status__builder.hpp
[6.299s] -- Up-to-date symlink: /home/mae-emrl3172/ros2_ws/install/zed_interfaces/include/zed_interfaces/zed_interfaces/msg/detail/mag_heading_status__struct.hpp
[6.299s] -- Up-to-date symlink: /home/mae-emrl3172/ros2_ws/install/zed_interfaces/include/zed_interfaces/zed_interfaces/msg/detail/mag_heading_status__traits.hpp
[6.299s] -- Up-to-date symlink: /home/mae-emrl3172/ros2_ws/install/zed_interfaces/include/zed_interfaces/zed_interfaces/msg/detail/object__builder.hpp
[6.300s] -- Up-to-date symlink: /home/mae-emrl3172/ros2_ws/install/zed_interfaces/include/zed_interfaces/zed_interfaces/msg/detail/object__struct.hpp
[6.300s] -- Up-to-date symlink: /home/mae-emrl3172/ros2_ws/install/zed_interfaces/include/zed_interfaces/zed_interfaces/msg/detail/object__traits.hpp
[6.302s] -- Up-to-date symlink: /home/mae-emrl3172/ros2_ws/install/zed_interfaces/include/zed_interfaces/zed_interfaces/msg/detail/objects_stamped__builder.hpp
[6.302s] -- Up-to-date symlink: /home/mae-emrl3172/ros2_ws/install/zed_interfaces/include/zed_interfaces/zed_interfaces/msg/detail/objects_stamped__struct.hpp
[6.303s] -- Up-to-date symlink: /home/mae-emrl3172/ros2_ws/install/zed_interfaces/include/zed_interfaces/zed_interfaces/msg/detail/objects_stamped__traits.hpp
[6.303s] -- Up-to-date symlink: /home/mae-emrl3172/ros2_ws/install/zed_interfaces/include/zed_interfaces/zed_interfaces/msg/detail/plane_stamped__builder.hpp
[6.304s] -- Up-to-date symlink: /home/mae-emrl3172/ros2_ws/install/zed_interfaces/include/zed_interfaces/zed_interfaces/msg/detail/plane_stamped__struct.hpp
[6.304s] -- Up-to-date symlink: /home/mae-emrl3172/ros2_ws/install/zed_interfaces/include/zed_interfaces/zed_interfaces/msg/detail/plane_stamped__traits.hpp
[6.305s] -- Up-to-date symlink: /home/mae-emrl3172/ros2_ws/install/zed_interfaces/include/zed_interfaces/zed_interfaces/msg/detail/pos_track_status__builder.hpp
[6.305s] -- Up-to-date symlink: /home/mae-emrl3172/ros2_ws/install/zed_interfaces/include/zed_interfaces/zed_interfaces/msg/detail/pos_track_status__struct.hpp
[6.306s] -- Up-to-date symlink: /home/mae-emrl3172/ros2_ws/install/zed_interfaces/include/zed_interfaces/zed_interfaces/msg/detail/pos_track_status__traits.hpp
[6.306s] -- Up-to-date symlink: /home/mae-emrl3172/ros2_ws/install/zed_interfaces/include/zed_interfaces/zed_interfaces/msg/detail/skeleton2_d__builder.hpp
[6.307s] -- Up-to-date symlink: /home/mae-emrl3172/ros2_ws/install/zed_interfaces/include/zed_interfaces/zed_interfaces/msg/detail/skeleton2_d__struct.hpp
[6.307s] -- Up-to-date symlink: /home/mae-emrl3172/ros2_ws/install/zed_interfaces/include/zed_interfaces/zed_interfaces/msg/detail/skeleton2_d__traits.hpp
[6.307s] -- Up-to-date symlink: /home/mae-emrl3172/ros2_ws/install/zed_interfaces/include/zed_interfaces/zed_interfaces/msg/detail/skeleton3_d__builder.hpp
[6.308s] -- Up-to-date symlink: /home/mae-emrl3172/ros2_ws/install/zed_interfaces/include/zed_interfaces/zed_interfaces/msg/detail/skeleton3_d__struct.hpp
[6.308s] -- Up-to-date symlink: /home/mae-emrl3172/ros2_ws/install/zed_interfaces/include/zed_interfaces/zed_interfaces/msg/detail/skeleton3_d__traits.hpp
[6.309s] -- Up-to-date symlink: /home/mae-emrl3172/ros2_ws/install/zed_interfaces/include/zed_interfaces/zed_interfaces/msg/gnss_fusion_status.hpp
[6.309s] -- Up-to-date symlink: /home/mae-emrl3172/ros2_ws/install/zed_interfaces/include/zed_interfaces/zed_interfaces/msg/heartbeat.hpp
[6.310s] -- Up-to-date symlink: /home/mae-emrl3172/ros2_ws/install/zed_interfaces/include/zed_interfaces/zed_interfaces/msg/keypoint2_df.hpp
[6.310s] -- Up-to-date symlink: /home/mae-emrl3172/ros2_ws/install/zed_interfaces/include/zed_interfaces/zed_interfaces/msg/keypoint2_di.hpp
[6.311s] -- Up-to-date symlink: /home/mae-emrl3172/ros2_ws/install/zed_interfaces/include/zed_interfaces/zed_interfaces/msg/keypoint3_d.hpp
[6.311s] -- Up-to-date symlink: /home/mae-emrl3172/ros2_ws/install/zed_interfaces/include/zed_interfaces/zed_interfaces/msg/mag_heading_status.hpp
[6.312s] -- Up-to-date symlink: /home/mae-emrl3172/ros2_ws/install/zed_interfaces/include/zed_interfaces/zed_interfaces/msg/object.hpp
[6.312s] -- Up-to-date symlink: /home/mae-emrl3172/ros2_ws/install/zed_interfaces/include/zed_interfaces/zed_interfaces/msg/objects_stamped.hpp
[6.313s] -- Up-to-date symlink: /home/mae-emrl3172/ros2_ws/install/zed_interfaces/include/zed_interfaces/zed_interfaces/msg/plane_stamped.hpp
[6.313s] -- Up-to-date symlink: /home/mae-emrl3172/ros2_ws/install/zed_interfaces/include/zed_interfaces/zed_interfaces/msg/pos_track_status.hpp
[6.314s] -- Up-to-date symlink: /home/mae-emrl3172/ros2_ws/install/zed_interfaces/include/zed_interfaces/zed_interfaces/msg/skeleton2_d.hpp
[6.314s] -- Up-to-date symlink: /home/mae-emrl3172/ros2_ws/install/zed_interfaces/include/zed_interfaces/zed_interfaces/msg/skeleton3_d.hpp
[6.314s] -- Up-to-date symlink: /home/mae-emrl3172/ros2_ws/install/zed_interfaces/include/zed_interfaces/zed_interfaces/srv/detail/set_pose__builder.hpp
[6.315s] -- Up-to-date symlink: /home/mae-emrl3172/ros2_ws/install/zed_interfaces/include/zed_interfaces/zed_interfaces/srv/detail/set_pose__struct.hpp
[6.315s] -- Up-to-date symlink: /home/mae-emrl3172/ros2_ws/install/zed_interfaces/include/zed_interfaces/zed_interfaces/srv/detail/set_pose__traits.hpp
[6.316s] -- Up-to-date symlink: /home/mae-emrl3172/ros2_ws/install/zed_interfaces/include/zed_interfaces/zed_interfaces/srv/detail/set_roi__builder.hpp
[6.316s] -- Up-to-date symlink: /home/mae-emrl3172/ros2_ws/install/zed_interfaces/include/zed_interfaces/zed_interfaces/srv/detail/set_roi__struct.hpp
[6.317s] -- Up-to-date symlink: /home/mae-emrl3172/ros2_ws/install/zed_interfaces/include/zed_interfaces/zed_interfaces/srv/detail/set_roi__traits.hpp
[6.317s] -- Up-to-date symlink: /home/mae-emrl3172/ros2_ws/install/zed_interfaces/include/zed_interfaces/zed_interfaces/srv/detail/start_svo_rec__builder.hpp
[6.318s] -- Up-to-date symlink: /home/mae-emrl3172/ros2_ws/install/zed_interfaces/include/zed_interfaces/zed_interfaces/srv/detail/start_svo_rec__struct.hpp
[6.320s] -- Up-to-date symlink: /home/mae-emrl3172/ros2_ws/install/zed_interfaces/include/zed_interfaces/zed_interfaces/srv/detail/start_svo_rec__traits.hpp
[6.320s] -- Up-to-date symlink: /home/mae-emrl3172/ros2_ws/install/zed_interfaces/include/zed_interfaces/zed_interfaces/srv/set_pose.hpp
[6.321s] -- Up-to-date symlink: /home/mae-emrl3172/ros2_ws/install/zed_interfaces/include/zed_interfaces/zed_interfaces/srv/set_roi.hpp
[6.321s] -- Up-to-date symlink: /home/mae-emrl3172/ros2_ws/install/zed_interfaces/include/zed_interfaces/zed_interfaces/srv/start_svo_rec.hpp
[6.323s] -- Up-to-date symlink: /home/mae-emrl3172/ros2_ws/install/zed_interfaces/include/zed_interfaces/zed_interfaces/msg/detail/bounding_box2_df__rosidl_typesupport_fastrtps_cpp.hpp
[6.324s] -- Up-to-date symlink: /home/mae-emrl3172/ros2_ws/install/zed_interfaces/include/zed_interfaces/zed_interfaces/msg/detail/bounding_box2_di__rosidl_typesupport_fastrtps_cpp.hpp
[6.325s] -- Up-to-date symlink: /home/mae-emrl3172/ros2_ws/install/zed_interfaces/include/zed_interfaces/zed_interfaces/msg/detail/bounding_box3_d__rosidl_typesupport_fastrtps_cpp.hpp
[6.325s] -- Up-to-date symlink: /home/mae-emrl3172/ros2_ws/install/zed_interfaces/include/zed_interfaces/zed_interfaces/msg/detail/depth_info_stamped__rosidl_typesupport_fastrtps_cpp.hpp
[6.326s] -- Up-to-date symlink: /home/mae-emrl3172/ros2_ws/install/zed_interfaces/include/zed_interfaces/zed_interfaces/msg/detail/gnss_fusion_status__rosidl_typesupport_fastrtps_cpp.hpp
[6.326s] -- Up-to-date symlink: /home/mae-emrl3172/ros2_ws/install/zed_interfaces/include/zed_interfaces/zed_interfaces/msg/detail/heartbeat__rosidl_typesupport_fastrtps_cpp.hpp
[6.327s] -- Up-to-date symlink: /home/mae-emrl3172/ros2_ws/install/zed_interfaces/include/zed_interfaces/zed_interfaces/msg/detail/keypoint2_df__rosidl_typesupport_fastrtps_cpp.hpp
[6.327s] -- Up-to-date symlink: /home/mae-emrl3172/ros2_ws/install/zed_interfaces/include/zed_interfaces/zed_interfaces/msg/detail/keypoint2_di__rosidl_typesupport_fastrtps_cpp.hpp
[6.328s] -- Up-to-date symlink: /home/mae-emrl3172/ros2_ws/install/zed_interfaces/include/zed_interfaces/zed_interfaces/msg/detail/keypoint3_d__rosidl_typesupport_fastrtps_cpp.hpp
[6.328s] -- Up-to-date symlink: /home/mae-emrl3172/ros2_ws/install/zed_interfaces/include/zed_interfaces/zed_interfaces/msg/detail/mag_heading_status__rosidl_typesupport_fastrtps_cpp.hpp
[6.329s] -- Up-to-date symlink: /home/mae-emrl3172/ros2_ws/install/zed_interfaces/include/zed_interfaces/zed_interfaces/msg/detail/object__rosidl_typesupport_fastrtps_cpp.hpp
[6.329s] -- Up-to-date symlink: /home/mae-emrl3172/ros2_ws/install/zed_interfaces/include/zed_interfaces/zed_interfaces/msg/detail/objects_stamped__rosidl_typesupport_fastrtps_cpp.hpp
[6.330s] -- Up-to-date symlink: /home/mae-emrl3172/ros2_ws/install/zed_interfaces/include/zed_interfaces/zed_interfaces/msg/detail/plane_stamped__rosidl_typesupport_fastrtps_cpp.hpp
[6.330s] -- Up-to-date symlink: /home/mae-emrl3172/ros2_ws/install/zed_interfaces/include/zed_interfaces/zed_interfaces/msg/detail/pos_track_status__rosidl_typesupport_fastrtps_cpp.hpp
[6.331s] -- Up-to-date symlink: /home/mae-emrl3172/ros2_ws/install/zed_interfaces/include/zed_interfaces/zed_interfaces/msg/detail/skeleton2_d__rosidl_typesupport_fastrtps_cpp.hpp
[6.331s] -- Up-to-date symlink: /home/mae-emrl3172/ros2_ws/install/zed_interfaces/include/zed_interfaces/zed_interfaces/msg/detail/skeleton3_d__rosidl_typesupport_fastrtps_cpp.hpp
[6.332s] -- Up-to-date symlink: /home/mae-emrl3172/ros2_ws/install/zed_interfaces/include/zed_interfaces/zed_interfaces/msg/rosidl_typesupport_fastrtps_cpp__visibility_control.h
[6.332s] -- Up-to-date symlink: /home/mae-emrl3172/ros2_ws/install/zed_interfaces/include/zed_interfaces/zed_interfaces/srv/detail/set_pose__rosidl_typesupport_fastrtps_cpp.hpp
[6.333s] -- Up-to-date symlink: /home/mae-emrl3172/ros2_ws/install/zed_interfaces/include/zed_interfaces/zed_interfaces/srv/detail/set_roi__rosidl_typesupport_fastrtps_cpp.hpp
[6.333s] -- Up-to-date symlink: /home/mae-emrl3172/ros2_ws/install/zed_interfaces/include/zed_interfaces/zed_interfaces/srv/detail/start_svo_rec__rosidl_typesupport_fastrtps_cpp.hpp
[6.335s] -- Up-to-date symlink: /home/mae-emrl3172/ros2_ws/install/zed_interfaces/include/zed_interfaces/zed_interfaces/msg/detail/bounding_box2_df__rosidl_typesupport_introspection_c.h
[6.336s] -- Up-to-date symlink: /home/mae-emrl3172/ros2_ws/install/zed_interfaces/include/zed_interfaces/zed_interfaces/msg/detail/bounding_box2_di__rosidl_typesupport_introspection_c.h
[6.336s] -- Up-to-date symlink: /home/mae-emrl3172/ros2_ws/install/zed_interfaces/include/zed_interfaces/zed_interfaces/msg/detail/bounding_box3_d__rosidl_typesupport_introspection_c.h
[6.337s] -- Up-to-date symlink: /home/mae-emrl3172/ros2_ws/install/zed_interfaces/include/zed_interfaces/zed_interfaces/msg/detail/depth_info_stamped__rosidl_typesupport_introspection_c.h
[6.338s] -- Up-to-date symlink: /home/mae-emrl3172/ros2_ws/install/zed_interfaces/include/zed_interfaces/zed_interfaces/msg/detail/gnss_fusion_status__rosidl_typesupport_introspection_c.h
[6.338s] -- Up-to-date symlink: /home/mae-emrl3172/ros2_ws/install/zed_interfaces/include/zed_interfaces/zed_interfaces/msg/detail/heartbeat__rosidl_typesupport_introspection_c.h
[6.339s] -- Up-to-date symlink: /home/mae-emrl3172/ros2_ws/install/zed_interfaces/include/zed_interfaces/zed_interfaces/msg/detail/keypoint2_df__rosidl_typesupport_introspection_c.h
[6.339s] -- Up-to-date symlink: /home/mae-emrl3172/ros2_ws/install/zed_interfaces/include/zed_interfaces/zed_interfaces/msg/detail/keypoint2_di__rosidl_typesupport_introspection_c.h
[6.340s] -- Up-to-date symlink: /home/mae-emrl3172/ros2_ws/install/zed_interfaces/include/zed_interfaces/zed_interfaces/msg/detail/keypoint3_d__rosidl_typesupport_introspection_c.h
[6.340s] -- Up-to-date symlink: /home/mae-emrl3172/ros2_ws/install/zed_interfaces/include/zed_interfaces/zed_interfaces/msg/detail/mag_heading_status__rosidl_typesupport_introspection_c.h
[6.340s] -- Up-to-date symlink: /home/mae-emrl3172/ros2_ws/install/zed_interfaces/include/zed_interfaces/zed_interfaces/msg/detail/object__rosidl_typesupport_introspection_c.h
[6.341s] -- Up-to-date symlink: /home/mae-emrl3172/ros2_ws/install/zed_interfaces/include/zed_interfaces/zed_interfaces/msg/detail/objects_stamped__rosidl_typesupport_introspection_c.h
[6.341s] -- Up-to-date symlink: /home/mae-emrl3172/ros2_ws/install/zed_interfaces/include/zed_interfaces/zed_interfaces/msg/detail/plane_stamped__rosidl_typesupport_introspection_c.h
[6.342s] -- Up-to-date symlink: /home/mae-emrl3172/ros2_ws/install/zed_interfaces/include/zed_interfaces/zed_interfaces/msg/detail/pos_track_status__rosidl_typesupport_introspection_c.h
[6.343s] -- Up-to-date symlink: /home/mae-emrl3172/ros2_ws/install/zed_interfaces/include/zed_interfaces/zed_interfaces/msg/detail/skeleton2_d__rosidl_typesupport_introspection_c.h
[6.343s] -- Up-to-date symlink: /home/mae-emrl3172/ros2_ws/install/zed_interfaces/include/zed_interfaces/zed_interfaces/msg/detail/skeleton3_d__rosidl_typesupport_introspection_c.h
[6.344s] -- Up-to-date symlink: /home/mae-emrl3172/ros2_ws/install/zed_interfaces/include/zed_interfaces/zed_interfaces/msg/rosidl_typesupport_introspection_c__visibility_control.h
[6.344s] -- Up-to-date symlink: /home/mae-emrl3172/ros2_ws/install/zed_interfaces/include/zed_interfaces/zed_interfaces/srv/detail/set_pose__rosidl_typesupport_introspection_c.h
[6.345s] -- Up-to-date symlink: /home/mae-emrl3172/ros2_ws/install/zed_interfaces/include/zed_interfaces/zed_interfaces/srv/detail/set_roi__rosidl_typesupport_introspection_c.h
[6.346s] -- Up-to-date symlink: /home/mae-emrl3172/ros2_ws/install/zed_interfaces/include/zed_interfaces/zed_interfaces/srv/detail/start_svo_rec__rosidl_typesupport_introspection_c.h
[6.347s] -- Up-to-date symlink: /home/mae-emrl3172/ros2_ws/install/zed_interfaces/include/zed_interfaces/zed_interfaces/msg/detail/bounding_box2_df__rosidl_typesupport_introspection_cpp.hpp
[6.348s] -- Up-to-date symlink: /home/mae-emrl3172/ros2_ws/install/zed_interfaces/include/zed_interfaces/zed_interfaces/msg/detail/bounding_box2_di__rosidl_typesupport_introspection_cpp.hpp
[6.348s] -- Up-to-date symlink: /home/mae-emrl3172/ros2_ws/install/zed_interfaces/include/zed_interfaces/zed_interfaces/msg/detail/bounding_box3_d__rosidl_typesupport_introspection_cpp.hpp
[6.349s] -- Up-to-date symlink: /home/mae-emrl3172/ros2_ws/install/zed_interfaces/include/zed_interfaces/zed_interfaces/msg/detail/depth_info_stamped__rosidl_typesupport_introspection_cpp.hpp
[6.349s] -- Up-to-date symlink: /home/mae-emrl3172/ros2_ws/install/zed_interfaces/include/zed_interfaces/zed_interfaces/msg/detail/gnss_fusion_status__rosidl_typesupport_introspection_cpp.hpp
[6.350s] -- Up-to-date symlink: /home/mae-emrl3172/ros2_ws/install/zed_interfaces/include/zed_interfaces/zed_interfaces/msg/detail/heartbeat__rosidl_typesupport_introspection_cpp.hpp
[6.350s] -- Up-to-date symlink: /home/mae-emrl3172/ros2_ws/install/zed_interfaces/include/zed_interfaces/zed_interfaces/msg/detail/keypoint2_df__rosidl_typesupport_introspection_cpp.hpp
[6.351s] -- Up-to-date symlink: /home/mae-emrl3172/ros2_ws/install/zed_interfaces/include/zed_interfaces/zed_interfaces/msg/detail/keypoint2_di__rosidl_typesupport_introspection_cpp.hpp
[6.352s] -- Up-to-date symlink: /home/mae-emrl3172/ros2_ws/install/zed_interfaces/include/zed_interfaces/zed_interfaces/msg/detail/keypoint3_d__rosidl_typesupport_introspection_cpp.hpp
[6.352s] -- Up-to-date symlink: /home/mae-emrl3172/ros2_ws/install/zed_interfaces/include/zed_interfaces/zed_interfaces/msg/detail/mag_heading_status__rosidl_typesupport_introspection_cpp.hpp
[6.353s] -- Up-to-date symlink: /home/mae-emrl3172/ros2_ws/install/zed_interfaces/include/zed_interfaces/zed_interfaces/msg/detail/object__rosidl_typesupport_introspection_cpp.hpp
[6.353s] -- Up-to-date symlink: /home/mae-emrl3172/ros2_ws/install/zed_interfaces/include/zed_interfaces/zed_interfaces/msg/detail/objects_stamped__rosidl_typesupport_introspection_cpp.hpp
[6.354s] -- Up-to-date symlink: /home/mae-emrl3172/ros2_ws/install/zed_interfaces/include/zed_interfaces/zed_interfaces/msg/detail/plane_stamped__rosidl_typesupport_introspection_cpp.hpp
[6.355s] -- Up-to-date symlink: /home/mae-emrl3172/ros2_ws/install/zed_interfaces/include/zed_interfaces/zed_interfaces/msg/detail/pos_track_status__rosidl_typesupport_introspection_cpp.hpp
[6.355s] -- Up-to-date symlink: /home/mae-emrl3172/ros2_ws/install/zed_interfaces/include/zed_interfaces/zed_interfaces/msg/detail/skeleton2_d__rosidl_typesupport_introspection_cpp.hpp
[6.356s] -- Up-to-date symlink: /home/mae-emrl3172/ros2_ws/install/zed_interfaces/include/zed_interfaces/zed_interfaces/msg/detail/skeleton3_d__rosidl_typesupport_introspection_cpp.hpp
[6.356s] -- Up-to-date symlink: /home/mae-emrl3172/ros2_ws/install/zed_interfaces/include/zed_interfaces/zed_interfaces/srv/detail/set_pose__rosidl_typesupport_introspection_cpp.hpp
[6.357s] -- Up-to-date symlink: /home/mae-emrl3172/ros2_ws/install/zed_interfaces/include/zed_interfaces/zed_interfaces/srv/detail/set_roi__rosidl_typesupport_introspection_cpp.hpp
[6.357s] -- Up-to-date symlink: /home/mae-emrl3172/ros2_ws/install/zed_interfaces/include/zed_interfaces/zed_interfaces/srv/detail/start_svo_rec__rosidl_typesupport_introspection_cpp.hpp
[6.358s] -- Up-to-date symlink: /home/mae-emrl3172/ros2_ws/install/zed_interfaces/share/zed_interfaces/environment/pythonpath.sh
[6.358s] -- Up-to-date symlink: /home/mae-emrl3172/ros2_ws/install/zed_interfaces/share/zed_interfaces/environment/pythonpath.dsv
[6.359s] -- Up-to-date symlink: /home/mae-emrl3172/ros2_ws/install/zed_interfaces/local/lib/python3.10/dist-packages/zed_interfaces-4.1.0-py3.10.egg-info/PKG-INFO
[6.360s] -- Up-to-date symlink: /home/mae-emrl3172/ros2_ws/install/zed_interfaces/local/lib/python3.10/dist-packages/zed_interfaces-4.1.0-py3.10.egg-info/SOURCES.txt
[6.360s] -- Up-to-date symlink: /home/mae-emrl3172/ros2_ws/install/zed_interfaces/local/lib/python3.10/dist-packages/zed_interfaces-4.1.0-py3.10.egg-info/dependency_links.txt
[6.361s] -- Up-to-date symlink: /home/mae-emrl3172/ros2_ws/install/zed_interfaces/local/lib/python3.10/dist-packages/zed_interfaces-4.1.0-py3.10.egg-info/top_level.txt
[6.363s] -- Up-to-date symlink: /home/mae-emrl3172/ros2_ws/install/zed_interfaces/local/lib/python3.10/dist-packages/zed_interfaces/__init__.py
[6.364s] -- Up-to-date symlink: /home/mae-emrl3172/ros2_ws/install/zed_interfaces/local/lib/python3.10/dist-packages/zed_interfaces/_zed_interfaces_s.ep.rosidl_typesupport_c.c
[6.364s] -- Up-to-date symlink: /home/mae-emrl3172/ros2_ws/install/zed_interfaces/local/lib/python3.10/dist-packages/zed_interfaces/_zed_interfaces_s.ep.rosidl_typesupport_fastrtps_c.c
[6.365s] -- Up-to-date symlink: /home/mae-emrl3172/ros2_ws/install/zed_interfaces/local/lib/python3.10/dist-packages/zed_interfaces/_zed_interfaces_s.ep.rosidl_typesupport_introspection_c.c
[6.365s] -- Up-to-date symlink: /home/mae-emrl3172/ros2_ws/install/zed_interfaces/local/lib/python3.10/dist-packages/zed_interfaces/libzed_interfaces__rosidl_generator_py.so
[6.366s] -- Up-to-date symlink: /home/mae-emrl3172/ros2_ws/install/zed_interfaces/local/lib/python3.10/dist-packages/zed_interfaces/msg/__init__.py
[6.367s] -- Up-to-date symlink: /home/mae-emrl3172/ros2_ws/install/zed_interfaces/local/lib/python3.10/dist-packages/zed_interfaces/msg/_bounding_box2_df.py
[6.367s] -- Up-to-date symlink: /home/mae-emrl3172/ros2_ws/install/zed_interfaces/local/lib/python3.10/dist-packages/zed_interfaces/msg/_bounding_box2_df_s.c
[6.368s] -- Up-to-date symlink: /home/mae-emrl3172/ros2_ws/install/zed_interfaces/local/lib/python3.10/dist-packages/zed_interfaces/msg/_bounding_box2_di.py
[6.369s] -- Up-to-date symlink: /home/mae-emrl3172/ros2_ws/install/zed_interfaces/local/lib/python3.10/dist-packages/zed_interfaces/msg/_bounding_box2_di_s.c
[6.369s] -- Up-to-date symlink: /home/mae-emrl3172/ros2_ws/install/zed_interfaces/local/lib/python3.10/dist-packages/zed_interfaces/msg/_bounding_box3_d.py
[6.370s] -- Up-to-date symlink: /home/mae-emrl3172/ros2_ws/install/zed_interfaces/local/lib/python3.10/dist-packages/zed_interfaces/msg/_bounding_box3_d_s.c
[6.371s] -- Up-to-date symlink: /home/mae-emrl3172/ros2_ws/install/zed_interfaces/local/lib/python3.10/dist-packages/zed_interfaces/msg/_depth_info_stamped.py
[6.371s] -- Up-to-date symlink: /home/mae-emrl3172/ros2_ws/install/zed_interfaces/local/lib/python3.10/dist-packages/zed_interfaces/msg/_depth_info_stamped_s.c
[6.372s] -- Up-to-date symlink: /home/mae-emrl3172/ros2_ws/install/zed_interfaces/local/lib/python3.10/dist-packages/zed_interfaces/msg/_gnss_fusion_status.py
[6.372s] -- Up-to-date symlink: /home/mae-emrl3172/ros2_ws/install/zed_interfaces/local/lib/python3.10/dist-packages/zed_interfaces/msg/_gnss_fusion_status_s.c
[6.373s] -- Up-to-date symlink: /home/mae-emrl3172/ros2_ws/install/zed_interfaces/local/lib/python3.10/dist-packages/zed_interfaces/msg/_heartbeat.py
[6.374s] -- Up-to-date symlink: /home/mae-emrl3172/ros2_ws/install/zed_interfaces/local/lib/python3.10/dist-packages/zed_interfaces/msg/_heartbeat_s.c
[6.375s] -- Up-to-date symlink: /home/mae-emrl3172/ros2_ws/install/zed_interfaces/local/lib/python3.10/dist-packages/zed_interfaces/msg/_keypoint2_df.py
[6.376s] -- Up-to-date symlink: /home/mae-emrl3172/ros2_ws/install/zed_interfaces/local/lib/python3.10/dist-packages/zed_interfaces/msg/_keypoint2_df_s.c
[6.377s] -- Up-to-date symlink: /home/mae-emrl3172/ros2_ws/install/zed_interfaces/local/lib/python3.10/dist-packages/zed_interfaces/msg/_keypoint2_di.py
[6.378s] -- Up-to-date symlink: /home/mae-emrl3172/ros2_ws/install/zed_interfaces/local/lib/python3.10/dist-packages/zed_interfaces/msg/_keypoint2_di_s.c
[6.378s] -- Up-to-date symlink: /home/mae-emrl3172/ros2_ws/install/zed_interfaces/local/lib/python3.10/dist-packages/zed_interfaces/msg/_keypoint3_d.py
[6.379s] -- Up-to-date symlink: /home/mae-emrl3172/ros2_ws/install/zed_interfaces/local/lib/python3.10/dist-packages/zed_interfaces/msg/_keypoint3_d_s.c
[6.379s] -- Up-to-date symlink: /home/mae-emrl3172/ros2_ws/install/zed_interfaces/local/lib/python3.10/dist-packages/zed_interfaces/msg/_mag_heading_status.py
[6.380s] -- Up-to-date symlink: /home/mae-emrl3172/ros2_ws/install/zed_interfaces/local/lib/python3.10/dist-packages/zed_interfaces/msg/_mag_heading_status_s.c
[6.380s] -- Up-to-date symlink: /home/mae-emrl3172/ros2_ws/install/zed_interfaces/local/lib/python3.10/dist-packages/zed_interfaces/msg/_object.py
[6.381s] -- Up-to-date symlink: /home/mae-emrl3172/ros2_ws/install/zed_interfaces/local/lib/python3.10/dist-packages/zed_interfaces/msg/_object_s.c
[6.381s] -- Up-to-date symlink: /home/mae-emrl3172/ros2_ws/install/zed_interfaces/local/lib/python3.10/dist-packages/zed_interfaces/msg/_objects_stamped.py
[6.382s] -- Up-to-date symlink: /home/mae-emrl3172/ros2_ws/install/zed_interfaces/local/lib/python3.10/dist-packages/zed_interfaces/msg/_objects_stamped_s.c
[6.382s] -- Up-to-date symlink: /home/mae-emrl3172/ros2_ws/install/zed_interfaces/local/lib/python3.10/dist-packages/zed_interfaces/msg/_plane_stamped.py
[6.383s] -- Up-to-date symlink: /home/mae-emrl3172/ros2_ws/install/zed_interfaces/local/lib/python3.10/dist-packages/zed_interfaces/msg/_plane_stamped_s.c
[6.383s] -- Up-to-date symlink: /home/mae-emrl3172/ros2_ws/install/zed_interfaces/local/lib/python3.10/dist-packages/zed_interfaces/msg/_pos_track_status.py
[6.384s] -- Up-to-date symlink: /home/mae-emrl3172/ros2_ws/install/zed_interfaces/local/lib/python3.10/dist-packages/zed_interfaces/msg/_pos_track_status_s.c
[6.385s] -- Up-to-date symlink: /home/mae-emrl3172/ros2_ws/install/zed_interfaces/local/lib/python3.10/dist-packages/zed_interfaces/msg/_skeleton2_d.py
[6.386s] -- Up-to-date symlink: /home/mae-emrl3172/ros2_ws/install/zed_interfaces/local/lib/python3.10/dist-packages/zed_interfaces/msg/_skeleton2_d_s.c
[6.386s] -- Up-to-date symlink: /home/mae-emrl3172/ros2_ws/install/zed_interfaces/local/lib/python3.10/dist-packages/zed_interfaces/msg/_skeleton3_d.py
[6.387s] -- Up-to-date symlink: /home/mae-emrl3172/ros2_ws/install/zed_interfaces/local/lib/python3.10/dist-packages/zed_interfaces/msg/_skeleton3_d_s.c
[6.388s] -- Up-to-date symlink: /home/mae-emrl3172/ros2_ws/install/zed_interfaces/local/lib/python3.10/dist-packages/zed_interfaces/srv/__init__.py
[6.388s] -- Up-to-date symlink: /home/mae-emrl3172/ros2_ws/install/zed_interfaces/local/lib/python3.10/dist-packages/zed_interfaces/srv/_set_pose.py
[6.389s] -- Up-to-date symlink: /home/mae-emrl3172/ros2_ws/install/zed_interfaces/local/lib/python3.10/dist-packages/zed_interfaces/srv/_set_pose_s.c
[6.389s] -- Up-to-date symlink: /home/mae-emrl3172/ros2_ws/install/zed_interfaces/local/lib/python3.10/dist-packages/zed_interfaces/srv/_set_roi.py
[6.390s] -- Up-to-date symlink: /home/mae-emrl3172/ros2_ws/install/zed_interfaces/local/lib/python3.10/dist-packages/zed_interfaces/srv/_set_roi_s.c
[6.390s] -- Up-to-date symlink: /home/mae-emrl3172/ros2_ws/install/zed_interfaces/local/lib/python3.10/dist-packages/zed_interfaces/srv/_start_svo_rec.py
[6.391s] -- Up-to-date symlink: /home/mae-emrl3172/ros2_ws/install/zed_interfaces/local/lib/python3.10/dist-packages/zed_interfaces/srv/_start_svo_rec_s.c
[6.391s] -- Up-to-date symlink: /home/mae-emrl3172/ros2_ws/install/zed_interfaces/local/lib/python3.10/dist-packages/zed_interfaces/zed_interfaces_s__rosidl_typesupport_c.cpython-310-aarch64-linux-gnu.so
[6.392s] -- Up-to-date symlink: /home/mae-emrl3172/ros2_ws/install/zed_interfaces/local/lib/python3.10/dist-packages/zed_interfaces/zed_interfaces_s__rosidl_typesupport_fastrtps_c.cpython-310-aarch64-linux-gnu.so
[6.392s] -- Up-to-date symlink: /home/mae-emrl3172/ros2_ws/install/zed_interfaces/local/lib/python3.10/dist-packages/zed_interfaces/zed_interfaces_s__rosidl_typesupport_introspection_c.cpython-310-aarch64-linux-gnu.so
[6.393s] -- Up-to-date symlink: /home/mae-emrl3172/ros2_ws/install/zed_interfaces/local/lib/python3.10/dist-packages/zed_interfaces/zed_interfaces_s__rosidl_typesupport_fastrtps_c.cpython-310-aarch64-linux-gnu.so
[6.393s] -- Up-to-date symlink: /home/mae-emrl3172/ros2_ws/install/zed_interfaces/local/lib/python3.10/dist-packages/zed_interfaces/zed_interfaces_s__rosidl_typesupport_introspection_c.cpython-310-aarch64-linux-gnu.so
[6.394s] -- Up-to-date symlink: /home/mae-emrl3172/ros2_ws/install/zed_interfaces/local/lib/python3.10/dist-packages/zed_interfaces/zed_interfaces_s__rosidl_typesupport_c.cpython-310-aarch64-linux-gnu.so
[6.395s] -- Up-to-date symlink: /home/mae-emrl3172/ros2_ws/install/zed_interfaces/share/zed_interfaces/msg/Object.idl
[6.396s] -- Up-to-date symlink: /home/mae-emrl3172/ros2_ws/install/zed_interfaces/share/zed_interfaces/msg/ObjectsStamped.idl
[6.396s] -- Up-to-date symlink: /home/mae-emrl3172/ros2_ws/install/zed_interfaces/share/zed_interfaces/msg/Keypoint2Di.idl
[6.397s] -- Up-to-date symlink: /home/mae-emrl3172/ros2_ws/install/zed_interfaces/share/zed_interfaces/msg/Keypoint2Df.idl
[6.398s] -- Up-to-date symlink: /home/mae-emrl3172/ros2_ws/install/zed_interfaces/share/zed_interfaces/msg/Keypoint3D.idl
[6.398s] -- Up-to-date symlink: /home/mae-emrl3172/ros2_ws/install/zed_interfaces/share/zed_interfaces/msg/BoundingBox2Di.idl
[6.399s] -- Up-to-date symlink: /home/mae-emrl3172/ros2_ws/install/zed_interfaces/share/zed_interfaces/msg/BoundingBox2Df.idl
[6.399s] -- Up-to-date symlink: /home/mae-emrl3172/ros2_ws/install/zed_interfaces/share/zed_interfaces/msg/BoundingBox3D.idl
[6.400s] -- Up-to-date symlink: /home/mae-emrl3172/ros2_ws/install/zed_interfaces/share/zed_interfaces/msg/Skeleton2D.idl
[6.400s] -- Up-to-date symlink: /home/mae-emrl3172/ros2_ws/install/zed_interfaces/share/zed_interfaces/msg/Skeleton3D.idl
[6.401s] -- Up-to-date symlink: /home/mae-emrl3172/ros2_ws/install/zed_interfaces/share/zed_interfaces/msg/DepthInfoStamped.idl
[6.402s] -- Up-to-date symlink: /home/mae-emrl3172/ros2_ws/install/zed_interfaces/share/zed_interfaces/msg/PlaneStamped.idl
[6.402s] -- Up-to-date symlink: /home/mae-emrl3172/ros2_ws/install/zed_interfaces/share/zed_interfaces/msg/PosTrackStatus.idl
[6.403s] -- Up-to-date symlink: /home/mae-emrl3172/ros2_ws/install/zed_interfaces/share/zed_interfaces/msg/GnssFusionStatus.idl
[6.404s] -- Up-to-date symlink: /home/mae-emrl3172/ros2_ws/install/zed_interfaces/share/zed_interfaces/msg/Heartbeat.idl
[6.405s] -- Up-to-date symlink: /home/mae-emrl3172/ros2_ws/install/zed_interfaces/share/zed_interfaces/msg/MagHeadingStatus.idl
[6.405s] -- Up-to-date symlink: /home/mae-emrl3172/ros2_ws/install/zed_interfaces/share/zed_interfaces/srv/SetPose.idl
[6.406s] -- Up-to-date symlink: /home/mae-emrl3172/ros2_ws/install/zed_interfaces/share/zed_interfaces/srv/StartSvoRec.idl
[6.407s] -- Up-to-date symlink: /home/mae-emrl3172/ros2_ws/install/zed_interfaces/share/zed_interfaces/srv/SetROI.idl
[6.407s] -- Up-to-date symlink: /home/mae-emrl3172/ros2_ws/install/zed_interfaces/share/zed_interfaces/msg/Object.msg
[6.408s] -- Up-to-date symlink: /home/mae-emrl3172/ros2_ws/install/zed_interfaces/share/zed_interfaces/msg/ObjectsStamped.msg
[6.408s] -- Up-to-date symlink: /home/mae-emrl3172/ros2_ws/install/zed_interfaces/share/zed_interfaces/msg/Keypoint2Di.msg
[6.409s] -- Up-to-date symlink: /home/mae-emrl3172/ros2_ws/install/zed_interfaces/share/zed_interfaces/msg/Keypoint2Df.msg
[6.410s] -- Up-to-date symlink: /home/mae-emrl3172/ros2_ws/install/zed_interfaces/share/zed_interfaces/msg/Keypoint3D.msg
[6.410s] -- Up-to-date symlink: /home/mae-emrl3172/ros2_ws/install/zed_interfaces/share/zed_interfaces/msg/BoundingBox2Di.msg
[6.411s] -- Up-to-date symlink: /home/mae-emrl3172/ros2_ws/install/zed_interfaces/share/zed_interfaces/msg/BoundingBox2Df.msg
[6.411s] -- Up-to-date symlink: /home/mae-emrl3172/ros2_ws/install/zed_interfaces/share/zed_interfaces/msg/BoundingBox3D.msg
[6.412s] -- Up-to-date symlink: /home/mae-emrl3172/ros2_ws/install/zed_interfaces/share/zed_interfaces/msg/Skeleton2D.msg
[6.412s] -- Up-to-date symlink: /home/mae-emrl3172/ros2_ws/install/zed_interfaces/share/zed_interfaces/msg/Skeleton3D.msg
[6.413s] -- Up-to-date symlink: /home/mae-emrl3172/ros2_ws/install/zed_interfaces/share/zed_interfaces/msg/DepthInfoStamped.msg
[6.414s] -- Up-to-date symlink: /home/mae-emrl3172/ros2_ws/install/zed_interfaces/share/zed_interfaces/msg/PlaneStamped.msg
[6.414s] -- Up-to-date symlink: /home/mae-emrl3172/ros2_ws/install/zed_interfaces/share/zed_interfaces/msg/PosTrackStatus.msg
[6.415s] -- Up-to-date symlink: /home/mae-emrl3172/ros2_ws/install/zed_interfaces/share/zed_interfaces/msg/GnssFusionStatus.msg
[6.415s] -- Up-to-date symlink: /home/mae-emrl3172/ros2_ws/install/zed_interfaces/share/zed_interfaces/msg/Heartbeat.msg
[6.416s] -- Up-to-date symlink: /home/mae-emrl3172/ros2_ws/install/zed_interfaces/share/zed_interfaces/msg/MagHeadingStatus.msg
[6.416s] -- Up-to-date symlink: /home/mae-emrl3172/ros2_ws/install/zed_interfaces/share/zed_interfaces/srv/SetPose.srv
[6.417s] -- Up-to-date symlink: /home/mae-emrl3172/ros2_ws/install/zed_interfaces/share/zed_interfaces/srv/SetPose_Request.msg
[6.418s] -- Up-to-date symlink: /home/mae-emrl3172/ros2_ws/install/zed_interfaces/share/zed_interfaces/srv/SetPose_Response.msg
[6.419s] -- Up-to-date symlink: /home/mae-emrl3172/ros2_ws/install/zed_interfaces/share/zed_interfaces/srv/StartSvoRec.srv
[6.420s] -- Up-to-date symlink: /home/mae-emrl3172/ros2_ws/install/zed_interfaces/share/zed_interfaces/srv/StartSvoRec_Request.msg
[6.421s] -- Up-to-date symlink: /home/mae-emrl3172/ros2_ws/install/zed_interfaces/share/zed_interfaces/srv/StartSvoRec_Response.msg
[6.421s] -- Up-to-date symlink: /home/mae-emrl3172/ros2_ws/install/zed_interfaces/share/zed_interfaces/srv/SetROI.srv
[6.422s] -- Up-to-date symlink: /home/mae-emrl3172/ros2_ws/install/zed_interfaces/share/zed_interfaces/srv/SetROI_Request.msg
[6.422s] -- Up-to-date symlink: /home/mae-emrl3172/ros2_ws/install/zed_interfaces/share/zed_interfaces/srv/SetROI_Response.msg
[6.424s] -- Up-to-date symlink: /home/mae-emrl3172/ros2_ws/install/zed_interfaces/share/zed_interfaces/meshes/virtual.stl
[6.424s] -- Up-to-date symlink: /home/mae-emrl3172/ros2_ws/install/zed_interfaces/share/zed_interfaces/meshes/zed.stl
[6.425s] -- Up-to-date symlink: /home/mae-emrl3172/ros2_ws/install/zed_interfaces/share/zed_interfaces/meshes/zed2.stl
[6.425s] -- Up-to-date symlink: /home/mae-emrl3172/ros2_ws/install/zed_interfaces/share/zed_interfaces/meshes/zed2i.stl
[6.426s] -- Up-to-date symlink: /home/mae-emrl3172/ros2_ws/install/zed_interfaces/share/zed_interfaces/meshes/zedm.stl
[6.426s] -- Up-to-date symlink: /home/mae-emrl3172/ros2_ws/install/zed_interfaces/share/zed_interfaces/meshes/zedx.stl
[6.427s] -- Up-to-date symlink: /home/mae-emrl3172/ros2_ws/install/zed_interfaces/share/zed_interfaces/meshes/zedxm.stl
[6.427s] -- Up-to-date symlink: /home/mae-emrl3172/ros2_ws/install/zed_interfaces/share/ament_index/resource_index/package_run_dependencies/zed_interfaces
[6.428s] -- Up-to-date symlink: /home/mae-emrl3172/ros2_ws/install/zed_interfaces/share/ament_index/resource_index/parent_prefix_path/zed_interfaces
[6.429s] -- Up-to-date symlink: /home/mae-emrl3172/ros2_ws/install/zed_interfaces/share/zed_interfaces/environment/ament_prefix_path.sh
[6.429s] -- Up-to-date symlink: /home/mae-emrl3172/ros2_ws/install/zed_interfaces/share/zed_interfaces/environment/ament_prefix_path.dsv
[6.430s] -- Up-to-date symlink: /home/mae-emrl3172/ros2_ws/install/zed_interfaces/share/zed_interfaces/environment/path.sh
[6.430s] -- Up-to-date symlink: /home/mae-emrl3172/ros2_ws/install/zed_interfaces/share/zed_interfaces/environment/path.dsv
[6.431s] -- Up-to-date symlink: /home/mae-emrl3172/ros2_ws/install/zed_interfaces/share/zed_interfaces/local_setup.bash
[6.431s] -- Up-to-date symlink: /home/mae-emrl3172/ros2_ws/install/zed_interfaces/share/zed_interfaces/local_setup.sh
[6.432s] -- Up-to-date symlink: /home/mae-emrl3172/ros2_ws/install/zed_interfaces/share/zed_interfaces/local_setup.zsh
[6.432s] -- Up-to-date symlink: /home/mae-emrl3172/ros2_ws/install/zed_interfaces/share/zed_interfaces/local_setup.dsv
[6.433s] -- Symlinking: /home/mae-emrl3172/ros2_ws/install/zed_interfaces/share/zed_interfaces/package.dsv
[6.457s] -- Up-to-date symlink: /home/mae-emrl3172/ros2_ws/install/zed_interfaces/share/ament_index/resource_index/packages/zed_interfaces
[6.457s] -- Up-to-date symlink: /home/mae-emrl3172/ros2_ws/install/zed_interfaces/share/zed_interfaces/cmake/rosidl_cmake-extras.cmake
[6.458s] -- Up-to-date symlink: /home/mae-emrl3172/ros2_ws/install/zed_interfaces/share/zed_interfaces/cmake/ament_cmake_export_dependencies-extras.cmake
[6.459s] -- Up-to-date symlink: /home/mae-emrl3172/ros2_ws/install/zed_interfaces/share/zed_interfaces/cmake/ament_cmake_export_include_directories-extras.cmake
[6.459s] -- Up-to-date symlink: /home/mae-emrl3172/ros2_ws/install/zed_interfaces/share/zed_interfaces/cmake/ament_cmake_export_libraries-extras.cmake
[6.460s] -- Up-to-date symlink: /home/mae-emrl3172/ros2_ws/install/zed_interfaces/share/zed_interfaces/cmake/ament_cmake_export_targets-extras.cmake
[6.461s] -- Up-to-date symlink: /home/mae-emrl3172/ros2_ws/install/zed_interfaces/share/zed_interfaces/cmake/rosidl_cmake_export_typesupport_targets-extras.cmake
[6.461s] -- Up-to-date symlink: /home/mae-emrl3172/ros2_ws/install/zed_interfaces/share/zed_interfaces/cmake/rosidl_cmake_export_typesupport_libraries-extras.cmake
[6.462s] -- Up-to-date symlink: /home/mae-emrl3172/ros2_ws/install/zed_interfaces/share/zed_interfaces/cmake/zed_interfacesConfig.cmake
[6.462s] -- Up-to-date symlink: /home/mae-emrl3172/ros2_ws/install/zed_interfaces/share/zed_interfaces/cmake/zed_interfacesConfig-version.cmake
[6.463s] -- Up-to-date symlink: /home/mae-emrl3172/ros2_ws/install/zed_interfaces/share/zed_interfaces/package.xml
[6.465s] -- Up-to-date: /home/mae-emrl3172/ros2_ws/install/zed_interfaces/lib/libzed_interfaces__rosidl_generator_c.so
[6.468s] -- Up-to-date: /home/mae-emrl3172/ros2_ws/install/zed_interfaces/lib/libzed_interfaces__rosidl_typesupport_fastrtps_c.so
[6.471s] -- Up-to-date: /home/mae-emrl3172/ros2_ws/install/zed_interfaces/lib/libzed_interfaces__rosidl_typesupport_fastrtps_cpp.so
[6.474s] -- Up-to-date: /home/mae-emrl3172/ros2_ws/install/zed_interfaces/lib/libzed_interfaces__rosidl_typesupport_introspection_c.so
[6.475s] -- Up-to-date: /home/mae-emrl3172/ros2_ws/install/zed_interfaces/lib/libzed_interfaces__rosidl_typesupport_c.so
[6.478s] -- Up-to-date: /home/mae-emrl3172/ros2_ws/install/zed_interfaces/lib/libzed_interfaces__rosidl_typesupport_introspection_cpp.so
[6.481s] -- Up-to-date: /home/mae-emrl3172/ros2_ws/install/zed_interfaces/lib/libzed_interfaces__rosidl_typesupport_cpp.so
[6.573s] Listing '/home/mae-emrl3172/ros2_ws/install/zed_interfaces/local/lib/python3.10/dist-packages/zed_interfaces'...
[6.574s] Compiling '/home/mae-emrl3172/ros2_ws/install/zed_interfaces/local/lib/python3.10/dist-packages/zed_interfaces/__init__.py'...
[6.574s] Listing '/home/mae-emrl3172/ros2_ws/install/zed_interfaces/local/lib/python3.10/dist-packages/zed_interfaces/msg'...
[6.574s] Listing '/home/mae-emrl3172/ros2_ws/install/zed_interfaces/local/lib/python3.10/dist-packages/zed_interfaces/srv'...
[6.589s] -- Up-to-date: /home/mae-emrl3172/ros2_ws/install/zed_interfaces/lib/libzed_interfaces__rosidl_generator_py.so
[6.590s] -- Up-to-date: /home/mae-emrl3172/ros2_ws/install/zed_interfaces/share/zed_interfaces/cmake/export_zed_interfaces__rosidl_generator_cExport.cmake
[6.591s] -- Up-to-date: /home/mae-emrl3172/ros2_ws/install/zed_interfaces/share/zed_interfaces/cmake/export_zed_interfaces__rosidl_generator_cExport-release.cmake
[6.592s] -- Up-to-date: /home/mae-emrl3172/ros2_ws/install/zed_interfaces/share/zed_interfaces/cmake/export_zed_interfaces__rosidl_typesupport_fastrtps_cExport.cmake
[6.592s] -- Up-to-date: /home/mae-emrl3172/ros2_ws/install/zed_interfaces/share/zed_interfaces/cmake/export_zed_interfaces__rosidl_typesupport_fastrtps_cExport-release.cmake
[6.593s] -- Up-to-date: /home/mae-emrl3172/ros2_ws/install/zed_interfaces/share/zed_interfaces/cmake/export_zed_interfaces__rosidl_generator_cppExport.cmake
[6.594s] -- Up-to-date: /home/mae-emrl3172/ros2_ws/install/zed_interfaces/share/zed_interfaces/cmake/export_zed_interfaces__rosidl_typesupport_fastrtps_cppExport.cmake
[6.594s] -- Up-to-date: /home/mae-emrl3172/ros2_ws/install/zed_interfaces/share/zed_interfaces/cmake/export_zed_interfaces__rosidl_typesupport_fastrtps_cppExport-release.cmake
[6.595s] -- Up-to-date: /home/mae-emrl3172/ros2_ws/install/zed_interfaces/share/zed_interfaces/cmake/zed_interfaces__rosidl_typesupport_introspection_cExport.cmake
[6.595s] -- Up-to-date: /home/mae-emrl3172/ros2_ws/install/zed_interfaces/share/zed_interfaces/cmake/zed_interfaces__rosidl_typesupport_introspection_cExport-release.cmake
[6.596s] -- Up-to-date: /home/mae-emrl3172/ros2_ws/install/zed_interfaces/share/zed_interfaces/cmake/zed_interfaces__rosidl_typesupport_cExport.cmake
[6.596s] -- Up-to-date: /home/mae-emrl3172/ros2_ws/install/zed_interfaces/share/zed_interfaces/cmake/zed_interfaces__rosidl_typesupport_cExport-release.cmake
[6.597s] -- Up-to-date: /home/mae-emrl3172/ros2_ws/install/zed_interfaces/share/zed_interfaces/cmake/zed_interfaces__rosidl_typesupport_introspection_cppExport.cmake
[6.597s] -- Up-to-date: /home/mae-emrl3172/ros2_ws/install/zed_interfaces/share/zed_interfaces/cmake/zed_interfaces__rosidl_typesupport_introspection_cppExport-release.cmake
[6.597s] -- Up-to-date: /home/mae-emrl3172/ros2_ws/install/zed_interfaces/share/zed_interfaces/cmake/zed_interfaces__rosidl_typesupport_cppExport.cmake
[6.598s] -- Up-to-date: /home/mae-emrl3172/ros2_ws/install/zed_interfaces/share/zed_interfaces/cmake/zed_interfaces__rosidl_typesupport_cppExport-release.cmake
[6.598s] -- Up-to-date: /home/mae-emrl3172/ros2_ws/install/zed_interfaces/share/zed_interfaces/cmake/export_zed_interfaces__rosidl_generator_pyExport.cmake
[6.599s] -- Up-to-date: /home/mae-emrl3172/ros2_ws/install/zed_interfaces/share/zed_interfaces/cmake/export_zed_interfaces__rosidl_generator_pyExport-release.cmake
[6.607s] Invoked command in '/home/mae-emrl3172/ros2_ws/build/zed_interfaces' returned '0': CMAKE_PREFIX_PATH=${CMAKE_PREFIX_PATH}:/home/mae-emrl3172/ros2_ws/install/sUAV:/opt/ros/humble /usr/bin/cmake --install /home/mae-emrl3172/ros2_ws/build/zed_interfaces
