[0.042s] Invoking command in '/home/mae-emrl3172/ros2_ws/build/zed_interfaces': CMAKE_PREFIX_PATH=${CMAKE_PREFIX_PATH}:/home/mae-emrl3172/ros2_ws/install/sUAV:/opt/ros/humble /usr/bin/cmake /home/mae-emrl3172/ros2_ws/src/zed-ros2-wrapper/zed-ros2-interfaces -DCMAKE_INSTALL_PREFIX=/home/mae-emrl3172/ros2_ws/install/zed_interfaces
[0.074s] -- Found ament_cmake_auto: 1.3.8 (/opt/ros/humble/share/ament_cmake_auto/cmake)
[0.385s] -- Override CMake install command with custom implementation using symlinks instead of copying resources
[0.610s] -- Found rosidl_generator_c: 3.1.5 (/opt/ros/humble/share/rosidl_generator_c/cmake)
[0.615s] -- Found rosidl_adapter: 3.1.5 (/opt/ros/humble/share/rosidl_adapter/cmake)
[0.628s] -- Found rosidl_generator_cpp: 3.1.5 (/opt/ros/humble/share/rosidl_generator_cpp/cmake)
[0.651s] -- Using all available rosidl_typesupport_c: rosidl_typesupport_fastrtps_c;rosidl_typesupport_introspection_c
[0.683s] -- Using all available rosidl_typesupport_cpp: rosidl_typesupport_fastrtps_cpp;rosidl_typesupport_introspection_cpp
[0.974s] -- Found ament_lint_auto: 0.12.10 (/opt/ros/humble/share/ament_lint_auto/cmake)
[1.820s] -- Found ament_cmake_ros: 0.10.0 (/opt/ros/humble/share/ament_cmake_ros/cmake)
[2.846s] -- Using all available rosidl_typesupport_c: rosidl_typesupport_fastrtps_c;rosidl_typesupport_introspection_c
[3.263s] -- Using all available rosidl_typesupport_cpp: rosidl_typesupport_fastrtps_cpp;rosidl_typesupport_introspection_cpp
[3.326s] -- Found python_cmake_module: 0.10.0 (/opt/ros/humble/share/python_cmake_module/cmake)
[3.384s] -- Using PYTHON_EXECUTABLE: /usr/bin/python3
[3.384s] -- Using PYTHON_INCLUDE_DIRS: /usr/include/python3.10
[3.385s] -- Using PYTHON_LIBRARIES: /usr/lib/aarch64-linux-gnu/libpython3.10.so
[3.511s] -- Added test 'copyright' to check source files copyright and LICENSE
[3.515s] -- Added test 'lint_cmake' to check CMake code style
[3.519s] -- Added test 'xmllint' to check XML markup files
[3.528s] -- Configuring done
[3.676s] -- Generating done
[3.688s] -- Build files have been written to: /home/mae-emrl3172/ros2_ws/build/zed_interfaces
[3.714s] Invoked command in '/home/mae-emrl3172/ros2_ws/build/zed_interfaces' returned '0': CMAKE_PREFIX_PATH=${CMAKE_PREFIX_PATH}:/home/mae-emrl3172/ros2_ws/install/sUAV:/opt/ros/humble /usr/bin/cmake /home/mae-emrl3172/ros2_ws/src/zed-ros2-wrapper/zed-ros2-interfaces -DCMAKE_INSTALL_PREFIX=/home/mae-emrl3172/ros2_ws/install/zed_interfaces
[3.722s] Invoking command in '/home/mae-emrl3172/ros2_ws/build/zed_interfaces': CMAKE_PREFIX_PATH=${CMAKE_PREFIX_PATH}:/home/mae-emrl3172/ros2_ws/install/sUAV:/opt/ros/humble /usr/bin/cmake --build /home/mae-emrl3172/ros2_ws/build/zed_interfaces -- -j6 -l6
[3.846s] [35m[1mConsolidate compiler generated dependencies of target zed_interfaces__rosidl_generator_c[0m
[3.871s] [  0%] Built target zed_interfaces__cpp
[3.893s] [ 12%] Built target zed_interfaces__rosidl_generator_c
[3.903s] [ 12%] Built target ament_cmake_python_symlink_zed_interfaces
[3.905s] [35m[1mConsolidate compiler generated dependencies of target zed_interfaces__rosidl_typesupport_cpp[0m
[3.919s] [35m[1mConsolidate compiler generated dependencies of target zed_interfaces__rosidl_typesupport_fastrtps_cpp[0m
[3.942s] [35m[1mConsolidate compiler generated dependencies of target zed_interfaces__rosidl_typesupport_fastrtps_c[0m
[3.951s] [35m[1mConsolidate compiler generated dependencies of target zed_interfaces__rosidl_typesupport_introspection_cpp[0m
[3.953s] [35m[1mConsolidate compiler generated dependencies of target zed_interfaces__rosidl_typesupport_introspection_c[0m
[3.960s] [35m[1mConsolidate compiler generated dependencies of target zed_interfaces__rosidl_typesupport_c[0m
[3.984s] [ 24%] Built target zed_interfaces__rosidl_typesupport_cpp
[3.996s] [ 36%] Built target zed_interfaces__rosidl_typesupport_fastrtps_cpp
[4.008s] [ 48%] Built target zed_interfaces__rosidl_typesupport_c
[4.016s] [ 60%] Built target zed_interfaces__rosidl_typesupport_fastrtps_c
[4.056s] [ 72%] Built target zed_interfaces__rosidl_typesupport_introspection_cpp
[4.060s] [ 84%] Built target zed_interfaces__rosidl_typesupport_introspection_c
[4.116s] [ 84%] Built target zed_interfaces
[4.175s] [ 85%] Built target zed_interfaces__py
[4.219s] [35m[1mConsolidate compiler generated dependencies of target zed_interfaces__rosidl_generator_py[0m
[4.291s] [ 96%] Built target zed_interfaces__rosidl_generator_py
[4.325s] [35m[1mConsolidate compiler generated dependencies of target zed_interfaces__rosidl_typesupport_c__pyext[0m
[4.336s] [35m[1mConsolidate compiler generated dependencies of target zed_interfaces__rosidl_typesupport_introspection_c__pyext[0m
[4.342s] [35m[1mConsolidate compiler generated dependencies of target zed_interfaces__rosidl_typesupport_fastrtps_c__pyext[0m
[4.356s] [ 97%] Built target zed_interfaces__rosidl_typesupport_c__pyext
[4.378s] [ 99%] Built target zed_interfaces__rosidl_typesupport_introspection_c__pyext
[4.388s] [100%] Built target zed_interfaces__rosidl_typesupport_fastrtps_c__pyext
[4.559s] running egg_info
[4.560s] writing zed_interfaces.egg-info/PKG-INFO
[4.561s] writing dependency_links to zed_interfaces.egg-info/dependency_links.txt
[4.562s] writing top-level names to zed_interfaces.egg-info/top_level.txt
[4.568s] reading manifest file 'zed_interfaces.egg-info/SOURCES.txt'
[4.571s] writing manifest file 'zed_interfaces.egg-info/SOURCES.txt'
[4.662s] [100%] Built target ament_cmake_python_build_zed_interfaces_egg
[4.695s] Invoked command in '/home/mae-emrl3172/ros2_ws/build/zed_interfaces' returned '0': CMAKE_PREFIX_PATH=${CMAKE_PREFIX_PATH}:/home/mae-emrl3172/ros2_ws/install/sUAV:/opt/ros/humble /usr/bin/cmake --build /home/mae-emrl3172/ros2_ws/build/zed_interfaces -- -j6 -l6
[5.655s] Invoking command in '/home/mae-emrl3172/ros2_ws/build/zed_interfaces': CMAKE_PREFIX_PATH=${CMAKE_PREFIX_PATH}:/home/mae-emrl3172/ros2_ws/install/sUAV:/opt/ros/humble /usr/bin/cmake --install /home/mae-emrl3172/ros2_ws/build/zed_interfaces
[5.672s] -- Install configuration: "Release"
[5.674s] -- Execute custom install script
[5.674s] -- Up-to-date symlink: /home/mae-emrl3172/ros2_ws/install/zed_interfaces/share/ament_index/resource_index/rosidl_interfaces/zed_interfaces
[5.677s] -- Up-to-date symlink: /home/mae-emrl3172/ros2_ws/install/zed_interfaces/include/zed_interfaces/zed_interfaces/msg/bounding_box2_df.h
[5.677s] -- Up-to-date symlink: /home/mae-emrl3172/ros2_ws/install/zed_interfaces/include/zed_interfaces/zed_interfaces/msg/bounding_box2_di.h
[5.677s] -- Up-to-date symlink: /home/mae-emrl3172/ros2_ws/install/zed_interfaces/include/zed_interfaces/zed_interfaces/msg/bounding_box3_d.h
[5.678s] -- Up-to-date symlink: /home/mae-emrl3172/ros2_ws/install/zed_interfaces/include/zed_interfaces/zed_interfaces/msg/depth_info_stamped.h
[5.678s] -- Up-to-date symlink: /home/mae-emrl3172/ros2_ws/install/zed_interfaces/include/zed_interfaces/zed_interfaces/msg/detail/bounding_box2_df__functions.h
[5.678s] -- Up-to-date symlink: /home/mae-emrl3172/ros2_ws/install/zed_interfaces/include/zed_interfaces/zed_interfaces/msg/detail/bounding_box2_df__struct.h
[5.679s] -- Up-to-date symlink: /home/mae-emrl3172/ros2_ws/install/zed_interfaces/include/zed_interfaces/zed_interfaces/msg/detail/bounding_box2_df__type_support.h
[5.679s] -- Up-to-date symlink: /home/mae-emrl3172/ros2_ws/install/zed_interfaces/include/zed_interfaces/zed_interfaces/msg/detail/bounding_box2_di__functions.h
[5.679s] -- Up-to-date symlink: /home/mae-emrl3172/ros2_ws/install/zed_interfaces/include/zed_interfaces/zed_interfaces/msg/detail/bounding_box2_di__struct.h
[5.679s] -- Up-to-date symlink: /home/mae-emrl3172/ros2_ws/install/zed_interfaces/include/zed_interfaces/zed_interfaces/msg/detail/bounding_box2_di__type_support.h
[5.680s] -- Up-to-date symlink: /home/mae-emrl3172/ros2_ws/install/zed_interfaces/include/zed_interfaces/zed_interfaces/msg/detail/bounding_box3_d__functions.h
[5.680s] -- Up-to-date symlink: /home/mae-emrl3172/ros2_ws/install/zed_interfaces/include/zed_interfaces/zed_interfaces/msg/detail/bounding_box3_d__struct.h
[5.680s] -- Up-to-date symlink: /home/mae-emrl3172/ros2_ws/install/zed_interfaces/include/zed_interfaces/zed_interfaces/msg/detail/bounding_box3_d__type_support.h
[5.680s] -- Up-to-date symlink: /home/mae-emrl3172/ros2_ws/install/zed_interfaces/include/zed_interfaces/zed_interfaces/msg/detail/depth_info_stamped__functions.h
[5.680s] -- Up-to-date symlink: /home/mae-emrl3172/ros2_ws/install/zed_interfaces/include/zed_interfaces/zed_interfaces/msg/detail/depth_info_stamped__struct.h
[5.680s] -- Up-to-date symlink: /home/mae-emrl3172/ros2_ws/install/zed_interfaces/include/zed_interfaces/zed_interfaces/msg/detail/depth_info_stamped__type_support.h
[5.681s] -- Up-to-date symlink: /home/mae-emrl3172/ros2_ws/install/zed_interfaces/include/zed_interfaces/zed_interfaces/msg/detail/gnss_fusion_status__functions.h
[5.681s] -- Up-to-date symlink: /home/mae-emrl3172/ros2_ws/install/zed_interfaces/include/zed_interfaces/zed_interfaces/msg/detail/gnss_fusion_status__struct.h
[5.681s] -- Up-to-date symlink: /home/mae-emrl3172/ros2_ws/install/zed_interfaces/include/zed_interfaces/zed_interfaces/msg/detail/gnss_fusion_status__type_support.h
[5.682s] -- Up-to-date symlink: /home/mae-emrl3172/ros2_ws/install/zed_interfaces/include/zed_interfaces/zed_interfaces/msg/detail/heartbeat__functions.h
[5.682s] -- Up-to-date symlink: /home/mae-emrl3172/ros2_ws/install/zed_interfaces/include/zed_interfaces/zed_interfaces/msg/detail/heartbeat__struct.h
[5.682s] -- Up-to-date symlink: /home/mae-emrl3172/ros2_ws/install/zed_interfaces/include/zed_interfaces/zed_interfaces/msg/detail/heartbeat__type_support.h
[5.682s] -- Up-to-date symlink: /home/mae-emrl3172/ros2_ws/install/zed_interfaces/include/zed_interfaces/zed_interfaces/msg/detail/keypoint2_df__functions.h
[5.682s] -- Up-to-date symlink: /home/mae-emrl3172/ros2_ws/install/zed_interfaces/include/zed_interfaces/zed_interfaces/msg/detail/keypoint2_df__struct.h
[5.683s] -- Up-to-date symlink: /home/mae-emrl3172/ros2_ws/install/zed_interfaces/include/zed_interfaces/zed_interfaces/msg/detail/keypoint2_df__type_support.h
[5.683s] -- Up-to-date symlink: /home/mae-emrl3172/ros2_ws/install/zed_interfaces/include/zed_interfaces/zed_interfaces/msg/detail/keypoint2_di__functions.h
[5.683s] -- Up-to-date symlink: /home/mae-emrl3172/ros2_ws/install/zed_interfaces/include/zed_interfaces/zed_interfaces/msg/detail/keypoint2_di__struct.h
[5.683s] -- Up-to-date symlink: /home/mae-emrl3172/ros2_ws/install/zed_interfaces/include/zed_interfaces/zed_interfaces/msg/detail/keypoint2_di__type_support.h
[5.684s] -- Up-to-date symlink: /home/mae-emrl3172/ros2_ws/install/zed_interfaces/include/zed_interfaces/zed_interfaces/msg/detail/keypoint3_d__functions.h
[5.684s] -- Up-to-date symlink: /home/mae-emrl3172/ros2_ws/install/zed_interfaces/include/zed_interfaces/zed_interfaces/msg/detail/keypoint3_d__struct.h
[5.684s] -- Up-to-date symlink: /home/mae-emrl3172/ros2_ws/install/zed_interfaces/include/zed_interfaces/zed_interfaces/msg/detail/keypoint3_d__type_support.h
[5.684s] -- Up-to-date symlink: /home/mae-emrl3172/ros2_ws/install/zed_interfaces/include/zed_interfaces/zed_interfaces/msg/detail/mag_heading_status__functions.h
[5.684s] -- Up-to-date symlink: /home/mae-emrl3172/ros2_ws/install/zed_interfaces/include/zed_interfaces/zed_interfaces/msg/detail/mag_heading_status__struct.h
[5.684s] -- Up-to-date symlink: /home/mae-emrl3172/ros2_ws/install/zed_interfaces/include/zed_interfaces/zed_interfaces/msg/detail/mag_heading_status__type_support.h
[5.685s] -- Up-to-date symlink: /home/mae-emrl3172/ros2_ws/install/zed_interfaces/include/zed_interfaces/zed_interfaces/msg/detail/object__functions.h
[5.685s] -- Up-to-date symlink: /home/mae-emrl3172/ros2_ws/install/zed_interfaces/include/zed_interfaces/zed_interfaces/msg/detail/object__struct.h
[5.685s] -- Up-to-date symlink: /home/mae-emrl3172/ros2_ws/install/zed_interfaces/include/zed_interfaces/zed_interfaces/msg/detail/object__type_support.h
[5.685s] -- Up-to-date symlink: /home/mae-emrl3172/ros2_ws/install/zed_interfaces/include/zed_interfaces/zed_interfaces/msg/detail/objects_stamped__functions.h
[5.685s] -- Up-to-date symlink: /home/mae-emrl3172/ros2_ws/install/zed_interfaces/include/zed_interfaces/zed_interfaces/msg/detail/objects_stamped__struct.h
[5.686s] -- Up-to-date symlink: /home/mae-emrl3172/ros2_ws/install/zed_interfaces/include/zed_interfaces/zed_interfaces/msg/detail/objects_stamped__type_support.h
[5.686s] -- Up-to-date symlink: /home/mae-emrl3172/ros2_ws/install/zed_interfaces/include/zed_interfaces/zed_interfaces/msg/detail/plane_stamped__functions.h
[5.686s] -- Up-to-date symlink: /home/mae-emrl3172/ros2_ws/install/zed_interfaces/include/zed_interfaces/zed_interfaces/msg/detail/plane_stamped__struct.h
[5.686s] -- Up-to-date symlink: /home/mae-emrl3172/ros2_ws/install/zed_interfaces/include/zed_interfaces/zed_interfaces/msg/detail/plane_stamped__type_support.h
[5.686s] -- Up-to-date symlink: /home/mae-emrl3172/ros2_ws/install/zed_interfaces/include/zed_interfaces/zed_interfaces/msg/detail/pos_track_status__functions.h
[5.687s] -- Up-to-date symlink: /home/mae-emrl3172/ros2_ws/install/zed_interfaces/include/zed_interfaces/zed_interfaces/msg/detail/pos_track_status__struct.h
[5.687s] -- Up-to-date symlink: /home/mae-emrl3172/ros2_ws/install/zed_interfaces/include/zed_interfaces/zed_interfaces/msg/detail/pos_track_status__type_support.h
[5.687s] -- Up-to-date symlink: /home/mae-emrl3172/ros2_ws/install/zed_interfaces/include/zed_interfaces/zed_interfaces/msg/detail/skeleton2_d__functions.h
[5.687s] -- Up-to-date symlink: /home/mae-emrl3172/ros2_ws/install/zed_interfaces/include/zed_interfaces/zed_interfaces/msg/detail/skeleton2_d__struct.h
[5.687s] -- Up-to-date symlink: /home/mae-emrl3172/ros2_ws/install/zed_interfaces/include/zed_interfaces/zed_interfaces/msg/detail/skeleton2_d__type_support.h
[5.688s] -- Up-to-date symlink: /home/mae-emrl3172/ros2_ws/install/zed_interfaces/include/zed_interfaces/zed_interfaces/msg/detail/skeleton3_d__functions.h
[5.688s] -- Up-to-date symlink: /home/mae-emrl3172/ros2_ws/install/zed_interfaces/include/zed_interfaces/zed_interfaces/msg/detail/skeleton3_d__struct.h
[5.688s] -- Up-to-date symlink: /home/mae-emrl3172/ros2_ws/install/zed_interfaces/include/zed_interfaces/zed_interfaces/msg/detail/skeleton3_d__type_support.h
[5.688s] -- Up-to-date symlink: /home/mae-emrl3172/ros2_ws/install/zed_interfaces/include/zed_interfaces/zed_interfaces/msg/gnss_fusion_status.h
[5.689s] -- Up-to-date symlink: /home/mae-emrl3172/ros2_ws/install/zed_interfaces/include/zed_interfaces/zed_interfaces/msg/heartbeat.h
[5.689s] -- Up-to-date symlink: /home/mae-emrl3172/ros2_ws/install/zed_interfaces/include/zed_interfaces/zed_interfaces/msg/keypoint2_df.h
[5.689s] -- Up-to-date symlink: /home/mae-emrl3172/ros2_ws/install/zed_interfaces/include/zed_interfaces/zed_interfaces/msg/keypoint2_di.h
[5.689s] -- Up-to-date symlink: /home/mae-emrl3172/ros2_ws/install/zed_interfaces/include/zed_interfaces/zed_interfaces/msg/keypoint3_d.h
[5.689s] -- Up-to-date symlink: /home/mae-emrl3172/ros2_ws/install/zed_interfaces/include/zed_interfaces/zed_interfaces/msg/mag_heading_status.h
[5.690s] -- Up-to-date symlink: /home/mae-emrl3172/ros2_ws/install/zed_interfaces/include/zed_interfaces/zed_interfaces/msg/object.h
[5.690s] -- Up-to-date symlink: /home/mae-emrl3172/ros2_ws/install/zed_interfaces/include/zed_interfaces/zed_interfaces/msg/objects_stamped.h
[5.690s] -- Up-to-date symlink: /home/mae-emrl3172/ros2_ws/install/zed_interfaces/include/zed_interfaces/zed_interfaces/msg/plane_stamped.h
[5.690s] -- Up-to-date symlink: /home/mae-emrl3172/ros2_ws/install/zed_interfaces/include/zed_interfaces/zed_interfaces/msg/pos_track_status.h
[5.690s] -- Up-to-date symlink: /home/mae-emrl3172/ros2_ws/install/zed_interfaces/include/zed_interfaces/zed_interfaces/msg/rosidl_generator_c__visibility_control.h
[5.691s] -- Up-to-date symlink: /home/mae-emrl3172/ros2_ws/install/zed_interfaces/include/zed_interfaces/zed_interfaces/msg/skeleton2_d.h
[5.691s] -- Up-to-date symlink: /home/mae-emrl3172/ros2_ws/install/zed_interfaces/include/zed_interfaces/zed_interfaces/msg/skeleton3_d.h
[5.691s] -- Up-to-date symlink: /home/mae-emrl3172/ros2_ws/install/zed_interfaces/include/zed_interfaces/zed_interfaces/srv/detail/set_pose__functions.h
[5.691s] -- Up-to-date symlink: /home/mae-emrl3172/ros2_ws/install/zed_interfaces/include/zed_interfaces/zed_interfaces/srv/detail/set_pose__struct.h
[5.691s] -- Up-to-date symlink: /home/mae-emrl3172/ros2_ws/install/zed_interfaces/include/zed_interfaces/zed_interfaces/srv/detail/set_pose__type_support.h
[5.692s] -- Up-to-date symlink: /home/mae-emrl3172/ros2_ws/install/zed_interfaces/include/zed_interfaces/zed_interfaces/srv/detail/set_roi__functions.h
[5.692s] -- Up-to-date symlink: /home/mae-emrl3172/ros2_ws/install/zed_interfaces/include/zed_interfaces/zed_interfaces/srv/detail/set_roi__struct.h
[5.692s] -- Up-to-date symlink: /home/mae-emrl3172/ros2_ws/install/zed_interfaces/include/zed_interfaces/zed_interfaces/srv/detail/set_roi__type_support.h
[5.692s] -- Up-to-date symlink: /home/mae-emrl3172/ros2_ws/install/zed_interfaces/include/zed_interfaces/zed_interfaces/srv/detail/start_svo_rec__functions.h
[5.692s] -- Up-to-date symlink: /home/mae-emrl3172/ros2_ws/install/zed_interfaces/include/zed_interfaces/zed_interfaces/srv/detail/start_svo_rec__struct.h
[5.693s] -- Up-to-date symlink: /home/mae-emrl3172/ros2_ws/install/zed_interfaces/include/zed_interfaces/zed_interfaces/srv/detail/start_svo_rec__type_support.h
[5.693s] -- Up-to-date symlink: /home/mae-emrl3172/ros2_ws/install/zed_interfaces/include/zed_interfaces/zed_interfaces/srv/set_pose.h
[5.693s] -- Up-to-date symlink: /home/mae-emrl3172/ros2_ws/install/zed_interfaces/include/zed_interfaces/zed_interfaces/srv/set_roi.h
[5.693s] -- Up-to-date symlink: /home/mae-emrl3172/ros2_ws/install/zed_interfaces/include/zed_interfaces/zed_interfaces/srv/start_svo_rec.h
[5.694s] -- Up-to-date symlink: /home/mae-emrl3172/ros2_ws/install/zed_interfaces/share/zed_interfaces/environment/library_path.sh
[5.694s] -- Up-to-date symlink: /home/mae-emrl3172/ros2_ws/install/zed_interfaces/share/zed_interfaces/environment/library_path.dsv
[5.696s] -- Up-to-date symlink: /home/mae-emrl3172/ros2_ws/install/zed_interfaces/include/zed_interfaces/zed_interfaces/msg/detail/bounding_box2_df__rosidl_typesupport_fastrtps_c.h
[5.696s] -- Up-to-date symlink: /home/mae-emrl3172/ros2_ws/install/zed_interfaces/include/zed_interfaces/zed_interfaces/msg/detail/bounding_box2_di__rosidl_typesupport_fastrtps_c.h
[5.696s] -- Up-to-date symlink: /home/mae-emrl3172/ros2_ws/install/zed_interfaces/include/zed_interfaces/zed_interfaces/msg/detail/bounding_box3_d__rosidl_typesupport_fastrtps_c.h
[5.696s] -- Up-to-date symlink: /home/mae-emrl3172/ros2_ws/install/zed_interfaces/include/zed_interfaces/zed_interfaces/msg/detail/depth_info_stamped__rosidl_typesupport_fastrtps_c.h
[5.697s] -- Up-to-date symlink: /home/mae-emrl3172/ros2_ws/install/zed_interfaces/include/zed_interfaces/zed_interfaces/msg/detail/gnss_fusion_status__rosidl_typesupport_fastrtps_c.h
[5.698s] -- Up-to-date symlink: /home/mae-emrl3172/ros2_ws/install/zed_interfaces/include/zed_interfaces/zed_interfaces/msg/detail/heartbeat__rosidl_typesupport_fastrtps_c.h
[5.698s] -- Up-to-date symlink: /home/mae-emrl3172/ros2_ws/install/zed_interfaces/include/zed_interfaces/zed_interfaces/msg/detail/keypoint2_df__rosidl_typesupport_fastrtps_c.h
[5.698s] -- Up-to-date symlink: /home/mae-emrl3172/ros2_ws/install/zed_interfaces/include/zed_interfaces/zed_interfaces/msg/detail/keypoint2_di__rosidl_typesupport_fastrtps_c.h
[5.698s] -- Up-to-date symlink: /home/mae-emrl3172/ros2_ws/install/zed_interfaces/include/zed_interfaces/zed_interfaces/msg/detail/keypoint3_d__rosidl_typesupport_fastrtps_c.h
[5.698s] -- Up-to-date symlink: /home/mae-emrl3172/ros2_ws/install/zed_interfaces/include/zed_interfaces/zed_interfaces/msg/detail/mag_heading_status__rosidl_typesupport_fastrtps_c.h
[5.699s] -- Up-to-date symlink: /home/mae-emrl3172/ros2_ws/install/zed_interfaces/include/zed_interfaces/zed_interfaces/msg/detail/object__rosidl_typesupport_fastrtps_c.h
[5.699s] -- Up-to-date symlink: /home/mae-emrl3172/ros2_ws/install/zed_interfaces/include/zed_interfaces/zed_interfaces/msg/detail/objects_stamped__rosidl_typesupport_fastrtps_c.h
[5.699s] -- Up-to-date symlink: /home/mae-emrl3172/ros2_ws/install/zed_interfaces/include/zed_interfaces/zed_interfaces/msg/detail/plane_stamped__rosidl_typesupport_fastrtps_c.h
[5.699s] -- Up-to-date symlink: /home/mae-emrl3172/ros2_ws/install/zed_interfaces/include/zed_interfaces/zed_interfaces/msg/detail/pos_track_status__rosidl_typesupport_fastrtps_c.h
[5.699s] -- Up-to-date symlink: /home/mae-emrl3172/ros2_ws/install/zed_interfaces/include/zed_interfaces/zed_interfaces/msg/detail/skeleton2_d__rosidl_typesupport_fastrtps_c.h
[5.700s] -- Up-to-date symlink: /home/mae-emrl3172/ros2_ws/install/zed_interfaces/include/zed_interfaces/zed_interfaces/msg/detail/skeleton3_d__rosidl_typesupport_fastrtps_c.h
[5.700s] -- Up-to-date symlink: /home/mae-emrl3172/ros2_ws/install/zed_interfaces/include/zed_interfaces/zed_interfaces/msg/rosidl_typesupport_fastrtps_c__visibility_control.h
[5.700s] -- Up-to-date symlink: /home/mae-emrl3172/ros2_ws/install/zed_interfaces/include/zed_interfaces/zed_interfaces/srv/detail/set_pose__rosidl_typesupport_fastrtps_c.h
[5.700s] -- Up-to-date symlink: /home/mae-emrl3172/ros2_ws/install/zed_interfaces/include/zed_interfaces/zed_interfaces/srv/detail/set_roi__rosidl_typesupport_fastrtps_c.h
[5.700s] -- Up-to-date symlink: /home/mae-emrl3172/ros2_ws/install/zed_interfaces/include/zed_interfaces/zed_interfaces/srv/detail/start_svo_rec__rosidl_typesupport_fastrtps_c.h
[5.702s] -- Up-to-date symlink: /home/mae-emrl3172/ros2_ws/install/zed_interfaces/include/zed_interfaces/zed_interfaces/msg/bounding_box2_df.hpp
[5.703s] -- Up-to-date symlink: /home/mae-emrl3172/ros2_ws/install/zed_interfaces/include/zed_interfaces/zed_interfaces/msg/bounding_box2_di.hpp
[5.703s] -- Up-to-date symlink: /home/mae-emrl3172/ros2_ws/install/zed_interfaces/include/zed_interfaces/zed_interfaces/msg/bounding_box3_d.hpp
[5.703s] -- Up-to-date symlink: /home/mae-emrl3172/ros2_ws/install/zed_interfaces/include/zed_interfaces/zed_interfaces/msg/depth_info_stamped.hpp
[5.703s] -- Up-to-date symlink: /home/mae-emrl3172/ros2_ws/install/zed_interfaces/include/zed_interfaces/zed_interfaces/msg/detail/bounding_box2_df__builder.hpp
[5.703s] -- Up-to-date symlink: /home/mae-emrl3172/ros2_ws/install/zed_interfaces/include/zed_interfaces/zed_interfaces/msg/detail/bounding_box2_df__struct.hpp
[5.703s] -- Up-to-date symlink: /home/mae-emrl3172/ros2_ws/install/zed_interfaces/include/zed_interfaces/zed_interfaces/msg/detail/bounding_box2_df__traits.hpp
[5.704s] -- Up-to-date symlink: /home/mae-emrl3172/ros2_ws/install/zed_interfaces/include/zed_interfaces/zed_interfaces/msg/detail/bounding_box2_di__builder.hpp
[5.704s] -- Up-to-date symlink: /home/mae-emrl3172/ros2_ws/install/zed_interfaces/include/zed_interfaces/zed_interfaces/msg/detail/bounding_box2_di__struct.hpp
[5.704s] -- Up-to-date symlink: /home/mae-emrl3172/ros2_ws/install/zed_interfaces/include/zed_interfaces/zed_interfaces/msg/detail/bounding_box2_di__traits.hpp
[5.704s] -- Up-to-date symlink: /home/mae-emrl3172/ros2_ws/install/zed_interfaces/include/zed_interfaces/zed_interfaces/msg/detail/bounding_box3_d__builder.hpp
[5.704s] -- Up-to-date symlink: /home/mae-emrl3172/ros2_ws/install/zed_interfaces/include/zed_interfaces/zed_interfaces/msg/detail/bounding_box3_d__struct.hpp
[5.705s] -- Up-to-date symlink: /home/mae-emrl3172/ros2_ws/install/zed_interfaces/include/zed_interfaces/zed_interfaces/msg/detail/bounding_box3_d__traits.hpp
[5.705s] -- Up-to-date symlink: /home/mae-emrl3172/ros2_ws/install/zed_interfaces/include/zed_interfaces/zed_interfaces/msg/detail/depth_info_stamped__builder.hpp
[5.705s] -- Up-to-date symlink: /home/mae-emrl3172/ros2_ws/install/zed_interfaces/include/zed_interfaces/zed_interfaces/msg/detail/depth_info_stamped__struct.hpp
[5.705s] -- Up-to-date symlink: /home/mae-emrl3172/ros2_ws/install/zed_interfaces/include/zed_interfaces/zed_interfaces/msg/detail/depth_info_stamped__traits.hpp
[5.705s] -- Up-to-date symlink: /home/mae-emrl3172/ros2_ws/install/zed_interfaces/include/zed_interfaces/zed_interfaces/msg/detail/gnss_fusion_status__builder.hpp
[5.706s] -- Up-to-date symlink: /home/mae-emrl3172/ros2_ws/install/zed_interfaces/include/zed_interfaces/zed_interfaces/msg/detail/gnss_fusion_status__struct.hpp
[5.706s] -- Up-to-date symlink: /home/mae-emrl3172/ros2_ws/install/zed_interfaces/include/zed_interfaces/zed_interfaces/msg/detail/gnss_fusion_status__traits.hpp
[5.706s] -- Up-to-date symlink: /home/mae-emrl3172/ros2_ws/install/zed_interfaces/include/zed_interfaces/zed_interfaces/msg/detail/heartbeat__builder.hpp
[5.707s] -- Up-to-date symlink: /home/mae-emrl3172/ros2_ws/install/zed_interfaces/include/zed_interfaces/zed_interfaces/msg/detail/heartbeat__struct.hpp
[5.707s] -- Up-to-date symlink: /home/mae-emrl3172/ros2_ws/install/zed_interfaces/include/zed_interfaces/zed_interfaces/msg/detail/heartbeat__traits.hpp
[5.707s] -- Up-to-date symlink: /home/mae-emrl3172/ros2_ws/install/zed_interfaces/include/zed_interfaces/zed_interfaces/msg/detail/keypoint2_df__builder.hpp
[5.708s] -- Up-to-date symlink: /home/mae-emrl3172/ros2_ws/install/zed_interfaces/include/zed_interfaces/zed_interfaces/msg/detail/keypoint2_df__struct.hpp
[5.708s] -- Up-to-date symlink: /home/mae-emrl3172/ros2_ws/install/zed_interfaces/include/zed_interfaces/zed_interfaces/msg/detail/keypoint2_df__traits.hpp
[5.708s] -- Up-to-date symlink: /home/mae-emrl3172/ros2_ws/install/zed_interfaces/include/zed_interfaces/zed_interfaces/msg/detail/keypoint2_di__builder.hpp
[5.708s] -- Up-to-date symlink: /home/mae-emrl3172/ros2_ws/install/zed_interfaces/include/zed_interfaces/zed_interfaces/msg/detail/keypoint2_di__struct.hpp
[5.708s] -- Up-to-date symlink: /home/mae-emrl3172/ros2_ws/install/zed_interfaces/include/zed_interfaces/zed_interfaces/msg/detail/keypoint2_di__traits.hpp
[5.708s] -- Up-to-date symlink: /home/mae-emrl3172/ros2_ws/install/zed_interfaces/include/zed_interfaces/zed_interfaces/msg/detail/keypoint3_d__builder.hpp
[5.709s] -- Up-to-date symlink: /home/mae-emrl3172/ros2_ws/install/zed_interfaces/include/zed_interfaces/zed_interfaces/msg/detail/keypoint3_d__struct.hpp
[5.709s] -- Up-to-date symlink: /home/mae-emrl3172/ros2_ws/install/zed_interfaces/include/zed_interfaces/zed_interfaces/msg/detail/keypoint3_d__traits.hpp
[5.710s] -- Up-to-date symlink: /home/mae-emrl3172/ros2_ws/install/zed_interfaces/include/zed_interfaces/zed_interfaces/msg/detail/mag_heading_status__builder.hpp
[5.710s] -- Up-to-date symlink: /home/mae-emrl3172/ros2_ws/install/zed_interfaces/include/zed_interfaces/zed_interfaces/msg/detail/mag_heading_status__struct.hpp
[5.710s] -- Up-to-date symlink: /home/mae-emrl3172/ros2_ws/install/zed_interfaces/include/zed_interfaces/zed_interfaces/msg/detail/mag_heading_status__traits.hpp
[5.710s] -- Up-to-date symlink: /home/mae-emrl3172/ros2_ws/install/zed_interfaces/include/zed_interfaces/zed_interfaces/msg/detail/object__builder.hpp
[5.710s] -- Up-to-date symlink: /home/mae-emrl3172/ros2_ws/install/zed_interfaces/include/zed_interfaces/zed_interfaces/msg/detail/object__struct.hpp
[5.710s] -- Up-to-date symlink: /home/mae-emrl3172/ros2_ws/install/zed_interfaces/include/zed_interfaces/zed_interfaces/msg/detail/object__traits.hpp
[5.711s] -- Up-to-date symlink: /home/mae-emrl3172/ros2_ws/install/zed_interfaces/include/zed_interfaces/zed_interfaces/msg/detail/objects_stamped__builder.hpp
[5.711s] -- Up-to-date symlink: /home/mae-emrl3172/ros2_ws/install/zed_interfaces/include/zed_interfaces/zed_interfaces/msg/detail/objects_stamped__struct.hpp
[5.711s] -- Up-to-date symlink: /home/mae-emrl3172/ros2_ws/install/zed_interfaces/include/zed_interfaces/zed_interfaces/msg/detail/objects_stamped__traits.hpp
[5.711s] -- Up-to-date symlink: /home/mae-emrl3172/ros2_ws/install/zed_interfaces/include/zed_interfaces/zed_interfaces/msg/detail/plane_stamped__builder.hpp
[5.711s] -- Up-to-date symlink: /home/mae-emrl3172/ros2_ws/install/zed_interfaces/include/zed_interfaces/zed_interfaces/msg/detail/plane_stamped__struct.hpp
[5.712s] -- Up-to-date symlink: /home/mae-emrl3172/ros2_ws/install/zed_interfaces/include/zed_interfaces/zed_interfaces/msg/detail/plane_stamped__traits.hpp
[5.712s] -- Up-to-date symlink: /home/mae-emrl3172/ros2_ws/install/zed_interfaces/include/zed_interfaces/zed_interfaces/msg/detail/pos_track_status__builder.hpp
[5.712s] -- Up-to-date symlink: /home/mae-emrl3172/ros2_ws/install/zed_interfaces/include/zed_interfaces/zed_interfaces/msg/detail/pos_track_status__struct.hpp
[5.712s] -- Up-to-date symlink: /home/mae-emrl3172/ros2_ws/install/zed_interfaces/include/zed_interfaces/zed_interfaces/msg/detail/pos_track_status__traits.hpp
[5.713s] -- Up-to-date symlink: /home/mae-emrl3172/ros2_ws/install/zed_interfaces/include/zed_interfaces/zed_interfaces/msg/detail/skeleton2_d__builder.hpp
[5.713s] -- Up-to-date symlink: /home/mae-emrl3172/ros2_ws/install/zed_interfaces/include/zed_interfaces/zed_interfaces/msg/detail/skeleton2_d__struct.hpp
[5.713s] -- Up-to-date symlink: /home/mae-emrl3172/ros2_ws/install/zed_interfaces/include/zed_interfaces/zed_interfaces/msg/detail/skeleton2_d__traits.hpp
[5.713s] -- Up-to-date symlink: /home/mae-emrl3172/ros2_ws/install/zed_interfaces/include/zed_interfaces/zed_interfaces/msg/detail/skeleton3_d__builder.hpp
[5.713s] -- Up-to-date symlink: /home/mae-emrl3172/ros2_ws/install/zed_interfaces/include/zed_interfaces/zed_interfaces/msg/detail/skeleton3_d__struct.hpp
[5.714s] -- Up-to-date symlink: /home/mae-emrl3172/ros2_ws/install/zed_interfaces/include/zed_interfaces/zed_interfaces/msg/detail/skeleton3_d__traits.hpp
[5.714s] -- Up-to-date symlink: /home/mae-emrl3172/ros2_ws/install/zed_interfaces/include/zed_interfaces/zed_interfaces/msg/gnss_fusion_status.hpp
[5.714s] -- Up-to-date symlink: /home/mae-emrl3172/ros2_ws/install/zed_interfaces/include/zed_interfaces/zed_interfaces/msg/heartbeat.hpp
[5.715s] -- Up-to-date symlink: /home/mae-emrl3172/ros2_ws/install/zed_interfaces/include/zed_interfaces/zed_interfaces/msg/keypoint2_df.hpp
[5.716s] -- Up-to-date symlink: /home/mae-emrl3172/ros2_ws/install/zed_interfaces/include/zed_interfaces/zed_interfaces/msg/keypoint2_di.hpp
[5.716s] -- Up-to-date symlink: /home/mae-emrl3172/ros2_ws/install/zed_interfaces/include/zed_interfaces/zed_interfaces/msg/keypoint3_d.hpp
[5.717s] -- Up-to-date symlink: /home/mae-emrl3172/ros2_ws/install/zed_interfaces/include/zed_interfaces/zed_interfaces/msg/mag_heading_status.hpp
[5.717s] -- Up-to-date symlink: /home/mae-emrl3172/ros2_ws/install/zed_interfaces/include/zed_interfaces/zed_interfaces/msg/object.hpp
[5.717s] -- Up-to-date symlink: /home/mae-emrl3172/ros2_ws/install/zed_interfaces/include/zed_interfaces/zed_interfaces/msg/objects_stamped.hpp
[5.717s] -- Up-to-date symlink: /home/mae-emrl3172/ros2_ws/install/zed_interfaces/include/zed_interfaces/zed_interfaces/msg/plane_stamped.hpp
[5.717s] -- Up-to-date symlink: /home/mae-emrl3172/ros2_ws/install/zed_interfaces/include/zed_interfaces/zed_interfaces/msg/pos_track_status.hpp
[5.718s] -- Up-to-date symlink: /home/mae-emrl3172/ros2_ws/install/zed_interfaces/include/zed_interfaces/zed_interfaces/msg/skeleton2_d.hpp
[5.718s] -- Up-to-date symlink: /home/mae-emrl3172/ros2_ws/install/zed_interfaces/include/zed_interfaces/zed_interfaces/msg/skeleton3_d.hpp
[5.718s] -- Up-to-date symlink: /home/mae-emrl3172/ros2_ws/install/zed_interfaces/include/zed_interfaces/zed_interfaces/srv/detail/set_pose__builder.hpp
[5.718s] -- Up-to-date symlink: /home/mae-emrl3172/ros2_ws/install/zed_interfaces/include/zed_interfaces/zed_interfaces/srv/detail/set_pose__struct.hpp
[5.719s] -- Up-to-date symlink: /home/mae-emrl3172/ros2_ws/install/zed_interfaces/include/zed_interfaces/zed_interfaces/srv/detail/set_pose__traits.hpp
[5.719s] -- Up-to-date symlink: /home/mae-emrl3172/ros2_ws/install/zed_interfaces/include/zed_interfaces/zed_interfaces/srv/detail/set_roi__builder.hpp
[5.719s] -- Up-to-date symlink: /home/mae-emrl3172/ros2_ws/install/zed_interfaces/include/zed_interfaces/zed_interfaces/srv/detail/set_roi__struct.hpp
[5.719s] -- Up-to-date symlink: /home/mae-emrl3172/ros2_ws/install/zed_interfaces/include/zed_interfaces/zed_interfaces/srv/detail/set_roi__traits.hpp
[5.719s] -- Up-to-date symlink: /home/mae-emrl3172/ros2_ws/install/zed_interfaces/include/zed_interfaces/zed_interfaces/srv/detail/start_svo_rec__builder.hpp
[5.719s] -- Up-to-date symlink: /home/mae-emrl3172/ros2_ws/install/zed_interfaces/include/zed_interfaces/zed_interfaces/srv/detail/start_svo_rec__struct.hpp
[5.719s] -- Up-to-date symlink: /home/mae-emrl3172/ros2_ws/install/zed_interfaces/include/zed_interfaces/zed_interfaces/srv/detail/start_svo_rec__traits.hpp
[5.720s] -- Up-to-date symlink: /home/mae-emrl3172/ros2_ws/install/zed_interfaces/include/zed_interfaces/zed_interfaces/srv/set_pose.hpp
[5.720s] -- Up-to-date symlink: /home/mae-emrl3172/ros2_ws/install/zed_interfaces/include/zed_interfaces/zed_interfaces/srv/set_roi.hpp
[5.720s] -- Up-to-date symlink: /home/mae-emrl3172/ros2_ws/install/zed_interfaces/include/zed_interfaces/zed_interfaces/srv/start_svo_rec.hpp
[5.720s] -- Up-to-date symlink: /home/mae-emrl3172/ros2_ws/install/zed_interfaces/include/zed_interfaces/zed_interfaces/msg/detail/bounding_box2_df__rosidl_typesupport_fastrtps_cpp.hpp
[5.720s] -- Up-to-date symlink: /home/mae-emrl3172/ros2_ws/install/zed_interfaces/include/zed_interfaces/zed_interfaces/msg/detail/bounding_box2_di__rosidl_typesupport_fastrtps_cpp.hpp
[5.721s] -- Up-to-date symlink: /home/mae-emrl3172/ros2_ws/install/zed_interfaces/include/zed_interfaces/zed_interfaces/msg/detail/bounding_box3_d__rosidl_typesupport_fastrtps_cpp.hpp
[5.721s] -- Up-to-date symlink: /home/mae-emrl3172/ros2_ws/install/zed_interfaces/include/zed_interfaces/zed_interfaces/msg/detail/depth_info_stamped__rosidl_typesupport_fastrtps_cpp.hpp
[5.721s] -- Up-to-date symlink: /home/mae-emrl3172/ros2_ws/install/zed_interfaces/include/zed_interfaces/zed_interfaces/msg/detail/gnss_fusion_status__rosidl_typesupport_fastrtps_cpp.hpp
[5.721s] -- Up-to-date symlink: /home/mae-emrl3172/ros2_ws/install/zed_interfaces/include/zed_interfaces/zed_interfaces/msg/detail/heartbeat__rosidl_typesupport_fastrtps_cpp.hpp
[5.721s] -- Up-to-date symlink: /home/mae-emrl3172/ros2_ws/install/zed_interfaces/include/zed_interfaces/zed_interfaces/msg/detail/keypoint2_df__rosidl_typesupport_fastrtps_cpp.hpp
[5.722s] -- Up-to-date symlink: /home/mae-emrl3172/ros2_ws/install/zed_interfaces/include/zed_interfaces/zed_interfaces/msg/detail/keypoint2_di__rosidl_typesupport_fastrtps_cpp.hpp
[5.722s] -- Up-to-date symlink: /home/mae-emrl3172/ros2_ws/install/zed_interfaces/include/zed_interfaces/zed_interfaces/msg/detail/keypoint3_d__rosidl_typesupport_fastrtps_cpp.hpp
[5.722s] -- Up-to-date symlink: /home/mae-emrl3172/ros2_ws/install/zed_interfaces/include/zed_interfaces/zed_interfaces/msg/detail/mag_heading_status__rosidl_typesupport_fastrtps_cpp.hpp
[5.722s] -- Up-to-date symlink: /home/mae-emrl3172/ros2_ws/install/zed_interfaces/include/zed_interfaces/zed_interfaces/msg/detail/object__rosidl_typesupport_fastrtps_cpp.hpp
[5.722s] -- Up-to-date symlink: /home/mae-emrl3172/ros2_ws/install/zed_interfaces/include/zed_interfaces/zed_interfaces/msg/detail/objects_stamped__rosidl_typesupport_fastrtps_cpp.hpp
[5.723s] -- Up-to-date symlink: /home/mae-emrl3172/ros2_ws/install/zed_interfaces/include/zed_interfaces/zed_interfaces/msg/detail/plane_stamped__rosidl_typesupport_fastrtps_cpp.hpp
[5.723s] -- Up-to-date symlink: /home/mae-emrl3172/ros2_ws/install/zed_interfaces/include/zed_interfaces/zed_interfaces/msg/detail/pos_track_status__rosidl_typesupport_fastrtps_cpp.hpp
[5.723s] -- Up-to-date symlink: /home/mae-emrl3172/ros2_ws/install/zed_interfaces/include/zed_interfaces/zed_interfaces/msg/detail/skeleton2_d__rosidl_typesupport_fastrtps_cpp.hpp
[5.724s] -- Up-to-date symlink: /home/mae-emrl3172/ros2_ws/install/zed_interfaces/include/zed_interfaces/zed_interfaces/msg/detail/skeleton3_d__rosidl_typesupport_fastrtps_cpp.hpp
[5.724s] -- Up-to-date symlink: /home/mae-emrl3172/ros2_ws/install/zed_interfaces/include/zed_interfaces/zed_interfaces/msg/rosidl_typesupport_fastrtps_cpp__visibility_control.h
[5.724s] -- Up-to-date symlink: /home/mae-emrl3172/ros2_ws/install/zed_interfaces/include/zed_interfaces/zed_interfaces/srv/detail/set_pose__rosidl_typesupport_fastrtps_cpp.hpp
[5.724s] -- Up-to-date symlink: /home/mae-emrl3172/ros2_ws/install/zed_interfaces/include/zed_interfaces/zed_interfaces/srv/detail/set_roi__rosidl_typesupport_fastrtps_cpp.hpp
[5.724s] -- Up-to-date symlink: /home/mae-emrl3172/ros2_ws/install/zed_interfaces/include/zed_interfaces/zed_interfaces/srv/detail/start_svo_rec__rosidl_typesupport_fastrtps_cpp.hpp
[5.725s] -- Up-to-date symlink: /home/mae-emrl3172/ros2_ws/install/zed_interfaces/include/zed_interfaces/zed_interfaces/msg/detail/bounding_box2_df__rosidl_typesupport_introspection_c.h
[5.726s] -- Up-to-date symlink: /home/mae-emrl3172/ros2_ws/install/zed_interfaces/include/zed_interfaces/zed_interfaces/msg/detail/bounding_box2_di__rosidl_typesupport_introspection_c.h
[5.727s] -- Up-to-date symlink: /home/mae-emrl3172/ros2_ws/install/zed_interfaces/include/zed_interfaces/zed_interfaces/msg/detail/bounding_box3_d__rosidl_typesupport_introspection_c.h
[5.727s] -- Up-to-date symlink: /home/mae-emrl3172/ros2_ws/install/zed_interfaces/include/zed_interfaces/zed_interfaces/msg/detail/depth_info_stamped__rosidl_typesupport_introspection_c.h
[5.727s] -- Up-to-date symlink: /home/mae-emrl3172/ros2_ws/install/zed_interfaces/include/zed_interfaces/zed_interfaces/msg/detail/gnss_fusion_status__rosidl_typesupport_introspection_c.h
[5.727s] -- Up-to-date symlink: /home/mae-emrl3172/ros2_ws/install/zed_interfaces/include/zed_interfaces/zed_interfaces/msg/detail/heartbeat__rosidl_typesupport_introspection_c.h
[5.727s] -- Up-to-date symlink: /home/mae-emrl3172/ros2_ws/install/zed_interfaces/include/zed_interfaces/zed_interfaces/msg/detail/keypoint2_df__rosidl_typesupport_introspection_c.h
[5.728s] -- Up-to-date symlink: /home/mae-emrl3172/ros2_ws/install/zed_interfaces/include/zed_interfaces/zed_interfaces/msg/detail/keypoint2_di__rosidl_typesupport_introspection_c.h
[5.728s] -- Up-to-date symlink: /home/mae-emrl3172/ros2_ws/install/zed_interfaces/include/zed_interfaces/zed_interfaces/msg/detail/keypoint3_d__rosidl_typesupport_introspection_c.h
[5.729s] -- Up-to-date symlink: /home/mae-emrl3172/ros2_ws/install/zed_interfaces/include/zed_interfaces/zed_interfaces/msg/detail/mag_heading_status__rosidl_typesupport_introspection_c.h
[5.729s] -- Up-to-date symlink: /home/mae-emrl3172/ros2_ws/install/zed_interfaces/include/zed_interfaces/zed_interfaces/msg/detail/object__rosidl_typesupport_introspection_c.h
[5.730s] -- Up-to-date symlink: /home/mae-emrl3172/ros2_ws/install/zed_interfaces/include/zed_interfaces/zed_interfaces/msg/detail/objects_stamped__rosidl_typesupport_introspection_c.h
[5.730s] -- Up-to-date symlink: /home/mae-emrl3172/ros2_ws/install/zed_interfaces/include/zed_interfaces/zed_interfaces/msg/detail/plane_stamped__rosidl_typesupport_introspection_c.h
[5.730s] -- Up-to-date symlink: /home/mae-emrl3172/ros2_ws/install/zed_interfaces/include/zed_interfaces/zed_interfaces/msg/detail/pos_track_status__rosidl_typesupport_introspection_c.h
[5.730s] -- Up-to-date symlink: /home/mae-emrl3172/ros2_ws/install/zed_interfaces/include/zed_interfaces/zed_interfaces/msg/detail/skeleton2_d__rosidl_typesupport_introspection_c.h
[5.731s] -- Up-to-date symlink: /home/mae-emrl3172/ros2_ws/install/zed_interfaces/include/zed_interfaces/zed_interfaces/msg/detail/skeleton3_d__rosidl_typesupport_introspection_c.h
[5.731s] -- Up-to-date symlink: /home/mae-emrl3172/ros2_ws/install/zed_interfaces/include/zed_interfaces/zed_interfaces/msg/rosidl_typesupport_introspection_c__visibility_control.h
[5.731s] -- Up-to-date symlink: /home/mae-emrl3172/ros2_ws/install/zed_interfaces/include/zed_interfaces/zed_interfaces/srv/detail/set_pose__rosidl_typesupport_introspection_c.h
[5.731s] -- Up-to-date symlink: /home/mae-emrl3172/ros2_ws/install/zed_interfaces/include/zed_interfaces/zed_interfaces/srv/detail/set_roi__rosidl_typesupport_introspection_c.h
[5.731s] -- Up-to-date symlink: /home/mae-emrl3172/ros2_ws/install/zed_interfaces/include/zed_interfaces/zed_interfaces/srv/detail/start_svo_rec__rosidl_typesupport_introspection_c.h
[5.732s] -- Up-to-date symlink: /home/mae-emrl3172/ros2_ws/install/zed_interfaces/include/zed_interfaces/zed_interfaces/msg/detail/bounding_box2_df__rosidl_typesupport_introspection_cpp.hpp
[5.732s] -- Up-to-date symlink: /home/mae-emrl3172/ros2_ws/install/zed_interfaces/include/zed_interfaces/zed_interfaces/msg/detail/bounding_box2_di__rosidl_typesupport_introspection_cpp.hpp
[5.732s] -- Up-to-date symlink: /home/mae-emrl3172/ros2_ws/install/zed_interfaces/include/zed_interfaces/zed_interfaces/msg/detail/bounding_box3_d__rosidl_typesupport_introspection_cpp.hpp
[5.733s] -- Up-to-date symlink: /home/mae-emrl3172/ros2_ws/install/zed_interfaces/include/zed_interfaces/zed_interfaces/msg/detail/depth_info_stamped__rosidl_typesupport_introspection_cpp.hpp
[5.734s] -- Up-to-date symlink: /home/mae-emrl3172/ros2_ws/install/zed_interfaces/include/zed_interfaces/zed_interfaces/msg/detail/gnss_fusion_status__rosidl_typesupport_introspection_cpp.hpp
[5.734s] -- Up-to-date symlink: /home/mae-emrl3172/ros2_ws/install/zed_interfaces/include/zed_interfaces/zed_interfaces/msg/detail/heartbeat__rosidl_typesupport_introspection_cpp.hpp
[5.734s] -- Up-to-date symlink: /home/mae-emrl3172/ros2_ws/install/zed_interfaces/include/zed_interfaces/zed_interfaces/msg/detail/keypoint2_df__rosidl_typesupport_introspection_cpp.hpp
[5.734s] -- Up-to-date symlink: /home/mae-emrl3172/ros2_ws/install/zed_interfaces/include/zed_interfaces/zed_interfaces/msg/detail/keypoint2_di__rosidl_typesupport_introspection_cpp.hpp
[5.735s] -- Up-to-date symlink: /home/mae-emrl3172/ros2_ws/install/zed_interfaces/include/zed_interfaces/zed_interfaces/msg/detail/keypoint3_d__rosidl_typesupport_introspection_cpp.hpp
[5.735s] -- Up-to-date symlink: /home/mae-emrl3172/ros2_ws/install/zed_interfaces/include/zed_interfaces/zed_interfaces/msg/detail/mag_heading_status__rosidl_typesupport_introspection_cpp.hpp
[5.735s] -- Up-to-date symlink: /home/mae-emrl3172/ros2_ws/install/zed_interfaces/include/zed_interfaces/zed_interfaces/msg/detail/object__rosidl_typesupport_introspection_cpp.hpp
[5.735s] -- Up-to-date symlink: /home/mae-emrl3172/ros2_ws/install/zed_interfaces/include/zed_interfaces/zed_interfaces/msg/detail/objects_stamped__rosidl_typesupport_introspection_cpp.hpp
[5.735s] -- Up-to-date symlink: /home/mae-emrl3172/ros2_ws/install/zed_interfaces/include/zed_interfaces/zed_interfaces/msg/detail/plane_stamped__rosidl_typesupport_introspection_cpp.hpp
[5.736s] -- Up-to-date symlink: /home/mae-emrl3172/ros2_ws/install/zed_interfaces/include/zed_interfaces/zed_interfaces/msg/detail/pos_track_status__rosidl_typesupport_introspection_cpp.hpp
[5.736s] -- Up-to-date symlink: /home/mae-emrl3172/ros2_ws/install/zed_interfaces/include/zed_interfaces/zed_interfaces/msg/detail/skeleton2_d__rosidl_typesupport_introspection_cpp.hpp
[5.736s] -- Up-to-date symlink: /home/mae-emrl3172/ros2_ws/install/zed_interfaces/include/zed_interfaces/zed_interfaces/msg/detail/skeleton3_d__rosidl_typesupport_introspection_cpp.hpp
[5.736s] -- Up-to-date symlink: /home/mae-emrl3172/ros2_ws/install/zed_interfaces/include/zed_interfaces/zed_interfaces/srv/detail/set_pose__rosidl_typesupport_introspection_cpp.hpp
[5.736s] -- Up-to-date symlink: /home/mae-emrl3172/ros2_ws/install/zed_interfaces/include/zed_interfaces/zed_interfaces/srv/detail/set_roi__rosidl_typesupport_introspection_cpp.hpp
[5.737s] -- Up-to-date symlink: /home/mae-emrl3172/ros2_ws/install/zed_interfaces/include/zed_interfaces/zed_interfaces/srv/detail/start_svo_rec__rosidl_typesupport_introspection_cpp.hpp
[5.737s] -- Up-to-date symlink: /home/mae-emrl3172/ros2_ws/install/zed_interfaces/share/zed_interfaces/environment/pythonpath.sh
[5.737s] -- Up-to-date symlink: /home/mae-emrl3172/ros2_ws/install/zed_interfaces/share/zed_interfaces/environment/pythonpath.dsv
[5.738s] -- Up-to-date symlink: /home/mae-emrl3172/ros2_ws/install/zed_interfaces/local/lib/python3.10/dist-packages/zed_interfaces-4.1.0-py3.10.egg-info/PKG-INFO
[5.738s] -- Up-to-date symlink: /home/mae-emrl3172/ros2_ws/install/zed_interfaces/local/lib/python3.10/dist-packages/zed_interfaces-4.1.0-py3.10.egg-info/SOURCES.txt
[5.738s] -- Up-to-date symlink: /home/mae-emrl3172/ros2_ws/install/zed_interfaces/local/lib/python3.10/dist-packages/zed_interfaces-4.1.0-py3.10.egg-info/dependency_links.txt
[5.738s] -- Up-to-date symlink: /home/mae-emrl3172/ros2_ws/install/zed_interfaces/local/lib/python3.10/dist-packages/zed_interfaces-4.1.0-py3.10.egg-info/top_level.txt
[5.740s] -- Up-to-date symlink: /home/mae-emrl3172/ros2_ws/install/zed_interfaces/local/lib/python3.10/dist-packages/zed_interfaces/__init__.py
[5.740s] -- Up-to-date symlink: /home/mae-emrl3172/ros2_ws/install/zed_interfaces/local/lib/python3.10/dist-packages/zed_interfaces/_zed_interfaces_s.ep.rosidl_typesupport_c.c
[5.741s] -- Up-to-date symlink: /home/mae-emrl3172/ros2_ws/install/zed_interfaces/local/lib/python3.10/dist-packages/zed_interfaces/_zed_interfaces_s.ep.rosidl_typesupport_fastrtps_c.c
[5.741s] -- Up-to-date symlink: /home/mae-emrl3172/ros2_ws/install/zed_interfaces/local/lib/python3.10/dist-packages/zed_interfaces/_zed_interfaces_s.ep.rosidl_typesupport_introspection_c.c
[5.741s] -- Up-to-date symlink: /home/mae-emrl3172/ros2_ws/install/zed_interfaces/local/lib/python3.10/dist-packages/zed_interfaces/libzed_interfaces__rosidl_generator_py.so
[5.742s] -- Up-to-date symlink: /home/mae-emrl3172/ros2_ws/install/zed_interfaces/local/lib/python3.10/dist-packages/zed_interfaces/msg/__init__.py
[5.744s] -- Up-to-date symlink: /home/mae-emrl3172/ros2_ws/install/zed_interfaces/local/lib/python3.10/dist-packages/zed_interfaces/msg/_bounding_box2_df.py
[5.745s] -- Up-to-date symlink: /home/mae-emrl3172/ros2_ws/install/zed_interfaces/local/lib/python3.10/dist-packages/zed_interfaces/msg/_bounding_box2_df_s.c
[5.745s] -- Up-to-date symlink: /home/mae-emrl3172/ros2_ws/install/zed_interfaces/local/lib/python3.10/dist-packages/zed_interfaces/msg/_bounding_box2_di.py
[5.746s] -- Up-to-date symlink: /home/mae-emrl3172/ros2_ws/install/zed_interfaces/local/lib/python3.10/dist-packages/zed_interfaces/msg/_bounding_box2_di_s.c
[5.746s] -- Up-to-date symlink: /home/mae-emrl3172/ros2_ws/install/zed_interfaces/local/lib/python3.10/dist-packages/zed_interfaces/msg/_bounding_box3_d.py
[5.747s] -- Up-to-date symlink: /home/mae-emrl3172/ros2_ws/install/zed_interfaces/local/lib/python3.10/dist-packages/zed_interfaces/msg/_bounding_box3_d_s.c
[5.747s] -- Up-to-date symlink: /home/mae-emrl3172/ros2_ws/install/zed_interfaces/local/lib/python3.10/dist-packages/zed_interfaces/msg/_depth_info_stamped.py
[5.747s] -- Up-to-date symlink: /home/mae-emrl3172/ros2_ws/install/zed_interfaces/local/lib/python3.10/dist-packages/zed_interfaces/msg/_depth_info_stamped_s.c
[5.747s] -- Up-to-date symlink: /home/mae-emrl3172/ros2_ws/install/zed_interfaces/local/lib/python3.10/dist-packages/zed_interfaces/msg/_gnss_fusion_status.py
[5.748s] -- Up-to-date symlink: /home/mae-emrl3172/ros2_ws/install/zed_interfaces/local/lib/python3.10/dist-packages/zed_interfaces/msg/_gnss_fusion_status_s.c
[5.748s] -- Up-to-date symlink: /home/mae-emrl3172/ros2_ws/install/zed_interfaces/local/lib/python3.10/dist-packages/zed_interfaces/msg/_heartbeat.py
[5.748s] -- Up-to-date symlink: /home/mae-emrl3172/ros2_ws/install/zed_interfaces/local/lib/python3.10/dist-packages/zed_interfaces/msg/_heartbeat_s.c
[5.749s] -- Up-to-date symlink: /home/mae-emrl3172/ros2_ws/install/zed_interfaces/local/lib/python3.10/dist-packages/zed_interfaces/msg/_keypoint2_df.py
[5.749s] -- Up-to-date symlink: /home/mae-emrl3172/ros2_ws/install/zed_interfaces/local/lib/python3.10/dist-packages/zed_interfaces/msg/_keypoint2_df_s.c
[5.749s] -- Up-to-date symlink: /home/mae-emrl3172/ros2_ws/install/zed_interfaces/local/lib/python3.10/dist-packages/zed_interfaces/msg/_keypoint2_di.py
[5.750s] -- Up-to-date symlink: /home/mae-emrl3172/ros2_ws/install/zed_interfaces/local/lib/python3.10/dist-packages/zed_interfaces/msg/_keypoint2_di_s.c
[5.750s] -- Up-to-date symlink: /home/mae-emrl3172/ros2_ws/install/zed_interfaces/local/lib/python3.10/dist-packages/zed_interfaces/msg/_keypoint3_d.py
[5.750s] -- Up-to-date symlink: /home/mae-emrl3172/ros2_ws/install/zed_interfaces/local/lib/python3.10/dist-packages/zed_interfaces/msg/_keypoint3_d_s.c
[5.750s] -- Up-to-date symlink: /home/mae-emrl3172/ros2_ws/install/zed_interfaces/local/lib/python3.10/dist-packages/zed_interfaces/msg/_mag_heading_status.py
[5.751s] -- Up-to-date symlink: /home/mae-emrl3172/ros2_ws/install/zed_interfaces/local/lib/python3.10/dist-packages/zed_interfaces/msg/_mag_heading_status_s.c
[5.751s] -- Up-to-date symlink: /home/mae-emrl3172/ros2_ws/install/zed_interfaces/local/lib/python3.10/dist-packages/zed_interfaces/msg/_object.py
[5.751s] -- Up-to-date symlink: /home/mae-emrl3172/ros2_ws/install/zed_interfaces/local/lib/python3.10/dist-packages/zed_interfaces/msg/_object_s.c
[5.751s] -- Up-to-date symlink: /home/mae-emrl3172/ros2_ws/install/zed_interfaces/local/lib/python3.10/dist-packages/zed_interfaces/msg/_objects_stamped.py
[5.751s] -- Up-to-date symlink: /home/mae-emrl3172/ros2_ws/install/zed_interfaces/local/lib/python3.10/dist-packages/zed_interfaces/msg/_objects_stamped_s.c
[5.751s] -- Up-to-date symlink: /home/mae-emrl3172/ros2_ws/install/zed_interfaces/local/lib/python3.10/dist-packages/zed_interfaces/msg/_plane_stamped.py
[5.752s] -- Up-to-date symlink: /home/mae-emrl3172/ros2_ws/install/zed_interfaces/local/lib/python3.10/dist-packages/zed_interfaces/msg/_plane_stamped_s.c
[5.752s] -- Up-to-date symlink: /home/mae-emrl3172/ros2_ws/install/zed_interfaces/local/lib/python3.10/dist-packages/zed_interfaces/msg/_pos_track_status.py
[5.752s] -- Up-to-date symlink: /home/mae-emrl3172/ros2_ws/install/zed_interfaces/local/lib/python3.10/dist-packages/zed_interfaces/msg/_pos_track_status_s.c
[5.752s] -- Up-to-date symlink: /home/mae-emrl3172/ros2_ws/install/zed_interfaces/local/lib/python3.10/dist-packages/zed_interfaces/msg/_skeleton2_d.py
[5.752s] -- Up-to-date symlink: /home/mae-emrl3172/ros2_ws/install/zed_interfaces/local/lib/python3.10/dist-packages/zed_interfaces/msg/_skeleton2_d_s.c
[5.752s] -- Up-to-date symlink: /home/mae-emrl3172/ros2_ws/install/zed_interfaces/local/lib/python3.10/dist-packages/zed_interfaces/msg/_skeleton3_d.py
[5.753s] -- Up-to-date symlink: /home/mae-emrl3172/ros2_ws/install/zed_interfaces/local/lib/python3.10/dist-packages/zed_interfaces/msg/_skeleton3_d_s.c
[5.753s] -- Up-to-date symlink: /home/mae-emrl3172/ros2_ws/install/zed_interfaces/local/lib/python3.10/dist-packages/zed_interfaces/srv/__init__.py
[5.753s] -- Up-to-date symlink: /home/mae-emrl3172/ros2_ws/install/zed_interfaces/local/lib/python3.10/dist-packages/zed_interfaces/srv/_set_pose.py
[5.753s] -- Up-to-date symlink: /home/mae-emrl3172/ros2_ws/install/zed_interfaces/local/lib/python3.10/dist-packages/zed_interfaces/srv/_set_pose_s.c
[5.753s] -- Up-to-date symlink: /home/mae-emrl3172/ros2_ws/install/zed_interfaces/local/lib/python3.10/dist-packages/zed_interfaces/srv/_set_roi.py
[5.754s] -- Up-to-date symlink: /home/mae-emrl3172/ros2_ws/install/zed_interfaces/local/lib/python3.10/dist-packages/zed_interfaces/srv/_set_roi_s.c
[5.754s] -- Up-to-date symlink: /home/mae-emrl3172/ros2_ws/install/zed_interfaces/local/lib/python3.10/dist-packages/zed_interfaces/srv/_start_svo_rec.py
[5.754s] -- Up-to-date symlink: /home/mae-emrl3172/ros2_ws/install/zed_interfaces/local/lib/python3.10/dist-packages/zed_interfaces/srv/_start_svo_rec_s.c
[5.754s] -- Up-to-date symlink: /home/mae-emrl3172/ros2_ws/install/zed_interfaces/local/lib/python3.10/dist-packages/zed_interfaces/zed_interfaces_s__rosidl_typesupport_c.cpython-310-aarch64-linux-gnu.so
[5.754s] -- Up-to-date symlink: /home/mae-emrl3172/ros2_ws/install/zed_interfaces/local/lib/python3.10/dist-packages/zed_interfaces/zed_interfaces_s__rosidl_typesupport_fastrtps_c.cpython-310-aarch64-linux-gnu.so
[5.754s] -- Up-to-date symlink: /home/mae-emrl3172/ros2_ws/install/zed_interfaces/local/lib/python3.10/dist-packages/zed_interfaces/zed_interfaces_s__rosidl_typesupport_introspection_c.cpython-310-aarch64-linux-gnu.so
[5.755s] -- Up-to-date symlink: /home/mae-emrl3172/ros2_ws/install/zed_interfaces/local/lib/python3.10/dist-packages/zed_interfaces/zed_interfaces_s__rosidl_typesupport_fastrtps_c.cpython-310-aarch64-linux-gnu.so
[5.755s] -- Up-to-date symlink: /home/mae-emrl3172/ros2_ws/install/zed_interfaces/local/lib/python3.10/dist-packages/zed_interfaces/zed_interfaces_s__rosidl_typesupport_introspection_c.cpython-310-aarch64-linux-gnu.so
[5.755s] -- Up-to-date symlink: /home/mae-emrl3172/ros2_ws/install/zed_interfaces/local/lib/python3.10/dist-packages/zed_interfaces/zed_interfaces_s__rosidl_typesupport_c.cpython-310-aarch64-linux-gnu.so
[5.755s] -- Up-to-date symlink: /home/mae-emrl3172/ros2_ws/install/zed_interfaces/share/zed_interfaces/msg/Object.idl
[5.755s] -- Up-to-date symlink: /home/mae-emrl3172/ros2_ws/install/zed_interfaces/share/zed_interfaces/msg/ObjectsStamped.idl
[5.755s] -- Up-to-date symlink: /home/mae-emrl3172/ros2_ws/install/zed_interfaces/share/zed_interfaces/msg/Keypoint2Di.idl
[5.756s] -- Up-to-date symlink: /home/mae-emrl3172/ros2_ws/install/zed_interfaces/share/zed_interfaces/msg/Keypoint2Df.idl
[5.756s] -- Up-to-date symlink: /home/mae-emrl3172/ros2_ws/install/zed_interfaces/share/zed_interfaces/msg/Keypoint3D.idl
[5.756s] -- Up-to-date symlink: /home/mae-emrl3172/ros2_ws/install/zed_interfaces/share/zed_interfaces/msg/BoundingBox2Di.idl
[5.756s] -- Up-to-date symlink: /home/mae-emrl3172/ros2_ws/install/zed_interfaces/share/zed_interfaces/msg/BoundingBox2Df.idl
[5.756s] -- Up-to-date symlink: /home/mae-emrl3172/ros2_ws/install/zed_interfaces/share/zed_interfaces/msg/BoundingBox3D.idl
[5.756s] -- Up-to-date symlink: /home/mae-emrl3172/ros2_ws/install/zed_interfaces/share/zed_interfaces/msg/Skeleton2D.idl
[5.757s] -- Up-to-date symlink: /home/mae-emrl3172/ros2_ws/install/zed_interfaces/share/zed_interfaces/msg/Skeleton3D.idl
[5.757s] -- Up-to-date symlink: /home/mae-emrl3172/ros2_ws/install/zed_interfaces/share/zed_interfaces/msg/DepthInfoStamped.idl
[5.757s] -- Up-to-date symlink: /home/mae-emrl3172/ros2_ws/install/zed_interfaces/share/zed_interfaces/msg/PlaneStamped.idl
[5.757s] -- Up-to-date symlink: /home/mae-emrl3172/ros2_ws/install/zed_interfaces/share/zed_interfaces/msg/PosTrackStatus.idl
[5.757s] -- Up-to-date symlink: /home/mae-emrl3172/ros2_ws/install/zed_interfaces/share/zed_interfaces/msg/GnssFusionStatus.idl
[5.758s] -- Up-to-date symlink: /home/mae-emrl3172/ros2_ws/install/zed_interfaces/share/zed_interfaces/msg/Heartbeat.idl
[5.758s] -- Up-to-date symlink: /home/mae-emrl3172/ros2_ws/install/zed_interfaces/share/zed_interfaces/msg/MagHeadingStatus.idl
[5.759s] -- Up-to-date symlink: /home/mae-emrl3172/ros2_ws/install/zed_interfaces/share/zed_interfaces/srv/SetPose.idl
[5.759s] -- Up-to-date symlink: /home/mae-emrl3172/ros2_ws/install/zed_interfaces/share/zed_interfaces/srv/StartSvoRec.idl
[5.759s] -- Up-to-date symlink: /home/mae-emrl3172/ros2_ws/install/zed_interfaces/share/zed_interfaces/srv/SetROI.idl
[5.760s] -- Up-to-date symlink: /home/mae-emrl3172/ros2_ws/install/zed_interfaces/share/zed_interfaces/msg/Object.msg
[5.760s] -- Up-to-date symlink: /home/mae-emrl3172/ros2_ws/install/zed_interfaces/share/zed_interfaces/msg/ObjectsStamped.msg
[5.761s] -- Up-to-date symlink: /home/mae-emrl3172/ros2_ws/install/zed_interfaces/share/zed_interfaces/msg/Keypoint2Di.msg
[5.761s] -- Up-to-date symlink: /home/mae-emrl3172/ros2_ws/install/zed_interfaces/share/zed_interfaces/msg/Keypoint2Df.msg
[5.761s] -- Up-to-date symlink: /home/mae-emrl3172/ros2_ws/install/zed_interfaces/share/zed_interfaces/msg/Keypoint3D.msg
[5.762s] -- Up-to-date symlink: /home/mae-emrl3172/ros2_ws/install/zed_interfaces/share/zed_interfaces/msg/BoundingBox2Di.msg
[5.762s] -- Up-to-date symlink: /home/mae-emrl3172/ros2_ws/install/zed_interfaces/share/zed_interfaces/msg/BoundingBox2Df.msg
[5.762s] -- Up-to-date symlink: /home/mae-emrl3172/ros2_ws/install/zed_interfaces/share/zed_interfaces/msg/BoundingBox3D.msg
[5.762s] -- Up-to-date symlink: /home/mae-emrl3172/ros2_ws/install/zed_interfaces/share/zed_interfaces/msg/Skeleton2D.msg
[5.762s] -- Up-to-date symlink: /home/mae-emrl3172/ros2_ws/install/zed_interfaces/share/zed_interfaces/msg/Skeleton3D.msg
[5.763s] -- Up-to-date symlink: /home/mae-emrl3172/ros2_ws/install/zed_interfaces/share/zed_interfaces/msg/DepthInfoStamped.msg
[5.763s] -- Up-to-date symlink: /home/mae-emrl3172/ros2_ws/install/zed_interfaces/share/zed_interfaces/msg/PlaneStamped.msg
[5.763s] -- Up-to-date symlink: /home/mae-emrl3172/ros2_ws/install/zed_interfaces/share/zed_interfaces/msg/PosTrackStatus.msg
[5.764s] -- Up-to-date symlink: /home/mae-emrl3172/ros2_ws/install/zed_interfaces/share/zed_interfaces/msg/GnssFusionStatus.msg
[5.764s] -- Up-to-date symlink: /home/mae-emrl3172/ros2_ws/install/zed_interfaces/share/zed_interfaces/msg/Heartbeat.msg
[5.764s] -- Up-to-date symlink: /home/mae-emrl3172/ros2_ws/install/zed_interfaces/share/zed_interfaces/msg/MagHeadingStatus.msg
[5.764s] -- Up-to-date symlink: /home/mae-emrl3172/ros2_ws/install/zed_interfaces/share/zed_interfaces/srv/SetPose.srv
[5.765s] -- Up-to-date symlink: /home/mae-emrl3172/ros2_ws/install/zed_interfaces/share/zed_interfaces/srv/SetPose_Request.msg
[5.765s] -- Up-to-date symlink: /home/mae-emrl3172/ros2_ws/install/zed_interfaces/share/zed_interfaces/srv/SetPose_Response.msg
[5.765s] -- Up-to-date symlink: /home/mae-emrl3172/ros2_ws/install/zed_interfaces/share/zed_interfaces/srv/StartSvoRec.srv
[5.765s] -- Up-to-date symlink: /home/mae-emrl3172/ros2_ws/install/zed_interfaces/share/zed_interfaces/srv/StartSvoRec_Request.msg
[5.766s] -- Up-to-date symlink: /home/mae-emrl3172/ros2_ws/install/zed_interfaces/share/zed_interfaces/srv/StartSvoRec_Response.msg
[5.766s] -- Up-to-date symlink: /home/mae-emrl3172/ros2_ws/install/zed_interfaces/share/zed_interfaces/srv/SetROI.srv
[5.766s] -- Up-to-date symlink: /home/mae-emrl3172/ros2_ws/install/zed_interfaces/share/zed_interfaces/srv/SetROI_Request.msg
[5.767s] -- Up-to-date symlink: /home/mae-emrl3172/ros2_ws/install/zed_interfaces/share/zed_interfaces/srv/SetROI_Response.msg
[5.767s] -- Up-to-date symlink: /home/mae-emrl3172/ros2_ws/install/zed_interfaces/share/zed_interfaces/meshes/virtual.stl
[5.768s] -- Up-to-date symlink: /home/mae-emrl3172/ros2_ws/install/zed_interfaces/share/zed_interfaces/meshes/zed.stl
[5.768s] -- Up-to-date symlink: /home/mae-emrl3172/ros2_ws/install/zed_interfaces/share/zed_interfaces/meshes/zed2.stl
[5.768s] -- Up-to-date symlink: /home/mae-emrl3172/ros2_ws/install/zed_interfaces/share/zed_interfaces/meshes/zed2i.stl
[5.768s] -- Up-to-date symlink: /home/mae-emrl3172/ros2_ws/install/zed_interfaces/share/zed_interfaces/meshes/zedm.stl
[5.768s] -- Up-to-date symlink: /home/mae-emrl3172/ros2_ws/install/zed_interfaces/share/zed_interfaces/meshes/zedx.stl
[5.769s] -- Up-to-date symlink: /home/mae-emrl3172/ros2_ws/install/zed_interfaces/share/zed_interfaces/meshes/zedxm.stl
[5.769s] -- Up-to-date symlink: /home/mae-emrl3172/ros2_ws/install/zed_interfaces/share/ament_index/resource_index/package_run_dependencies/zed_interfaces
[5.769s] -- Up-to-date symlink: /home/mae-emrl3172/ros2_ws/install/zed_interfaces/share/ament_index/resource_index/parent_prefix_path/zed_interfaces
[5.769s] -- Up-to-date symlink: /home/mae-emrl3172/ros2_ws/install/zed_interfaces/share/zed_interfaces/environment/ament_prefix_path.sh
[5.770s] -- Up-to-date symlink: /home/mae-emrl3172/ros2_ws/install/zed_interfaces/share/zed_interfaces/environment/ament_prefix_path.dsv
[5.770s] -- Up-to-date symlink: /home/mae-emrl3172/ros2_ws/install/zed_interfaces/share/zed_interfaces/environment/path.sh
[5.770s] -- Up-to-date symlink: /home/mae-emrl3172/ros2_ws/install/zed_interfaces/share/zed_interfaces/environment/path.dsv
[5.770s] -- Up-to-date symlink: /home/mae-emrl3172/ros2_ws/install/zed_interfaces/share/zed_interfaces/local_setup.bash
[5.771s] -- Up-to-date symlink: /home/mae-emrl3172/ros2_ws/install/zed_interfaces/share/zed_interfaces/local_setup.sh
[5.771s] -- Up-to-date symlink: /home/mae-emrl3172/ros2_ws/install/zed_interfaces/share/zed_interfaces/local_setup.zsh
[5.771s] -- Up-to-date symlink: /home/mae-emrl3172/ros2_ws/install/zed_interfaces/share/zed_interfaces/local_setup.dsv
[5.771s] -- Symlinking: /home/mae-emrl3172/ros2_ws/install/zed_interfaces/share/zed_interfaces/package.dsv
[5.796s] -- Up-to-date symlink: /home/mae-emrl3172/ros2_ws/install/zed_interfaces/share/ament_index/resource_index/packages/zed_interfaces
[5.796s] -- Up-to-date symlink: /home/mae-emrl3172/ros2_ws/install/zed_interfaces/share/zed_interfaces/cmake/rosidl_cmake-extras.cmake
[5.796s] -- Up-to-date symlink: /home/mae-emrl3172/ros2_ws/install/zed_interfaces/share/zed_interfaces/cmake/ament_cmake_export_dependencies-extras.cmake
[5.797s] -- Up-to-date symlink: /home/mae-emrl3172/ros2_ws/install/zed_interfaces/share/zed_interfaces/cmake/ament_cmake_export_include_directories-extras.cmake
[5.797s] -- Up-to-date symlink: /home/mae-emrl3172/ros2_ws/install/zed_interfaces/share/zed_interfaces/cmake/ament_cmake_export_libraries-extras.cmake
[5.797s] -- Up-to-date symlink: /home/mae-emrl3172/ros2_ws/install/zed_interfaces/share/zed_interfaces/cmake/ament_cmake_export_targets-extras.cmake
[5.798s] -- Up-to-date symlink: /home/mae-emrl3172/ros2_ws/install/zed_interfaces/share/zed_interfaces/cmake/rosidl_cmake_export_typesupport_targets-extras.cmake
[5.798s] -- Up-to-date symlink: /home/mae-emrl3172/ros2_ws/install/zed_interfaces/share/zed_interfaces/cmake/rosidl_cmake_export_typesupport_libraries-extras.cmake
[5.798s] -- Up-to-date symlink: /home/mae-emrl3172/ros2_ws/install/zed_interfaces/share/zed_interfaces/cmake/zed_interfacesConfig.cmake
[5.798s] -- Up-to-date symlink: /home/mae-emrl3172/ros2_ws/install/zed_interfaces/share/zed_interfaces/cmake/zed_interfacesConfig-version.cmake
[5.799s] -- Up-to-date symlink: /home/mae-emrl3172/ros2_ws/install/zed_interfaces/share/zed_interfaces/package.xml
[5.799s] -- Up-to-date: /home/mae-emrl3172/ros2_ws/install/zed_interfaces/lib/libzed_interfaces__rosidl_generator_c.so
[5.799s] -- Up-to-date: /home/mae-emrl3172/ros2_ws/install/zed_interfaces/lib/libzed_interfaces__rosidl_typesupport_fastrtps_c.so
[5.800s] -- Up-to-date: /home/mae-emrl3172/ros2_ws/install/zed_interfaces/lib/libzed_interfaces__rosidl_typesupport_fastrtps_cpp.so
[5.800s] -- Up-to-date: /home/mae-emrl3172/ros2_ws/install/zed_interfaces/lib/libzed_interfaces__rosidl_typesupport_introspection_c.so
[5.801s] -- Up-to-date: /home/mae-emrl3172/ros2_ws/install/zed_interfaces/lib/libzed_interfaces__rosidl_typesupport_c.so
[5.801s] -- Up-to-date: /home/mae-emrl3172/ros2_ws/install/zed_interfaces/lib/libzed_interfaces__rosidl_typesupport_introspection_cpp.so
[5.802s] -- Up-to-date: /home/mae-emrl3172/ros2_ws/install/zed_interfaces/lib/libzed_interfaces__rosidl_typesupport_cpp.so
[5.896s] Listing '/home/mae-emrl3172/ros2_ws/install/zed_interfaces/local/lib/python3.10/dist-packages/zed_interfaces'...
[5.896s] Compiling '/home/mae-emrl3172/ros2_ws/install/zed_interfaces/local/lib/python3.10/dist-packages/zed_interfaces/__init__.py'...
[5.896s] Listing '/home/mae-emrl3172/ros2_ws/install/zed_interfaces/local/lib/python3.10/dist-packages/zed_interfaces/msg'...
[5.896s] Listing '/home/mae-emrl3172/ros2_ws/install/zed_interfaces/local/lib/python3.10/dist-packages/zed_interfaces/srv'...
[5.912s] -- Up-to-date: /home/mae-emrl3172/ros2_ws/install/zed_interfaces/lib/libzed_interfaces__rosidl_generator_py.so
[5.912s] -- Up-to-date: /home/mae-emrl3172/ros2_ws/install/zed_interfaces/share/zed_interfaces/cmake/export_zed_interfaces__rosidl_generator_cExport.cmake
[5.912s] -- Up-to-date: /home/mae-emrl3172/ros2_ws/install/zed_interfaces/share/zed_interfaces/cmake/export_zed_interfaces__rosidl_generator_cExport-release.cmake
[5.912s] -- Up-to-date: /home/mae-emrl3172/ros2_ws/install/zed_interfaces/share/zed_interfaces/cmake/export_zed_interfaces__rosidl_typesupport_fastrtps_cExport.cmake
[5.913s] -- Up-to-date: /home/mae-emrl3172/ros2_ws/install/zed_interfaces/share/zed_interfaces/cmake/export_zed_interfaces__rosidl_typesupport_fastrtps_cExport-release.cmake
[5.913s] -- Up-to-date: /home/mae-emrl3172/ros2_ws/install/zed_interfaces/share/zed_interfaces/cmake/export_zed_interfaces__rosidl_generator_cppExport.cmake
[5.913s] -- Up-to-date: /home/mae-emrl3172/ros2_ws/install/zed_interfaces/share/zed_interfaces/cmake/export_zed_interfaces__rosidl_typesupport_fastrtps_cppExport.cmake
[5.913s] -- Up-to-date: /home/mae-emrl3172/ros2_ws/install/zed_interfaces/share/zed_interfaces/cmake/export_zed_interfaces__rosidl_typesupport_fastrtps_cppExport-release.cmake
[5.913s] -- Up-to-date: /home/mae-emrl3172/ros2_ws/install/zed_interfaces/share/zed_interfaces/cmake/zed_interfaces__rosidl_typesupport_introspection_cExport.cmake
[5.914s] -- Up-to-date: /home/mae-emrl3172/ros2_ws/install/zed_interfaces/share/zed_interfaces/cmake/zed_interfaces__rosidl_typesupport_introspection_cExport-release.cmake
[5.914s] -- Up-to-date: /home/mae-emrl3172/ros2_ws/install/zed_interfaces/share/zed_interfaces/cmake/zed_interfaces__rosidl_typesupport_cExport.cmake
[5.914s] -- Up-to-date: /home/mae-emrl3172/ros2_ws/install/zed_interfaces/share/zed_interfaces/cmake/zed_interfaces__rosidl_typesupport_cExport-release.cmake
[5.914s] -- Up-to-date: /home/mae-emrl3172/ros2_ws/install/zed_interfaces/share/zed_interfaces/cmake/zed_interfaces__rosidl_typesupport_introspection_cppExport.cmake
[5.914s] -- Up-to-date: /home/mae-emrl3172/ros2_ws/install/zed_interfaces/share/zed_interfaces/cmake/zed_interfaces__rosidl_typesupport_introspection_cppExport-release.cmake
[5.915s] -- Up-to-date: /home/mae-emrl3172/ros2_ws/install/zed_interfaces/share/zed_interfaces/cmake/zed_interfaces__rosidl_typesupport_cppExport.cmake
[5.915s] -- Up-to-date: /home/mae-emrl3172/ros2_ws/install/zed_interfaces/share/zed_interfaces/cmake/zed_interfaces__rosidl_typesupport_cppExport-release.cmake
[5.915s] -- Up-to-date: /home/mae-emrl3172/ros2_ws/install/zed_interfaces/share/zed_interfaces/cmake/export_zed_interfaces__rosidl_generator_pyExport.cmake
[5.915s] -- Up-to-date: /home/mae-emrl3172/ros2_ws/install/zed_interfaces/share/zed_interfaces/cmake/export_zed_interfaces__rosidl_generator_pyExport-release.cmake
[5.924s] Invoked command in '/home/mae-emrl3172/ros2_ws/build/zed_interfaces' returned '0': CMAKE_PREFIX_PATH=${CMAKE_PREFIX_PATH}:/home/mae-emrl3172/ros2_ws/install/sUAV:/opt/ros/humble /usr/bin/cmake --install /home/mae-emrl3172/ros2_ws/build/zed_interfaces
