[0.052s] Invoking command in '/home/mae-emrl3172/ros2_ws/build/zed_wrapper': CMAKE_PREFIX_PATH=/home/mae-emrl3172/ros2_ws/install/zed_components:/home/mae-emrl3172/ros2_ws/install/zed_interfaces:/home/mae-emrl3172/ros2_ws/install/zed_ros2:/home/mae-emrl3172/ros2_ws/install/zed_wrapper:/home/mae-emrl3172/ros2_ws/install/sUAV:/opt/ros/humble LD_LIBRARY_PATH=/home/mae-emrl3172/ros2_ws/install/zed_components/lib:/home/mae-emrl3172/ros2_ws/install/zed_interfaces/lib:/usr/local/cuda-12.2/lib64:/usr/local/cuda-12.2/lib64:/opt/ros/humble/opt/rviz_ogre_vendor/lib:/opt/ros/humble/lib/aarch64-linux-gnu:/opt/ros/humble/lib:/usr/local/cuda-12.2/lib64 /usr/bin/cmake /home/mae-emrl3172/ros2_ws/src/zed-ros2-wrapper/zed_wrapper -DCMAKE_INSTALL_PREFIX=/home/mae-emrl3172/ros2_ws/install/zed_wrapper
[0.252s] -- Found CUDA: /usr/local/cuda-12.2 (found suitable version "12.2", minimum required is "12.2") 
[0.459s] -- Found CUDA: /usr/local/cuda-12.2 (found version "12.2") 
[0.462s] -- Found ament_cmake_auto: 1.3.8 (/opt/ros/humble/share/ament_cmake_auto/cmake)
[1.227s] -- Override CMake install command with custom implementation using symlinks instead of copying resources
[1.648s] -- Found rosidl_generator_c: 3.1.5 (/opt/ros/humble/share/rosidl_generator_c/cmake)
[1.659s] -- Found rosidl_adapter: 3.1.5 (/opt/ros/humble/share/rosidl_adapter/cmake)
[1.687s] -- Found rosidl_generator_cpp: 3.1.5 (/opt/ros/humble/share/rosidl_generator_cpp/cmake)
[1.735s] -- Using all available rosidl_typesupport_c: rosidl_typesupport_fastrtps_c;rosidl_typesupport_introspection_c
[1.793s] -- Using all available rosidl_typesupport_cpp: rosidl_typesupport_fastrtps_cpp;rosidl_typesupport_introspection_cpp
[1.943s] -- Found rmw_implementation_cmake: 6.1.1 (/opt/ros/humble/share/rmw_implementation_cmake/cmake)
[1.947s] -- Found rmw_fastrtps_cpp: 6.2.6 (/opt/ros/humble/share/rmw_fastrtps_cpp/cmake)
[2.268s] -- Using RMW implementation 'rmw_fastrtps_cpp' as default
[3.990s] -- Found eigen3_cmake_module: 0.1.1 (/opt/ros/humble/share/eigen3_cmake_module/cmake)
[3.995s] -- Ensuring Eigen3 include directory is part of orocos-kdl CMake target
[7.374s] -- Found ament_lint_auto: 0.12.10 (/opt/ros/humble/share/ament_lint_auto/cmake)
[9.381s] -- Added test 'copyright' to check source files copyright and LICENSE
[9.387s] -- Added test 'cppcheck' to perform static code analysis on C / C++ code
[9.389s] -- Configured cppcheck include dirs: /home/mae-emrl3172/ros2_ws/src/zed-ros2-wrapper/zed_wrapper/src
[9.389s] -- Configured cppcheck exclude dirs and/or files: 
[9.393s] -- Added test 'lint_cmake' to check CMake code style
[9.396s] -- Added test 'pep257' to check Python code against some of the docstring style conventions in PEP 257
[9.399s] -- Added test 'uncrustify' to check C / C++ code style
[9.400s] -- Configured uncrustify additional arguments: 
[9.403s] -- Added test 'xmllint' to check XML markup files
[9.421s] -- Configuring done
[10.051s] -- Generating done
[10.066s] -- Build files have been written to: /home/mae-emrl3172/ros2_ws/build/zed_wrapper
[10.213s] Invoked command in '/home/mae-emrl3172/ros2_ws/build/zed_wrapper' returned '0': CMAKE_PREFIX_PATH=/home/mae-emrl3172/ros2_ws/install/zed_components:/home/mae-emrl3172/ros2_ws/install/zed_interfaces:/home/mae-emrl3172/ros2_ws/install/zed_ros2:/home/mae-emrl3172/ros2_ws/install/zed_wrapper:/home/mae-emrl3172/ros2_ws/install/sUAV:/opt/ros/humble LD_LIBRARY_PATH=/home/mae-emrl3172/ros2_ws/install/zed_components/lib:/home/mae-emrl3172/ros2_ws/install/zed_interfaces/lib:/usr/local/cuda-12.2/lib64:/usr/local/cuda-12.2/lib64:/opt/ros/humble/opt/rviz_ogre_vendor/lib:/opt/ros/humble/lib/aarch64-linux-gnu:/opt/ros/humble/lib:/usr/local/cuda-12.2/lib64 /usr/bin/cmake /home/mae-emrl3172/ros2_ws/src/zed-ros2-wrapper/zed_wrapper -DCMAKE_INSTALL_PREFIX=/home/mae-emrl3172/ros2_ws/install/zed_wrapper
[10.225s] Invoking command in '/home/mae-emrl3172/ros2_ws/build/zed_wrapper': CMAKE_PREFIX_PATH=/home/mae-emrl3172/ros2_ws/install/zed_components:/home/mae-emrl3172/ros2_ws/install/zed_interfaces:/home/mae-emrl3172/ros2_ws/install/zed_ros2:/home/mae-emrl3172/ros2_ws/install/zed_wrapper:/home/mae-emrl3172/ros2_ws/install/sUAV:/opt/ros/humble LD_LIBRARY_PATH=/home/mae-emrl3172/ros2_ws/install/zed_components/lib:/home/mae-emrl3172/ros2_ws/install/zed_interfaces/lib:/usr/local/cuda-12.2/lib64:/usr/local/cuda-12.2/lib64:/opt/ros/humble/opt/rviz_ogre_vendor/lib:/opt/ros/humble/lib/aarch64-linux-gnu:/opt/ros/humble/lib:/usr/local/cuda-12.2/lib64 /usr/bin/cmake --build /home/mae-emrl3172/ros2_ws/build/zed_wrapper -- -j6 -l6
[10.543s] [35m[1mConsolidate compiler generated dependencies of target zed_wrapper[0m
[10.603s] [100%] Built target zed_wrapper
[10.647s] Invoked command in '/home/mae-emrl3172/ros2_ws/build/zed_wrapper' returned '0': CMAKE_PREFIX_PATH=/home/mae-emrl3172/ros2_ws/install/zed_components:/home/mae-emrl3172/ros2_ws/install/zed_interfaces:/home/mae-emrl3172/ros2_ws/install/zed_ros2:/home/mae-emrl3172/ros2_ws/install/zed_wrapper:/home/mae-emrl3172/ros2_ws/install/sUAV:/opt/ros/humble LD_LIBRARY_PATH=/home/mae-emrl3172/ros2_ws/install/zed_components/lib:/home/mae-emrl3172/ros2_ws/install/zed_interfaces/lib:/usr/local/cuda-12.2/lib64:/usr/local/cuda-12.2/lib64:/opt/ros/humble/opt/rviz_ogre_vendor/lib:/opt/ros/humble/lib/aarch64-linux-gnu:/opt/ros/humble/lib:/usr/local/cuda-12.2/lib64 /usr/bin/cmake --build /home/mae-emrl3172/ros2_ws/build/zed_wrapper -- -j6 -l6
[10.757s] Invoking command in '/home/mae-emrl3172/ros2_ws/build/zed_wrapper': CMAKE_PREFIX_PATH=/home/mae-emrl3172/ros2_ws/install/zed_components:/home/mae-emrl3172/ros2_ws/install/zed_interfaces:/home/mae-emrl3172/ros2_ws/install/zed_ros2:/home/mae-emrl3172/ros2_ws/install/zed_wrapper:/home/mae-emrl3172/ros2_ws/install/sUAV:/opt/ros/humble LD_LIBRARY_PATH=/home/mae-emrl3172/ros2_ws/install/zed_components/lib:/home/mae-emrl3172/ros2_ws/install/zed_interfaces/lib:/usr/local/cuda-12.2/lib64:/usr/local/cuda-12.2/lib64:/opt/ros/humble/opt/rviz_ogre_vendor/lib:/opt/ros/humble/lib/aarch64-linux-gnu:/opt/ros/humble/lib:/usr/local/cuda-12.2/lib64 /usr/bin/cmake --install /home/mae-emrl3172/ros2_ws/build/zed_wrapper
[10.781s] -- Install configuration: "Release"
[10.782s] -- Execute custom install script
[10.783s] -- Up-to-date symlink: /home/mae-emrl3172/ros2_ws/install/zed_wrapper/lib/zed_wrapper/zed_wrapper
[10.786s] -- Up-to-date symlink: /home/mae-emrl3172/ros2_ws/install/zed_wrapper/share/zed_wrapper/config/common.yaml
[10.786s] -- Up-to-date symlink: /home/mae-emrl3172/ros2_ws/install/zed_wrapper/share/zed_wrapper/config/virtual.yaml
[10.787s] -- Up-to-date symlink: /home/mae-emrl3172/ros2_ws/install/zed_wrapper/share/zed_wrapper/config/zed.yaml
[10.788s] -- Up-to-date symlink: /home/mae-emrl3172/ros2_ws/install/zed_wrapper/share/zed_wrapper/config/zed2.yaml
[10.789s] -- Up-to-date symlink: /home/mae-emrl3172/ros2_ws/install/zed_wrapper/share/zed_wrapper/config/zed2i.yaml
[10.789s] -- Up-to-date symlink: /home/mae-emrl3172/ros2_ws/install/zed_wrapper/share/zed_wrapper/config/zedm.yaml
[10.790s] -- Up-to-date symlink: /home/mae-emrl3172/ros2_ws/install/zed_wrapper/share/zed_wrapper/config/zedx.yaml
[10.791s] -- Up-to-date symlink: /home/mae-emrl3172/ros2_ws/install/zed_wrapper/share/zed_wrapper/config/zedxm.yaml
[10.792s] -- Up-to-date symlink: /home/mae-emrl3172/ros2_ws/install/zed_wrapper/share/zed_wrapper/urdf/include/materials.urdf.xacro
[10.793s] -- Up-to-date symlink: /home/mae-emrl3172/ros2_ws/install/zed_wrapper/share/zed_wrapper/urdf/zed_descr.urdf.xacro
[10.794s] -- Up-to-date symlink: /home/mae-emrl3172/ros2_ws/install/zed_wrapper/share/zed_wrapper/urdf/zed_macro.urdf.xacro
[10.795s] -- Up-to-date symlink: /home/mae-emrl3172/ros2_ws/install/zed_wrapper/share/zed_wrapper/launch/zed_camera.launch.py
[10.796s] -- Up-to-date symlink: /home/mae-emrl3172/ros2_ws/install/zed_wrapper/share/ament_index/resource_index/package_run_dependencies/zed_wrapper
[10.797s] -- Up-to-date symlink: /home/mae-emrl3172/ros2_ws/install/zed_wrapper/share/ament_index/resource_index/parent_prefix_path/zed_wrapper
[10.798s] -- Up-to-date symlink: /home/mae-emrl3172/ros2_ws/install/zed_wrapper/share/zed_wrapper/environment/ament_prefix_path.sh
[10.799s] -- Up-to-date symlink: /home/mae-emrl3172/ros2_ws/install/zed_wrapper/share/zed_wrapper/environment/ament_prefix_path.dsv
[10.800s] -- Up-to-date symlink: /home/mae-emrl3172/ros2_ws/install/zed_wrapper/share/zed_wrapper/environment/path.sh
[10.801s] -- Up-to-date symlink: /home/mae-emrl3172/ros2_ws/install/zed_wrapper/share/zed_wrapper/environment/path.dsv
[10.802s] -- Up-to-date symlink: /home/mae-emrl3172/ros2_ws/install/zed_wrapper/share/zed_wrapper/local_setup.bash
[10.803s] -- Up-to-date symlink: /home/mae-emrl3172/ros2_ws/install/zed_wrapper/share/zed_wrapper/local_setup.sh
[10.804s] -- Up-to-date symlink: /home/mae-emrl3172/ros2_ws/install/zed_wrapper/share/zed_wrapper/local_setup.zsh
[10.804s] -- Up-to-date symlink: /home/mae-emrl3172/ros2_ws/install/zed_wrapper/share/zed_wrapper/local_setup.dsv
[10.808s] -- Symlinking: /home/mae-emrl3172/ros2_ws/install/zed_wrapper/share/zed_wrapper/package.dsv
[10.833s] -- Up-to-date symlink: /home/mae-emrl3172/ros2_ws/install/zed_wrapper/share/ament_index/resource_index/packages/zed_wrapper
[10.833s] -- Up-to-date symlink: /home/mae-emrl3172/ros2_ws/install/zed_wrapper/share/zed_wrapper/cmake/zed_wrapperConfig.cmake
[10.833s] -- Up-to-date symlink: /home/mae-emrl3172/ros2_ws/install/zed_wrapper/share/zed_wrapper/cmake/zed_wrapperConfig-version.cmake
[10.834s] -- Up-to-date symlink: /home/mae-emrl3172/ros2_ws/install/zed_wrapper/share/zed_wrapper/package.xml
[10.841s] Invoked command in '/home/mae-emrl3172/ros2_ws/build/zed_wrapper' returned '0': CMAKE_PREFIX_PATH=/home/mae-emrl3172/ros2_ws/install/zed_components:/home/mae-emrl3172/ros2_ws/install/zed_interfaces:/home/mae-emrl3172/ros2_ws/install/zed_ros2:/home/mae-emrl3172/ros2_ws/install/zed_wrapper:/home/mae-emrl3172/ros2_ws/install/sUAV:/opt/ros/humble LD_LIBRARY_PATH=/home/mae-emrl3172/ros2_ws/install/zed_components/lib:/home/mae-emrl3172/ros2_ws/install/zed_interfaces/lib:/usr/local/cuda-12.2/lib64:/usr/local/cuda-12.2/lib64:/opt/ros/humble/opt/rviz_ogre_vendor/lib:/opt/ros/humble/lib/aarch64-linux-gnu:/opt/ros/humble/lib:/usr/local/cuda-12.2/lib64 /usr/bin/cmake --install /home/mae-emrl3172/ros2_ws/build/zed_wrapper
