[0.040s] Invoking command in '/home/mae-emrl3172/ros2_ws/build/zed_ros2': CMAKE_PREFIX_PATH=/home/mae-emrl3172/ros2_ws/install/zed_wrapper:/home/mae-emrl3172/ros2_ws/install/zed_components:/home/mae-emrl3172/ros2_ws/install/zed_interfaces:/home/mae-emrl3172/ros2_ws/install/zed_ros2:/home/mae-emrl3172/ros2_ws/install/sUAV:/opt/ros/humble LD_LIBRARY_PATH=/home/mae-emrl3172/ros2_ws/install/zed_components/lib:/home/mae-emrl3172/ros2_ws/install/zed_interfaces/lib:/usr/local/cuda-12.2/lib64:/usr/local/cuda-12.2/lib64:/opt/ros/humble/opt/rviz_ogre_vendor/lib:/opt/ros/humble/lib/aarch64-linux-gnu:/opt/ros/humble/lib:/usr/local/cuda-12.2/lib64 /usr/bin/cmake --build /home/mae-emrl3172/ros2_ws/build/zed_ros2 -- -j6 -l6
[0.129s] Invoked command in '/home/mae-emrl3172/ros2_ws/build/zed_ros2' returned '0': CMAKE_PREFIX_PATH=/home/mae-emrl3172/ros2_ws/install/zed_wrapper:/home/mae-emrl3172/ros2_ws/install/zed_components:/home/mae-emrl3172/ros2_ws/install/zed_interfaces:/home/mae-emrl3172/ros2_ws/install/zed_ros2:/home/mae-emrl3172/ros2_ws/install/sUAV:/opt/ros/humble LD_LIBRARY_PATH=/home/mae-emrl3172/ros2_ws/install/zed_components/lib:/home/mae-emrl3172/ros2_ws/install/zed_interfaces/lib:/usr/local/cuda-12.2/lib64:/usr/local/cuda-12.2/lib64:/opt/ros/humble/opt/rviz_ogre_vendor/lib:/opt/ros/humble/lib/aarch64-linux-gnu:/opt/ros/humble/lib:/usr/local/cuda-12.2/lib64 /usr/bin/cmake --build /home/mae-emrl3172/ros2_ws/build/zed_ros2 -- -j6 -l6
[0.183s] Invoking command in '/home/mae-emrl3172/ros2_ws/build/zed_ros2': CMAKE_PREFIX_PATH=/home/mae-emrl3172/ros2_ws/install/zed_wrapper:/home/mae-emrl3172/ros2_ws/install/zed_components:/home/mae-emrl3172/ros2_ws/install/zed_interfaces:/home/mae-emrl3172/ros2_ws/install/zed_ros2:/home/mae-emrl3172/ros2_ws/install/sUAV:/opt/ros/humble LD_LIBRARY_PATH=/home/mae-emrl3172/ros2_ws/install/zed_components/lib:/home/mae-emrl3172/ros2_ws/install/zed_interfaces/lib:/usr/local/cuda-12.2/lib64:/usr/local/cuda-12.2/lib64:/opt/ros/humble/opt/rviz_ogre_vendor/lib:/opt/ros/humble/lib/aarch64-linux-gnu:/opt/ros/humble/lib:/usr/local/cuda-12.2/lib64 /usr/bin/cmake --install /home/mae-emrl3172/ros2_ws/build/zed_ros2
[0.211s] -- Install configuration: "Release"
[0.212s] -- Execute custom install script
[0.213s] -- Up-to-date symlink: /home/mae-emrl3172/ros2_ws/install/zed_ros2/share/ament_index/resource_index/package_run_dependencies/zed_ros2
[0.214s] -- Up-to-date symlink: /home/mae-emrl3172/ros2_ws/install/zed_ros2/share/ament_index/resource_index/parent_prefix_path/zed_ros2
[0.216s] -- Up-to-date symlink: /home/mae-emrl3172/ros2_ws/install/zed_ros2/share/zed_ros2/environment/ament_prefix_path.sh
[0.216s] -- Up-to-date symlink: /home/mae-emrl3172/ros2_ws/install/zed_ros2/share/zed_ros2/environment/ament_prefix_path.dsv
[0.217s] -- Up-to-date symlink: /home/mae-emrl3172/ros2_ws/install/zed_ros2/share/zed_ros2/environment/path.sh
[0.217s] -- Up-to-date symlink: /home/mae-emrl3172/ros2_ws/install/zed_ros2/share/zed_ros2/environment/path.dsv
[0.218s] -- Up-to-date symlink: /home/mae-emrl3172/ros2_ws/install/zed_ros2/share/zed_ros2/local_setup.bash
[0.218s] -- Up-to-date symlink: /home/mae-emrl3172/ros2_ws/install/zed_ros2/share/zed_ros2/local_setup.sh
[0.219s] -- Up-to-date symlink: /home/mae-emrl3172/ros2_ws/install/zed_ros2/share/zed_ros2/local_setup.zsh
[0.220s] -- Up-to-date symlink: /home/mae-emrl3172/ros2_ws/install/zed_ros2/share/zed_ros2/local_setup.dsv
[0.220s] -- Symlinking: /home/mae-emrl3172/ros2_ws/install/zed_ros2/share/zed_ros2/package.dsv
[0.249s] -- Up-to-date symlink: /home/mae-emrl3172/ros2_ws/install/zed_ros2/share/ament_index/resource_index/packages/zed_ros2
[0.249s] -- Up-to-date symlink: /home/mae-emrl3172/ros2_ws/install/zed_ros2/share/zed_ros2/cmake/zed_ros2Config.cmake
[0.250s] -- Up-to-date symlink: /home/mae-emrl3172/ros2_ws/install/zed_ros2/share/zed_ros2/cmake/zed_ros2Config-version.cmake
[0.250s] -- Up-to-date symlink: /home/mae-emrl3172/ros2_ws/install/zed_ros2/share/zed_ros2/package.xml
[0.256s] Invoked command in '/home/mae-emrl3172/ros2_ws/build/zed_ros2' returned '0': CMAKE_PREFIX_PATH=/home/mae-emrl3172/ros2_ws/install/zed_wrapper:/home/mae-emrl3172/ros2_ws/install/zed_components:/home/mae-emrl3172/ros2_ws/install/zed_interfaces:/home/mae-emrl3172/ros2_ws/install/zed_ros2:/home/mae-emrl3172/ros2_ws/install/sUAV:/opt/ros/humble LD_LIBRARY_PATH=/home/mae-emrl3172/ros2_ws/install/zed_components/lib:/home/mae-emrl3172/ros2_ws/install/zed_interfaces/lib:/usr/local/cuda-12.2/lib64:/usr/local/cuda-12.2/lib64:/opt/ros/humble/opt/rviz_ogre_vendor/lib:/opt/ros/humble/lib/aarch64-linux-gnu:/opt/ros/humble/lib:/usr/local/cuda-12.2/lib64 /usr/bin/cmake --install /home/mae-emrl3172/ros2_ws/build/zed_ros2
