[0.037s] Invoking command in '/home/mae-emrl3172/ros2_ws/build/zed_wrapper': CMAKE_PREFIX_PATH=/home/mae-emrl3172/ros2_ws/install/zed_components:/home/mae-emrl3172/ros2_ws/install/zed_interfaces:/home/mae-emrl3172/ros2_ws/install/zed_ros2:/home/mae-emrl3172/ros2_ws/install/zed_wrapper:/home/mae-emrl3172/ros2_ws/install/sUAV:/opt/ros/humble LD_LIBRARY_PATH=/home/mae-emrl3172/ros2_ws/install/zed_components/lib:/home/mae-emrl3172/ros2_ws/install/zed_interfaces/lib:/usr/local/cuda-12.2/lib64:/usr/local/cuda-12.2/lib64:/opt/ros/humble/opt/rviz_ogre_vendor/lib:/opt/ros/humble/lib/aarch64-linux-gnu:/opt/ros/humble/lib:/usr/local/cuda-12.2/lib64 /usr/bin/cmake --build /home/mae-emrl3172/ros2_ws/build/zed_wrapper -- -j6 -l6
[0.191s] [100%] Built target zed_wrapper
[0.221s] Invoked command in '/home/mae-emrl3172/ros2_ws/build/zed_wrapper' returned '0': CMAKE_PREFIX_PATH=/home/mae-emrl3172/ros2_ws/install/zed_components:/home/mae-emrl3172/ros2_ws/install/zed_interfaces:/home/mae-emrl3172/ros2_ws/install/zed_ros2:/home/mae-emrl3172/ros2_ws/install/zed_wrapper:/home/mae-emrl3172/ros2_ws/install/sUAV:/opt/ros/humble LD_LIBRARY_PATH=/home/mae-emrl3172/ros2_ws/install/zed_components/lib:/home/mae-emrl3172/ros2_ws/install/zed_interfaces/lib:/usr/local/cuda-12.2/lib64:/usr/local/cuda-12.2/lib64:/opt/ros/humble/opt/rviz_ogre_vendor/lib:/opt/ros/humble/lib/aarch64-linux-gnu:/opt/ros/humble/lib:/usr/local/cuda-12.2/lib64 /usr/bin/cmake --build /home/mae-emrl3172/ros2_ws/build/zed_wrapper -- -j6 -l6
[0.283s] Invoking command in '/home/mae-emrl3172/ros2_ws/build/zed_wrapper': CMAKE_PREFIX_PATH=/home/mae-emrl3172/ros2_ws/install/zed_components:/home/mae-emrl3172/ros2_ws/install/zed_interfaces:/home/mae-emrl3172/ros2_ws/install/zed_ros2:/home/mae-emrl3172/ros2_ws/install/zed_wrapper:/home/mae-emrl3172/ros2_ws/install/sUAV:/opt/ros/humble LD_LIBRARY_PATH=/home/mae-emrl3172/ros2_ws/install/zed_components/lib:/home/mae-emrl3172/ros2_ws/install/zed_interfaces/lib:/usr/local/cuda-12.2/lib64:/usr/local/cuda-12.2/lib64:/opt/ros/humble/opt/rviz_ogre_vendor/lib:/opt/ros/humble/lib/aarch64-linux-gnu:/opt/ros/humble/lib:/usr/local/cuda-12.2/lib64 /usr/bin/cmake --install /home/mae-emrl3172/ros2_ws/build/zed_wrapper
[0.306s] -- Install configuration: "Release"
[0.307s] -- Execute custom install script
[0.309s] -- Up-to-date symlink: /home/mae-emrl3172/ros2_ws/install/zed_wrapper/lib/zed_wrapper/zed_wrapper
[0.312s] -- Up-to-date symlink: /home/mae-emrl3172/ros2_ws/install/zed_wrapper/share/zed_wrapper/config/common.yaml
[0.313s] -- Up-to-date symlink: /home/mae-emrl3172/ros2_ws/install/zed_wrapper/share/zed_wrapper/config/virtual.yaml
[0.313s] -- Up-to-date symlink: /home/mae-emrl3172/ros2_ws/install/zed_wrapper/share/zed_wrapper/config/zed.yaml
[0.314s] -- Up-to-date symlink: /home/mae-emrl3172/ros2_ws/install/zed_wrapper/share/zed_wrapper/config/zed2.yaml
[0.314s] -- Up-to-date symlink: /home/mae-emrl3172/ros2_ws/install/zed_wrapper/share/zed_wrapper/config/zed2i.yaml
[0.314s] -- Up-to-date symlink: /home/mae-emrl3172/ros2_ws/install/zed_wrapper/share/zed_wrapper/config/zedm.yaml
[0.315s] -- Up-to-date symlink: /home/mae-emrl3172/ros2_ws/install/zed_wrapper/share/zed_wrapper/config/zedx.yaml
[0.315s] -- Up-to-date symlink: /home/mae-emrl3172/ros2_ws/install/zed_wrapper/share/zed_wrapper/config/zedxm.yaml
[0.317s] -- Up-to-date symlink: /home/mae-emrl3172/ros2_ws/install/zed_wrapper/share/zed_wrapper/urdf/include/materials.urdf.xacro
[0.317s] -- Up-to-date symlink: /home/mae-emrl3172/ros2_ws/install/zed_wrapper/share/zed_wrapper/urdf/zed_descr.urdf.xacro
[0.318s] -- Up-to-date symlink: /home/mae-emrl3172/ros2_ws/install/zed_wrapper/share/zed_wrapper/urdf/zed_macro.urdf.xacro
[0.319s] -- Up-to-date symlink: /home/mae-emrl3172/ros2_ws/install/zed_wrapper/share/zed_wrapper/launch/zed_camera.launch.py
[0.319s] -- Up-to-date symlink: /home/mae-emrl3172/ros2_ws/install/zed_wrapper/share/ament_index/resource_index/package_run_dependencies/zed_wrapper
[0.322s] -- Up-to-date symlink: /home/mae-emrl3172/ros2_ws/install/zed_wrapper/share/ament_index/resource_index/parent_prefix_path/zed_wrapper
[0.322s] -- Up-to-date symlink: /home/mae-emrl3172/ros2_ws/install/zed_wrapper/share/zed_wrapper/environment/ament_prefix_path.sh
[0.323s] -- Up-to-date symlink: /home/mae-emrl3172/ros2_ws/install/zed_wrapper/share/zed_wrapper/environment/ament_prefix_path.dsv
[0.324s] -- Up-to-date symlink: /home/mae-emrl3172/ros2_ws/install/zed_wrapper/share/zed_wrapper/environment/path.sh
[0.324s] -- Up-to-date symlink: /home/mae-emrl3172/ros2_ws/install/zed_wrapper/share/zed_wrapper/environment/path.dsv
[0.325s] -- Up-to-date symlink: /home/mae-emrl3172/ros2_ws/install/zed_wrapper/share/zed_wrapper/local_setup.bash
[0.325s] -- Up-to-date symlink: /home/mae-emrl3172/ros2_ws/install/zed_wrapper/share/zed_wrapper/local_setup.sh
[0.326s] -- Up-to-date symlink: /home/mae-emrl3172/ros2_ws/install/zed_wrapper/share/zed_wrapper/local_setup.zsh
[0.327s] -- Up-to-date symlink: /home/mae-emrl3172/ros2_ws/install/zed_wrapper/share/zed_wrapper/local_setup.dsv
[0.327s] -- Symlinking: /home/mae-emrl3172/ros2_ws/install/zed_wrapper/share/zed_wrapper/package.dsv
[0.351s] -- Up-to-date symlink: /home/mae-emrl3172/ros2_ws/install/zed_wrapper/share/ament_index/resource_index/packages/zed_wrapper
[0.352s] -- Up-to-date symlink: /home/mae-emrl3172/ros2_ws/install/zed_wrapper/share/zed_wrapper/cmake/zed_wrapperConfig.cmake
[0.352s] -- Up-to-date symlink: /home/mae-emrl3172/ros2_ws/install/zed_wrapper/share/zed_wrapper/cmake/zed_wrapperConfig-version.cmake
[0.352s] -- Up-to-date symlink: /home/mae-emrl3172/ros2_ws/install/zed_wrapper/share/zed_wrapper/package.xml
[0.362s] Invoked command in '/home/mae-emrl3172/ros2_ws/build/zed_wrapper' returned '0': CMAKE_PREFIX_PATH=/home/mae-emrl3172/ros2_ws/install/zed_components:/home/mae-emrl3172/ros2_ws/install/zed_interfaces:/home/mae-emrl3172/ros2_ws/install/zed_ros2:/home/mae-emrl3172/ros2_ws/install/zed_wrapper:/home/mae-emrl3172/ros2_ws/install/sUAV:/opt/ros/humble LD_LIBRARY_PATH=/home/mae-emrl3172/ros2_ws/install/zed_components/lib:/home/mae-emrl3172/ros2_ws/install/zed_interfaces/lib:/usr/local/cuda-12.2/lib64:/usr/local/cuda-12.2/lib64:/opt/ros/humble/opt/rviz_ogre_vendor/lib:/opt/ros/humble/lib/aarch64-linux-gnu:/opt/ros/humble/lib:/usr/local/cuda-12.2/lib64 /usr/bin/cmake --install /home/mae-emrl3172/ros2_ws/build/zed_wrapper
