[0.028s] Invoking command in '/home/mae-emrl3172/ros2_ws/build/zed_wrapper': AMENT_PREFIX_PATH=/home/mae-emrl3172/ros2_ws/install/zed_components:${AMENT_PREFIX_PATH} CMAKE_PREFIX_PATH=/home/mae-emrl3172/ros2_ws/install/zed_components:/home/mae-emrl3172/ros2_ws/install/zed_interfaces:/home/mae-emrl3172/ros2_ws/install/sUAV:/opt/ros/humble LD_LIBRARY_PATH=/home/mae-emrl3172/ros2_ws/install/zed_components/lib:/home/mae-emrl3172/ros2_ws/install/zed_interfaces/lib:/usr/local/cuda-12.2/lib64:/opt/ros/humble/opt/rviz_ogre_vendor/lib:/opt/ros/humble/lib/aarch64-linux-gnu:/opt/ros/humble/lib:/usr/local/cuda-12.2/lib64 /usr/bin/cmake /home/mae-emrl3172/ros2_ws/src/zed-ros2-wrapper/zed_wrapper -DCMAKE_BUILD_TYPE=Release -DAMENT_CMAKE_SYMLINK_INSTALL=1 -DCMAKE_INSTALL_PREFIX=/home/mae-emrl3172/ros2_ws/install/zed_wrapper
[0.178s] -- The C compiler identification is GNU 11.4.0
[0.323s] -- The CXX compiler identification is GNU 11.4.0
[0.349s] -- Detecting C compiler ABI info
[0.523s] -- Detecting C compiler ABI info - done
[0.540s] -- Check for working C compiler: /usr/bin/cc - skipped
[0.546s] -- Detecting C compile features
[0.547s] -- Detecting C compile features - done
[0.554s] -- Detecting CXX compiler ABI info
[0.740s] -- Detecting CXX compiler ABI info - done
[0.756s] -- Check for working CXX compiler: /usr/bin/c++ - skipped
[0.756s] -- Detecting CXX compile features
[0.758s] -- Detecting CXX compile features - done
[0.769s] -- Looking for sgemm_
[0.948s] -- Looking for sgemm_ - not found
[0.951s] -- Looking for pthread.h
[1.126s] -- Looking for pthread.h - found
[1.126s] -- Performing Test CMAKE_HAVE_LIBC_PTHREAD
[1.296s] -- Performing Test CMAKE_HAVE_LIBC_PTHREAD - Success
[1.298s] -- Found Threads: TRUE  
[1.369s] -- Looking for sgemm_
[1.580s] -- Looking for sgemm_ - found
[1.582s] -- Found BLAS: /usr/lib/aarch64-linux-gnu/libopenblas.so  
[1.648s] -- Found CUDA: /usr/local/cuda-12.2 (found suitable version "12.2", minimum required is "12.2") 
[1.696s] -- Found CUDA: /usr/local/cuda-12.2 (found version "12.2") 
[1.700s] -- Found ament_cmake_auto: 1.3.8 (/opt/ros/humble/share/ament_cmake_auto/cmake)
[2.068s] -- Found Python3: /usr/bin/python3 (found version "3.10.12") found components: Interpreter 
[2.214s] -- Override CMake install command with custom implementation using symlinks instead of copying resources
[2.512s] -- Found rosidl_generator_c: 3.1.5 (/opt/ros/humble/share/rosidl_generator_c/cmake)
[2.521s] -- Found rosidl_adapter: 3.1.5 (/opt/ros/humble/share/rosidl_adapter/cmake)
[2.538s] -- Found rosidl_generator_cpp: 3.1.5 (/opt/ros/humble/share/rosidl_generator_cpp/cmake)
[2.565s] -- Using all available rosidl_typesupport_c: rosidl_typesupport_fastrtps_c;rosidl_typesupport_introspection_c
[2.602s] -- Using all available rosidl_typesupport_cpp: rosidl_typesupport_fastrtps_cpp;rosidl_typesupport_introspection_cpp
[2.737s] -- Found rmw_implementation_cmake: 6.1.1 (/opt/ros/humble/share/rmw_implementation_cmake/cmake)
[2.742s] -- Found rmw_fastrtps_cpp: 6.2.6 (/opt/ros/humble/share/rmw_fastrtps_cpp/cmake)
[2.933s] -- Found OpenSSL: /usr/lib/aarch64-linux-gnu/libcrypto.so (found version "3.0.2")  
[2.987s] -- Found FastRTPS: /opt/ros/humble/include  
[3.075s] -- Using RMW implementation 'rmw_fastrtps_cpp' as default
[4.392s] -- Found eigen3_cmake_module: 0.1.1 (/opt/ros/humble/share/eigen3_cmake_module/cmake)
[4.394s] -- Found Eigen3: TRUE (found version "3.4.0") 
[4.394s] -- Ensuring Eigen3 include directory is part of orocos-kdl CMake target
[6.112s] -- Found ament_lint_auto: 0.12.10 (/opt/ros/humble/share/ament_lint_auto/cmake)
[7.171s] -- Added test 'copyright' to check source files copyright and LICENSE
[7.173s] -- Added test 'cppcheck' to perform static code analysis on C / C++ code
[7.174s] -- Configured cppcheck include dirs: /home/mae-emrl3172/ros2_ws/src/zed-ros2-wrapper/zed_wrapper/src
[7.174s] -- Configured cppcheck exclude dirs and/or files: 
[7.176s] -- Added test 'lint_cmake' to check CMake code style
[7.177s] -- Added test 'pep257' to check Python code against some of the docstring style conventions in PEP 257
[7.179s] -- Added test 'uncrustify' to check C / C++ code style
[7.179s] -- Configured uncrustify additional arguments: 
[7.180s] -- Added test 'xmllint' to check XML markup files
[7.183s] -- Configuring done
[7.281s] -- Generating done
[7.286s] -- Build files have been written to: /home/mae-emrl3172/ros2_ws/build/zed_wrapper
[7.321s] Invoked command in '/home/mae-emrl3172/ros2_ws/build/zed_wrapper' returned '0': AMENT_PREFIX_PATH=/home/mae-emrl3172/ros2_ws/install/zed_components:${AMENT_PREFIX_PATH} CMAKE_PREFIX_PATH=/home/mae-emrl3172/ros2_ws/install/zed_components:/home/mae-emrl3172/ros2_ws/install/zed_interfaces:/home/mae-emrl3172/ros2_ws/install/sUAV:/opt/ros/humble LD_LIBRARY_PATH=/home/mae-emrl3172/ros2_ws/install/zed_components/lib:/home/mae-emrl3172/ros2_ws/install/zed_interfaces/lib:/usr/local/cuda-12.2/lib64:/opt/ros/humble/opt/rviz_ogre_vendor/lib:/opt/ros/humble/lib/aarch64-linux-gnu:/opt/ros/humble/lib:/usr/local/cuda-12.2/lib64 /usr/bin/cmake /home/mae-emrl3172/ros2_ws/src/zed-ros2-wrapper/zed_wrapper -DCMAKE_BUILD_TYPE=Release -DAMENT_CMAKE_SYMLINK_INSTALL=1 -DCMAKE_INSTALL_PREFIX=/home/mae-emrl3172/ros2_ws/install/zed_wrapper
[7.325s] Invoking command in '/home/mae-emrl3172/ros2_ws/build/zed_wrapper': AMENT_PREFIX_PATH=/home/mae-emrl3172/ros2_ws/install/zed_components:${AMENT_PREFIX_PATH} CMAKE_PREFIX_PATH=/home/mae-emrl3172/ros2_ws/install/zed_components:/home/mae-emrl3172/ros2_ws/install/zed_interfaces:/home/mae-emrl3172/ros2_ws/install/sUAV:/opt/ros/humble LD_LIBRARY_PATH=/home/mae-emrl3172/ros2_ws/install/zed_components/lib:/home/mae-emrl3172/ros2_ws/install/zed_interfaces/lib:/usr/local/cuda-12.2/lib64:/opt/ros/humble/opt/rviz_ogre_vendor/lib:/opt/ros/humble/lib/aarch64-linux-gnu:/opt/ros/humble/lib:/usr/local/cuda-12.2/lib64 /usr/bin/cmake --build /home/mae-emrl3172/ros2_ws/build/zed_wrapper -- -j6 -l6
[7.459s] [ 50%] [32mBuilding CXX object CMakeFiles/zed_wrapper.dir/src/zed_wrapper.cpp.o[0m
[20.485s] [100%] [32m[1mLinking CXX executable zed_wrapper[0m
[21.306s] [100%] Built target zed_wrapper
[21.335s] Invoked command in '/home/mae-emrl3172/ros2_ws/build/zed_wrapper' returned '0': AMENT_PREFIX_PATH=/home/mae-emrl3172/ros2_ws/install/zed_components:${AMENT_PREFIX_PATH} CMAKE_PREFIX_PATH=/home/mae-emrl3172/ros2_ws/install/zed_components:/home/mae-emrl3172/ros2_ws/install/zed_interfaces:/home/mae-emrl3172/ros2_ws/install/sUAV:/opt/ros/humble LD_LIBRARY_PATH=/home/mae-emrl3172/ros2_ws/install/zed_components/lib:/home/mae-emrl3172/ros2_ws/install/zed_interfaces/lib:/usr/local/cuda-12.2/lib64:/opt/ros/humble/opt/rviz_ogre_vendor/lib:/opt/ros/humble/lib/aarch64-linux-gnu:/opt/ros/humble/lib:/usr/local/cuda-12.2/lib64 /usr/bin/cmake --build /home/mae-emrl3172/ros2_ws/build/zed_wrapper -- -j6 -l6
[21.392s] Invoking command in '/home/mae-emrl3172/ros2_ws/build/zed_wrapper': AMENT_PREFIX_PATH=/home/mae-emrl3172/ros2_ws/install/zed_components:${AMENT_PREFIX_PATH} CMAKE_PREFIX_PATH=/home/mae-emrl3172/ros2_ws/install/zed_components:/home/mae-emrl3172/ros2_ws/install/zed_interfaces:/home/mae-emrl3172/ros2_ws/install/sUAV:/opt/ros/humble LD_LIBRARY_PATH=/home/mae-emrl3172/ros2_ws/install/zed_components/lib:/home/mae-emrl3172/ros2_ws/install/zed_interfaces/lib:/usr/local/cuda-12.2/lib64:/opt/ros/humble/opt/rviz_ogre_vendor/lib:/opt/ros/humble/lib/aarch64-linux-gnu:/opt/ros/humble/lib:/usr/local/cuda-12.2/lib64 /usr/bin/cmake --install /home/mae-emrl3172/ros2_ws/build/zed_wrapper
[21.413s] -- Install configuration: "Release"
[21.414s] -- Execute custom install script
[21.415s] -- Symlinking: /home/mae-emrl3172/ros2_ws/install/zed_wrapper/lib/zed_wrapper/zed_wrapper
[21.442s] -- Symlinking: /home/mae-emrl3172/ros2_ws/install/zed_wrapper/share/zed_wrapper/config/common.yaml
[21.466s] -- Symlinking: /home/mae-emrl3172/ros2_ws/install/zed_wrapper/share/zed_wrapper/config/virtual.yaml
[21.491s] -- Symlinking: /home/mae-emrl3172/ros2_ws/install/zed_wrapper/share/zed_wrapper/config/zed.yaml
[21.510s] -- Symlinking: /home/mae-emrl3172/ros2_ws/install/zed_wrapper/share/zed_wrapper/config/zed2.yaml
[21.528s] -- Symlinking: /home/mae-emrl3172/ros2_ws/install/zed_wrapper/share/zed_wrapper/config/zed2i.yaml
[21.548s] -- Symlinking: /home/mae-emrl3172/ros2_ws/install/zed_wrapper/share/zed_wrapper/config/zedm.yaml
[21.569s] -- Symlinking: /home/mae-emrl3172/ros2_ws/install/zed_wrapper/share/zed_wrapper/config/zedx.yaml
[21.589s] -- Symlinking: /home/mae-emrl3172/ros2_ws/install/zed_wrapper/share/zed_wrapper/config/zedxm.yaml
[21.611s] -- Symlinking: /home/mae-emrl3172/ros2_ws/install/zed_wrapper/share/zed_wrapper/urdf/include/materials.urdf.xacro
[21.630s] -- Symlinking: /home/mae-emrl3172/ros2_ws/install/zed_wrapper/share/zed_wrapper/urdf/zed_descr.urdf.xacro
[21.651s] -- Symlinking: /home/mae-emrl3172/ros2_ws/install/zed_wrapper/share/zed_wrapper/urdf/zed_macro.urdf.xacro
[21.673s] -- Symlinking: /home/mae-emrl3172/ros2_ws/install/zed_wrapper/share/zed_wrapper/launch/zed_camera.launch.py
[21.695s] -- Symlinking: /home/mae-emrl3172/ros2_ws/install/zed_wrapper/share/ament_index/resource_index/package_run_dependencies/zed_wrapper
[21.717s] -- Symlinking: /home/mae-emrl3172/ros2_ws/install/zed_wrapper/share/ament_index/resource_index/parent_prefix_path/zed_wrapper
[21.739s] -- Symlinking: /home/mae-emrl3172/ros2_ws/install/zed_wrapper/share/zed_wrapper/environment/ament_prefix_path.sh
[21.759s] -- Symlinking: /home/mae-emrl3172/ros2_ws/install/zed_wrapper/share/zed_wrapper/environment/ament_prefix_path.dsv
[21.780s] -- Symlinking: /home/mae-emrl3172/ros2_ws/install/zed_wrapper/share/zed_wrapper/environment/path.sh
[21.802s] -- Symlinking: /home/mae-emrl3172/ros2_ws/install/zed_wrapper/share/zed_wrapper/environment/path.dsv
[21.822s] -- Symlinking: /home/mae-emrl3172/ros2_ws/install/zed_wrapper/share/zed_wrapper/local_setup.bash
[21.841s] -- Symlinking: /home/mae-emrl3172/ros2_ws/install/zed_wrapper/share/zed_wrapper/local_setup.sh
[21.865s] -- Symlinking: /home/mae-emrl3172/ros2_ws/install/zed_wrapper/share/zed_wrapper/local_setup.zsh
[21.890s] -- Symlinking: /home/mae-emrl3172/ros2_ws/install/zed_wrapper/share/zed_wrapper/local_setup.dsv
[21.916s] -- Symlinking: /home/mae-emrl3172/ros2_ws/install/zed_wrapper/share/zed_wrapper/package.dsv
[21.941s] -- Symlinking: /home/mae-emrl3172/ros2_ws/install/zed_wrapper/share/ament_index/resource_index/packages/zed_wrapper
[21.961s] -- Symlinking: /home/mae-emrl3172/ros2_ws/install/zed_wrapper/share/zed_wrapper/cmake/zed_wrapperConfig.cmake
[21.983s] -- Symlinking: /home/mae-emrl3172/ros2_ws/install/zed_wrapper/share/zed_wrapper/cmake/zed_wrapperConfig-version.cmake
[22.005s] -- Symlinking: /home/mae-emrl3172/ros2_ws/install/zed_wrapper/share/zed_wrapper/package.xml
[22.034s] Invoked command in '/home/mae-emrl3172/ros2_ws/build/zed_wrapper' returned '0': AMENT_PREFIX_PATH=/home/mae-emrl3172/ros2_ws/install/zed_components:${AMENT_PREFIX_PATH} CMAKE_PREFIX_PATH=/home/mae-emrl3172/ros2_ws/install/zed_components:/home/mae-emrl3172/ros2_ws/install/zed_interfaces:/home/mae-emrl3172/ros2_ws/install/sUAV:/opt/ros/humble LD_LIBRARY_PATH=/home/mae-emrl3172/ros2_ws/install/zed_components/lib:/home/mae-emrl3172/ros2_ws/install/zed_interfaces/lib:/usr/local/cuda-12.2/lib64:/opt/ros/humble/opt/rviz_ogre_vendor/lib:/opt/ros/humble/lib/aarch64-linux-gnu:/opt/ros/humble/lib:/usr/local/cuda-12.2/lib64 /usr/bin/cmake --install /home/mae-emrl3172/ros2_ws/build/zed_wrapper
