/home/mae-emrl3172/ros2_ws/install/sUAV/lib/python3.10/site-packages/sUAV/lidar_node.py
/home/mae-emrl3172/ros2_ws/install/sUAV/lib/python3.10/site-packages/sUAV/pixhawk_node.py
/home/mae-emrl3172/ros2_ws/install/sUAV/lib/python3.10/site-packages/sUAV/pub_test.py
/home/mae-emrl3172/ros2_ws/install/sUAV/lib/python3.10/site-packages/sUAV/sub_test.py
/home/mae-emrl3172/ros2_ws/install/sUAV/lib/python3.10/site-packages/sUAV/zed_node.py
/home/mae-emrl3172/ros2_ws/install/sUAV/lib/python3.10/site-packages/sUAV/__init__.py
/home/mae-emrl3172/ros2_ws/install/sUAV/lib/python3.10/site-packages/sUAV/__pycache__/lidar_node.cpython-310.pyc
/home/mae-emrl3172/ros2_ws/install/sUAV/lib/python3.10/site-packages/sUAV/__pycache__/pixhawk_node.cpython-310.pyc
/home/mae-emrl3172/ros2_ws/install/sUAV/lib/python3.10/site-packages/sUAV/__pycache__/pub_test.cpython-310.pyc
/home/mae-emrl3172/ros2_ws/install/sUAV/lib/python3.10/site-packages/sUAV/__pycache__/sub_test.cpython-310.pyc
/home/mae-emrl3172/ros2_ws/install/sUAV/lib/python3.10/site-packages/sUAV/__pycache__/zed_node.cpython-310.pyc
/home/mae-emrl3172/ros2_ws/install/sUAV/lib/python3.10/site-packages/sUAV/__pycache__/__init__.cpython-310.pyc
/home/mae-emrl3172/ros2_ws/install/sUAV/share/ament_index/resource_index/packages/sUAV
/home/mae-emrl3172/ros2_ws/install/sUAV/share/sUAV/package.xml
/home/mae-emrl3172/ros2_ws/install/sUAV/lib/python3.10/site-packages/sUAV-0.0.0-py3.10.egg-info/top_level.txt
/home/mae-emrl3172/ros2_ws/install/sUAV/lib/python3.10/site-packages/sUAV-0.0.0-py3.10.egg-info/entry_points.txt
/home/mae-emrl3172/ros2_ws/install/sUAV/lib/python3.10/site-packages/sUAV-0.0.0-py3.10.egg-info/zip-safe
/home/mae-emrl3172/ros2_ws/install/sUAV/lib/python3.10/site-packages/sUAV-0.0.0-py3.10.egg-info/dependency_links.txt
/home/mae-emrl3172/ros2_ws/install/sUAV/lib/python3.10/site-packages/sUAV-0.0.0-py3.10.egg-info/requires.txt
/home/mae-emrl3172/ros2_ws/install/sUAV/lib/python3.10/site-packages/sUAV-0.0.0-py3.10.egg-info/PKG-INFO
/home/mae-emrl3172/ros2_ws/install/sUAV/lib/python3.10/site-packages/sUAV-0.0.0-py3.10.egg-info/SOURCES.txt
