running develop
Removing /home/mae-emrl3172/ros2_ws/install/sUAV/lib/python3.10/site-packages/sUAV.egg-link (link to .)
running egg_info
writing ../../build/sUAV/sUAV.egg-info/PKG-INFO
writing dependency_links to ../../build/sUAV/sUAV.egg-info/dependency_links.txt
writing entry points to ../../build/sUAV/sUAV.egg-info/entry_points.txt
writing requirements to ../../build/sUAV/sUAV.egg-info/requires.txt
writing top-level names to ../../build/sUAV/sUAV.egg-info/top_level.txt
reading manifest file '../../build/sUAV/sUAV.egg-info/SOURCES.txt'
writing manifest file '../../build/sUAV/sUAV.egg-info/SOURCES.txt'
running build
running build_py
running install
running install_lib
creating /home/mae-emrl3172/ros2_ws/install/sUAV/lib/python3.10/site-packages/sUAV
copying /home/mae-emrl3172/ros2_ws/build/sUAV/build/lib/sUAV/lidar_node.py -> /home/mae-emrl3172/ros2_ws/install/sUAV/lib/python3.10/site-packages/sUAV
copying /home/mae-emrl3172/ros2_ws/build/sUAV/build/lib/sUAV/pixhawk_node.py -> /home/mae-emrl3172/ros2_ws/install/sUAV/lib/python3.10/site-packages/sUAV
copying /home/mae-emrl3172/ros2_ws/build/sUAV/build/lib/sUAV/pub_test.py -> /home/mae-emrl3172/ros2_ws/install/sUAV/lib/python3.10/site-packages/sUAV
copying /home/mae-emrl3172/ros2_ws/build/sUAV/build/lib/sUAV/sub_test.py -> /home/mae-emrl3172/ros2_ws/install/sUAV/lib/python3.10/site-packages/sUAV
copying /home/mae-emrl3172/ros2_ws/build/sUAV/build/lib/sUAV/zed_node.py -> /home/mae-emrl3172/ros2_ws/install/sUAV/lib/python3.10/site-packages/sUAV
copying /home/mae-emrl3172/ros2_ws/build/sUAV/build/lib/sUAV/__init__.py -> /home/mae-emrl3172/ros2_ws/install/sUAV/lib/python3.10/site-packages/sUAV
byte-compiling /home/mae-emrl3172/ros2_ws/install/sUAV/lib/python3.10/site-packages/sUAV/lidar_node.py to lidar_node.cpython-310.pyc
byte-compiling /home/mae-emrl3172/ros2_ws/install/sUAV/lib/python3.10/site-packages/sUAV/pixhawk_node.py to pixhawk_node.cpython-310.pyc
byte-compiling /home/mae-emrl3172/ros2_ws/install/sUAV/lib/python3.10/site-packages/sUAV/pub_test.py to pub_test.cpython-310.pyc
byte-compiling /home/mae-emrl3172/ros2_ws/install/sUAV/lib/python3.10/site-packages/sUAV/sub_test.py to sub_test.cpython-310.pyc
byte-compiling /home/mae-emrl3172/ros2_ws/install/sUAV/lib/python3.10/site-packages/sUAV/zed_node.py to zed_node.cpython-310.pyc
byte-compiling /home/mae-emrl3172/ros2_ws/install/sUAV/lib/python3.10/site-packages/sUAV/__init__.py to __init__.cpython-310.pyc
running install_data
copying resource/sUAV -> /home/mae-emrl3172/ros2_ws/install/sUAV/share/ament_index/resource_index/packages
copying package.xml -> /home/mae-emrl3172/ros2_ws/install/sUAV/share/sUAV
running install_egg_info
Copying ../../build/sUAV/sUAV.egg-info to /home/mae-emrl3172/ros2_ws/install/sUAV/lib/python3.10/site-packages/sUAV-0.0.0-py3.10.egg-info
running install_scripts
writing list of installed files to '/home/mae-emrl3172/ros2_ws/build/sUAV/install.log'
