[1.688s] Invoking command in '/home/mae-emrl3172/ros2_ws/build/sUAV': PYTHONPATH=/home/mae-emrl3172/ros2_ws/build/sUAV/prefix_override:/home/mae-emrl3172/ros2_ws/install/sUAV/lib/python3.10/site-packages:${PYTHONPATH} /usr/bin/python3 -W ignore:setup.py install is deprecated setup.py develop --uninstall --editable --build-directory /home/mae-emrl3172/ros2_ws/build/sUAV/build
[2.197s] /usr/lib/python3/dist-packages/setuptools/dist.py:723: UserWarning: Usage of dash-separated 'script-dir' will not be supported in future versions. Please use the underscore name 'script_dir' instead
[2.197s]   warnings.warn(
[2.262s] running develop
[2.262s] /usr/lib/python3/dist-packages/setuptools/command/easy_install.py:158: EasyInstallDeprecationWarning: easy_install command is deprecated. Use build and pip and other standards-based tools.
[2.262s]   warnings.warn(
[2.629s] Removing /home/mae-emrl3172/ros2_ws/install/sUAV/lib/python3.10/site-packages/sUAV.egg-link (link to .)
[2.731s] Invoked command in '/home/mae-emrl3172/ros2_ws/build/sUAV' returned '0': PYTHONPATH=/home/mae-emrl3172/ros2_ws/build/sUAV/prefix_override:/home/mae-emrl3172/ros2_ws/install/sUAV/lib/python3.10/site-packages:${PYTHONPATH} /usr/bin/python3 -W ignore:setup.py install is deprecated setup.py develop --uninstall --editable --build-directory /home/mae-emrl3172/ros2_ws/build/sUAV/build
[2.736s] Invoking command in '/home/mae-emrl3172/ros2_ws/src/sUAV': PYTHONPATH=/home/mae-emrl3172/ros2_ws/build/sUAV/prefix_override:/home/mae-emrl3172/ros2_ws/install/sUAV/lib/python3.10/site-packages:${PYTHONPATH} /usr/bin/python3 -W ignore:setup.py install is deprecated setup.py egg_info --egg-base ../../build/sUAV build --build-base /home/mae-emrl3172/ros2_ws/build/sUAV/build install --record /home/mae-emrl3172/ros2_ws/build/sUAV/install.log --install-scripts $base/lib/sUAV --single-version-externally-managed install_data --force
[3.245s] /usr/lib/python3/dist-packages/setuptools/dist.py:723: UserWarning: Usage of dash-separated 'script-dir' will not be supported in future versions. Please use the underscore name 'script_dir' instead
[3.245s]   warnings.warn(
[3.264s] running egg_info
[3.266s] writing ../../build/sUAV/sUAV.egg-info/PKG-INFO
[3.266s] writing dependency_links to ../../build/sUAV/sUAV.egg-info/dependency_links.txt
[3.267s] writing entry points to ../../build/sUAV/sUAV.egg-info/entry_points.txt
[3.267s] writing requirements to ../../build/sUAV/sUAV.egg-info/requires.txt
[3.267s] writing top-level names to ../../build/sUAV/sUAV.egg-info/top_level.txt
[3.276s] reading manifest file '../../build/sUAV/sUAV.egg-info/SOURCES.txt'
[3.278s] writing manifest file '../../build/sUAV/sUAV.egg-info/SOURCES.txt'
[3.279s] running build
[3.279s] running build_py
[3.281s] running install
[3.282s] running install_lib
[3.283s] creating /home/mae-emrl3172/ros2_ws/install/sUAV/lib/python3.10/site-packages/sUAV
[3.284s] copying /home/mae-emrl3172/ros2_ws/build/sUAV/build/lib/sUAV/lidar_node.py -> /home/mae-emrl3172/ros2_ws/install/sUAV/lib/python3.10/site-packages/sUAV
[3.284s] copying /home/mae-emrl3172/ros2_ws/build/sUAV/build/lib/sUAV/pixhawk_node.py -> /home/mae-emrl3172/ros2_ws/install/sUAV/lib/python3.10/site-packages/sUAV
[3.285s] copying /home/mae-emrl3172/ros2_ws/build/sUAV/build/lib/sUAV/pub_test.py -> /home/mae-emrl3172/ros2_ws/install/sUAV/lib/python3.10/site-packages/sUAV
[3.286s] copying /home/mae-emrl3172/ros2_ws/build/sUAV/build/lib/sUAV/sub_test.py -> /home/mae-emrl3172/ros2_ws/install/sUAV/lib/python3.10/site-packages/sUAV
[3.286s] copying /home/mae-emrl3172/ros2_ws/build/sUAV/build/lib/sUAV/zed_node.py -> /home/mae-emrl3172/ros2_ws/install/sUAV/lib/python3.10/site-packages/sUAV
[3.287s] copying /home/mae-emrl3172/ros2_ws/build/sUAV/build/lib/sUAV/__init__.py -> /home/mae-emrl3172/ros2_ws/install/sUAV/lib/python3.10/site-packages/sUAV
[3.288s] byte-compiling /home/mae-emrl3172/ros2_ws/install/sUAV/lib/python3.10/site-packages/sUAV/lidar_node.py to lidar_node.cpython-310.pyc
[3.289s] byte-compiling /home/mae-emrl3172/ros2_ws/install/sUAV/lib/python3.10/site-packages/sUAV/pixhawk_node.py to pixhawk_node.cpython-310.pyc
[3.292s] byte-compiling /home/mae-emrl3172/ros2_ws/install/sUAV/lib/python3.10/site-packages/sUAV/pub_test.py to pub_test.cpython-310.pyc
[3.293s] byte-compiling /home/mae-emrl3172/ros2_ws/install/sUAV/lib/python3.10/site-packages/sUAV/sub_test.py to sub_test.cpython-310.pyc
[3.293s] byte-compiling /home/mae-emrl3172/ros2_ws/install/sUAV/lib/python3.10/site-packages/sUAV/zed_node.py to zed_node.cpython-310.pyc
[3.295s] byte-compiling /home/mae-emrl3172/ros2_ws/install/sUAV/lib/python3.10/site-packages/sUAV/__init__.py to __init__.cpython-310.pyc
[3.295s] running install_data
[3.295s] copying resource/sUAV -> /home/mae-emrl3172/ros2_ws/install/sUAV/share/ament_index/resource_index/packages
[3.296s] copying package.xml -> /home/mae-emrl3172/ros2_ws/install/sUAV/share/sUAV
[3.296s] running install_egg_info
[3.300s] Copying ../../build/sUAV/sUAV.egg-info to /home/mae-emrl3172/ros2_ws/install/sUAV/lib/python3.10/site-packages/sUAV-0.0.0-py3.10.egg-info
[3.303s] running install_scripts
[3.352s] writing list of installed files to '/home/mae-emrl3172/ros2_ws/build/sUAV/install.log'
[3.434s] Invoked command in '/home/mae-emrl3172/ros2_ws/src/sUAV' returned '0': PYTHONPATH=/home/mae-emrl3172/ros2_ws/build/sUAV/prefix_override:/home/mae-emrl3172/ros2_ws/install/sUAV/lib/python3.10/site-packages:${PYTHONPATH} /usr/bin/python3 -W ignore:setup.py install is deprecated setup.py egg_info --egg-base ../../build/sUAV build --build-base /home/mae-emrl3172/ros2_ws/build/sUAV/build install --record /home/mae-emrl3172/ros2_ws/build/sUAV/install.log --install-scripts $base/lib/sUAV --single-version-externally-managed install_data --force
