[0.259s] DEBUG:colcon:Command line arguments: ['/usr/bin/colcon', 'build']
[0.259s] DEBUG:colcon:Parsed command line arguments: Namespace(log_base=None, log_level=None, verb_name='build', build_base='build', install_base='install', merge_install=False, symlink_install=False, test_result_base=None, continue_on_error=False, executor='parallel', parallel_workers=6, event_handlers=None, ignore_user_meta=False, metas=['./colcon.meta'], base_paths=['.'], packages_ignore=None, packages_ignore_regex=None, paths=None, packages_up_to=None, packages_up_to_regex=None, packages_above=None, packages_above_and_dependencies=None, packages_above_depth=None, packages_select_by_dep=None, packages_skip_by_dep=None, packages_skip_up_to=None, packages_select_build_failed=False, packages_skip_build_finished=False, packages_select_test_failures=False, packages_skip_test_passed=False, packages_select=None, packages_skip=None, packages_select_regex=None, packages_skip_regex=None, packages_start=None, packages_end=None, allow_overriding=[], cmake_args=None, cmake_target=None, cmake_target_skip_unavailable=False, cmake_clean_cache=False, cmake_clean_first=False, cmake_force_configure=False, ament_cmake_args=None, catkin_cmake_args=None, catkin_skip_building_tests=False, mixin_files=None, mixin=None, verb_parser=<colcon_mixin.mixin.mixin_argument.MixinArgumentDecorator object at 0xffff97bea3e0>, verb_extension=<colcon_core.verb.build.BuildVerb object at 0xffff97be9ea0>, main=<bound method BuildVerb.main of <colcon_core.verb.build.BuildVerb object at 0xffff97be9ea0>>, mixin_verb=('build',))
[0.630s] Level 1:colcon.colcon_core.package_discovery:discover_packages(colcon_meta) check parameters
[0.630s] Level 1:colcon.colcon_core.package_discovery:discover_packages(recursive) check parameters
[0.630s] Level 1:colcon.colcon_core.package_discovery:discover_packages(ignore) check parameters
[0.630s] Level 1:colcon.colcon_core.package_discovery:discover_packages(path) check parameters
[0.630s] Level 1:colcon.colcon_core.package_discovery:discover_packages(colcon_meta) discover
[0.630s] Level 1:colcon.colcon_core.package_discovery:discover_packages(recursive) discover
[0.631s] INFO:colcon.colcon_core.package_discovery:Crawling recursively for packages in '/home/mae-emrl3172/ros2_ws'
[0.631s] Level 1:colcon.colcon_core.package_identification:_identify(.) by extensions ['ignore', 'ignore_ament_install']
[0.631s] Level 1:colcon.colcon_core.package_identification:_identify(.) by extension 'ignore'
[0.631s] Level 1:colcon.colcon_core.package_identification:_identify(.) by extension 'ignore_ament_install'
[0.631s] Level 1:colcon.colcon_core.package_identification:_identify(.) by extensions ['colcon_pkg']
[0.631s] Level 1:colcon.colcon_core.package_identification:_identify(.) by extension 'colcon_pkg'
[0.632s] Level 1:colcon.colcon_core.package_identification:_identify(.) by extensions ['colcon_meta']
[0.632s] Level 1:colcon.colcon_core.package_identification:_identify(.) by extension 'colcon_meta'
[0.632s] Level 1:colcon.colcon_core.package_identification:_identify(.) by extensions ['ros']
[0.632s] Level 1:colcon.colcon_core.package_identification:_identify(.) by extension 'ros'
[0.656s] Level 1:colcon.colcon_core.package_identification:_identify(.) by extensions ['cmake', 'python']
[0.656s] Level 1:colcon.colcon_core.package_identification:_identify(.) by extension 'cmake'
[0.656s] Level 1:colcon.colcon_core.package_identification:_identify(.) by extension 'python'
[0.656s] Level 1:colcon.colcon_core.package_identification:_identify(.) by extensions ['python_setup_py']
[0.656s] Level 1:colcon.colcon_core.package_identification:_identify(.) by extension 'python_setup_py'
[0.657s] Level 1:colcon.colcon_core.package_identification:_identify(build) by extensions ['ignore', 'ignore_ament_install']
[0.657s] Level 1:colcon.colcon_core.package_identification:_identify(build) by extension 'ignore'
[0.657s] Level 1:colcon.colcon_core.package_identification:_identify(build) ignored
[0.657s] Level 1:colcon.colcon_core.package_identification:_identify(install) by extensions ['ignore', 'ignore_ament_install']
[0.658s] Level 1:colcon.colcon_core.package_identification:_identify(install) by extension 'ignore'
[0.658s] Level 1:colcon.colcon_core.package_identification:_identify(install) ignored
[0.658s] Level 1:colcon.colcon_core.package_identification:_identify(log) by extensions ['ignore', 'ignore_ament_install']
[0.658s] Level 1:colcon.colcon_core.package_identification:_identify(log) by extension 'ignore'
[0.658s] Level 1:colcon.colcon_core.package_identification:_identify(log) ignored
[0.658s] Level 1:colcon.colcon_core.package_identification:_identify(src) by extensions ['ignore', 'ignore_ament_install']
[0.659s] Level 1:colcon.colcon_core.package_identification:_identify(src) by extension 'ignore'
[0.659s] Level 1:colcon.colcon_core.package_identification:_identify(src) by extension 'ignore_ament_install'
[0.659s] Level 1:colcon.colcon_core.package_identification:_identify(src) by extensions ['colcon_pkg']
[0.659s] Level 1:colcon.colcon_core.package_identification:_identify(src) by extension 'colcon_pkg'
[0.659s] Level 1:colcon.colcon_core.package_identification:_identify(src) by extensions ['colcon_meta']
[0.659s] Level 1:colcon.colcon_core.package_identification:_identify(src) by extension 'colcon_meta'
[0.659s] Level 1:colcon.colcon_core.package_identification:_identify(src) by extensions ['ros']
[0.659s] Level 1:colcon.colcon_core.package_identification:_identify(src) by extension 'ros'
[0.659s] Level 1:colcon.colcon_core.package_identification:_identify(src) by extensions ['cmake', 'python']
[0.660s] Level 1:colcon.colcon_core.package_identification:_identify(src) by extension 'cmake'
[0.660s] Level 1:colcon.colcon_core.package_identification:_identify(src) by extension 'python'
[0.660s] Level 1:colcon.colcon_core.package_identification:_identify(src) by extensions ['python_setup_py']
[0.660s] Level 1:colcon.colcon_core.package_identification:_identify(src) by extension 'python_setup_py'
[0.660s] Level 1:colcon.colcon_core.package_identification:_identify(src/sUAV) by extensions ['ignore', 'ignore_ament_install']
[0.660s] Level 1:colcon.colcon_core.package_identification:_identify(src/sUAV) by extension 'ignore'
[0.660s] Level 1:colcon.colcon_core.package_identification:_identify(src/sUAV) by extension 'ignore_ament_install'
[0.660s] Level 1:colcon.colcon_core.package_identification:_identify(src/sUAV) by extensions ['colcon_pkg']
[0.660s] Level 1:colcon.colcon_core.package_identification:_identify(src/sUAV) by extension 'colcon_pkg'
[0.661s] Level 1:colcon.colcon_core.package_identification:_identify(src/sUAV) by extensions ['colcon_meta']
[0.661s] Level 1:colcon.colcon_core.package_identification:_identify(src/sUAV) by extension 'colcon_meta'
[0.661s] Level 1:colcon.colcon_core.package_identification:_identify(src/sUAV) by extensions ['ros']
[0.661s] Level 1:colcon.colcon_core.package_identification:_identify(src/sUAV) by extension 'ros'
[0.666s] DEBUG:colcon.colcon_core.package_identification:Package 'src/sUAV' with type 'ros.ament_python' and name 'sUAV'
[0.666s] Level 1:colcon.colcon_core.package_identification:_identify(src/zed-ros2-wrapper) by extensions ['ignore', 'ignore_ament_install']
[0.666s] Level 1:colcon.colcon_core.package_identification:_identify(src/zed-ros2-wrapper) by extension 'ignore'
[0.667s] Level 1:colcon.colcon_core.package_identification:_identify(src/zed-ros2-wrapper) by extension 'ignore_ament_install'
[0.667s] Level 1:colcon.colcon_core.package_identification:_identify(src/zed-ros2-wrapper) by extensions ['colcon_pkg']
[0.667s] Level 1:colcon.colcon_core.package_identification:_identify(src/zed-ros2-wrapper) by extension 'colcon_pkg'
[0.667s] Level 1:colcon.colcon_core.package_identification:_identify(src/zed-ros2-wrapper) by extensions ['colcon_meta']
[0.667s] Level 1:colcon.colcon_core.package_identification:_identify(src/zed-ros2-wrapper) by extension 'colcon_meta'
[0.667s] Level 1:colcon.colcon_core.package_identification:_identify(src/zed-ros2-wrapper) by extensions ['ros']
[0.667s] Level 1:colcon.colcon_core.package_identification:_identify(src/zed-ros2-wrapper) by extension 'ros'
[0.667s] Level 1:colcon.colcon_core.package_identification:_identify(src/zed-ros2-wrapper) by extensions ['cmake', 'python']
[0.667s] Level 1:colcon.colcon_core.package_identification:_identify(src/zed-ros2-wrapper) by extension 'cmake'
[0.668s] Level 1:colcon.colcon_core.package_identification:_identify(src/zed-ros2-wrapper) by extension 'python'
[0.668s] Level 1:colcon.colcon_core.package_identification:_identify(src/zed-ros2-wrapper) by extensions ['python_setup_py']
[0.668s] Level 1:colcon.colcon_core.package_identification:_identify(src/zed-ros2-wrapper) by extension 'python_setup_py'
[0.668s] Level 1:colcon.colcon_core.package_identification:_identify(src/zed-ros2-wrapper/docker) by extensions ['ignore', 'ignore_ament_install']
[0.668s] Level 1:colcon.colcon_core.package_identification:_identify(src/zed-ros2-wrapper/docker) by extension 'ignore'
[0.668s] Level 1:colcon.colcon_core.package_identification:_identify(src/zed-ros2-wrapper/docker) by extension 'ignore_ament_install'
[0.668s] Level 1:colcon.colcon_core.package_identification:_identify(src/zed-ros2-wrapper/docker) by extensions ['colcon_pkg']
[0.668s] Level 1:colcon.colcon_core.package_identification:_identify(src/zed-ros2-wrapper/docker) by extension 'colcon_pkg'
[0.669s] Level 1:colcon.colcon_core.package_identification:_identify(src/zed-ros2-wrapper/docker) by extensions ['colcon_meta']
[0.669s] Level 1:colcon.colcon_core.package_identification:_identify(src/zed-ros2-wrapper/docker) by extension 'colcon_meta'
[0.669s] Level 1:colcon.colcon_core.package_identification:_identify(src/zed-ros2-wrapper/docker) by extensions ['ros']
[0.669s] Level 1:colcon.colcon_core.package_identification:_identify(src/zed-ros2-wrapper/docker) by extension 'ros'
[0.669s] Level 1:colcon.colcon_core.package_identification:_identify(src/zed-ros2-wrapper/docker) by extensions ['cmake', 'python']
[0.669s] Level 1:colcon.colcon_core.package_identification:_identify(src/zed-ros2-wrapper/docker) by extension 'cmake'
[0.669s] Level 1:colcon.colcon_core.package_identification:_identify(src/zed-ros2-wrapper/docker) by extension 'python'
[0.669s] Level 1:colcon.colcon_core.package_identification:_identify(src/zed-ros2-wrapper/docker) by extensions ['python_setup_py']
[0.669s] Level 1:colcon.colcon_core.package_identification:_identify(src/zed-ros2-wrapper/docker) by extension 'python_setup_py'
[0.670s] Level 1:colcon.colcon_core.package_identification:_identify(src/zed-ros2-wrapper/images) by extensions ['ignore', 'ignore_ament_install']
[0.670s] Level 1:colcon.colcon_core.package_identification:_identify(src/zed-ros2-wrapper/images) by extension 'ignore'
[0.670s] Level 1:colcon.colcon_core.package_identification:_identify(src/zed-ros2-wrapper/images) by extension 'ignore_ament_install'
[0.670s] Level 1:colcon.colcon_core.package_identification:_identify(src/zed-ros2-wrapper/images) by extensions ['colcon_pkg']
[0.670s] Level 1:colcon.colcon_core.package_identification:_identify(src/zed-ros2-wrapper/images) by extension 'colcon_pkg'
[0.670s] Level 1:colcon.colcon_core.package_identification:_identify(src/zed-ros2-wrapper/images) by extensions ['colcon_meta']
[0.670s] Level 1:colcon.colcon_core.package_identification:_identify(src/zed-ros2-wrapper/images) by extension 'colcon_meta'
[0.670s] Level 1:colcon.colcon_core.package_identification:_identify(src/zed-ros2-wrapper/images) by extensions ['ros']
[0.670s] Level 1:colcon.colcon_core.package_identification:_identify(src/zed-ros2-wrapper/images) by extension 'ros'
[0.671s] Level 1:colcon.colcon_core.package_identification:_identify(src/zed-ros2-wrapper/images) by extensions ['cmake', 'python']
[0.671s] Level 1:colcon.colcon_core.package_identification:_identify(src/zed-ros2-wrapper/images) by extension 'cmake'
[0.671s] Level 1:colcon.colcon_core.package_identification:_identify(src/zed-ros2-wrapper/images) by extension 'python'
[0.671s] Level 1:colcon.colcon_core.package_identification:_identify(src/zed-ros2-wrapper/images) by extensions ['python_setup_py']
[0.671s] Level 1:colcon.colcon_core.package_identification:_identify(src/zed-ros2-wrapper/images) by extension 'python_setup_py'
[0.671s] Level 1:colcon.colcon_core.package_identification:_identify(src/zed-ros2-wrapper/zed-ros2-interfaces) by extensions ['ignore', 'ignore_ament_install']
[0.671s] Level 1:colcon.colcon_core.package_identification:_identify(src/zed-ros2-wrapper/zed-ros2-interfaces) by extension 'ignore'
[0.671s] Level 1:colcon.colcon_core.package_identification:_identify(src/zed-ros2-wrapper/zed-ros2-interfaces) by extension 'ignore_ament_install'
[0.672s] Level 1:colcon.colcon_core.package_identification:_identify(src/zed-ros2-wrapper/zed-ros2-interfaces) by extensions ['colcon_pkg']
[0.672s] Level 1:colcon.colcon_core.package_identification:_identify(src/zed-ros2-wrapper/zed-ros2-interfaces) by extension 'colcon_pkg'
[0.672s] Level 1:colcon.colcon_core.package_identification:_identify(src/zed-ros2-wrapper/zed-ros2-interfaces) by extensions ['colcon_meta']
[0.672s] Level 1:colcon.colcon_core.package_identification:_identify(src/zed-ros2-wrapper/zed-ros2-interfaces) by extension 'colcon_meta'
[0.672s] Level 1:colcon.colcon_core.package_identification:_identify(src/zed-ros2-wrapper/zed-ros2-interfaces) by extensions ['ros']
[0.672s] Level 1:colcon.colcon_core.package_identification:_identify(src/zed-ros2-wrapper/zed-ros2-interfaces) by extension 'ros'
[0.674s] DEBUG:colcon.colcon_core.package_identification:Package 'src/zed-ros2-wrapper/zed-ros2-interfaces' with type 'ros.ament_cmake' and name 'zed_interfaces'
[0.674s] Level 1:colcon.colcon_core.package_identification:_identify(src/zed-ros2-wrapper/zed_components) by extensions ['ignore', 'ignore_ament_install']
[0.675s] Level 1:colcon.colcon_core.package_identification:_identify(src/zed-ros2-wrapper/zed_components) by extension 'ignore'
[0.675s] Level 1:colcon.colcon_core.package_identification:_identify(src/zed-ros2-wrapper/zed_components) by extension 'ignore_ament_install'
[0.675s] Level 1:colcon.colcon_core.package_identification:_identify(src/zed-ros2-wrapper/zed_components) by extensions ['colcon_pkg']
[0.675s] Level 1:colcon.colcon_core.package_identification:_identify(src/zed-ros2-wrapper/zed_components) by extension 'colcon_pkg'
[0.675s] Level 1:colcon.colcon_core.package_identification:_identify(src/zed-ros2-wrapper/zed_components) by extensions ['colcon_meta']
[0.675s] Level 1:colcon.colcon_core.package_identification:_identify(src/zed-ros2-wrapper/zed_components) by extension 'colcon_meta'
[0.675s] Level 1:colcon.colcon_core.package_identification:_identify(src/zed-ros2-wrapper/zed_components) by extensions ['ros']
[0.675s] Level 1:colcon.colcon_core.package_identification:_identify(src/zed-ros2-wrapper/zed_components) by extension 'ros'
[0.678s] DEBUG:colcon.colcon_core.package_identification:Package 'src/zed-ros2-wrapper/zed_components' with type 'ros.ament_cmake' and name 'zed_components'
[0.678s] Level 1:colcon.colcon_core.package_identification:_identify(src/zed-ros2-wrapper/zed_ros2) by extensions ['ignore', 'ignore_ament_install']
[0.678s] Level 1:colcon.colcon_core.package_identification:_identify(src/zed-ros2-wrapper/zed_ros2) by extension 'ignore'
[0.678s] Level 1:colcon.colcon_core.package_identification:_identify(src/zed-ros2-wrapper/zed_ros2) by extension 'ignore_ament_install'
[0.678s] Level 1:colcon.colcon_core.package_identification:_identify(src/zed-ros2-wrapper/zed_ros2) by extensions ['colcon_pkg']
[0.678s] Level 1:colcon.colcon_core.package_identification:_identify(src/zed-ros2-wrapper/zed_ros2) by extension 'colcon_pkg'
[0.678s] Level 1:colcon.colcon_core.package_identification:_identify(src/zed-ros2-wrapper/zed_ros2) by extensions ['colcon_meta']
[0.679s] Level 1:colcon.colcon_core.package_identification:_identify(src/zed-ros2-wrapper/zed_ros2) by extension 'colcon_meta'
[0.679s] Level 1:colcon.colcon_core.package_identification:_identify(src/zed-ros2-wrapper/zed_ros2) by extensions ['ros']
[0.679s] Level 1:colcon.colcon_core.package_identification:_identify(src/zed-ros2-wrapper/zed_ros2) by extension 'ros'
[0.680s] DEBUG:colcon.colcon_core.package_identification:Package 'src/zed-ros2-wrapper/zed_ros2' with type 'ros.ament_cmake' and name 'zed_ros2'
[0.680s] Level 1:colcon.colcon_core.package_identification:_identify(src/zed-ros2-wrapper/zed_wrapper) by extensions ['ignore', 'ignore_ament_install']
[0.680s] Level 1:colcon.colcon_core.package_identification:_identify(src/zed-ros2-wrapper/zed_wrapper) by extension 'ignore'
[0.680s] Level 1:colcon.colcon_core.package_identification:_identify(src/zed-ros2-wrapper/zed_wrapper) by extension 'ignore_ament_install'
[0.681s] Level 1:colcon.colcon_core.package_identification:_identify(src/zed-ros2-wrapper/zed_wrapper) by extensions ['colcon_pkg']
[0.681s] Level 1:colcon.colcon_core.package_identification:_identify(src/zed-ros2-wrapper/zed_wrapper) by extension 'colcon_pkg'
[0.681s] Level 1:colcon.colcon_core.package_identification:_identify(src/zed-ros2-wrapper/zed_wrapper) by extensions ['colcon_meta']
[0.681s] Level 1:colcon.colcon_core.package_identification:_identify(src/zed-ros2-wrapper/zed_wrapper) by extension 'colcon_meta'
[0.681s] Level 1:colcon.colcon_core.package_identification:_identify(src/zed-ros2-wrapper/zed_wrapper) by extensions ['ros']
[0.681s] Level 1:colcon.colcon_core.package_identification:_identify(src/zed-ros2-wrapper/zed_wrapper) by extension 'ros'
[0.683s] DEBUG:colcon.colcon_core.package_identification:Package 'src/zed-ros2-wrapper/zed_wrapper' with type 'ros.ament_cmake' and name 'zed_wrapper'
[0.683s] Level 1:colcon.colcon_core.package_discovery:discover_packages(recursive) using defaults
[0.683s] Level 1:colcon.colcon_core.package_discovery:discover_packages(ignore) discover
[0.683s] Level 1:colcon.colcon_core.package_discovery:discover_packages(ignore) using defaults
[0.683s] Level 1:colcon.colcon_core.package_discovery:discover_packages(path) discover
[0.683s] Level 1:colcon.colcon_core.package_discovery:discover_packages(path) using defaults
[0.766s] Level 1:colcon.colcon_core.package_discovery:discover_packages(prefix_path) check parameters
[0.766s] Level 1:colcon.colcon_core.package_discovery:discover_packages(prefix_path) discover
[0.770s] DEBUG:colcon.colcon_installed_package_information.package_discovery:Found 5 installed packages in /home/mae-emrl3172/ros2_ws/install
[0.773s] DEBUG:colcon.colcon_installed_package_information.package_discovery:Found 275 installed packages in /opt/ros/humble
[0.776s] Level 1:colcon.colcon_core.package_discovery:discover_packages(prefix_path) using defaults
[0.856s] Level 5:colcon.colcon_core.verb:set package 'sUAV' build argument 'cmake_args' from command line to 'None'
[0.856s] Level 5:colcon.colcon_core.verb:set package 'sUAV' build argument 'cmake_target' from command line to 'None'
[0.856s] Level 5:colcon.colcon_core.verb:set package 'sUAV' build argument 'cmake_target_skip_unavailable' from command line to 'False'
[0.857s] Level 5:colcon.colcon_core.verb:set package 'sUAV' build argument 'cmake_clean_cache' from command line to 'False'
[0.857s] Level 5:colcon.colcon_core.verb:set package 'sUAV' build argument 'cmake_clean_first' from command line to 'False'
[0.857s] Level 5:colcon.colcon_core.verb:set package 'sUAV' build argument 'cmake_force_configure' from command line to 'False'
[0.857s] Level 5:colcon.colcon_core.verb:set package 'sUAV' build argument 'ament_cmake_args' from command line to 'None'
[0.857s] Level 5:colcon.colcon_core.verb:set package 'sUAV' build argument 'catkin_cmake_args' from command line to 'None'
[0.857s] Level 5:colcon.colcon_core.verb:set package 'sUAV' build argument 'catkin_skip_building_tests' from command line to 'False'
[0.857s] DEBUG:colcon.colcon_core.verb:Building package 'sUAV' with the following arguments: {'ament_cmake_args': None, 'build_base': '/home/mae-emrl3172/ros2_ws/build/sUAV', 'catkin_cmake_args': None, 'catkin_skip_building_tests': False, 'cmake_args': None, 'cmake_clean_cache': False, 'cmake_clean_first': False, 'cmake_force_configure': False, 'cmake_target': None, 'cmake_target_skip_unavailable': False, 'install_base': '/home/mae-emrl3172/ros2_ws/install/sUAV', 'merge_install': False, 'path': '/home/mae-emrl3172/ros2_ws/src/sUAV', 'symlink_install': False, 'test_result_base': None}
[0.858s] Level 5:colcon.colcon_core.verb:set package 'zed_interfaces' build argument 'cmake_args' from command line to 'None'
[0.858s] Level 5:colcon.colcon_core.verb:set package 'zed_interfaces' build argument 'cmake_target' from command line to 'None'
[0.858s] Level 5:colcon.colcon_core.verb:set package 'zed_interfaces' build argument 'cmake_target_skip_unavailable' from command line to 'False'
[0.858s] Level 5:colcon.colcon_core.verb:set package 'zed_interfaces' build argument 'cmake_clean_cache' from command line to 'False'
[0.858s] Level 5:colcon.colcon_core.verb:set package 'zed_interfaces' build argument 'cmake_clean_first' from command line to 'False'
[0.858s] Level 5:colcon.colcon_core.verb:set package 'zed_interfaces' build argument 'cmake_force_configure' from command line to 'False'
[0.858s] Level 5:colcon.colcon_core.verb:set package 'zed_interfaces' build argument 'ament_cmake_args' from command line to 'None'
[0.858s] Level 5:colcon.colcon_core.verb:set package 'zed_interfaces' build argument 'catkin_cmake_args' from command line to 'None'
[0.858s] Level 5:colcon.colcon_core.verb:set package 'zed_interfaces' build argument 'catkin_skip_building_tests' from command line to 'False'
[0.858s] DEBUG:colcon.colcon_core.verb:Building package 'zed_interfaces' with the following arguments: {'ament_cmake_args': None, 'build_base': '/home/mae-emrl3172/ros2_ws/build/zed_interfaces', 'catkin_cmake_args': None, 'catkin_skip_building_tests': False, 'cmake_args': None, 'cmake_clean_cache': False, 'cmake_clean_first': False, 'cmake_force_configure': False, 'cmake_target': None, 'cmake_target_skip_unavailable': False, 'install_base': '/home/mae-emrl3172/ros2_ws/install/zed_interfaces', 'merge_install': False, 'path': '/home/mae-emrl3172/ros2_ws/src/zed-ros2-wrapper/zed-ros2-interfaces', 'symlink_install': False, 'test_result_base': None}
[0.859s] Level 5:colcon.colcon_core.verb:set package 'zed_components' build argument 'cmake_args' from command line to 'None'
[0.859s] Level 5:colcon.colcon_core.verb:set package 'zed_components' build argument 'cmake_target' from command line to 'None'
[0.859s] Level 5:colcon.colcon_core.verb:set package 'zed_components' build argument 'cmake_target_skip_unavailable' from command line to 'False'
[0.859s] Level 5:colcon.colcon_core.verb:set package 'zed_components' build argument 'cmake_clean_cache' from command line to 'False'
[0.859s] Level 5:colcon.colcon_core.verb:set package 'zed_components' build argument 'cmake_clean_first' from command line to 'False'
[0.859s] Level 5:colcon.colcon_core.verb:set package 'zed_components' build argument 'cmake_force_configure' from command line to 'False'
[0.859s] Level 5:colcon.colcon_core.verb:set package 'zed_components' build argument 'ament_cmake_args' from command line to 'None'
[0.859s] Level 5:colcon.colcon_core.verb:set package 'zed_components' build argument 'catkin_cmake_args' from command line to 'None'
[0.859s] Level 5:colcon.colcon_core.verb:set package 'zed_components' build argument 'catkin_skip_building_tests' from command line to 'False'
[0.859s] DEBUG:colcon.colcon_core.verb:Building package 'zed_components' with the following arguments: {'ament_cmake_args': None, 'build_base': '/home/mae-emrl3172/ros2_ws/build/zed_components', 'catkin_cmake_args': None, 'catkin_skip_building_tests': False, 'cmake_args': None, 'cmake_clean_cache': False, 'cmake_clean_first': False, 'cmake_force_configure': False, 'cmake_target': None, 'cmake_target_skip_unavailable': False, 'install_base': '/home/mae-emrl3172/ros2_ws/install/zed_components', 'merge_install': False, 'path': '/home/mae-emrl3172/ros2_ws/src/zed-ros2-wrapper/zed_components', 'symlink_install': False, 'test_result_base': None}
[0.860s] Level 5:colcon.colcon_core.verb:set package 'zed_wrapper' build argument 'cmake_args' from command line to 'None'
[0.860s] Level 5:colcon.colcon_core.verb:set package 'zed_wrapper' build argument 'cmake_target' from command line to 'None'
[0.860s] Level 5:colcon.colcon_core.verb:set package 'zed_wrapper' build argument 'cmake_target_skip_unavailable' from command line to 'False'
[0.860s] Level 5:colcon.colcon_core.verb:set package 'zed_wrapper' build argument 'cmake_clean_cache' from command line to 'False'
[0.860s] Level 5:colcon.colcon_core.verb:set package 'zed_wrapper' build argument 'cmake_clean_first' from command line to 'False'
[0.860s] Level 5:colcon.colcon_core.verb:set package 'zed_wrapper' build argument 'cmake_force_configure' from command line to 'False'
[0.860s] Level 5:colcon.colcon_core.verb:set package 'zed_wrapper' build argument 'ament_cmake_args' from command line to 'None'
[0.860s] Level 5:colcon.colcon_core.verb:set package 'zed_wrapper' build argument 'catkin_cmake_args' from command line to 'None'
[0.860s] Level 5:colcon.colcon_core.verb:set package 'zed_wrapper' build argument 'catkin_skip_building_tests' from command line to 'False'
[0.860s] DEBUG:colcon.colcon_core.verb:Building package 'zed_wrapper' with the following arguments: {'ament_cmake_args': None, 'build_base': '/home/mae-emrl3172/ros2_ws/build/zed_wrapper', 'catkin_cmake_args': None, 'catkin_skip_building_tests': False, 'cmake_args': None, 'cmake_clean_cache': False, 'cmake_clean_first': False, 'cmake_force_configure': False, 'cmake_target': None, 'cmake_target_skip_unavailable': False, 'install_base': '/home/mae-emrl3172/ros2_ws/install/zed_wrapper', 'merge_install': False, 'path': '/home/mae-emrl3172/ros2_ws/src/zed-ros2-wrapper/zed_wrapper', 'symlink_install': False, 'test_result_base': None}
[0.861s] Level 5:colcon.colcon_core.verb:set package 'zed_ros2' build argument 'cmake_args' from command line to 'None'
[0.861s] Level 5:colcon.colcon_core.verb:set package 'zed_ros2' build argument 'cmake_target' from command line to 'None'
[0.861s] Level 5:colcon.colcon_core.verb:set package 'zed_ros2' build argument 'cmake_target_skip_unavailable' from command line to 'False'
[0.861s] Level 5:colcon.colcon_core.verb:set package 'zed_ros2' build argument 'cmake_clean_cache' from command line to 'False'
[0.861s] Level 5:colcon.colcon_core.verb:set package 'zed_ros2' build argument 'cmake_clean_first' from command line to 'False'
[0.861s] Level 5:colcon.colcon_core.verb:set package 'zed_ros2' build argument 'cmake_force_configure' from command line to 'False'
[0.861s] Level 5:colcon.colcon_core.verb:set package 'zed_ros2' build argument 'ament_cmake_args' from command line to 'None'
[0.861s] Level 5:colcon.colcon_core.verb:set package 'zed_ros2' build argument 'catkin_cmake_args' from command line to 'None'
[0.861s] Level 5:colcon.colcon_core.verb:set package 'zed_ros2' build argument 'catkin_skip_building_tests' from command line to 'False'
[0.861s] DEBUG:colcon.colcon_core.verb:Building package 'zed_ros2' with the following arguments: {'ament_cmake_args': None, 'build_base': '/home/mae-emrl3172/ros2_ws/build/zed_ros2', 'catkin_cmake_args': None, 'catkin_skip_building_tests': False, 'cmake_args': None, 'cmake_clean_cache': False, 'cmake_clean_first': False, 'cmake_force_configure': False, 'cmake_target': None, 'cmake_target_skip_unavailable': False, 'install_base': '/home/mae-emrl3172/ros2_ws/install/zed_ros2', 'merge_install': False, 'path': '/home/mae-emrl3172/ros2_ws/src/zed-ros2-wrapper/zed_ros2', 'symlink_install': False, 'test_result_base': None}
[0.862s] INFO:colcon.colcon_core.executor:Executing jobs using 'parallel' executor
[0.864s] DEBUG:colcon.colcon_parallel_executor.executor.parallel:run_until_complete
[0.865s] INFO:colcon.colcon_ros.task.ament_cmake.build:Building ROS package in '/home/mae-emrl3172/ros2_ws/src/zed-ros2-wrapper/zed-ros2-interfaces' with build type 'ament_cmake'
[0.865s] INFO:colcon.colcon_cmake.task.cmake.build:Building CMake package in '/home/mae-emrl3172/ros2_ws/src/zed-ros2-wrapper/zed-ros2-interfaces'
[0.870s] INFO:colcon.colcon_core.plugin_system:Skipping extension 'colcon_core.shell.bat': Not used on non-Windows systems
[0.870s] INFO:colcon.colcon_core.shell:Skip shell extension 'powershell' for command environment: Not usable outside of PowerShell
[0.870s] DEBUG:colcon.colcon_core.shell:Skip shell extension 'dsv' for command environment
[0.878s] INFO:colcon.colcon_ros.task.ament_python.build:Building ROS package in '/home/mae-emrl3172/ros2_ws/src/sUAV' with build type 'ament_python'
[0.878s] Level 1:colcon.colcon_core.shell:create_environment_hook('sUAV', 'ament_prefix_path')
[0.878s] INFO:colcon.colcon_core.shell:Creating environment hook '/home/mae-emrl3172/ros2_ws/install/sUAV/share/sUAV/hook/ament_prefix_path.ps1'
[0.880s] INFO:colcon.colcon_core.shell:Creating environment descriptor '/home/mae-emrl3172/ros2_ws/install/sUAV/share/sUAV/hook/ament_prefix_path.dsv'
[0.881s] INFO:colcon.colcon_core.shell:Creating environment hook '/home/mae-emrl3172/ros2_ws/install/sUAV/share/sUAV/hook/ament_prefix_path.sh'
[0.883s] INFO:colcon.colcon_core.shell:Skip shell extension 'powershell' for command environment: Not usable outside of PowerShell
[0.883s] DEBUG:colcon.colcon_core.shell:Skip shell extension 'dsv' for command environment
[0.896s] DEBUG:colcon.colcon_core.event_handler.log_command:Invoking command in '/home/mae-emrl3172/ros2_ws/build/zed_interfaces': CMAKE_PREFIX_PATH=${CMAKE_PREFIX_PATH}:/home/mae-emrl3172/ros2_ws/install/sUAV:/opt/ros/humble /usr/bin/cmake /home/mae-emrl3172/ros2_ws/src/zed-ros2-wrapper/zed-ros2-interfaces -DCMAKE_INSTALL_PREFIX=/home/mae-emrl3172/ros2_ws/install/zed_interfaces
[1.502s] INFO:colcon.colcon_core.task.python.build:Building Python package in '/home/mae-emrl3172/ros2_ws/src/sUAV'
[1.503s] INFO:colcon.colcon_core.shell:Skip shell extension 'powershell' for command environment: Not usable outside of PowerShell
[1.504s] DEBUG:colcon.colcon_core.shell:Skip shell extension 'dsv' for command environment
[2.569s] DEBUG:colcon.colcon_core.event_handler.log_command:Invoking command in '/home/mae-emrl3172/ros2_ws/build/sUAV': PYTHONPATH=/home/mae-emrl3172/ros2_ws/build/sUAV/prefix_override:/home/mae-emrl3172/ros2_ws/install/sUAV/lib/python3.10/site-packages:${PYTHONPATH} /usr/bin/python3 -W ignore:setup.py install is deprecated setup.py develop --uninstall --editable --build-directory /home/mae-emrl3172/ros2_ws/build/sUAV/build
[3.611s] DEBUG:colcon.colcon_core.event_handler.log_command:Invoked command in '/home/mae-emrl3172/ros2_ws/build/sUAV' returned '0': PYTHONPATH=/home/mae-emrl3172/ros2_ws/build/sUAV/prefix_override:/home/mae-emrl3172/ros2_ws/install/sUAV/lib/python3.10/site-packages:${PYTHONPATH} /usr/bin/python3 -W ignore:setup.py install is deprecated setup.py develop --uninstall --editable --build-directory /home/mae-emrl3172/ros2_ws/build/sUAV/build
[3.616s] DEBUG:colcon.colcon_core.event_handler.log_command:Invoking command in '/home/mae-emrl3172/ros2_ws/src/sUAV': PYTHONPATH=/home/mae-emrl3172/ros2_ws/build/sUAV/prefix_override:/home/mae-emrl3172/ros2_ws/install/sUAV/lib/python3.10/site-packages:${PYTHONPATH} /usr/bin/python3 -W ignore:setup.py install is deprecated setup.py egg_info --egg-base ../../build/sUAV build --build-base /home/mae-emrl3172/ros2_ws/build/sUAV/build install --record /home/mae-emrl3172/ros2_ws/build/sUAV/install.log --install-scripts $base/lib/sUAV --single-version-externally-managed install_data --force
[4.314s] DEBUG:colcon.colcon_core.event_handler.log_command:Invoked command in '/home/mae-emrl3172/ros2_ws/src/sUAV' returned '0': PYTHONPATH=/home/mae-emrl3172/ros2_ws/build/sUAV/prefix_override:/home/mae-emrl3172/ros2_ws/install/sUAV/lib/python3.10/site-packages:${PYTHONPATH} /usr/bin/python3 -W ignore:setup.py install is deprecated setup.py egg_info --egg-base ../../build/sUAV build --build-base /home/mae-emrl3172/ros2_ws/build/sUAV/build install --record /home/mae-emrl3172/ros2_ws/build/sUAV/install.log --install-scripts $base/lib/sUAV --single-version-externally-managed install_data --force
[4.325s] Level 1:colcon.colcon_core.environment:checking '/home/mae-emrl3172/ros2_ws/install/sUAV' for CMake module files
[4.327s] Level 1:colcon.colcon_core.environment:checking '/home/mae-emrl3172/ros2_ws/install/sUAV' for CMake config files
[4.330s] Level 1:colcon.colcon_core.environment:checking '/home/mae-emrl3172/ros2_ws/install/sUAV/lib'
[4.331s] Level 1:colcon.colcon_core.environment:checking '/home/mae-emrl3172/ros2_ws/install/sUAV/bin'
[4.331s] Level 1:colcon.colcon_core.environment:checking '/home/mae-emrl3172/ros2_ws/install/sUAV/lib/pkgconfig/sUAV.pc'
[4.332s] Level 1:colcon.colcon_core.environment:checking '/home/mae-emrl3172/ros2_ws/install/sUAV/lib/python3.10/site-packages'
[4.333s] Level 1:colcon.colcon_core.shell:create_environment_hook('sUAV', 'pythonpath')
[4.334s] INFO:colcon.colcon_core.shell:Creating environment hook '/home/mae-emrl3172/ros2_ws/install/sUAV/share/sUAV/hook/pythonpath.ps1'
[4.336s] INFO:colcon.colcon_core.shell:Creating environment descriptor '/home/mae-emrl3172/ros2_ws/install/sUAV/share/sUAV/hook/pythonpath.dsv'
[4.339s] INFO:colcon.colcon_core.shell:Creating environment hook '/home/mae-emrl3172/ros2_ws/install/sUAV/share/sUAV/hook/pythonpath.sh'
[4.342s] Level 1:colcon.colcon_core.environment:checking '/home/mae-emrl3172/ros2_ws/install/sUAV/bin'
[4.342s] Level 1:colcon.colcon_core.environment:create_environment_scripts_only(sUAV)
[4.343s] INFO:colcon.colcon_core.shell:Creating package script '/home/mae-emrl3172/ros2_ws/install/sUAV/share/sUAV/package.ps1'
[4.346s] INFO:colcon.colcon_core.shell:Creating package descriptor '/home/mae-emrl3172/ros2_ws/install/sUAV/share/sUAV/package.dsv'
[4.349s] INFO:colcon.colcon_core.shell:Creating package script '/home/mae-emrl3172/ros2_ws/install/sUAV/share/sUAV/package.sh'
[4.352s] INFO:colcon.colcon_core.shell:Creating package script '/home/mae-emrl3172/ros2_ws/install/sUAV/share/sUAV/package.bash'
[4.356s] INFO:colcon.colcon_core.shell:Creating package script '/home/mae-emrl3172/ros2_ws/install/sUAV/share/sUAV/package.zsh'
[4.359s] Level 1:colcon.colcon_core.environment:create_file_with_runtime_dependencies(/home/mae-emrl3172/ros2_ws/install/sUAV/share/colcon-core/packages/sUAV)
[4.493s] DEBUG:colcon.colcon_core.event_handler.log_command:Invoked command in '/home/mae-emrl3172/ros2_ws/build/zed_interfaces' returned '0': CMAKE_PREFIX_PATH=${CMAKE_PREFIX_PATH}:/home/mae-emrl3172/ros2_ws/install/sUAV:/opt/ros/humble /usr/bin/cmake /home/mae-emrl3172/ros2_ws/src/zed-ros2-wrapper/zed-ros2-interfaces -DCMAKE_INSTALL_PREFIX=/home/mae-emrl3172/ros2_ws/install/zed_interfaces
[4.500s] DEBUG:colcon.colcon_core.event_handler.log_command:Invoking command in '/home/mae-emrl3172/ros2_ws/build/zed_interfaces': CMAKE_PREFIX_PATH=${CMAKE_PREFIX_PATH}:/home/mae-emrl3172/ros2_ws/install/sUAV:/opt/ros/humble /usr/bin/cmake --build /home/mae-emrl3172/ros2_ws/build/zed_interfaces -- -j6 -l6
[5.363s] DEBUG:colcon.colcon_core.event_handler.log_command:Invoked command in '/home/mae-emrl3172/ros2_ws/build/zed_interfaces' returned '0': CMAKE_PREFIX_PATH=${CMAKE_PREFIX_PATH}:/home/mae-emrl3172/ros2_ws/install/sUAV:/opt/ros/humble /usr/bin/cmake --build /home/mae-emrl3172/ros2_ws/build/zed_interfaces -- -j6 -l6
[6.295s] DEBUG:colcon.colcon_core.event_handler.log_command:Invoking command in '/home/mae-emrl3172/ros2_ws/build/zed_interfaces': CMAKE_PREFIX_PATH=${CMAKE_PREFIX_PATH}:/home/mae-emrl3172/ros2_ws/install/sUAV:/opt/ros/humble /usr/bin/cmake --install /home/mae-emrl3172/ros2_ws/build/zed_interfaces
[6.537s] Level 1:colcon.colcon_core.environment:create_environment_scripts_only(zed_interfaces)
[6.538s] Level 1:colcon.colcon_core.environment:checking '/home/mae-emrl3172/ros2_ws/install/zed_interfaces' for CMake module files
[6.540s] DEBUG:colcon.colcon_core.event_handler.log_command:Invoked command in '/home/mae-emrl3172/ros2_ws/build/zed_interfaces' returned '0': CMAKE_PREFIX_PATH=${CMAKE_PREFIX_PATH}:/home/mae-emrl3172/ros2_ws/install/sUAV:/opt/ros/humble /usr/bin/cmake --install /home/mae-emrl3172/ros2_ws/build/zed_interfaces
[6.542s] Level 1:colcon.colcon_core.environment:checking '/home/mae-emrl3172/ros2_ws/install/zed_interfaces' for CMake config files
[6.549s] Level 1:colcon.colcon_core.shell:create_environment_hook('zed_interfaces', 'cmake_prefix_path')
[6.550s] INFO:colcon.colcon_core.shell:Creating environment hook '/home/mae-emrl3172/ros2_ws/install/zed_interfaces/share/zed_interfaces/hook/cmake_prefix_path.ps1'
[6.551s] INFO:colcon.colcon_core.shell:Creating environment descriptor '/home/mae-emrl3172/ros2_ws/install/zed_interfaces/share/zed_interfaces/hook/cmake_prefix_path.dsv'
[6.552s] INFO:colcon.colcon_core.shell:Creating environment hook '/home/mae-emrl3172/ros2_ws/install/zed_interfaces/share/zed_interfaces/hook/cmake_prefix_path.sh'
[6.554s] Level 1:colcon.colcon_core.environment:checking '/home/mae-emrl3172/ros2_ws/install/zed_interfaces/lib'
[6.555s] Level 1:colcon.colcon_core.shell:create_environment_hook('zed_interfaces', 'ld_library_path_lib')
[6.556s] INFO:colcon.colcon_core.shell:Creating environment hook '/home/mae-emrl3172/ros2_ws/install/zed_interfaces/share/zed_interfaces/hook/ld_library_path_lib.ps1'
[6.556s] INFO:colcon.colcon_core.shell:Creating environment descriptor '/home/mae-emrl3172/ros2_ws/install/zed_interfaces/share/zed_interfaces/hook/ld_library_path_lib.dsv'
[6.557s] INFO:colcon.colcon_core.shell:Creating environment hook '/home/mae-emrl3172/ros2_ws/install/zed_interfaces/share/zed_interfaces/hook/ld_library_path_lib.sh'
[6.558s] Level 1:colcon.colcon_core.environment:checking '/home/mae-emrl3172/ros2_ws/install/zed_interfaces/bin'
[6.559s] Level 1:colcon.colcon_core.environment:checking '/home/mae-emrl3172/ros2_ws/install/zed_interfaces/lib/pkgconfig/zed_interfaces.pc'
[6.560s] Level 1:colcon.colcon_core.environment:checking '/home/mae-emrl3172/ros2_ws/install/zed_interfaces/lib/python3.10/site-packages'
[6.560s] Level 1:colcon.colcon_core.environment:checking '/home/mae-emrl3172/ros2_ws/install/zed_interfaces/bin'
[6.562s] INFO:colcon.colcon_core.shell:Creating package script '/home/mae-emrl3172/ros2_ws/install/zed_interfaces/share/zed_interfaces/package.ps1'
[6.563s] INFO:colcon.colcon_core.shell:Creating package descriptor '/home/mae-emrl3172/ros2_ws/install/zed_interfaces/share/zed_interfaces/package.dsv'
[6.565s] INFO:colcon.colcon_core.shell:Creating package script '/home/mae-emrl3172/ros2_ws/install/zed_interfaces/share/zed_interfaces/package.sh'
[6.567s] INFO:colcon.colcon_core.shell:Creating package script '/home/mae-emrl3172/ros2_ws/install/zed_interfaces/share/zed_interfaces/package.bash'
[6.568s] INFO:colcon.colcon_core.shell:Creating package script '/home/mae-emrl3172/ros2_ws/install/zed_interfaces/share/zed_interfaces/package.zsh'
[6.568s] Level 1:colcon.colcon_core.environment:create_file_with_runtime_dependencies(/home/mae-emrl3172/ros2_ws/install/zed_interfaces/share/colcon-core/packages/zed_interfaces)
[7.463s] Level 1:colcon.colcon_core.environment:create_environment_scripts_only(zed_interfaces)
[7.464s] Level 1:colcon.colcon_core.environment:checking '/home/mae-emrl3172/ros2_ws/install/zed_interfaces' for CMake module files
[7.467s] Level 1:colcon.colcon_core.environment:checking '/home/mae-emrl3172/ros2_ws/install/zed_interfaces' for CMake config files
[7.476s] Level 1:colcon.colcon_core.shell:create_environment_hook('zed_interfaces', 'cmake_prefix_path')
[7.478s] INFO:colcon.colcon_core.shell:Creating environment hook '/home/mae-emrl3172/ros2_ws/install/zed_interfaces/share/zed_interfaces/hook/cmake_prefix_path.ps1'
[7.479s] INFO:colcon.colcon_core.shell:Creating environment descriptor '/home/mae-emrl3172/ros2_ws/install/zed_interfaces/share/zed_interfaces/hook/cmake_prefix_path.dsv'
[7.481s] INFO:colcon.colcon_core.shell:Creating environment hook '/home/mae-emrl3172/ros2_ws/install/zed_interfaces/share/zed_interfaces/hook/cmake_prefix_path.sh'
[7.483s] Level 1:colcon.colcon_core.environment:checking '/home/mae-emrl3172/ros2_ws/install/zed_interfaces/lib'
[7.484s] Level 1:colcon.colcon_core.shell:create_environment_hook('zed_interfaces', 'ld_library_path_lib')
[7.484s] INFO:colcon.colcon_core.shell:Creating environment hook '/home/mae-emrl3172/ros2_ws/install/zed_interfaces/share/zed_interfaces/hook/ld_library_path_lib.ps1'
[7.486s] INFO:colcon.colcon_core.shell:Creating environment descriptor '/home/mae-emrl3172/ros2_ws/install/zed_interfaces/share/zed_interfaces/hook/ld_library_path_lib.dsv'
[7.487s] INFO:colcon.colcon_core.shell:Creating environment hook '/home/mae-emrl3172/ros2_ws/install/zed_interfaces/share/zed_interfaces/hook/ld_library_path_lib.sh'
[7.487s] Level 1:colcon.colcon_core.environment:checking '/home/mae-emrl3172/ros2_ws/install/zed_interfaces/bin'
[7.488s] Level 1:colcon.colcon_core.environment:checking '/home/mae-emrl3172/ros2_ws/install/zed_interfaces/lib/pkgconfig/zed_interfaces.pc'
[7.488s] Level 1:colcon.colcon_core.environment:checking '/home/mae-emrl3172/ros2_ws/install/zed_interfaces/lib/python3.10/site-packages'
[7.489s] Level 1:colcon.colcon_core.environment:checking '/home/mae-emrl3172/ros2_ws/install/zed_interfaces/bin'
[7.490s] INFO:colcon.colcon_core.shell:Creating package script '/home/mae-emrl3172/ros2_ws/install/zed_interfaces/share/zed_interfaces/package.ps1'
[7.491s] INFO:colcon.colcon_core.shell:Creating package descriptor '/home/mae-emrl3172/ros2_ws/install/zed_interfaces/share/zed_interfaces/package.dsv'
[7.492s] INFO:colcon.colcon_core.shell:Creating package script '/home/mae-emrl3172/ros2_ws/install/zed_interfaces/share/zed_interfaces/package.sh'
[7.493s] INFO:colcon.colcon_core.shell:Creating package script '/home/mae-emrl3172/ros2_ws/install/zed_interfaces/share/zed_interfaces/package.bash'
[7.494s] INFO:colcon.colcon_core.shell:Creating package script '/home/mae-emrl3172/ros2_ws/install/zed_interfaces/share/zed_interfaces/package.zsh'
[7.495s] Level 1:colcon.colcon_core.environment:create_file_with_runtime_dependencies(/home/mae-emrl3172/ros2_ws/install/zed_interfaces/share/colcon-core/packages/zed_interfaces)
[7.496s] INFO:colcon.colcon_ros.task.ament_cmake.build:Building ROS package in '/home/mae-emrl3172/ros2_ws/src/zed-ros2-wrapper/zed_components' with build type 'ament_cmake'
[7.497s] INFO:colcon.colcon_cmake.task.cmake.build:Building CMake package in '/home/mae-emrl3172/ros2_ws/src/zed-ros2-wrapper/zed_components'
[7.497s] INFO:colcon.colcon_core.shell:Skip shell extension 'powershell' for command environment: Not usable outside of PowerShell
[7.497s] DEBUG:colcon.colcon_core.shell:Skip shell extension 'dsv' for command environment
[7.524s] DEBUG:colcon.colcon_core.event_handler.log_command:Invoking command in '/home/mae-emrl3172/ros2_ws/build/zed_components': CMAKE_PREFIX_PATH=${CMAKE_PREFIX_PATH}:/home/mae-emrl3172/ros2_ws/install/sUAV:/opt/ros/humble LD_LIBRARY_PATH=/home/mae-emrl3172/ros2_ws/install/zed_interfaces/lib:/opt/ros/humble/opt/rviz_ogre_vendor/lib:/opt/ros/humble/lib/aarch64-linux-gnu:/opt/ros/humble/lib:/usr/local/cuda-12.2/lib64 /usr/bin/cmake /home/mae-emrl3172/ros2_ws/src/zed-ros2-wrapper/zed_components -DCMAKE_INSTALL_PREFIX=/home/mae-emrl3172/ros2_ws/install/zed_components
[11.567s] DEBUG:colcon.colcon_core.event_handler.log_command:Invoked command in '/home/mae-emrl3172/ros2_ws/build/zed_components' returned '0': CMAKE_PREFIX_PATH=${CMAKE_PREFIX_PATH}:/home/mae-emrl3172/ros2_ws/install/sUAV:/opt/ros/humble LD_LIBRARY_PATH=/home/mae-emrl3172/ros2_ws/install/zed_interfaces/lib:/opt/ros/humble/opt/rviz_ogre_vendor/lib:/opt/ros/humble/lib/aarch64-linux-gnu:/opt/ros/humble/lib:/usr/local/cuda-12.2/lib64 /usr/bin/cmake /home/mae-emrl3172/ros2_ws/src/zed-ros2-wrapper/zed_components -DCMAKE_INSTALL_PREFIX=/home/mae-emrl3172/ros2_ws/install/zed_components
[11.569s] DEBUG:colcon.colcon_core.event_handler.log_command:Invoking command in '/home/mae-emrl3172/ros2_ws/build/zed_components': CMAKE_PREFIX_PATH=${CMAKE_PREFIX_PATH}:/home/mae-emrl3172/ros2_ws/install/sUAV:/opt/ros/humble LD_LIBRARY_PATH=/home/mae-emrl3172/ros2_ws/install/zed_interfaces/lib:/opt/ros/humble/opt/rviz_ogre_vendor/lib:/opt/ros/humble/lib/aarch64-linux-gnu:/opt/ros/humble/lib:/usr/local/cuda-12.2/lib64 /usr/bin/cmake --build /home/mae-emrl3172/ros2_ws/build/zed_components -- -j6 -l6
[11.774s] DEBUG:colcon.colcon_core.event_handler.log_command:Invoked command in '/home/mae-emrl3172/ros2_ws/build/zed_components' returned '0': CMAKE_PREFIX_PATH=${CMAKE_PREFIX_PATH}:/home/mae-emrl3172/ros2_ws/install/sUAV:/opt/ros/humble LD_LIBRARY_PATH=/home/mae-emrl3172/ros2_ws/install/zed_interfaces/lib:/opt/ros/humble/opt/rviz_ogre_vendor/lib:/opt/ros/humble/lib/aarch64-linux-gnu:/opt/ros/humble/lib:/usr/local/cuda-12.2/lib64 /usr/bin/cmake --build /home/mae-emrl3172/ros2_ws/build/zed_components -- -j6 -l6
[11.845s] DEBUG:colcon.colcon_core.event_handler.log_command:Invoking command in '/home/mae-emrl3172/ros2_ws/build/zed_components': CMAKE_PREFIX_PATH=${CMAKE_PREFIX_PATH}:/home/mae-emrl3172/ros2_ws/install/sUAV:/opt/ros/humble LD_LIBRARY_PATH=/home/mae-emrl3172/ros2_ws/install/zed_interfaces/lib:/opt/ros/humble/opt/rviz_ogre_vendor/lib:/opt/ros/humble/lib/aarch64-linux-gnu:/opt/ros/humble/lib:/usr/local/cuda-12.2/lib64 /usr/bin/cmake --install /home/mae-emrl3172/ros2_ws/build/zed_components
[11.906s] Level 1:colcon.colcon_core.environment:create_environment_scripts_only(zed_components)
[11.907s] Level 1:colcon.colcon_core.environment:checking '/home/mae-emrl3172/ros2_ws/install/zed_components' for CMake module files
[11.909s] DEBUG:colcon.colcon_core.event_handler.log_command:Invoked command in '/home/mae-emrl3172/ros2_ws/build/zed_components' returned '0': CMAKE_PREFIX_PATH=${CMAKE_PREFIX_PATH}:/home/mae-emrl3172/ros2_ws/install/sUAV:/opt/ros/humble LD_LIBRARY_PATH=/home/mae-emrl3172/ros2_ws/install/zed_interfaces/lib:/opt/ros/humble/opt/rviz_ogre_vendor/lib:/opt/ros/humble/lib/aarch64-linux-gnu:/opt/ros/humble/lib:/usr/local/cuda-12.2/lib64 /usr/bin/cmake --install /home/mae-emrl3172/ros2_ws/build/zed_components
[11.910s] Level 1:colcon.colcon_core.environment:checking '/home/mae-emrl3172/ros2_ws/install/zed_components' for CMake config files
[11.912s] Level 1:colcon.colcon_core.shell:create_environment_hook('zed_components', 'cmake_prefix_path')
[11.913s] INFO:colcon.colcon_core.shell:Creating environment hook '/home/mae-emrl3172/ros2_ws/install/zed_components/share/zed_components/hook/cmake_prefix_path.ps1'
[11.914s] INFO:colcon.colcon_core.shell:Creating environment descriptor '/home/mae-emrl3172/ros2_ws/install/zed_components/share/zed_components/hook/cmake_prefix_path.dsv'
[11.915s] INFO:colcon.colcon_core.shell:Creating environment hook '/home/mae-emrl3172/ros2_ws/install/zed_components/share/zed_components/hook/cmake_prefix_path.sh'
[11.917s] Level 1:colcon.colcon_core.environment:checking '/home/mae-emrl3172/ros2_ws/install/zed_components/lib'
[11.917s] Level 1:colcon.colcon_core.shell:create_environment_hook('zed_components', 'ld_library_path_lib')
[11.918s] INFO:colcon.colcon_core.shell:Creating environment hook '/home/mae-emrl3172/ros2_ws/install/zed_components/share/zed_components/hook/ld_library_path_lib.ps1'
[11.919s] INFO:colcon.colcon_core.shell:Creating environment descriptor '/home/mae-emrl3172/ros2_ws/install/zed_components/share/zed_components/hook/ld_library_path_lib.dsv'
[11.919s] INFO:colcon.colcon_core.shell:Creating environment hook '/home/mae-emrl3172/ros2_ws/install/zed_components/share/zed_components/hook/ld_library_path_lib.sh'
[11.921s] Level 1:colcon.colcon_core.environment:checking '/home/mae-emrl3172/ros2_ws/install/zed_components/bin'
[11.921s] Level 1:colcon.colcon_core.environment:checking '/home/mae-emrl3172/ros2_ws/install/zed_components/lib/pkgconfig/zed_components.pc'
[11.922s] Level 1:colcon.colcon_core.environment:checking '/home/mae-emrl3172/ros2_ws/install/zed_components/lib/python3.10/site-packages'
[11.923s] Level 1:colcon.colcon_core.environment:checking '/home/mae-emrl3172/ros2_ws/install/zed_components/bin'
[11.924s] INFO:colcon.colcon_core.shell:Creating package script '/home/mae-emrl3172/ros2_ws/install/zed_components/share/zed_components/package.ps1'
[11.926s] INFO:colcon.colcon_core.shell:Creating package descriptor '/home/mae-emrl3172/ros2_ws/install/zed_components/share/zed_components/package.dsv'
[11.928s] INFO:colcon.colcon_core.shell:Creating package script '/home/mae-emrl3172/ros2_ws/install/zed_components/share/zed_components/package.sh'
[11.930s] INFO:colcon.colcon_core.shell:Creating package script '/home/mae-emrl3172/ros2_ws/install/zed_components/share/zed_components/package.bash'
[11.931s] INFO:colcon.colcon_core.shell:Creating package script '/home/mae-emrl3172/ros2_ws/install/zed_components/share/zed_components/package.zsh'
[11.932s] Level 1:colcon.colcon_core.environment:create_file_with_runtime_dependencies(/home/mae-emrl3172/ros2_ws/install/zed_components/share/colcon-core/packages/zed_components)
[12.011s] Level 1:colcon.colcon_core.environment:create_environment_scripts_only(zed_components)
[12.011s] Level 1:colcon.colcon_core.environment:checking '/home/mae-emrl3172/ros2_ws/install/zed_components' for CMake module files
[12.013s] Level 1:colcon.colcon_core.environment:checking '/home/mae-emrl3172/ros2_ws/install/zed_components' for CMake config files
[12.015s] Level 1:colcon.colcon_core.shell:create_environment_hook('zed_components', 'cmake_prefix_path')
[12.015s] INFO:colcon.colcon_core.shell:Creating environment hook '/home/mae-emrl3172/ros2_ws/install/zed_components/share/zed_components/hook/cmake_prefix_path.ps1'
[12.017s] INFO:colcon.colcon_core.shell:Creating environment descriptor '/home/mae-emrl3172/ros2_ws/install/zed_components/share/zed_components/hook/cmake_prefix_path.dsv'
[12.019s] INFO:colcon.colcon_core.shell:Creating environment hook '/home/mae-emrl3172/ros2_ws/install/zed_components/share/zed_components/hook/cmake_prefix_path.sh'
[12.021s] Level 1:colcon.colcon_core.environment:checking '/home/mae-emrl3172/ros2_ws/install/zed_components/lib'
[12.021s] Level 1:colcon.colcon_core.shell:create_environment_hook('zed_components', 'ld_library_path_lib')
[12.022s] INFO:colcon.colcon_core.shell:Creating environment hook '/home/mae-emrl3172/ros2_ws/install/zed_components/share/zed_components/hook/ld_library_path_lib.ps1'
[12.023s] INFO:colcon.colcon_core.shell:Creating environment descriptor '/home/mae-emrl3172/ros2_ws/install/zed_components/share/zed_components/hook/ld_library_path_lib.dsv'
[12.025s] INFO:colcon.colcon_core.shell:Creating environment hook '/home/mae-emrl3172/ros2_ws/install/zed_components/share/zed_components/hook/ld_library_path_lib.sh'
[12.026s] Level 1:colcon.colcon_core.environment:checking '/home/mae-emrl3172/ros2_ws/install/zed_components/bin'
[12.027s] Level 1:colcon.colcon_core.environment:checking '/home/mae-emrl3172/ros2_ws/install/zed_components/lib/pkgconfig/zed_components.pc'
[12.028s] Level 1:colcon.colcon_core.environment:checking '/home/mae-emrl3172/ros2_ws/install/zed_components/lib/python3.10/site-packages'
[12.028s] Level 1:colcon.colcon_core.environment:checking '/home/mae-emrl3172/ros2_ws/install/zed_components/bin'
[12.030s] INFO:colcon.colcon_core.shell:Creating package script '/home/mae-emrl3172/ros2_ws/install/zed_components/share/zed_components/package.ps1'
[12.033s] INFO:colcon.colcon_core.shell:Creating package descriptor '/home/mae-emrl3172/ros2_ws/install/zed_components/share/zed_components/package.dsv'
[12.035s] INFO:colcon.colcon_core.shell:Creating package script '/home/mae-emrl3172/ros2_ws/install/zed_components/share/zed_components/package.sh'
[12.037s] INFO:colcon.colcon_core.shell:Creating package script '/home/mae-emrl3172/ros2_ws/install/zed_components/share/zed_components/package.bash'
[12.039s] INFO:colcon.colcon_core.shell:Creating package script '/home/mae-emrl3172/ros2_ws/install/zed_components/share/zed_components/package.zsh'
[12.040s] Level 1:colcon.colcon_core.environment:create_file_with_runtime_dependencies(/home/mae-emrl3172/ros2_ws/install/zed_components/share/colcon-core/packages/zed_components)
[12.041s] INFO:colcon.colcon_ros.task.ament_cmake.build:Building ROS package in '/home/mae-emrl3172/ros2_ws/src/zed-ros2-wrapper/zed_wrapper' with build type 'ament_cmake'
[12.042s] INFO:colcon.colcon_cmake.task.cmake.build:Building CMake package in '/home/mae-emrl3172/ros2_ws/src/zed-ros2-wrapper/zed_wrapper'
[12.043s] INFO:colcon.colcon_core.shell:Skip shell extension 'powershell' for command environment: Not usable outside of PowerShell
[12.043s] DEBUG:colcon.colcon_core.shell:Skip shell extension 'dsv' for command environment
[12.082s] DEBUG:colcon.colcon_core.event_handler.log_command:Invoking command in '/home/mae-emrl3172/ros2_ws/build/zed_wrapper': AMENT_PREFIX_PATH=/home/mae-emrl3172/ros2_ws/install/zed_components:${AMENT_PREFIX_PATH} CMAKE_PREFIX_PATH=/home/mae-emrl3172/ros2_ws/install/zed_components:/home/mae-emrl3172/ros2_ws/install/zed_interfaces:/home/mae-emrl3172/ros2_ws/install/sUAV:/opt/ros/humble LD_LIBRARY_PATH=/home/mae-emrl3172/ros2_ws/install/zed_components/lib:/home/mae-emrl3172/ros2_ws/install/zed_interfaces/lib:/opt/ros/humble/opt/rviz_ogre_vendor/lib:/opt/ros/humble/lib/aarch64-linux-gnu:/opt/ros/humble/lib:/usr/local/cuda-12.2/lib64 /usr/bin/cmake /home/mae-emrl3172/ros2_ws/src/zed-ros2-wrapper/zed_wrapper -DCMAKE_INSTALL_PREFIX=/home/mae-emrl3172/ros2_ws/install/zed_wrapper
[17.313s] DEBUG:colcon.colcon_core.event_handler.log_command:Invoked command in '/home/mae-emrl3172/ros2_ws/build/zed_wrapper' returned '0': AMENT_PREFIX_PATH=/home/mae-emrl3172/ros2_ws/install/zed_components:${AMENT_PREFIX_PATH} CMAKE_PREFIX_PATH=/home/mae-emrl3172/ros2_ws/install/zed_components:/home/mae-emrl3172/ros2_ws/install/zed_interfaces:/home/mae-emrl3172/ros2_ws/install/sUAV:/opt/ros/humble LD_LIBRARY_PATH=/home/mae-emrl3172/ros2_ws/install/zed_components/lib:/home/mae-emrl3172/ros2_ws/install/zed_interfaces/lib:/opt/ros/humble/opt/rviz_ogre_vendor/lib:/opt/ros/humble/lib/aarch64-linux-gnu:/opt/ros/humble/lib:/usr/local/cuda-12.2/lib64 /usr/bin/cmake /home/mae-emrl3172/ros2_ws/src/zed-ros2-wrapper/zed_wrapper -DCMAKE_INSTALL_PREFIX=/home/mae-emrl3172/ros2_ws/install/zed_wrapper
[17.317s] DEBUG:colcon.colcon_core.event_handler.log_command:Invoking command in '/home/mae-emrl3172/ros2_ws/build/zed_wrapper': AMENT_PREFIX_PATH=/home/mae-emrl3172/ros2_ws/install/zed_components:${AMENT_PREFIX_PATH} CMAKE_PREFIX_PATH=/home/mae-emrl3172/ros2_ws/install/zed_components:/home/mae-emrl3172/ros2_ws/install/zed_interfaces:/home/mae-emrl3172/ros2_ws/install/sUAV:/opt/ros/humble LD_LIBRARY_PATH=/home/mae-emrl3172/ros2_ws/install/zed_components/lib:/home/mae-emrl3172/ros2_ws/install/zed_interfaces/lib:/opt/ros/humble/opt/rviz_ogre_vendor/lib:/opt/ros/humble/lib/aarch64-linux-gnu:/opt/ros/humble/lib:/usr/local/cuda-12.2/lib64 /usr/bin/cmake --build /home/mae-emrl3172/ros2_ws/build/zed_wrapper -- -j6 -l6
[17.500s] DEBUG:colcon.colcon_core.event_handler.log_command:Invoked command in '/home/mae-emrl3172/ros2_ws/build/zed_wrapper' returned '0': AMENT_PREFIX_PATH=/home/mae-emrl3172/ros2_ws/install/zed_components:${AMENT_PREFIX_PATH} CMAKE_PREFIX_PATH=/home/mae-emrl3172/ros2_ws/install/zed_components:/home/mae-emrl3172/ros2_ws/install/zed_interfaces:/home/mae-emrl3172/ros2_ws/install/sUAV:/opt/ros/humble LD_LIBRARY_PATH=/home/mae-emrl3172/ros2_ws/install/zed_components/lib:/home/mae-emrl3172/ros2_ws/install/zed_interfaces/lib:/opt/ros/humble/opt/rviz_ogre_vendor/lib:/opt/ros/humble/lib/aarch64-linux-gnu:/opt/ros/humble/lib:/usr/local/cuda-12.2/lib64 /usr/bin/cmake --build /home/mae-emrl3172/ros2_ws/build/zed_wrapper -- -j6 -l6
[17.563s] DEBUG:colcon.colcon_core.event_handler.log_command:Invoking command in '/home/mae-emrl3172/ros2_ws/build/zed_wrapper': AMENT_PREFIX_PATH=/home/mae-emrl3172/ros2_ws/install/zed_components:${AMENT_PREFIX_PATH} CMAKE_PREFIX_PATH=/home/mae-emrl3172/ros2_ws/install/zed_components:/home/mae-emrl3172/ros2_ws/install/zed_interfaces:/home/mae-emrl3172/ros2_ws/install/sUAV:/opt/ros/humble LD_LIBRARY_PATH=/home/mae-emrl3172/ros2_ws/install/zed_components/lib:/home/mae-emrl3172/ros2_ws/install/zed_interfaces/lib:/opt/ros/humble/opt/rviz_ogre_vendor/lib:/opt/ros/humble/lib/aarch64-linux-gnu:/opt/ros/humble/lib:/usr/local/cuda-12.2/lib64 /usr/bin/cmake --install /home/mae-emrl3172/ros2_ws/build/zed_wrapper
[17.614s] Level 1:colcon.colcon_core.environment:create_environment_scripts_only(zed_wrapper)
[17.615s] Level 1:colcon.colcon_core.environment:checking '/home/mae-emrl3172/ros2_ws/install/zed_wrapper' for CMake module files
[17.617s] Level 1:colcon.colcon_core.environment:checking '/home/mae-emrl3172/ros2_ws/install/zed_wrapper' for CMake config files
[17.619s] Level 1:colcon.colcon_core.shell:create_environment_hook('zed_wrapper', 'cmake_prefix_path')
[17.620s] INFO:colcon.colcon_core.shell:Creating environment hook '/home/mae-emrl3172/ros2_ws/install/zed_wrapper/share/zed_wrapper/hook/cmake_prefix_path.ps1'
[17.622s] DEBUG:colcon.colcon_core.event_handler.log_command:Invoked command in '/home/mae-emrl3172/ros2_ws/build/zed_wrapper' returned '0': AMENT_PREFIX_PATH=/home/mae-emrl3172/ros2_ws/install/zed_components:${AMENT_PREFIX_PATH} CMAKE_PREFIX_PATH=/home/mae-emrl3172/ros2_ws/install/zed_components:/home/mae-emrl3172/ros2_ws/install/zed_interfaces:/home/mae-emrl3172/ros2_ws/install/sUAV:/opt/ros/humble LD_LIBRARY_PATH=/home/mae-emrl3172/ros2_ws/install/zed_components/lib:/home/mae-emrl3172/ros2_ws/install/zed_interfaces/lib:/opt/ros/humble/opt/rviz_ogre_vendor/lib:/opt/ros/humble/lib/aarch64-linux-gnu:/opt/ros/humble/lib:/usr/local/cuda-12.2/lib64 /usr/bin/cmake --install /home/mae-emrl3172/ros2_ws/build/zed_wrapper
[17.623s] INFO:colcon.colcon_core.shell:Creating environment descriptor '/home/mae-emrl3172/ros2_ws/install/zed_wrapper/share/zed_wrapper/hook/cmake_prefix_path.dsv'
[17.624s] INFO:colcon.colcon_core.shell:Creating environment hook '/home/mae-emrl3172/ros2_ws/install/zed_wrapper/share/zed_wrapper/hook/cmake_prefix_path.sh'
[17.627s] Level 1:colcon.colcon_core.environment:checking '/home/mae-emrl3172/ros2_ws/install/zed_wrapper/lib'
[17.627s] Level 1:colcon.colcon_core.environment:checking '/home/mae-emrl3172/ros2_ws/install/zed_wrapper/bin'
[17.628s] Level 1:colcon.colcon_core.environment:checking '/home/mae-emrl3172/ros2_ws/install/zed_wrapper/lib/pkgconfig/zed_wrapper.pc'
[17.628s] Level 1:colcon.colcon_core.environment:checking '/home/mae-emrl3172/ros2_ws/install/zed_wrapper/lib/python3.10/site-packages'
[17.629s] Level 1:colcon.colcon_core.environment:checking '/home/mae-emrl3172/ros2_ws/install/zed_wrapper/bin'
[17.631s] INFO:colcon.colcon_core.shell:Creating package script '/home/mae-emrl3172/ros2_ws/install/zed_wrapper/share/zed_wrapper/package.ps1'
[17.632s] INFO:colcon.colcon_core.shell:Creating package descriptor '/home/mae-emrl3172/ros2_ws/install/zed_wrapper/share/zed_wrapper/package.dsv'
[17.634s] INFO:colcon.colcon_core.shell:Creating package script '/home/mae-emrl3172/ros2_ws/install/zed_wrapper/share/zed_wrapper/package.sh'
[17.635s] INFO:colcon.colcon_core.shell:Creating package script '/home/mae-emrl3172/ros2_ws/install/zed_wrapper/share/zed_wrapper/package.bash'
[17.636s] INFO:colcon.colcon_core.shell:Creating package script '/home/mae-emrl3172/ros2_ws/install/zed_wrapper/share/zed_wrapper/package.zsh'
[17.637s] Level 1:colcon.colcon_core.environment:create_file_with_runtime_dependencies(/home/mae-emrl3172/ros2_ws/install/zed_wrapper/share/colcon-core/packages/zed_wrapper)
[17.697s] Level 1:colcon.colcon_core.environment:create_environment_scripts_only(zed_wrapper)
[17.698s] Level 1:colcon.colcon_core.environment:checking '/home/mae-emrl3172/ros2_ws/install/zed_wrapper' for CMake module files
[17.700s] Level 1:colcon.colcon_core.environment:checking '/home/mae-emrl3172/ros2_ws/install/zed_wrapper' for CMake config files
[17.701s] Level 1:colcon.colcon_core.shell:create_environment_hook('zed_wrapper', 'cmake_prefix_path')
[17.703s] INFO:colcon.colcon_core.shell:Creating environment hook '/home/mae-emrl3172/ros2_ws/install/zed_wrapper/share/zed_wrapper/hook/cmake_prefix_path.ps1'
[17.704s] INFO:colcon.colcon_core.shell:Creating environment descriptor '/home/mae-emrl3172/ros2_ws/install/zed_wrapper/share/zed_wrapper/hook/cmake_prefix_path.dsv'
[17.706s] INFO:colcon.colcon_core.shell:Creating environment hook '/home/mae-emrl3172/ros2_ws/install/zed_wrapper/share/zed_wrapper/hook/cmake_prefix_path.sh'
[17.707s] Level 1:colcon.colcon_core.environment:checking '/home/mae-emrl3172/ros2_ws/install/zed_wrapper/lib'
[17.708s] Level 1:colcon.colcon_core.environment:checking '/home/mae-emrl3172/ros2_ws/install/zed_wrapper/bin'
[17.708s] Level 1:colcon.colcon_core.environment:checking '/home/mae-emrl3172/ros2_ws/install/zed_wrapper/lib/pkgconfig/zed_wrapper.pc'
[17.709s] Level 1:colcon.colcon_core.environment:checking '/home/mae-emrl3172/ros2_ws/install/zed_wrapper/lib/python3.10/site-packages'
[17.709s] Level 1:colcon.colcon_core.environment:checking '/home/mae-emrl3172/ros2_ws/install/zed_wrapper/bin'
[17.710s] INFO:colcon.colcon_core.shell:Creating package script '/home/mae-emrl3172/ros2_ws/install/zed_wrapper/share/zed_wrapper/package.ps1'
[17.712s] INFO:colcon.colcon_core.shell:Creating package descriptor '/home/mae-emrl3172/ros2_ws/install/zed_wrapper/share/zed_wrapper/package.dsv'
[17.714s] INFO:colcon.colcon_core.shell:Creating package script '/home/mae-emrl3172/ros2_ws/install/zed_wrapper/share/zed_wrapper/package.sh'
[17.716s] INFO:colcon.colcon_core.shell:Creating package script '/home/mae-emrl3172/ros2_ws/install/zed_wrapper/share/zed_wrapper/package.bash'
[17.718s] INFO:colcon.colcon_core.shell:Creating package script '/home/mae-emrl3172/ros2_ws/install/zed_wrapper/share/zed_wrapper/package.zsh'
[17.719s] Level 1:colcon.colcon_core.environment:create_file_with_runtime_dependencies(/home/mae-emrl3172/ros2_ws/install/zed_wrapper/share/colcon-core/packages/zed_wrapper)
[17.721s] INFO:colcon.colcon_ros.task.ament_cmake.build:Building ROS package in '/home/mae-emrl3172/ros2_ws/src/zed-ros2-wrapper/zed_ros2' with build type 'ament_cmake'
[17.721s] INFO:colcon.colcon_cmake.task.cmake.build:Building CMake package in '/home/mae-emrl3172/ros2_ws/src/zed-ros2-wrapper/zed_ros2'
[17.722s] INFO:colcon.colcon_core.shell:Skip shell extension 'powershell' for command environment: Not usable outside of PowerShell
[17.723s] DEBUG:colcon.colcon_core.shell:Skip shell extension 'dsv' for command environment
[17.756s] DEBUG:colcon.colcon_core.event_handler.log_command:Invoking command in '/home/mae-emrl3172/ros2_ws/build/zed_ros2': AMENT_PREFIX_PATH=/home/mae-emrl3172/ros2_ws/install/zed_wrapper:/home/mae-emrl3172/ros2_ws/install/zed_components:${AMENT_PREFIX_PATH} CMAKE_PREFIX_PATH=/home/mae-emrl3172/ros2_ws/install/zed_wrapper:/home/mae-emrl3172/ros2_ws/install/zed_components:/home/mae-emrl3172/ros2_ws/install/zed_interfaces:/home/mae-emrl3172/ros2_ws/install/sUAV:/opt/ros/humble LD_LIBRARY_PATH=/home/mae-emrl3172/ros2_ws/install/zed_components/lib:/home/mae-emrl3172/ros2_ws/install/zed_interfaces/lib:/opt/ros/humble/opt/rviz_ogre_vendor/lib:/opt/ros/humble/lib/aarch64-linux-gnu:/opt/ros/humble/lib:/usr/local/cuda-12.2/lib64 /usr/bin/cmake /home/mae-emrl3172/ros2_ws/src/zed-ros2-wrapper/zed_ros2 -DCMAKE_INSTALL_PREFIX=/home/mae-emrl3172/ros2_ws/install/zed_ros2
[18.301s] DEBUG:colcon.colcon_core.event_handler.log_command:Invoked command in '/home/mae-emrl3172/ros2_ws/build/zed_ros2' returned '0': AMENT_PREFIX_PATH=/home/mae-emrl3172/ros2_ws/install/zed_wrapper:/home/mae-emrl3172/ros2_ws/install/zed_components:${AMENT_PREFIX_PATH} CMAKE_PREFIX_PATH=/home/mae-emrl3172/ros2_ws/install/zed_wrapper:/home/mae-emrl3172/ros2_ws/install/zed_components:/home/mae-emrl3172/ros2_ws/install/zed_interfaces:/home/mae-emrl3172/ros2_ws/install/sUAV:/opt/ros/humble LD_LIBRARY_PATH=/home/mae-emrl3172/ros2_ws/install/zed_components/lib:/home/mae-emrl3172/ros2_ws/install/zed_interfaces/lib:/opt/ros/humble/opt/rviz_ogre_vendor/lib:/opt/ros/humble/lib/aarch64-linux-gnu:/opt/ros/humble/lib:/usr/local/cuda-12.2/lib64 /usr/bin/cmake /home/mae-emrl3172/ros2_ws/src/zed-ros2-wrapper/zed_ros2 -DCMAKE_INSTALL_PREFIX=/home/mae-emrl3172/ros2_ws/install/zed_ros2
[18.307s] DEBUG:colcon.colcon_core.event_handler.log_command:Invoking command in '/home/mae-emrl3172/ros2_ws/build/zed_ros2': AMENT_PREFIX_PATH=/home/mae-emrl3172/ros2_ws/install/zed_wrapper:/home/mae-emrl3172/ros2_ws/install/zed_components:${AMENT_PREFIX_PATH} CMAKE_PREFIX_PATH=/home/mae-emrl3172/ros2_ws/install/zed_wrapper:/home/mae-emrl3172/ros2_ws/install/zed_components:/home/mae-emrl3172/ros2_ws/install/zed_interfaces:/home/mae-emrl3172/ros2_ws/install/sUAV:/opt/ros/humble LD_LIBRARY_PATH=/home/mae-emrl3172/ros2_ws/install/zed_components/lib:/home/mae-emrl3172/ros2_ws/install/zed_interfaces/lib:/opt/ros/humble/opt/rviz_ogre_vendor/lib:/opt/ros/humble/lib/aarch64-linux-gnu:/opt/ros/humble/lib:/usr/local/cuda-12.2/lib64 /usr/bin/cmake --build /home/mae-emrl3172/ros2_ws/build/zed_ros2 -- -j6 -l6
[18.404s] DEBUG:colcon.colcon_core.event_handler.log_command:Invoked command in '/home/mae-emrl3172/ros2_ws/build/zed_ros2' returned '0': AMENT_PREFIX_PATH=/home/mae-emrl3172/ros2_ws/install/zed_wrapper:/home/mae-emrl3172/ros2_ws/install/zed_components:${AMENT_PREFIX_PATH} CMAKE_PREFIX_PATH=/home/mae-emrl3172/ros2_ws/install/zed_wrapper:/home/mae-emrl3172/ros2_ws/install/zed_components:/home/mae-emrl3172/ros2_ws/install/zed_interfaces:/home/mae-emrl3172/ros2_ws/install/sUAV:/opt/ros/humble LD_LIBRARY_PATH=/home/mae-emrl3172/ros2_ws/install/zed_components/lib:/home/mae-emrl3172/ros2_ws/install/zed_interfaces/lib:/opt/ros/humble/opt/rviz_ogre_vendor/lib:/opt/ros/humble/lib/aarch64-linux-gnu:/opt/ros/humble/lib:/usr/local/cuda-12.2/lib64 /usr/bin/cmake --build /home/mae-emrl3172/ros2_ws/build/zed_ros2 -- -j6 -l6
[18.455s] DEBUG:colcon.colcon_core.event_handler.log_command:Invoking command in '/home/mae-emrl3172/ros2_ws/build/zed_ros2': AMENT_PREFIX_PATH=/home/mae-emrl3172/ros2_ws/install/zed_wrapper:/home/mae-emrl3172/ros2_ws/install/zed_components:${AMENT_PREFIX_PATH} CMAKE_PREFIX_PATH=/home/mae-emrl3172/ros2_ws/install/zed_wrapper:/home/mae-emrl3172/ros2_ws/install/zed_components:/home/mae-emrl3172/ros2_ws/install/zed_interfaces:/home/mae-emrl3172/ros2_ws/install/sUAV:/opt/ros/humble LD_LIBRARY_PATH=/home/mae-emrl3172/ros2_ws/install/zed_components/lib:/home/mae-emrl3172/ros2_ws/install/zed_interfaces/lib:/opt/ros/humble/opt/rviz_ogre_vendor/lib:/opt/ros/humble/lib/aarch64-linux-gnu:/opt/ros/humble/lib:/usr/local/cuda-12.2/lib64 /usr/bin/cmake --install /home/mae-emrl3172/ros2_ws/build/zed_ros2
[18.506s] Level 1:colcon.colcon_core.environment:create_environment_scripts_only(zed_ros2)
[18.507s] Level 1:colcon.colcon_core.environment:checking '/home/mae-emrl3172/ros2_ws/install/zed_ros2' for CMake module files
[18.508s] DEBUG:colcon.colcon_core.event_handler.log_command:Invoked command in '/home/mae-emrl3172/ros2_ws/build/zed_ros2' returned '0': AMENT_PREFIX_PATH=/home/mae-emrl3172/ros2_ws/install/zed_wrapper:/home/mae-emrl3172/ros2_ws/install/zed_components:${AMENT_PREFIX_PATH} CMAKE_PREFIX_PATH=/home/mae-emrl3172/ros2_ws/install/zed_wrapper:/home/mae-emrl3172/ros2_ws/install/zed_components:/home/mae-emrl3172/ros2_ws/install/zed_interfaces:/home/mae-emrl3172/ros2_ws/install/sUAV:/opt/ros/humble LD_LIBRARY_PATH=/home/mae-emrl3172/ros2_ws/install/zed_components/lib:/home/mae-emrl3172/ros2_ws/install/zed_interfaces/lib:/opt/ros/humble/opt/rviz_ogre_vendor/lib:/opt/ros/humble/lib/aarch64-linux-gnu:/opt/ros/humble/lib:/usr/local/cuda-12.2/lib64 /usr/bin/cmake --install /home/mae-emrl3172/ros2_ws/build/zed_ros2
[18.510s] Level 1:colcon.colcon_core.environment:checking '/home/mae-emrl3172/ros2_ws/install/zed_ros2' for CMake config files
[18.510s] Level 1:colcon.colcon_core.shell:create_environment_hook('zed_ros2', 'cmake_prefix_path')
[18.511s] INFO:colcon.colcon_core.shell:Creating environment hook '/home/mae-emrl3172/ros2_ws/install/zed_ros2/share/zed_ros2/hook/cmake_prefix_path.ps1'
[18.513s] INFO:colcon.colcon_core.shell:Creating environment descriptor '/home/mae-emrl3172/ros2_ws/install/zed_ros2/share/zed_ros2/hook/cmake_prefix_path.dsv'
[18.514s] INFO:colcon.colcon_core.shell:Creating environment hook '/home/mae-emrl3172/ros2_ws/install/zed_ros2/share/zed_ros2/hook/cmake_prefix_path.sh'
[18.516s] Level 1:colcon.colcon_core.environment:checking '/home/mae-emrl3172/ros2_ws/install/zed_ros2/bin'
[18.516s] Level 1:colcon.colcon_core.environment:checking '/home/mae-emrl3172/ros2_ws/install/zed_ros2/lib/pkgconfig/zed_ros2.pc'
[18.517s] Level 1:colcon.colcon_core.environment:checking '/home/mae-emrl3172/ros2_ws/install/zed_ros2/lib/python3.10/site-packages'
[18.517s] Level 1:colcon.colcon_core.environment:checking '/home/mae-emrl3172/ros2_ws/install/zed_ros2/bin'
[18.518s] INFO:colcon.colcon_core.shell:Creating package script '/home/mae-emrl3172/ros2_ws/install/zed_ros2/share/zed_ros2/package.ps1'
[18.519s] INFO:colcon.colcon_core.shell:Creating package descriptor '/home/mae-emrl3172/ros2_ws/install/zed_ros2/share/zed_ros2/package.dsv'
[18.521s] INFO:colcon.colcon_core.shell:Creating package script '/home/mae-emrl3172/ros2_ws/install/zed_ros2/share/zed_ros2/package.sh'
[18.522s] INFO:colcon.colcon_core.shell:Creating package script '/home/mae-emrl3172/ros2_ws/install/zed_ros2/share/zed_ros2/package.bash'
[18.523s] INFO:colcon.colcon_core.shell:Creating package script '/home/mae-emrl3172/ros2_ws/install/zed_ros2/share/zed_ros2/package.zsh'
[18.524s] Level 1:colcon.colcon_core.environment:create_file_with_runtime_dependencies(/home/mae-emrl3172/ros2_ws/install/zed_ros2/share/colcon-core/packages/zed_ros2)
[18.577s] Level 1:colcon.colcon_core.environment:create_environment_scripts_only(zed_ros2)
[18.578s] Level 1:colcon.colcon_core.environment:checking '/home/mae-emrl3172/ros2_ws/install/zed_ros2' for CMake module files
[18.579s] Level 1:colcon.colcon_core.environment:checking '/home/mae-emrl3172/ros2_ws/install/zed_ros2' for CMake config files
[18.580s] Level 1:colcon.colcon_core.shell:create_environment_hook('zed_ros2', 'cmake_prefix_path')
[18.581s] INFO:colcon.colcon_core.shell:Creating environment hook '/home/mae-emrl3172/ros2_ws/install/zed_ros2/share/zed_ros2/hook/cmake_prefix_path.ps1'
[18.582s] INFO:colcon.colcon_core.shell:Creating environment descriptor '/home/mae-emrl3172/ros2_ws/install/zed_ros2/share/zed_ros2/hook/cmake_prefix_path.dsv'
[18.583s] INFO:colcon.colcon_core.shell:Creating environment hook '/home/mae-emrl3172/ros2_ws/install/zed_ros2/share/zed_ros2/hook/cmake_prefix_path.sh'
[18.585s] Level 1:colcon.colcon_core.environment:checking '/home/mae-emrl3172/ros2_ws/install/zed_ros2/bin'
[18.585s] Level 1:colcon.colcon_core.environment:checking '/home/mae-emrl3172/ros2_ws/install/zed_ros2/lib/pkgconfig/zed_ros2.pc'
[18.585s] Level 1:colcon.colcon_core.environment:checking '/home/mae-emrl3172/ros2_ws/install/zed_ros2/lib/python3.10/site-packages'
[18.586s] Level 1:colcon.colcon_core.environment:checking '/home/mae-emrl3172/ros2_ws/install/zed_ros2/bin'
[18.587s] INFO:colcon.colcon_core.shell:Creating package script '/home/mae-emrl3172/ros2_ws/install/zed_ros2/share/zed_ros2/package.ps1'
[18.589s] INFO:colcon.colcon_core.shell:Creating package descriptor '/home/mae-emrl3172/ros2_ws/install/zed_ros2/share/zed_ros2/package.dsv'
[18.591s] INFO:colcon.colcon_core.shell:Creating package script '/home/mae-emrl3172/ros2_ws/install/zed_ros2/share/zed_ros2/package.sh'
[18.592s] INFO:colcon.colcon_core.shell:Creating package script '/home/mae-emrl3172/ros2_ws/install/zed_ros2/share/zed_ros2/package.bash'
[18.594s] INFO:colcon.colcon_core.shell:Creating package script '/home/mae-emrl3172/ros2_ws/install/zed_ros2/share/zed_ros2/package.zsh'
[18.595s] Level 1:colcon.colcon_core.environment:create_file_with_runtime_dependencies(/home/mae-emrl3172/ros2_ws/install/zed_ros2/share/colcon-core/packages/zed_ros2)
[18.596s] DEBUG:colcon.colcon_parallel_executor.executor.parallel:closing loop
[18.597s] DEBUG:colcon.colcon_parallel_executor.executor.parallel:loop closed
[18.597s] DEBUG:colcon.colcon_parallel_executor.executor.parallel:run_until_complete finished with '0'
[18.597s] DEBUG:colcon.colcon_core.event_reactor:joining thread
[18.613s] INFO:colcon.colcon_core.plugin_system:Skipping extension 'colcon_notification.desktop_notification.terminal_notifier': Not used on non-Darwin systems
[18.613s] INFO:colcon.colcon_core.plugin_system:Skipping extension 'colcon_notification.desktop_notification.win32': Not used on non-Windows systems
[18.613s] INFO:colcon.colcon_notification.desktop_notification:Sending desktop notification using 'notify2'
[18.679s] DEBUG:colcon.colcon_core.event_reactor:joined thread
[18.681s] INFO:colcon.colcon_core.shell:Creating prefix script '/home/mae-emrl3172/ros2_ws/install/local_setup.ps1'
[18.686s] INFO:colcon.colcon_core.shell:Creating prefix util module '/home/mae-emrl3172/ros2_ws/install/_local_setup_util_ps1.py'
[18.694s] INFO:colcon.colcon_core.shell:Creating prefix chain script '/home/mae-emrl3172/ros2_ws/install/setup.ps1'
[18.698s] INFO:colcon.colcon_core.shell:Creating prefix script '/home/mae-emrl3172/ros2_ws/install/local_setup.sh'
[18.700s] INFO:colcon.colcon_core.shell:Creating prefix util module '/home/mae-emrl3172/ros2_ws/install/_local_setup_util_sh.py'
[18.701s] INFO:colcon.colcon_core.shell:Creating prefix chain script '/home/mae-emrl3172/ros2_ws/install/setup.sh'
[18.706s] INFO:colcon.colcon_core.shell:Creating prefix script '/home/mae-emrl3172/ros2_ws/install/local_setup.bash'
[18.707s] INFO:colcon.colcon_core.shell:Creating prefix chain script '/home/mae-emrl3172/ros2_ws/install/setup.bash'
[18.710s] INFO:colcon.colcon_core.shell:Creating prefix script '/home/mae-emrl3172/ros2_ws/install/local_setup.zsh'
[18.712s] INFO:colcon.colcon_core.shell:Creating prefix chain script '/home/mae-emrl3172/ros2_ws/install/setup.zsh'
